2024-11-10 21:55:52,087 - Unsupported data format.
2024-11-10 21:56:31,608 - Unsupported data format.
2024-11-10 21:57:37,610 - Row 1: ('id', <32059x1 sparse matrix of type '<class 'numpy.float64'>'
	with 32059 stored elements in List of Lists format>)
2024-11-10 21:57:37,616 - Row 2: ('skill', <32059x23 sparse matrix of type '<class 'numpy.float64'>'
	with 56306 stored elements in List of Lists format>)
2024-11-10 21:57:37,622 - Row 3: ('member', <32059x2011 sparse matrix of type '<class 'numpy.float64'>'
	with 125596 stored elements in List of Lists format>)
2024-11-10 21:58:25,856 - Row 1 Key: id
2024-11-10 21:58:25,857 - First 10 rows of sparse matrix:
[[2922.]
 [3362.]
 [3657.]
 [3724.]
 [3731.]
 [3765.]
 [3774.]
 [3854.]
 [4013.]
 [4038.]]
2024-11-10 21:58:25,859 - Row 2 Key: skill
2024-11-10 21:58:25,862 - First 10 rows of sparse matrix:
[[1. 0. 0. 0. 0. 0. 0. 0. 0. 0. 0. 0. 0. 0. 0. 0. 0. 0. 0. 0. 0. 0. 0.]
 [1. 0. 0. 0. 0. 0. 0. 0. 0. 0. 0. 0. 0. 0. 0. 0. 0. 0. 0. 0. 0. 0. 0.]
 [0. 1. 0. 0. 0. 0. 0. 0. 0. 0. 0. 0. 0. 0. 0. 0. 0. 0. 0. 0. 0. 0. 0.]
 [0. 1. 0. 0. 0. 0. 0. 0. 0. 0. 0. 0. 0. 0. 0. 0. 0. 0. 0. 0. 0. 0. 0.]
 [1. 0. 1. 0. 0. 0. 0. 0. 0. 0. 0. 0. 0. 0. 0. 0. 0. 0. 0. 0. 0. 0. 0.]
 [1. 0. 0. 0. 0. 0. 0. 0. 0. 0. 0. 0. 0. 0. 0. 0. 0. 0. 0. 0. 0. 0. 0.]
 [1. 0. 0. 0. 0. 0. 0. 0. 0. 0. 0. 0. 0. 0. 0. 0. 0. 0. 0. 0. 0. 0. 0.]
 [0. 1. 1. 1. 0. 0. 0. 0. 0. 0. 0. 0. 0. 0. 0. 0. 0. 0. 0. 0. 0. 0. 0.]
 [0. 0. 1. 0. 1. 0. 0. 0. 0. 0. 0. 0. 0. 0. 0. 0. 0. 0. 0. 0. 0. 0. 0.]
 [1. 0. 0. 0. 0. 1. 0. 0. 0. 0. 0. 0. 0. 0. 0. 0. 0. 0. 0. 0. 0. 0. 0.]]
2024-11-10 21:58:25,864 - Row 3 Key: member
2024-11-10 21:58:25,865 - First 10 rows of sparse matrix:
[[1. 1. 1. ... 0. 0. 0.]
 [0. 0. 0. ... 0. 0. 0.]
 [0. 0. 0. ... 0. 0. 0.]
 ...
 [0. 0. 0. ... 0. 0. 0.]
 [0. 0. 0. ... 0. 0. 0.]
 [0. 0. 0. ... 0. 0. 0.]]
2024-11-10 22:13:21,321 - Row 1 Key: id
2024-11-10 22:13:21,322 - First 10 rows of sparse matrix:
[[2922.]
 [3362.]
 [3657.]
 [3724.]
 [3731.]
 [3765.]
 [3774.]
 [3854.]
 [4013.]
 [4038.]]
2024-11-10 22:13:21,323 - Row 2 Key: skill
2024-11-10 22:13:21,326 - First 10 rows of sparse matrix:
[[1. 0. 0. 0. 0. 0. 0. 0. 0. 0. 0. 0. 0. 0. 0. 0. 0. 0. 0. 0. 0. 0. 0.]
 [1. 0. 0. 0. 0. 0. 0. 0. 0. 0. 0. 0. 0. 0. 0. 0. 0. 0. 0. 0. 0. 0. 0.]
 [0. 1. 0. 0. 0. 0. 0. 0. 0. 0. 0. 0. 0. 0. 0. 0. 0. 0. 0. 0. 0. 0. 0.]
 [0. 1. 0. 0. 0. 0. 0. 0. 0. 0. 0. 0. 0. 0. 0. 0. 0. 0. 0. 0. 0. 0. 0.]
 [1. 0. 1. 0. 0. 0. 0. 0. 0. 0. 0. 0. 0. 0. 0. 0. 0. 0. 0. 0. 0. 0. 0.]
 [1. 0. 0. 0. 0. 0. 0. 0. 0. 0. 0. 0. 0. 0. 0. 0. 0. 0. 0. 0. 0. 0. 0.]
 [1. 0. 0. 0. 0. 0. 0. 0. 0. 0. 0. 0. 0. 0. 0. 0. 0. 0. 0. 0. 0. 0. 0.]
 [0. 1. 1. 1. 0. 0. 0. 0. 0. 0. 0. 0. 0. 0. 0. 0. 0. 0. 0. 0. 0. 0. 0.]
 [0. 0. 1. 0. 1. 0. 0. 0. 0. 0. 0. 0. 0. 0. 0. 0. 0. 0. 0. 0. 0. 0. 0.]
 [1. 0. 0. 0. 0. 1. 0. 0. 0. 0. 0. 0. 0. 0. 0. 0. 0. 0. 0. 0. 0. 0. 0.]]
2024-11-10 22:13:21,329 - Row 3 Key: member
2024-11-10 22:13:21,330 - First 10 rows of sparse matrix:
[[1. 1. 1. ... 0. 0. 0.]
 [0. 0. 0. ... 0. 0. 0.]
 [0. 0. 0. ... 0. 0. 0.]
 ...
 [0. 0. 0. ... 0. 0. 0.]
 [0. 0. 0. ... 0. 0. 0.]
 [0. 0. 0. ... 0. 0. 0.]]
2024-11-10 22:13:29,595 - Row 1 Key: id
2024-11-10 22:13:29,596 - First 2 rows of sparse matrix:
[[2922.]
 [3362.]]
2024-11-10 22:13:29,598 - Row 2 Key: skill
2024-11-10 22:13:29,600 - First 2 rows of sparse matrix:
[[1. 0. 0. 0. 0. 0. 0. 0. 0. 0. 0. 0. 0. 0. 0. 0. 0. 0. 0. 0. 0. 0. 0.]
 [1. 0. 0. 0. 0. 0. 0. 0. 0. 0. 0. 0. 0. 0. 0. 0. 0. 0. 0. 0. 0. 0. 0.]]
