$ docker run --rm -v ./data:/app/data:ro -v ./output:/app/output ghcr.io/fani-lab/opentf/gith-mt10-ts2:main
[2025-04-15 23:25:01,238][cmn.pkgmgr][INFO] - Loading teamsvecs matrices from ../output/gith/repos.csv.mt10.ts2/teamsvecs.pkl ...
[2025-04-15 23:25:01,239][cmn.pkgmgr][INFO] - Teamsvecs matrices not found! Generating ...
[2025-04-15 23:25:01,239][cmn.pkgmgr][INFO] - Loading indexes pickle from ../output/gith/repos.csv.mt10.ts2/indexes.pkl ...
[2025-04-15 23:25:01,239][cmn.pkgmgr][INFO] - Pickles not found! Reading raw data from ../data/gith/repos.csv ...
[2025-04-15 23:25:01,239][cmn.pkgmgr][INFO] - pandas not found. Installing pandas>=2.0.0...
[2025-04-15 23:25:21,146][cmn.pkgmgr][INFO] - Collecting pandas>=2.0.0
  Downloading pandas-2.0.3-cp38-cp38-manylinux_2_17_x86_64.manylinux2014_x86_64.whl (12.4 MB)
     ━━━━━━━━━━━━━━━━━━━━━━━━━━━━━━━━━━━━━━━━ 12.4/12.4 MB 46.9 MB/s eta 0:00:00
Requirement already satisfied: numpy>=1.20.3 in /usr/local/lib/python3.8/site-packages (from pandas>=2.0.0) (1.24.4)
Requirement already satisfied: python-dateutil>=2.8.2 in /usr/local/lib/python3.8/site-packages (from pandas>=2.0.0) (2.9.0.post0)
Collecting pytz>=2020.1
  Downloading pytz-2025.2-py2.py3-none-any.whl (509 kB)
     ━━━━━━━━━━━━━━━━━━━━━━━━━━━━━━━━━━━━━ 509.2/509.2 kB 109.7 MB/s eta 0:00:00
Collecting tzdata>=2022.1
  Downloading tzdata-2025.2-py2.py3-none-any.whl (347 kB)
     ━━━━━━━━━━━━━━━━━━━━━━━━━━━━━━━━━━━━━━ 347.8/347.8 kB 41.4 MB/s eta 0:00:00
Requirement already satisfied: six>=1.5 in /usr/local/lib/python3.8/site-packages (from python-dateutil>=2.8.2->pandas>=2.0.0) (1.17.0)
Installing collected packages: pytz, tzdata, pandas
Successfully installed pandas-2.0.3 pytz-2025.2 tzdata-2025.2

100%|██████████| 888546/888546 [01:45<00:00, 8456.31it/s][2025-04-15 23:33:45,203][cmn.pkgmgr][INFO] - Removing outliers {'min_nteam': 10, 'min_team_size': 2} ...
Indexing members ...
Indexing skills ...
Indexing teams ...
Indexing locations ...
[2025-04-15 23:34:49,202][cmn.pkgmgr][INFO] - Teams and indexes are pickled into ../output/gith/repos.csv.mt10.ts2

[2025-04-15 23:36:49,712][cmn.pkgmgr][INFO] - Teamsvecs matrices for skills (147276, 461), members (147276, 39204), and locations None saved at ../output/gith/repos.csv.mt10.ts2/teamsvecs.pkl
[2025-04-15 23:36:54,569][cmn.pkgmgr][INFO] - Loading member-skill co-occurrence matrix (39204, 461) loaded from ../output/gith/repos.csv.mt10.ts2/member_skill_vecs.pkl ...
[2025-04-15 23:36:54,569][cmn.pkgmgr][INFO] - Member-skill co-occurrence matrix not found! Generating ...
[2025-04-15 23:36:54,887][cmn.pkgmgr][INFO] - Member-skill co-occurrence matrix (39204, 461) saved at ../output/gith/repos.csv.mt10.ts2/member_skill_vecs.pkl.
