Loading the sparse matrices...
File not found! Generating the sparse matrices...
Loading indexes pickle...
Pickles not found! Reading raw data ...
Warning! No fos for team id=28916. Bypassed!
Warning! No fos for team id=31350. Bypassed!
Warning! No fos for team id=33279. Bypassed!
Warning! No fos for team id=65230. Bypassed!
Warning! No fos for team id=153873. Bypassed!
Warning! No fos for team id=340305. Bypassed!
Warning! No fos for team id=350626. Bypassed!
Warning! No fos for team id=390085. Bypassed!
Warning! No fos for team id=399053. Bypassed!
Warning! No fos for team id=415342. Bypassed!
Warning! No fos for team id=618979. Bypassed!
Warning! No fos for team id=598801. Bypassed!
Warning! No fos for team id=820964. Bypassed!
Warning! No fos for team id=695567. Bypassed!
Warning! No fos for team id=718313. Bypassed!
Warning! No fos for team id=791175. Bypassed!
Warning! No fos for team id=980020. Bypassed!
Warning! No fos for team id=984931. Bypassed!
Warning! No fos for team id=1072439. Bypassed!
Warning! No fos for team id=1119501. Bypassed!
Warning! No fos for team id=1150432. Bypassed!
Warning! No fos for team id=1220604. Bypassed!
Warning! No fos for team id=1240319. Bypassed!
Warning! No fos for team id=1269501. Bypassed!
Warning! No fos for team id=1777338. Bypassed!
Warning! No fos for team id=1827359. Bypassed!
Warning! No fos for team id=1867036. Bypassed!
Warning! No fos for team id=1928788. Bypassed!
Warning! No fos for team id=1931426. Bypassed!
Warning! No fos for team id=1999384. Bypassed!
Warning! No fos for team id=2104602. Bypassed!
Warning! No fos for team id=2111898. Bypassed!
Warning! No fos for team id=2206558. Bypassed!
Warning! No fos for team id=2254512. Bypassed!
Warning! No fos for team id=2329976. Bypassed!
Warning! No fos for team id=2364961. Bypassed!
Warning! No fos for team id=2393620. Bypassed!
Warning! No fos for team id=2606809. Bypassed!
Warning! No fos for team id=2880703. Bypassed!
Warning! No fos for team id=2838422. Bypassed!
Warning! No fos for team id=2919666. Bypassed!
Warning! No fos for team id=2936408. Bypassed!
Warning! No fos for team id=2943710. Bypassed!
Warning! No fos for team id=3041216. Bypassed!
Warning! No fos for team id=3081643. Bypassed!
Warning! No fos for team id=3197172. Bypassed!
Warning! No fos for team id=3201375. Bypassed!
Warning! No fos for team id=3450008. Bypassed!
Warning! No fos for team id=3460464. Bypassed!
Warning! No fos for team id=3476508. Bypassed!
Warning! No fos for team id=3509026. Bypassed!
Warning! No fos for team id=3510473. Bypassed!
Warning! No fos for team id=3609089. Bypassed!
Warning! No fos for team id=3621821. Bypassed!
Warning! No fos for team id=3670677. Bypassed!
Warning! No fos for team id=3680828. Bypassed!
Warning! No fos for team id=3827777. Bypassed!
Warning! No fos for team id=3715954. Bypassed!
Warning! No fos for team id=3810202. Bypassed!
Warning! No fos for team id=3929779. Bypassed!
Warning! No fos for team id=4124035. Bypassed!
Warning! No fos for team id=4340529. Bypassed!
Warning! No fos for team id=4459738. Bypassed!
Warning! No fos for team id=4468015. Bypassed!
Warning! No fos for team id=4500259. Bypassed!
Warning! No fos for team id=4591946. Bypassed!
Warning! No fos for team id=4598413. Bypassed!
Warning! No fos for team id=4623120. Bypassed!
Warning! No fos for team id=4643342. Bypassed!
Warning! No fos for team id=4701761. Bypassed!
Warning! No fos for team id=4835696. Bypassed!
Warning! No fos for team id=4839601. Bypassed!
Warning! No fos for team id=4851874. Bypassed!
Warning! No fos for team id=5115411. Bypassed!
Warning! No fos for team id=5116210. Bypassed!
Warning! No fos for team id=5214795. Bypassed!
Warning! No fos for team id=5411729. Bypassed!
Warning! No fos for team id=5414919. Bypassed!
Warning! No fos for team id=5419806. Bypassed!
Warning! No fos for team id=5539670. Bypassed!
Warning! No fos for team id=5547731. Bypassed!
Warning! No fos for team id=5562689. Bypassed!
Warning! No fos for team id=5567187. Bypassed!
Warning! No fos for team id=5648620. Bypassed!
Warning! No fos for team id=5694780. Bypassed!
Warning! No fos for team id=5794193. Bypassed!
Warning! No fos for team id=5904044. Bypassed!
Warning! No fos for team id=5920886. Bypassed!
Warning! No fos for team id=5947134. Bypassed!
Warning! No fos for team id=6117434. Bypassed!
Warning! No fos for team id=6232175. Bypassed!
Warning! No fos for team id=6254385. Bypassed!
Warning! No fos for team id=6300672. Bypassed!
Warning! No fos for team id=6345794. Bypassed!
Warning! No fos for team id=6403245. Bypassed!
Warning! No fos for team id=6594997. Bypassed!
Warning! No fos for team id=6869049. Bypassed!
Warning! No fos for team id=6982660. Bypassed!
Warning! No fos for team id=7139971. Bypassed!
Warning! No fos for team id=7296458. Bypassed!
Warning! No fos for team id=7301499. Bypassed!
Warning! No fos for team id=7331375. Bypassed!
Warning! No fos for team id=7391174. Bypassed!
Warning! No fos for team id=7440121. Bypassed!
Warning! No fos for team id=7487154. Bypassed!
Warning! No fos for team id=7509027. Bypassed!
Warning! No fos for team id=7541878. Bypassed!
Warning! No fos for team id=7652667. Bypassed!
Warning! No fos for team id=7720618. Bypassed!
Warning! No fos for team id=7798381. Bypassed!
Warning! No fos for team id=7808696. Bypassed!
Warning! No fos for team id=7844809. Bypassed!
Warning! No fos for team id=7857432. Bypassed!
Warning! No fos for team id=7948498. Bypassed!
Warning! No fos for team id=7950678. Bypassed!
Warning! No fos for team id=8070044. Bypassed!
Warning! No fos for team id=8276583. Bypassed!
Warning! No fos for team id=8373300. Bypassed!
Warning! No fos for team id=8556292. Bypassed!
Warning! No fos for team id=8711048. Bypassed!
Warning! No fos for team id=8717197. Bypassed!
10000 instances have been loaded, and 0.7170858383178711 seconds has passed.
Warning! No fos for team id=8896337. Bypassed!
Warning! No fos for team id=9014916. Bypassed!
Warning! No fos for team id=9141498. Bypassed!
Warning! No fos for team id=9157399. Bypassed!
Warning! No fos for team id=9212570. Bypassed!
Warning! No fos for team id=9375821. Bypassed!
Warning! No fos for team id=9394894. Bypassed!
Warning! No fos for team id=9569284. Bypassed!
Warning! No fos for team id=9570217. Bypassed!
Warning! No fos for team id=10003207. Bypassed!
Warning! No fos for team id=10024989. Bypassed!
Warning! No fos for team id=10071965. Bypassed!
Warning! No fos for team id=10106560. Bypassed!
Warning! No fos for team id=10115587. Bypassed!
Warning! No fos for team id=10149000. Bypassed!
Warning! No fos for team id=10241023. Bypassed!
Warning! No fos for team id=10247410. Bypassed!
Warning! No fos for team id=10268588. Bypassed!
Warning! No fos for team id=10392701. Bypassed!
Warning! No fos for team id=10467952. Bypassed!
Warning! No fos for team id=10645006. Bypassed!
Warning! No fos for team id=10721340. Bypassed!
Warning! No fos for team id=10853687. Bypassed!
Warning! No fos for team id=10913356. Bypassed!
Warning! No fos for team id=11057223. Bypassed!
Warning! No fos for team id=11076739. Bypassed!
Warning! No fos for team id=11093231. Bypassed!
Warning! No fos for team id=11179124. Bypassed!
Warning! No fos for team id=11471666. Bypassed!
Warning! No fos for team id=11402320. Bypassed!
Warning! No fos for team id=11481996. Bypassed!
Warning! No fos for team id=11518488. Bypassed!
Warning! No fos for team id=11598577. Bypassed!
Warning! No fos for team id=11743415. Bypassed!
Warning! No fos for team id=11811497. Bypassed!
Warning! No fos for team id=11828038. Bypassed!
Warning! No fos for team id=11872350. Bypassed!
Warning! No fos for team id=12088211. Bypassed!
Warning! No fos for team id=12107575. Bypassed!
Warning! No fos for team id=12191897. Bypassed!
Warning! No fos for team id=12274731. Bypassed!
Warning! No fos for team id=12416927. Bypassed!
Warning! No fos for team id=12447781. Bypassed!
Warning! No fos for team id=12596204. Bypassed!
Warning! No fos for team id=12533303. Bypassed!
Warning! No fos for team id=12634793. Bypassed!
Warning! No fos for team id=12711453. Bypassed!
Warning! No fos for team id=12711580. Bypassed!
Warning! No fos for team id=12856642. Bypassed!
Warning! No fos for team id=12989503. Bypassed!
Warning! No fos for team id=13008503. Bypassed!
Warning! No fos for team id=13030020. Bypassed!
Warning! No fos for team id=13151620. Bypassed!
Warning! No fos for team id=13309361. Bypassed!
Warning! No fos for team id=13469114. Bypassed!
Warning! No fos for team id=13405898. Bypassed!
Warning! No fos for team id=13513688. Bypassed!
Warning! No fos for team id=13558614. Bypassed!
Warning! No fos for team id=13734803. Bypassed!
Warning! No fos for team id=13762484. Bypassed!
Warning! No fos for team id=13772626. Bypassed!
Warning! No fos for team id=13797762. Bypassed!
Warning! No fos for team id=13808770. Bypassed!
Warning! No fos for team id=13992684. Bypassed!
Warning! No fos for team id=14022058. Bypassed!
Warning! No fos for team id=14150088. Bypassed!
Warning! No fos for team id=14195479. Bypassed!
Warning! No fos for team id=14214563. Bypassed!
Warning! No fos for team id=14309746. Bypassed!
Warning! No fos for team id=14424777. Bypassed!
Warning! No fos for team id=14496982. Bypassed!
Warning! No fos for team id=14544901. Bypassed!
Warning! No fos for team id=14738132. Bypassed!
Warning! No fos for team id=14781728. Bypassed!
Warning! No fos for team id=14845193. Bypassed!
Warning! No fos for team id=14910428. Bypassed!
Warning! No fos for team id=14926340. Bypassed!
Warning! No fos for team id=14926369. Bypassed!
Warning! No fos for team id=14967007. Bypassed!
Warning! No fos for team id=15091050. Bypassed!
Warning! No fos for team id=15247017. Bypassed!
Warning! No fos for team id=15300478. Bypassed!
Warning! No fos for team id=15444762. Bypassed!
Warning! No fos for team id=15488685. Bypassed!
Warning! No fos for team id=15568357. Bypassed!
Warning! No fos for team id=15590060. Bypassed!
Warning! No fos for team id=15642841. Bypassed!
Warning! No fos for team id=15665912. Bypassed!
Warning! No fos for team id=15735390. Bypassed!
Warning! No fos for team id=15800226. Bypassed!
Warning! No fos for team id=15934949. Bypassed!
Warning! No fos for team id=16121260. Bypassed!
Warning! No fos for team id=16210713. Bypassed!
Warning! No fos for team id=16225706. Bypassed!
Warning! No fos for team id=16310085. Bypassed!
Warning! No fos for team id=16329584. Bypassed!
Warning! No fos for team id=16350075. Bypassed!
Warning! No fos for team id=16546602. Bypassed!
Warning! No fos for team id=16555582. Bypassed!
Warning! No fos for team id=16587521. Bypassed!
Warning! No fos for team id=16648021. Bypassed!
Warning! No fos for team id=16777056. Bypassed!
Warning! No fos for team id=16898412. Bypassed!
Warning! No fos for team id=17255412. Bypassed!
Warning! No fos for team id=17373098. Bypassed!
Warning! No fos for team id=17438069. Bypassed!
Warning! No fos for team id=17576676. Bypassed!
Warning! No fos for team id=17602155. Bypassed!
Warning! No fos for team id=17707631. Bypassed!
Warning! No fos for team id=17716999. Bypassed!
Warning! No fos for team id=17734477. Bypassed!
Warning! No fos for team id=17752042. Bypassed!
Warning! No fos for team id=17783295. Bypassed!
20000 instances have been loaded, and 1.4611001014709473 seconds has passed.
Warning! No fos for team id=17874820. Bypassed!
Warning! No fos for team id=18061905. Bypassed!
Warning! No fos for team id=18105042. Bypassed!
Warning! No fos for team id=18153673. Bypassed!
Warning! No fos for team id=18207743. Bypassed!
Warning! No fos for team id=18268496. Bypassed!
Warning! No fos for team id=18389765. Bypassed!
Warning! No fos for team id=18488494. Bypassed!
Warning! No fos for team id=18497997. Bypassed!
Warning! No fos for team id=18605768. Bypassed!
Warning! No fos for team id=18611658. Bypassed!
Warning! No fos for team id=18623913. Bypassed!
Warning! No fos for team id=18656912. Bypassed!
Warning! No fos for team id=18771010. Bypassed!
Warning! No fos for team id=18816572. Bypassed!
Warning! No fos for team id=18821411. Bypassed!
Warning! No fos for team id=18853779. Bypassed!
Warning! No fos for team id=18855702. Bypassed!
Warning! No fos for team id=19067045. Bypassed!
Warning! No fos for team id=19182488. Bypassed!
Warning! No fos for team id=19347054. Bypassed!
Warning! No fos for team id=19328862. Bypassed!
Warning! No fos for team id=19364886. Bypassed!
Warning! No fos for team id=19383687. Bypassed!
Warning! No fos for team id=19439749. Bypassed!
Warning! No fos for team id=19479954. Bypassed!
Warning! No fos for team id=19520063. Bypassed!
Warning! No fos for team id=19651025. Bypassed!
Warning! No fos for team id=19797418. Bypassed!
Warning! No fos for team id=19814111. Bypassed!
Warning! No fos for team id=20020456. Bypassed!
Warning! No fos for team id=20287842. Bypassed!
Warning! No fos for team id=20347446. Bypassed!
Warning! No fos for team id=20402424. Bypassed!
Warning! No fos for team id=20428530. Bypassed!
Warning! No fos for team id=20474713. Bypassed!
Warning! No fos for team id=20496550. Bypassed!
Warning! No fos for team id=20610219. Bypassed!
Warning! No fos for team id=20631698. Bypassed!
Warning! No fos for team id=20665363. Bypassed!
Warning! No fos for team id=20721078. Bypassed!
Warning! No fos for team id=20783689. Bypassed!
Warning! No fos for team id=20822552. Bypassed!
Warning! No fos for team id=21012331. Bypassed!
Warning! No fos for team id=21091770. Bypassed!
Warning! No fos for team id=21160817. Bypassed!
Warning! No fos for team id=21217603. Bypassed!
Warning! No fos for team id=21337088. Bypassed!
Warning! No fos for team id=21527999. Bypassed!
Warning! No fos for team id=21604472. Bypassed!
Warning! No fos for team id=21605037. Bypassed!
Warning! No fos for team id=21844695. Bypassed!
Warning! No fos for team id=21980543. Bypassed!
Warning! No fos for team id=21983785. Bypassed!
Warning! No fos for team id=22079281. Bypassed!
Warning! No fos for team id=22152361. Bypassed!
Warning! No fos for team id=22288702. Bypassed!
Warning! No fos for team id=22453388. Bypassed!
Warning! No fos for team id=22484831. Bypassed!
Warning! No fos for team id=22793805. Bypassed!
Warning! No fos for team id=22846590. Bypassed!
Warning! No fos for team id=22968603. Bypassed!
Warning! No fos for team id=22937465. Bypassed!
Warning! No fos for team id=22950836. Bypassed!
Warning! No fos for team id=23008340. Bypassed!
Warning! No fos for team id=23078387. Bypassed!
Warning! No fos for team id=23228673. Bypassed!
Warning! No fos for team id=23357856. Bypassed!
Warning! No fos for team id=23392893. Bypassed!
Warning! No fos for team id=23399973. Bypassed!
Warning! No fos for team id=23416336. Bypassed!
Warning! No fos for team id=23471099. Bypassed!
Warning! No fos for team id=23490596. Bypassed!
Warning! No fos for team id=23529727. Bypassed!
Warning! No fos for team id=23534641. Bypassed!
Warning! No fos for team id=23598053. Bypassed!
Warning! No fos for team id=23883834. Bypassed!
Warning! No fos for team id=23889403. Bypassed!
Warning! No fos for team id=23966596. Bypassed!
Warning! No fos for team id=23982852. Bypassed!
Warning! No fos for team id=24139951. Bypassed!
Warning! No fos for team id=24151286. Bypassed!
Warning! No fos for team id=24230076. Bypassed!
Warning! No fos for team id=24288593. Bypassed!
Warning! No fos for team id=24300705. Bypassed!
Warning! No fos for team id=24307660. Bypassed!
Warning! No fos for team id=24354106. Bypassed!
Warning! No fos for team id=24410123. Bypassed!
Warning! No fos for team id=24417478. Bypassed!
Warning! No fos for team id=24526520. Bypassed!
Warning! No fos for team id=24633852. Bypassed!
Warning! No fos for team id=24989935. Bypassed!
Warning! No fos for team id=25041739. Bypassed!
Warning! No fos for team id=25054750. Bypassed!
Warning! No fos for team id=25072661. Bypassed!
Warning! No fos for team id=25149211. Bypassed!
Warning! No fos for team id=25167043. Bypassed!
Warning! No fos for team id=25270506. Bypassed!
Warning! No fos for team id=25390030. Bypassed!
Warning! No fos for team id=25467642. Bypassed!
Warning! No fos for team id=25492082. Bypassed!
Warning! No fos for team id=25563297. Bypassed!
Warning! No fos for team id=25603290. Bypassed!
Warning! No fos for team id=25705328. Bypassed!
Warning! No fos for team id=25758890. Bypassed!
Warning! No fos for team id=25784063. Bypassed!
Warning! No fos for team id=25806650. Bypassed!
Warning! No fos for team id=25824905. Bypassed!
Warning! No fos for team id=25829275. Bypassed!
Warning! No fos for team id=25874816. Bypassed!
Warning! No fos for team id=25979354. Bypassed!
Warning! No fos for team id=26003624. Bypassed!
Warning! No fos for team id=26088226. Bypassed!
Warning! No fos for team id=26211558. Bypassed!
Warning! No fos for team id=26349421. Bypassed!
Warning! No fos for team id=26323192. Bypassed!
Warning! No fos for team id=26429610. Bypassed!
Warning! No fos for team id=26465319. Bypassed!
Warning! No fos for team id=26562578. Bypassed!
Warning! No fos for team id=26643136. Bypassed!
Warning! No fos for team id=26812735. Bypassed!
30000 instances have been loaded, and 2.16222882270813 seconds has passed.
Warning! No fos for team id=26949563. Bypassed!
Warning! No fos for team id=26956839. Bypassed!
Warning! No fos for team id=27179486. Bypassed!
Warning! No fos for team id=27269111. Bypassed!
Warning! No fos for team id=27508601. Bypassed!
Warning! No fos for team id=27508733. Bypassed!
Warning! No fos for team id=27570156. Bypassed!
Warning! No fos for team id=27660717. Bypassed!
Warning! No fos for team id=27691737. Bypassed!
Warning! No fos for team id=27729257. Bypassed!
Warning! No fos for team id=27738889. Bypassed!
Warning! No fos for team id=27804646. Bypassed!
Warning! No fos for team id=27845634. Bypassed!
Warning! No fos for team id=28124659. Bypassed!
Warning! No fos for team id=28141656. Bypassed!
Warning! No fos for team id=28241858. Bypassed!
Warning! No fos for team id=28297711. Bypassed!
Warning! No fos for team id=28333567. Bypassed!
Warning! No fos for team id=28320050. Bypassed!
Warning! No fos for team id=28376841. Bypassed!
Warning! No fos for team id=28384285. Bypassed!
Warning! No fos for team id=28460517. Bypassed!
Warning! No fos for team id=28468896. Bypassed!
Warning! No fos for team id=28504159. Bypassed!
Warning! No fos for team id=28505605. Bypassed!
Warning! No fos for team id=28649325. Bypassed!
Warning! No fos for team id=28781522. Bypassed!
Warning! No fos for team id=28834094. Bypassed!
Warning! No fos for team id=28839281. Bypassed!
Warning! No fos for team id=28859304. Bypassed!
Warning! No fos for team id=29323212. Bypassed!
Warning! No fos for team id=29410912. Bypassed!
Warning! No fos for team id=29552051. Bypassed!
Warning! No fos for team id=29600243. Bypassed!
Warning! No fos for team id=29611019. Bypassed!
Warning! No fos for team id=29742070. Bypassed!
Warning! No fos for team id=29815642. Bypassed!
Warning! No fos for team id=29865760. Bypassed!
Warning! No fos for team id=30192630. Bypassed!
Warning! No fos for team id=30288866. Bypassed!
Warning! No fos for team id=30288179. Bypassed!
Warning! No fos for team id=30309905. Bypassed!
Warning! No fos for team id=30375686. Bypassed!
Warning! No fos for team id=30396747. Bypassed!
Warning! No fos for team id=30432189. Bypassed!
Warning! No fos for team id=30447815. Bypassed!
Warning! No fos for team id=30643049. Bypassed!
Warning! No fos for team id=30568568. Bypassed!
Warning! No fos for team id=30592722. Bypassed!
Warning! No fos for team id=30618708. Bypassed!
Warning! No fos for team id=30619375. Bypassed!
Warning! No fos for team id=30657970. Bypassed!
Warning! No fos for team id=30700475. Bypassed!
Warning! No fos for team id=30720000. Bypassed!
Warning! No fos for team id=30761302. Bypassed!
Warning! No fos for team id=30810801. Bypassed!
Warning! No fos for team id=30823778. Bypassed!
Warning! No fos for team id=30916337. Bypassed!
Warning! No fos for team id=31112840. Bypassed!
Warning! No fos for team id=31125913. Bypassed!
Warning! No fos for team id=31198796. Bypassed!
Warning! No fos for team id=31216689. Bypassed!
Warning! No fos for team id=31217856. Bypassed!
Warning! No fos for team id=31268545. Bypassed!
Warning! No fos for team id=31349315. Bypassed!
Warning! No fos for team id=31370338. Bypassed!
Warning! No fos for team id=31378199. Bypassed!
Warning! No fos for team id=31560893. Bypassed!
Warning! No fos for team id=31650213. Bypassed!
Warning! No fos for team id=31733593. Bypassed!
Warning! No fos for team id=32007224. Bypassed!
Warning! No fos for team id=31994828. Bypassed!
Warning! No fos for team id=32271423. Bypassed!
Warning! No fos for team id=32543551. Bypassed!
Warning! No fos for team id=32728718. Bypassed!
Warning! No fos for team id=32601352. Bypassed!
Warning! No fos for team id=32641438. Bypassed!
Warning! No fos for team id=32715160. Bypassed!
Warning! No fos for team id=32939045. Bypassed!
Warning! No fos for team id=32749849. Bypassed!
Warning! No fos for team id=32892082. Bypassed!
Warning! No fos for team id=32959074. Bypassed!
Warning! No fos for team id=32986714. Bypassed!
Warning! No fos for team id=33133281. Bypassed!
Warning! No fos for team id=33158169. Bypassed!
Warning! No fos for team id=33176239. Bypassed!
Warning! No fos for team id=33204358. Bypassed!
Warning! No fos for team id=33340585. Bypassed!
Warning! No fos for team id=33408952. Bypassed!
Warning! No fos for team id=33425475. Bypassed!
Warning! No fos for team id=33475048. Bypassed!
Warning! No fos for team id=33553691. Bypassed!
Warning! No fos for team id=33688684. Bypassed!
Warning! No fos for team id=33701559. Bypassed!
Warning! No fos for team id=33765767. Bypassed!
Warning! No fos for team id=33789663. Bypassed!
Warning! No fos for team id=33831371. Bypassed!
Warning! No fos for team id=33894197. Bypassed!
Warning! No fos for team id=34035762. Bypassed!
Warning! No fos for team id=34071616. Bypassed!
Warning! No fos for team id=34080018. Bypassed!
Warning! No fos for team id=34127904. Bypassed!
Warning! No fos for team id=34255684. Bypassed!
Warning! No fos for team id=34280107. Bypassed!
Warning! No fos for team id=34327429. Bypassed!
Warning! No fos for team id=34335713. Bypassed!
Warning! No fos for team id=34425764. Bypassed!
Warning! No fos for team id=34483456. Bypassed!
Warning! No fos for team id=34661351. Bypassed!
Warning! No fos for team id=34827026. Bypassed!
Warning! No fos for team id=34910587. Bypassed!
Warning! No fos for team id=34961155. Bypassed!
Warning! No fos for team id=35041235. Bypassed!
Warning! No fos for team id=35188074. Bypassed!
Warning! No fos for team id=35341084. Bypassed!
Warning! No fos for team id=35498217. Bypassed!
Warning! No fos for team id=35523718. Bypassed!
Warning! No fos for team id=35683534. Bypassed!
Warning! No fos for team id=35912513. Bypassed!
40000 instances have been loaded, and 2.8823068141937256 seconds has passed.
Warning! No fos for team id=35932828. Bypassed!
Warning! No fos for team id=36129902. Bypassed!
Warning! No fos for team id=36279698. Bypassed!
Warning! No fos for team id=36294551. Bypassed!
Warning! No fos for team id=36397547. Bypassed!
Warning! No fos for team id=36519754. Bypassed!
Warning! No fos for team id=36578852. Bypassed!
Warning! No fos for team id=36595102. Bypassed!
Warning! No fos for team id=36632155. Bypassed!
Warning! No fos for team id=36877462. Bypassed!
Warning! No fos for team id=36908502. Bypassed!
Warning! No fos for team id=36969527. Bypassed!
Warning! No fos for team id=37174359. Bypassed!
Warning! No fos for team id=37217238. Bypassed!
Warning! No fos for team id=37345404. Bypassed!
Warning! No fos for team id=37395356. Bypassed!
Warning! No fos for team id=37396571. Bypassed!
Warning! No fos for team id=37414062. Bypassed!
Warning! No fos for team id=37544965. Bypassed!
Warning! No fos for team id=37690550. Bypassed!
Warning! No fos for team id=37707858. Bypassed!
Warning! No fos for team id=37776283. Bypassed!
Warning! No fos for team id=37786432. Bypassed!
Warning! No fos for team id=37836037. Bypassed!
Warning! No fos for team id=37850779. Bypassed!
Warning! No fos for team id=37931120. Bypassed!
Warning! No fos for team id=37937095. Bypassed!
Warning! No fos for team id=37987143. Bypassed!
Warning! No fos for team id=38199157. Bypassed!
Warning! No fos for team id=38330288. Bypassed!
Warning! No fos for team id=38391521. Bypassed!
Warning! No fos for team id=38464018. Bypassed!
Warning! No fos for team id=38596308. Bypassed!
Warning! No fos for team id=38600783. Bypassed!
Warning! No fos for team id=38611112. Bypassed!
Warning! No fos for team id=38618938. Bypassed!
Warning! No fos for team id=38668087. Bypassed!
Warning! No fos for team id=38808422. Bypassed!
Warning! No fos for team id=38826481. Bypassed!
Warning! No fos for team id=38987674. Bypassed!
Warning! No fos for team id=39084176. Bypassed!
Warning! No fos for team id=39159573. Bypassed!
Warning! No fos for team id=39229937. Bypassed!
Warning! No fos for team id=39276431. Bypassed!
Warning! No fos for team id=39312357. Bypassed!
Warning! No fos for team id=39372245. Bypassed!
Warning! No fos for team id=39406441. Bypassed!
Warning! No fos for team id=39442962. Bypassed!
Warning! No fos for team id=39443895. Bypassed!
Warning! No fos for team id=39479689. Bypassed!
Warning! No fos for team id=39546413. Bypassed!
Warning! No fos for team id=39566757. Bypassed!
Warning! No fos for team id=39707810. Bypassed!
Warning! No fos for team id=39794351. Bypassed!
Warning! No fos for team id=39879198. Bypassed!
Warning! No fos for team id=39913640. Bypassed!
Warning! No fos for team id=39926831. Bypassed!
Warning! No fos for team id=39933071. Bypassed!
Warning! No fos for team id=39935860. Bypassed!
Warning! No fos for team id=40087350. Bypassed!
Warning! No fos for team id=40287505. Bypassed!
Warning! No fos for team id=40394999. Bypassed!
Warning! No fos for team id=40525080. Bypassed!
Warning! No fos for team id=40561136. Bypassed!
Warning! No fos for team id=40597232. Bypassed!
Warning! No fos for team id=40655270. Bypassed!
Warning! No fos for team id=40705018. Bypassed!
Warning! No fos for team id=40802215. Bypassed!
Warning! No fos for team id=40808732. Bypassed!
Warning! No fos for team id=41124917. Bypassed!
Warning! No fos for team id=41072037. Bypassed!
Warning! No fos for team id=41212082. Bypassed!
Warning! No fos for team id=41514300. Bypassed!
Warning! No fos for team id=41526707. Bypassed!
Warning! No fos for team id=41977542. Bypassed!
Warning! No fos for team id=42075458. Bypassed!
Warning! No fos for team id=42193621. Bypassed!
Warning! No fos for team id=42160765. Bypassed!
Warning! No fos for team id=42231143. Bypassed!
Warning! No fos for team id=42325869. Bypassed!
Warning! No fos for team id=42785484. Bypassed!
Warning! No fos for team id=42826434. Bypassed!
Warning! No fos for team id=43025158. Bypassed!
Warning! No fos for team id=43036431. Bypassed!
Warning! No fos for team id=43184221. Bypassed!
Warning! No fos for team id=43185975. Bypassed!
Warning! No fos for team id=43452385. Bypassed!
Warning! No fos for team id=43322019. Bypassed!
Warning! No fos for team id=43345311. Bypassed!
Warning! No fos for team id=43513874. Bypassed!
Warning! No fos for team id=43614201. Bypassed!
Warning! No fos for team id=43673994. Bypassed!
Warning! No fos for team id=43988507. Bypassed!
Warning! No fos for team id=43993228. Bypassed!
Warning! No fos for team id=44307567. Bypassed!
Warning! No fos for team id=44313541. Bypassed!
Warning! No fos for team id=44559736. Bypassed!
Warning! No fos for team id=44602267. Bypassed!
Warning! No fos for team id=44607257. Bypassed!
Warning! No fos for team id=44676928. Bypassed!
Warning! No fos for team id=44689521. Bypassed!
Warning! No fos for team id=44809771. Bypassed!
Warning! No fos for team id=44892998. Bypassed!
Warning! No fos for team id=44898655. Bypassed!
50000 instances have been loaded, and 3.646267890930176 seconds has passed.
Warning! No fos for team id=45343870. Bypassed!
Warning! No fos for team id=45554316. Bypassed!
Warning! No fos for team id=45629584. Bypassed!
Warning! No fos for team id=45670563. Bypassed!
Warning! No fos for team id=45701188. Bypassed!
Warning! No fos for team id=45902641. Bypassed!
Warning! No fos for team id=45960037. Bypassed!
Warning! No fos for team id=45966906. Bypassed!
Warning! No fos for team id=45967471. Bypassed!
Warning! No fos for team id=46038929. Bypassed!
Warning! No fos for team id=46064910. Bypassed!
Warning! No fos for team id=46178042. Bypassed!
Warning! No fos for team id=46204635. Bypassed!
Warning! No fos for team id=46275071. Bypassed!
Warning! No fos for team id=46468936. Bypassed!
Warning! No fos for team id=46557446. Bypassed!
Warning! No fos for team id=46595359. Bypassed!
Warning! No fos for team id=46688272. Bypassed!
Warning! No fos for team id=46990396. Bypassed!
Warning! No fos for team id=47215977. Bypassed!
Warning! No fos for team id=47537948. Bypassed!
Warning! No fos for team id=47526010. Bypassed!
Warning! No fos for team id=47652506. Bypassed!
Warning! No fos for team id=47667257. Bypassed!
Warning! No fos for team id=47770215. Bypassed!
Warning! No fos for team id=48120550. Bypassed!
Warning! No fos for team id=48013253. Bypassed!
Warning! No fos for team id=48031195. Bypassed!
Warning! No fos for team id=48040705. Bypassed!
Warning! No fos for team id=48089658. Bypassed!
Warning! No fos for team id=48122030. Bypassed!
Warning! No fos for team id=48222372. Bypassed!
Warning! No fos for team id=48272345. Bypassed!
Warning! No fos for team id=48382406. Bypassed!
Warning! No fos for team id=48396425. Bypassed!
Warning! No fos for team id=48439383. Bypassed!
Warning! No fos for team id=48463152. Bypassed!
Warning! No fos for team id=48535532. Bypassed!
Warning! No fos for team id=48575904. Bypassed!
Warning! No fos for team id=48634164. Bypassed!
Warning! No fos for team id=48841277. Bypassed!
Warning! No fos for team id=49388340. Bypassed!
Warning! No fos for team id=49433741. Bypassed!
Warning! No fos for team id=49456235. Bypassed!
Warning! No fos for team id=49570582. Bypassed!
Warning! No fos for team id=49746660. Bypassed!
Warning! No fos for team id=49761090. Bypassed!
Warning! No fos for team id=49997670. Bypassed!
Warning! No fos for team id=50095095. Bypassed!
Warning! No fos for team id=50096592. Bypassed!
Warning! No fos for team id=50286722. Bypassed!
Warning! No fos for team id=50294484. Bypassed!
Warning! No fos for team id=50296081. Bypassed!
Warning! No fos for team id=50594674. Bypassed!
Warning! No fos for team id=50631378. Bypassed!
Warning! No fos for team id=50710252. Bypassed!
Warning! No fos for team id=50825563. Bypassed!
Warning! No fos for team id=50947577. Bypassed!
Warning! No fos for team id=51070748. Bypassed!
Warning! No fos for team id=51132530. Bypassed!
Warning! No fos for team id=51424230. Bypassed!
Warning! No fos for team id=51680350. Bypassed!
Warning! No fos for team id=51735448. Bypassed!
Warning! No fos for team id=51931109. Bypassed!
Warning! No fos for team id=52096350. Bypassed!
Warning! No fos for team id=52545950. Bypassed!
Warning! No fos for team id=52589141. Bypassed!
Warning! No fos for team id=53084186. Bypassed!
Warning! No fos for team id=53281096. Bypassed!
Warning! No fos for team id=53361206. Bypassed!
Warning! No fos for team id=53468742. Bypassed!
Warning! No fos for team id=53539888. Bypassed!
Warning! No fos for team id=53601703. Bypassed!
Warning! No fos for team id=53606436. Bypassed!
Warning! No fos for team id=53642195. Bypassed!
Warning! No fos for team id=53664301. Bypassed!
Warning! No fos for team id=53670764. Bypassed!
Warning! No fos for team id=53679876. Bypassed!
Warning! No fos for team id=53699618. Bypassed!
Warning! No fos for team id=53789710. Bypassed!
Warning! No fos for team id=53818401. Bypassed!
Warning! No fos for team id=54054424. Bypassed!
Warning! No fos for team id=54082226. Bypassed!
Warning! No fos for team id=54089122. Bypassed!
Warning! No fos for team id=54136314. Bypassed!
Warning! No fos for team id=54152695. Bypassed!
Warning! No fos for team id=54256615. Bypassed!
60000 instances have been loaded, and 4.457103490829468 seconds has passed.
Warning! No fos for team id=54352922. Bypassed!
Warning! No fos for team id=54459345. Bypassed!
Warning! No fos for team id=54484625. Bypassed!
Warning! No fos for team id=54535612. Bypassed!
Warning! No fos for team id=54669599. Bypassed!
Warning! No fos for team id=54976460. Bypassed!
Warning! No fos for team id=54881287. Bypassed!
Warning! No fos for team id=54903505. Bypassed!
Warning! No fos for team id=54942921. Bypassed!
Warning! No fos for team id=54946717. Bypassed!
Warning! No fos for team id=54947132. Bypassed!
Warning! No fos for team id=55012079. Bypassed!
Warning! No fos for team id=55095746. Bypassed!
Warning! No fos for team id=55166554. Bypassed!
Warning! No fos for team id=55247248. Bypassed!
Warning! No fos for team id=55311331. Bypassed!
Warning! No fos for team id=55587225. Bypassed!
Warning! No fos for team id=55597079. Bypassed!
Warning! No fos for team id=55609336. Bypassed!
Warning! No fos for team id=55694758. Bypassed!
Warning! No fos for team id=55933062. Bypassed!
Warning! No fos for team id=55951804. Bypassed!
Warning! No fos for team id=56673996. Bypassed!
Warning! No fos for team id=56605359. Bypassed!
Warning! No fos for team id=56687940. Bypassed!
Warning! No fos for team id=56802679. Bypassed!
Warning! No fos for team id=56859995. Bypassed!
Warning! No fos for team id=56912633. Bypassed!
Warning! No fos for team id=56928365. Bypassed!
Warning! No fos for team id=56929138. Bypassed!
Warning! No fos for team id=57093493. Bypassed!
Warning! No fos for team id=57297705. Bypassed!
Warning! No fos for team id=57388714. Bypassed!
Warning! No fos for team id=57397407. Bypassed!
Warning! No fos for team id=57409690. Bypassed!
Warning! No fos for team id=57462221. Bypassed!
Warning! No fos for team id=57525071. Bypassed!
Warning! No fos for team id=57663925. Bypassed!
Warning! No fos for team id=57673842. Bypassed!
Warning! No fos for team id=57736866. Bypassed!
Warning! No fos for team id=58019573. Bypassed!
Warning! No fos for team id=58051639. Bypassed!
Warning! No fos for team id=58109147. Bypassed!
Warning! No fos for team id=58281529. Bypassed!
Warning! No fos for team id=58179341. Bypassed!
Warning! No fos for team id=58180572. Bypassed!
Warning! No fos for team id=58535598. Bypassed!
Warning! No fos for team id=58540072. Bypassed!
Warning! No fos for team id=58701345. Bypassed!
Warning! No fos for team id=58624012. Bypassed!
Warning! No fos for team id=58658717. Bypassed!
Warning! No fos for team id=58681173. Bypassed!
Warning! No fos for team id=58747548. Bypassed!
Warning! No fos for team id=58861260. Bypassed!
Warning! No fos for team id=58866894. Bypassed!
Warning! No fos for team id=58954102. Bypassed!
Warning! No fos for team id=59079303. Bypassed!
Warning! No fos for team id=59202582. Bypassed!
Warning! No fos for team id=59231639. Bypassed!
Warning! No fos for team id=59366912. Bypassed!
Warning! No fos for team id=59523926. Bypassed!
Warning! No fos for team id=59424211. Bypassed!
Warning! No fos for team id=59452129. Bypassed!
Warning! No fos for team id=59536183. Bypassed!
Warning! No fos for team id=59551845. Bypassed!
Warning! No fos for team id=59595482. Bypassed!
Warning! No fos for team id=59625310. Bypassed!
Warning! No fos for team id=59757310. Bypassed!
Warning! No fos for team id=60022761. Bypassed!
Warning! No fos for team id=60190981. Bypassed!
Warning! No fos for team id=60226279. Bypassed!
Warning! No fos for team id=60293312. Bypassed!
Warning! No fos for team id=60406027. Bypassed!
Warning! No fos for team id=60469880. Bypassed!
Warning! No fos for team id=60473845. Bypassed!
Warning! No fos for team id=60624351. Bypassed!
Warning! No fos for team id=60762913. Bypassed!
Warning! No fos for team id=61200538. Bypassed!
Warning! No fos for team id=61660047. Bypassed!
Warning! No fos for team id=61743007. Bypassed!
Warning! No fos for team id=61743777. Bypassed!
Warning! No fos for team id=61922989. Bypassed!
Warning! No fos for team id=62122256. Bypassed!
Warning! No fos for team id=62184386. Bypassed!
Warning! No fos for team id=62205365. Bypassed!
Warning! No fos for team id=62336003. Bypassed!
Warning! No fos for team id=62457744. Bypassed!
Warning! No fos for team id=62605228. Bypassed!
Warning! No fos for team id=62740786. Bypassed!
Warning! No fos for team id=62751557. Bypassed!
Warning! No fos for team id=62925508. Bypassed!
Warning! No fos for team id=62969870. Bypassed!
Warning! No fos for team id=63039179. Bypassed!
Warning! No fos for team id=63294207. Bypassed!
Warning! No fos for team id=63325958. Bypassed!
Warning! No fos for team id=63348114. Bypassed!
70000 instances have been loaded, and 5.055506229400635 seconds has passed.
Warning! No fos for team id=63535875. Bypassed!
Warning! No fos for team id=63557200. Bypassed!
Warning! No fos for team id=63660518. Bypassed!
Warning! No fos for team id=63610487. Bypassed!
Warning! No fos for team id=63685299. Bypassed!
Warning! No fos for team id=63957284. Bypassed!
Warning! No fos for team id=64051505. Bypassed!
Warning! No fos for team id=64177823. Bypassed!
Warning! No fos for team id=64299784. Bypassed!
Warning! No fos for team id=64261673. Bypassed!
Warning! No fos for team id=64262039. Bypassed!
Warning! No fos for team id=64276665. Bypassed!
Warning! No fos for team id=64415755. Bypassed!
Warning! No fos for team id=64425613. Bypassed!
Warning! No fos for team id=64438318. Bypassed!
Warning! No fos for team id=64525271. Bypassed!
Warning! No fos for team id=64577697. Bypassed!
Warning! No fos for team id=64607513. Bypassed!
Warning! No fos for team id=64709464. Bypassed!
Warning! No fos for team id=64799423. Bypassed!
Warning! No fos for team id=64917906. Bypassed!
Warning! No fos for team id=65136116. Bypassed!
Warning! No fos for team id=65266949. Bypassed!
Warning! No fos for team id=65275719. Bypassed!
Warning! No fos for team id=65316730. Bypassed!
Warning! No fos for team id=65441776. Bypassed!
Warning! No fos for team id=65504505. Bypassed!
Warning! No fos for team id=65598110. Bypassed!
Warning! No fos for team id=65652595. Bypassed!
Warning! No fos for team id=65710715. Bypassed!
Warning! No fos for team id=65955260. Bypassed!
Warning! No fos for team id=66042576. Bypassed!
Warning! No fos for team id=66078725. Bypassed!
Warning! No fos for team id=66326993. Bypassed!
Warning! No fos for team id=66502549. Bypassed!
Warning! No fos for team id=66562412. Bypassed!
Warning! No fos for team id=66569064. Bypassed!
Warning! No fos for team id=66572845. Bypassed!
Warning! No fos for team id=66577474. Bypassed!
Warning! No fos for team id=66645586. Bypassed!
Warning! No fos for team id=66902698. Bypassed!
Warning! No fos for team id=66926434. Bypassed!
Warning! No fos for team id=67314252. Bypassed!
Warning! No fos for team id=67331665. Bypassed!
Warning! No fos for team id=67373786. Bypassed!
Warning! No fos for team id=67375105. Bypassed!
Warning! No fos for team id=67439333. Bypassed!
Warning! No fos for team id=67487156. Bypassed!
Warning! No fos for team id=67488275. Bypassed!
Warning! No fos for team id=67554895. Bypassed!
Warning! No fos for team id=67648714. Bypassed!
Warning! No fos for team id=67651477. Bypassed!
Warning! No fos for team id=67711562. Bypassed!
Warning! No fos for team id=67829998. Bypassed!
Warning! No fos for team id=67871304. Bypassed!
Warning! No fos for team id=67953682. Bypassed!
Warning! No fos for team id=67956540. Bypassed!
Warning! No fos for team id=68029806. Bypassed!
Warning! No fos for team id=68059575. Bypassed!
Warning! No fos for team id=68095424. Bypassed!
Warning! No fos for team id=68139890. Bypassed!
Warning! No fos for team id=68166339. Bypassed!
Warning! No fos for team id=68226081. Bypassed!
Warning! No fos for team id=68264354. Bypassed!
Warning! No fos for team id=68326664. Bypassed!
Warning! No fos for team id=68375383. Bypassed!
Warning! No fos for team id=68385059. Bypassed!
Warning! No fos for team id=68407198. Bypassed!
Warning! No fos for team id=68556055. Bypassed!
Warning! No fos for team id=68674094. Bypassed!
Warning! No fos for team id=68691358. Bypassed!
Warning! No fos for team id=68770168. Bypassed!
Warning! No fos for team id=68771461. Bypassed!
Warning! No fos for team id=68772731. Bypassed!
Warning! No fos for team id=68835823. Bypassed!
Warning! No fos for team id=68866267. Bypassed!
Warning! No fos for team id=69230309. Bypassed!
Warning! No fos for team id=69291579. Bypassed!
Warning! No fos for team id=69360965. Bypassed!
Warning! No fos for team id=69361148. Bypassed!
Warning! No fos for team id=69504543. Bypassed!
Warning! No fos for team id=69571208. Bypassed!
Warning! No fos for team id=69612607. Bypassed!
Warning! No fos for team id=69985992. Bypassed!
Warning! No fos for team id=70053554. Bypassed!
Warning! No fos for team id=70077938. Bypassed!
Warning! No fos for team id=70095815. Bypassed!
Warning! No fos for team id=70119625. Bypassed!
Warning! No fos for team id=70259437. Bypassed!
Warning! No fos for team id=70309494. Bypassed!
Warning! No fos for team id=70338377. Bypassed!
Warning! No fos for team id=70418314. Bypassed!
Warning! No fos for team id=70496168. Bypassed!
Warning! No fos for team id=70537824. Bypassed!
Warning! No fos for team id=70622661. Bypassed!
Warning! No fos for team id=70699198. Bypassed!
Warning! No fos for team id=70771460. Bypassed!
Warning! No fos for team id=70839785. Bypassed!
Warning! No fos for team id=70861362. Bypassed!
Warning! No fos for team id=70893690. Bypassed!
Warning! No fos for team id=71011246. Bypassed!
Warning! No fos for team id=71161205. Bypassed!
Warning! No fos for team id=71215727. Bypassed!
Warning! No fos for team id=71250586. Bypassed!
Warning! No fos for team id=71255702. Bypassed!
Warning! No fos for team id=71369215. Bypassed!
Warning! No fos for team id=71559352. Bypassed!
Warning! No fos for team id=71781265. Bypassed!
Warning! No fos for team id=72300664. Bypassed!
Warning! No fos for team id=72393861. Bypassed!
Warning! No fos for team id=72400257. Bypassed!
Warning! No fos for team id=72432117. Bypassed!
80000 instances have been loaded, and 5.897259473800659 seconds has passed.
Warning! No fos for team id=72455453. Bypassed!
Warning! No fos for team id=72505375. Bypassed!
Warning! No fos for team id=72531119. Bypassed!
Warning! No fos for team id=72747432. Bypassed!
Warning! No fos for team id=72992725. Bypassed!
Warning! No fos for team id=73083936. Bypassed!
Warning! No fos for team id=73234107. Bypassed!
Warning! No fos for team id=73260139. Bypassed!
Warning! No fos for team id=73298033. Bypassed!
Warning! No fos for team id=73405053. Bypassed!
Warning! No fos for team id=73547196. Bypassed!
Warning! No fos for team id=73441252. Bypassed!
Warning! No fos for team id=73534644. Bypassed!
Warning! No fos for team id=73624012. Bypassed!
Warning! No fos for team id=73751935. Bypassed!
Warning! No fos for team id=73813502. Bypassed!
Warning! No fos for team id=74000573. Bypassed!
Warning! No fos for team id=74032673. Bypassed!
Warning! No fos for team id=74220592. Bypassed!
Warning! No fos for team id=74301016. Bypassed!
Warning! No fos for team id=74413721. Bypassed!
Warning! No fos for team id=74435397. Bypassed!
Warning! No fos for team id=74453841. Bypassed!
Warning! No fos for team id=74538652. Bypassed!
Warning! No fos for team id=74669270. Bypassed!
Warning! No fos for team id=74784600. Bypassed!
Warning! No fos for team id=74890940. Bypassed!
Warning! No fos for team id=75038732. Bypassed!
Warning! No fos for team id=75046852. Bypassed!
Warning! No fos for team id=75112278. Bypassed!
Warning! No fos for team id=75273403. Bypassed!
Warning! No fos for team id=75306188. Bypassed!
Warning! No fos for team id=75339829. Bypassed!
Warning! No fos for team id=75372399. Bypassed!
Warning! No fos for team id=75386957. Bypassed!
Warning! No fos for team id=75395142. Bypassed!
Warning! No fos for team id=75455005. Bypassed!
Warning! No fos for team id=75516816. Bypassed!
Warning! No fos for team id=75718534. Bypassed!
Warning! No fos for team id=75741854. Bypassed!
Warning! No fos for team id=75893729. Bypassed!
Warning! No fos for team id=75993858. Bypassed!
Warning! No fos for team id=76012775. Bypassed!
Warning! No fos for team id=76181376. Bypassed!
Warning! No fos for team id=76390513. Bypassed!
Warning! No fos for team id=76292187. Bypassed!
Warning! No fos for team id=76363048. Bypassed!
Warning! No fos for team id=76435863. Bypassed!
Warning! No fos for team id=76438237. Bypassed!
Warning! No fos for team id=76599334. Bypassed!
Warning! No fos for team id=76624737. Bypassed!
Warning! No fos for team id=76688876. Bypassed!
Warning! No fos for team id=76704098. Bypassed!
Warning! No fos for team id=76757862. Bypassed!
Warning! No fos for team id=76886225. Bypassed!
Warning! No fos for team id=76944546. Bypassed!
Warning! No fos for team id=77023332. Bypassed!
Warning! No fos for team id=77216104. Bypassed!
Warning! No fos for team id=77565716. Bypassed!
Warning! No fos for team id=77570280. Bypassed!
Warning! No fos for team id=77599511. Bypassed!
Warning! No fos for team id=77615490. Bypassed!
Warning! No fos for team id=77747369. Bypassed!
Warning! No fos for team id=77805325. Bypassed!
Warning! No fos for team id=77983765. Bypassed!
Warning! No fos for team id=78280674. Bypassed!
Warning! No fos for team id=78373129. Bypassed!
Warning! No fos for team id=78420551. Bypassed!
Warning! No fos for team id=78476870. Bypassed!
Warning! No fos for team id=78690229. Bypassed!
Warning! No fos for team id=78778486. Bypassed!
Warning! No fos for team id=78859455. Bypassed!
Warning! No fos for team id=79026691. Bypassed!
Warning! No fos for team id=79183023. Bypassed!
Warning! No fos for team id=79290205. Bypassed!
Warning! No fos for team id=79466929. Bypassed!
Warning! No fos for team id=79475271. Bypassed!
Warning! No fos for team id=79522838. Bypassed!
Warning! No fos for team id=79568397. Bypassed!
Warning! No fos for team id=79581111. Bypassed!
Warning! No fos for team id=79595543. Bypassed!
Warning! No fos for team id=79742101. Bypassed!
Warning! No fos for team id=79923084. Bypassed!
Warning! No fos for team id=80104187. Bypassed!
Warning! No fos for team id=80288998. Bypassed!
Warning! No fos for team id=80292172. Bypassed!
Warning! No fos for team id=80302026. Bypassed!
Warning! No fos for team id=80344685. Bypassed!
Warning! No fos for team id=80397212. Bypassed!
Warning! No fos for team id=80545972. Bypassed!
Warning! No fos for team id=80842781. Bypassed!
Warning! No fos for team id=80998522. Bypassed!
Warning! No fos for team id=81010450. Bypassed!
Warning! No fos for team id=81013665. Bypassed!
Warning! No fos for team id=81098733. Bypassed!
Warning! No fos for team id=81164860. Bypassed!
Warning! No fos for team id=81188936. Bypassed!
Warning! No fos for team id=81309404. Bypassed!
Warning! No fos for team id=81375312. Bypassed!
Warning! No fos for team id=81515723. Bypassed!
Warning! No fos for team id=81432219. Bypassed!
Warning! No fos for team id=81448656. Bypassed!
Warning! No fos for team id=81491502. Bypassed!
Warning! No fos for team id=81491707. Bypassed!
Warning! No fos for team id=81508725. Bypassed!
90000 instances have been loaded, and 6.495662212371826 seconds has passed.
Warning! No fos for team id=81544297. Bypassed!
Warning! No fos for team id=81605966. Bypassed!
Warning! No fos for team id=81637818. Bypassed!
Warning! No fos for team id=81771873. Bypassed!
Warning! No fos for team id=81795745. Bypassed!
Warning! No fos for team id=81963134. Bypassed!
Warning! No fos for team id=82165253. Bypassed!
Warning! No fos for team id=82133117. Bypassed!
Warning! No fos for team id=82288671. Bypassed!
Warning! No fos for team id=82408355. Bypassed!
Warning! No fos for team id=82477114. Bypassed!
Warning! No fos for team id=82588440. Bypassed!
Warning! No fos for team id=82697137. Bypassed!
Warning! No fos for team id=83131846. Bypassed!
Warning! No fos for team id=83292892. Bypassed!
Warning! No fos for team id=83309622. Bypassed!
Warning! No fos for team id=83224227. Bypassed!
Warning! No fos for team id=83455460. Bypassed!
Warning! No fos for team id=83663530. Bypassed!
Warning! No fos for team id=83776947. Bypassed!
Warning! No fos for team id=83820080. Bypassed!
Warning! No fos for team id=83990187. Bypassed!
Warning! No fos for team id=84360127. Bypassed!
Warning! No fos for team id=84372593. Bypassed!
Warning! No fos for team id=84393483. Bypassed!
Warning! No fos for team id=84666418. Bypassed!
Warning! No fos for team id=84716760. Bypassed!
Warning! No fos for team id=84747931. Bypassed!
Warning! No fos for team id=84776840. Bypassed!
Warning! No fos for team id=84785139. Bypassed!
Warning! No fos for team id=84790595. Bypassed!
Warning! No fos for team id=84813481. Bypassed!
Warning! No fos for team id=84875688. Bypassed!
Warning! No fos for team id=84946943. Bypassed!
Warning! No fos for team id=85183780. Bypassed!
Warning! No fos for team id=85211876. Bypassed!
Warning! No fos for team id=85251098. Bypassed!
Warning! No fos for team id=85474188. Bypassed!
Warning! No fos for team id=85419134. Bypassed!
Warning! No fos for team id=85744227. Bypassed!
Warning! No fos for team id=85749055. Bypassed!
Warning! No fos for team id=85801466. Bypassed!
Warning! No fos for team id=85837080. Bypassed!
Warning! No fos for team id=85925265. Bypassed!
Warning! No fos for team id=85942208. Bypassed!
Warning! No fos for team id=86235025. Bypassed!
Warning! No fos for team id=86168918. Bypassed!
Warning! No fos for team id=86276580. Bypassed!
Warning! No fos for team id=86304403. Bypassed!
Warning! No fos for team id=86404683. Bypassed!
Warning! No fos for team id=86473558. Bypassed!
Warning! No fos for team id=86725459. Bypassed!
Warning! No fos for team id=86852136. Bypassed!
Warning! No fos for team id=86859004. Bypassed!
Warning! No fos for team id=87118312. Bypassed!
Warning! No fos for team id=87197079. Bypassed!
Warning! No fos for team id=87292870. Bypassed!
Warning! No fos for team id=87300092. Bypassed!
Warning! No fos for team id=87296573. Bypassed!
Warning! No fos for team id=87746273. Bypassed!
Warning! No fos for team id=87748996. Bypassed!
Warning! No fos for team id=87770424. Bypassed!
Warning! No fos for team id=87966716. Bypassed!
Warning! No fos for team id=88265710. Bypassed!
Warning! No fos for team id=88496632. Bypassed!
Warning! No fos for team id=88765676. Bypassed!
Warning! No fos for team id=88790553. Bypassed!
Warning! No fos for team id=88860300. Bypassed!
Warning! No fos for team id=88870005. Bypassed!
Warning! No fos for team id=88994119. Bypassed!
Warning! No fos for team id=89060702. Bypassed!
Warning! No fos for team id=88896957. Bypassed!
Warning! No fos for team id=89087083. Bypassed!
Warning! No fos for team id=89216986. Bypassed!
Warning! No fos for team id=89234650. Bypassed!
Warning! No fos for team id=89306864. Bypassed!
Warning! No fos for team id=89374921. Bypassed!
Warning! No fos for team id=89432770. Bypassed!
Warning! No fos for team id=89435264. Bypassed!
Warning! No fos for team id=89440556. Bypassed!
Warning! No fos for team id=89482152. Bypassed!
Warning! No fos for team id=89524765. Bypassed!
Warning! No fos for team id=89536367. Bypassed!
Warning! No fos for team id=89704497. Bypassed!
Warning! No fos for team id=89721365. Bypassed!
Warning! No fos for team id=89815916. Bypassed!
Warning! No fos for team id=89953060. Bypassed!
Warning! No fos for team id=90181551. Bypassed!
Warning! No fos for team id=90239076. Bypassed!
Warning! No fos for team id=90382123. Bypassed!
Warning! No fos for team id=90500625. Bypassed!
It took 7.412215709686279 seconds to load the data. #teams: 98930 out of #lines: 100000.
It took 1.7373631000518799 seconds to pickle the data
