$ docker run --rm -v ./data:/app/data:ro -v ./output:/app/output ghcr.io/fani-lab/opentf/uspt-mt10-ts2:main
[2025-04-16 00:01:25,222][cmn.pkgmgr][INFO] - Loading teamsvecs matrices from ../output/uspt/patent.tsv.mt10.ts2/teamsvecs.pkl ...
[2025-04-16 00:01:25,222][cmn.pkgmgr][INFO] - Teamsvecs matrices not found! Generating ...
[2025-04-16 00:01:25,222][cmn.pkgmgr][INFO] - Loading indexes pickle from ../output/uspt/patent.tsv.mt10.ts2/indexes.pkl ...
[2025-04-16 00:01:25,222][cmn.pkgmgr][INFO] - Pickles not found! Reading raw data from ../data/uspt/patent.tsv ...
[2025-04-16 00:01:25,222][cmn.pkgmgr][INFO] - pandas not found. Installing pandas>=2.0.0...
[2025-04-16 00:01:45,890][cmn.pkgmgr][INFO] - Collecting pandas>=2.0.0
  Downloading pandas-2.0.3-cp38-cp38-manylinux_2_17_x86_64.manylinux2014_x86_64.whl (12.4 MB)
     ━━━━━━━━━━━━━━━━━━━━━━━━━━━━━━━━━━━━━━━━ 12.4/12.4 MB 21.0 MB/s eta 0:00:00
Collecting pytz>=2020.1
  Downloading pytz-2025.2-py2.py3-none-any.whl (509 kB)
     ━━━━━━━━━━━━━━━━━━━━━━━━━━━━━━━━━━━━━━ 509.2/509.2 kB 83.7 MB/s eta 0:00:00
Requirement already satisfied: python-dateutil>=2.8.2 in /usr/local/lib/python3.8/site-packages (from pandas>=2.0.0) (2.9.0.post0)
Requirement already satisfied: numpy>=1.20.3 in /usr/local/lib/python3.8/site-packages (from pandas>=2.0.0) (1.24.4)
Collecting tzdata>=2022.1
  Downloading tzdata-2025.2-py2.py3-none-any.whl (347 kB)
     ━━━━━━━━━━━━━━━━━━━━━━━━━━━━━━━━━━━━━━ 347.8/347.8 kB 94.7 MB/s eta 0:00:00
Requirement already satisfied: six>=1.5 in /usr/local/lib/python3.8/site-packages (from python-dateutil>=2.8.2->pandas>=2.0.0) (1.17.0)
Installing collected packages: pytz, tzdata, pandas
Successfully installed pandas-2.0.3 pytz-2025.2 tzdata-2025.2

[2025-04-16 00:01:46,077][cmn.pkgmgr][INFO] - Reading patents ...
[2025-04-16 00:02:20,427][cmn.pkgmgr][INFO] - Reading patents subgroups ...
[2025-04-16 00:06:17,221][cmn.pkgmgr][INFO] - Reading patents inventors ...
[2025-04-16 00:06:42,683][cmn.pkgmgr][INFO] - Reading inventors ...
[2025-04-16 00:07:06,713][cmn.pkgmgr][INFO] - Reading location data ...
[2025-04-16 00:07:58,422][cmn.pkgmgr][INFO] - Reading data to objects ...
100%|█████████▉| 17735569/17735570 [07:56<00:00, 37206.95it/s][2025-04-16 00:15:56,543][cmn.pkgmgr][INFO] - Removing outliers {'min_nteam': 10, 'min_team_size': 2} ...
Indexing members ...
Indexing skills ...
Indexing teams ...
Indexing locations ...
[2025-04-16 00:21:40,020][cmn.pkgmgr][INFO] - Teams and indexes are pickled into ../output/uspt/patent.tsv.mt10.ts2

[2025-04-16 00:40:29,382][cmn.pkgmgr][INFO] - Teamsvecs matrices for skills (2596322, 213317), members (2596322, 394187), and locations (2596322, 190) saved at ../output/uspt/patent.tsv.mt10.ts2/teamsvecs.pkl
[2025-04-16 00:40:37,335][cmn.pkgmgr][INFO] - Loading member-skill co-occurrence matrix (394187, 213317) loaded from ../output/uspt/patent.tsv.mt10.ts2/member_skill_vecs.pkl ...
[2025-04-16 00:40:37,336][cmn.pkgmgr][INFO] - Member-skill co-occurrence matrix not found! Generating ...
[2025-04-16 00:40:45,267][cmn.pkgmgr][INFO] - Member-skill co-occurrence matrix (394187, 213317) saved at ../output/uspt/patent.tsv.mt10.ts2/member_skill_vecs.pkl.
