$ docker run --rm -v ./data:/app/data:ro -v ./output:/app/output ghcr.io/fani-lab/opentf/dblp-mt10-ts2:main
[2025-04-15 21:35:51,097][cmn.pkgmgr][INFO] - Loading teamsvecs matrices from ../output/dblp/dblp.v12.json.mt10.ts2/teamsvecs.pkl ...
[2025-04-15 21:35:51,097][cmn.pkgmgr][INFO] - Teamsvecs matrices not found! Generating ...
[2025-04-15 21:35:51,097][cmn.pkgmgr][INFO] - Loading indexes pickle from ../output/dblp/dblp.v12.json.mt10.ts2/indexes.pkl ...
[2025-04-15 21:35:51,097][cmn.publication][INFO] - Pickles not found! Reading raw data from ../data/dblp/dblp.v12.json (progress in bytes) ...
  0%|          | 0/12520828317 [00:00<?, ?it/s][2025-04-15 21:35:51,111][cmn.publication][ERROR] - JSONDecodeError: There has been error in loading json line `[
`!
Expecting value: line 2 column 1 (char 2)
100%|█████████▉| 12507202315/12520828317 [20:17<00:01, 10687291.21it/s][2025-04-15 21:56:08,903][cmn.publication][ERROR] - JSONDecodeError: There has been error in loading json line `]
`!
Expecting value: line 1 column 1 (char 0)
100%|█████████▉| 12507463996/12520828317 [20:17<00:01, 10270596.74it/s][2025-04-15 21:56:08,904][cmn.pkgmgr][INFO] - Removing outliers {'min_nteam': 10, 'min_team_size': 2} ...
Indexing members ...
Indexing skills ...
Indexing teams ...
Indexing locations ...
[2025-04-15 22:01:37,770][cmn.pkgmgr][INFO] - Teams and indexes are pickled into ../output/dblp/dblp.v12.json.mt10.ts2

[2025-04-15 22:24:14,233][cmn.pkgmgr][INFO] - Teamsvecs matrices for skills (1995708, 90671), members (1995708, 233629), and locations (1995708, 28106) saved at ../output/dblp/dblp.v12.json.mt10.ts2/teamsvecs.pkl
[2025-04-15 22:24:32,847][cmn.pkgmgr][INFO] - Loading member-skill co-occurrence matrix (233629, 90671) loaded from ../output/dblp/dblp.v12.json.mt10.ts2/member_skill_vecs.pkl ...
[2025-04-15 22:24:32,847][cmn.pkgmgr][INFO] - Member-skill co-occurrence matrix not found! Generating ...
[2025-04-15 22:24:38,819][cmn.pkgmgr][INFO] - Member-skill co-occurrence matrix (233629, 90671) saved at ../output/dblp/dblp.v12.json.mt10.ts2/member_skill_vecs.pkl.
