Template	: v1.4
Script		: 1.4_abs_imdb_max_rel_r2.sh
Jobs		: 6

[Job 1/6] Process 4083898. Model: imdb_transformer-abs_max_rel22. Dataset: imdb.
	Started at	: 2024-11-05 13:49:32 EST
	Ended at	: 2024-11-05 14:49:50 EST
	Elapsed		: 1h 0m 18s (60 mins).

[Job 2/6] Process 4131506. Model: imdb_transformer-abs_max_rel24. Dataset: imdb.
	Started at	: 2024-11-05 14:49:50 EST
	Ended at	: 2024-11-05 16:02:36 EST
	Elapsed		: 1h 12m 46s (72 mins).

[Job 3/6] Process 4179114. Model: imdb_transformer-abs_max_rel26. Dataset: imdb.
	Started at	: 2024-11-05 16:02:36 EST
	Ended at	: 2024-11-05 17:07:35 EST
	Elapsed		: 1h 4m 59s (64 mins).

[Job 4/6] Process 32718. Model: imdb_transformer-abs_max_rel28. Dataset: imdb.
	Started at	: 2024-11-05 17:07:35 EST
	Ended at	: 2024-11-05 18:11:56 EST
	Elapsed		: 1h 4m 21s (64 mins).

[Job 5/6] Process 80326. Model: imdb_transformer-abs_max_rel30. Dataset: imdb.
	Started at	: 2024-11-05 18:11:56 EST
	Ended at	: 2024-11-05 19:13:31 EST
	Elapsed		: 1h 1m 35s (61 mins).

[Job 6/6] Process 127934. Model: imdb_transformer-abs_max_rel32. Dataset: imdb.
	Started at	: 2024-11-05 19:13:31 EST
	Ended at	: 2024-11-05 20:16:35 EST
	Elapsed		: 1h 3m 4s (63 mins).

All 6 jobs completed.
