Template	: v1.4
Script		: 1.4_abs_imdb_encdeclayers.sh
Jobs		: 15

[Job 1/15] Process 889676. Model: imdb_transformer-abs_edl02. Dataset: imdb.
	Started at	: 2024-11-06 16:36:38 EST
	Ended at	: 2024-11-06 17:33:17 EST
	Elapsed		: 0h 56m 39s (56 mins).

[Job 2/15] Process 937284. Model: imdb_transformer-abs_edl06. Dataset: imdb.
	Started at	: 2024-11-06 17:33:17 EST
	Ended at	: 2024-11-06 18:46:21 EST
	Elapsed		: 1h 13m 4s (73 mins).

[Job 3/15] Process 984892. Model: imdb_transformer-abs_edl08. Dataset: imdb.
	Started at	: 2024-11-06 18:46:21 EST
	Ended at	: 2024-11-06 19:52:33 EST
	Elapsed		: 1h 6m 12s (66 mins).

[Job 4/15] Process 1032500. Model: imdb_transformer-abs_edl10. Dataset: imdb.
	Started at	: 2024-11-06 19:52:33 EST
	Ended at	: 2024-11-06 20:59:47 EST
	Elapsed		: 1h 7m 14s (67 mins).

[Job 5/15] Process 1080108. Model: imdb_transformer-abs_edl12. Dataset: imdb.
	Started at	: 2024-11-06 20:59:47 EST
	Ended at	: 2024-11-06 22:23:46 EST
	Elapsed		: 1h 23m 59s (83 mins).

[Job 6/15] Process 1127716. Model: imdb_transformer-abs_edl14. Dataset: imdb.
	Started at	: 2024-11-06 22:23:46 EST
	Ended at	: 2024-11-06 23:44:18 EST
	Elapsed		: 1h 20m 32s (80 mins).

[Job 7/15] Process 1175324. Model: imdb_transformer-abs_edl16. Dataset: imdb.
	Started at	: 2024-11-06 23:44:18 EST
	Ended at	: 2024-11-07 00:56:49 EST
	Elapsed		: 1h 12m 31s (72 mins).

[Job 8/15] Process 1222932. Model: imdb_transformer-abs_edl18. Dataset: imdb.
	Started at	: 2024-11-07 00:56:49 EST
	Ended at	: 2024-11-07 03:00:15 EST
	Elapsed		: 2h 3m 26s (123 mins).

[Job 9/15] Process 1270540. Model: imdb_transformer-abs_edl20. Dataset: imdb.
	Started at	: 2024-11-07 03:00:15 EST
	Ended at	: 2024-11-07 04:56:27 EST
	Elapsed		: 1h 56m 12s (116 mins).

[Job 10/15] Process 1318148. Model: imdb_transformer-abs_edl22. Dataset: imdb.
	Started at	: 2024-11-07 04:56:27 EST
	Ended at	: 2024-11-07 08:17:18 EST
	Elapsed		: 3h 20m 51s (200 mins).

[Job 11/15] Process 1365756. Model: imdb_transformer-abs_edl24. Dataset: imdb.
	Started at	: 2024-11-07 08:17:18 EST
	Ended at	: 2024-11-07 09:51:59 EST
	Elapsed		: 1h 34m 41s (94 mins).

[Job 12/15] Process 1413364. Model: imdb_transformer-abs_edl26. Dataset: imdb.
	Started at	: 2024-11-07 09:51:59 EST
	Ended at	: 2024-11-07 11:20:23 EST
	Elapsed		: 1h 28m 24s (88 mins).

[Job 13/15] Process 1460972. Model: imdb_transformer-abs_edl28. Dataset: imdb.
	Started at	: 2024-11-07 11:20:23 EST
	Ended at	: 2024-11-07 13:01:21 EST
	Elapsed		: 1h 40m 58s (100 mins).

[Job 14/15] Process 1508580. Model: imdb_transformer-abs_edl30. Dataset: imdb.
	Started at	: 2024-11-07 13:01:21 EST
	Ended at	: 2024-11-07 15:44:42 EST
	Elapsed		: 2h 43m 21s (163 mins).

[Job 15/15] Process 1556188. Model: imdb_transformer-abs_edl32. Dataset: imdb.
	Started at	: 2024-11-07 15:44:42 EST
	Ended at	: 2024-11-07 17:21:26 EST
	Elapsed		: 1h 36m 44s (96 mins).

All 15 jobs completed.
