Template	: v1.4
Script		: 1.4_abs_imdb_mgnorm.sh
Jobs		: 9

[Job 1/9] Process 2500454. Model: imdb_transformer-abs_mgnorm01. Dataset: imdb.
	Started at	: 2024-11-15 14:43:47 EST
	Ended at	: 2024-11-15 15:46:16 EST
	Elapsed		: 1h 2m 29s (62 mins).

[Job 2/9] Process 2548062. Model: imdb_transformer-abs_mgnorm02. Dataset: imdb.
	Started at	: 2024-11-15 15:46:16 EST
	Ended at	: 2024-11-15 16:53:02 EST
	Elapsed		: 1h 6m 46s (66 mins).

[Job 3/9] Process 2595670. Model: imdb_transformer-abs_mgnorm03. Dataset: imdb.
	Started at	: 2024-11-15 16:53:02 EST
	Ended at	: 2024-11-15 18:02:41 EST
	Elapsed		: 1h 9m 39s (69 mins).

[Job 4/9] Process 2643278. Model: imdb_transformer-abs_mgnorm04. Dataset: imdb.
	Started at	: 2024-11-15 18:02:41 EST
	Ended at	: 2024-11-15 19:16:10 EST
	Elapsed		: 1h 13m 29s (73 mins).

[Job 5/9] Process 2690886. Model: imdb_transformer-abs_mgnorm06. Dataset: imdb.
	Started at	: 2024-11-15 19:16:10 EST
	Ended at	: 2024-11-15 20:23:44 EST
	Elapsed		: 1h 7m 34s (67 mins).

[Job 6/9] Process 2738494. Model: imdb_transformer-abs_mgnorm07. Dataset: imdb.
	Started at	: 2024-11-15 20:23:44 EST
	Ended at	: 2024-11-15 21:28:03 EST
	Elapsed		: 1h 4m 19s (64 mins).

[Job 7/9] Process 2786102. Model: imdb_transformer-abs_mgnorm08. Dataset: imdb.
	Started at	: 2024-11-15 21:28:03 EST
	Ended at	: 2024-11-15 22:36:38 EST
	Elapsed		: 1h 8m 35s (68 mins).

[Job 8/9] Process 2833710. Model: imdb_transformer-abs_mgnorm09. Dataset: imdb.
	Started at	: 2024-11-15 22:36:38 EST
	Ended at	: 2024-11-15 23:48:57 EST
	Elapsed		: 1h 12m 19s (72 mins).

[Job 9/9] Process 2881318. Model: imdb_transformer-abs_mgnorm10. Dataset: imdb.
	Started at	: 2024-11-15 23:48:57 EST
	Ended at	: 2024-11-16 01:00:18 EST
	Elapsed		: 1h 11m 21s (71 mins).

All 9 jobs completed.

Running the next .sh file: 1.4_abs_imdb_lsmoothing.sh
./1.4_abs_imdb_mgnorm.sh: line 119: ./1.4_abs_imdb_lsmoothing.sh: No such file or directory
