Template	: v1.4
Script		: 1.4_abs_imdb_beamsize.sh
Jobs		: 9

[Job 1/9] Process 1891742. Model: imdb_transformer-abs_beamsize01. Dataset: imdb.
	Started at	: 2024-11-12 14:16:51 EST
	Ended at	: 2024-11-12 15:23:21 EST
	Elapsed		: 1h 6m 30s (66 mins).

[Job 2/9] Process 1939350. Model: imdb_transformer-abs_beamsize02. Dataset: imdb.
	Started at	: 2024-11-12 15:23:21 EST
	Ended at	: 2024-11-12 16:29:09 EST
	Elapsed		: 1h 5m 48s (65 mins).

[Job 3/9] Process 1986958. Model: imdb_transformer-abs_beamsize03. Dataset: imdb.
	Started at	: 2024-11-12 16:29:09 EST
	Ended at	: 2024-11-12 17:26:16 EST
	Elapsed		: 0h 57m 7s (57 mins).

[Job 4/9] Process 2034566. Model: imdb_transformer-abs_beamsize04. Dataset: imdb.
	Started at	: 2024-11-12 17:26:16 EST
	Ended at	: 2024-11-12 18:27:29 EST
	Elapsed		: 1h 1m 13s (61 mins).

[Job 5/9] Process 2082174. Model: imdb_transformer-abs_beamsize06. Dataset: imdb.
	Started at	: 2024-11-12 18:27:29 EST
	Ended at	: 2024-11-12 19:33:45 EST
	Elapsed		: 1h 6m 16s (66 mins).

[Job 6/9] Process 2129782. Model: imdb_transformer-abs_beamsize07. Dataset: imdb.
	Started at	: 2024-11-12 19:33:45 EST
	Ended at	: 2024-11-12 20:39:07 EST
	Elapsed		: 1h 5m 22s (65 mins).

[Job 7/9] Process 2177390. Model: imdb_transformer-abs_beamsize08. Dataset: imdb.
	Started at	: 2024-11-12 20:39:07 EST
	Ended at	: 2024-11-12 21:45:01 EST
	Elapsed		: 1h 5m 54s (65 mins).

[Job 8/9] Process 2224998. Model: imdb_transformer-abs_beamsize09. Dataset: imdb.
	Started at	: 2024-11-12 21:45:01 EST
	Ended at	: 2024-11-12 22:48:26 EST
	Elapsed		: 1h 3m 25s (63 mins).

[Job 9/9] Process 2272606. Model: imdb_transformer-abs_beamsize10. Dataset: imdb.
	Started at	: 2024-11-12 22:48:26 EST
	Ended at	: 2024-11-12 23:54:44 EST
	Elapsed		: 1h 6m 18s (66 mins).

All 9 jobs completed.

Running the next .sh file: 1.1.4_abs_imdb_lenpenalty.sh
./1.4_abs_imdb_beamsize.sh: line 119: ./1.1.4_abs_imdb_lenpenalty.sh: No such file or directory
