Template	: v1.4
Script		: 1.4_abs_imdb_dropouts.sh
Jobs		: 15

[Job 1/15] Process 175549. Model: imdb_transformer-abs_do12. Dataset: imdb.
	Started at	: 2024-11-05 23:32:48 EST
	Ended at	: 2024-11-06 00:33:26 EST
	Elapsed		: 1h 0m 38s (60 mins).

[Job 2/15] Process 223157. Model: imdb_transformer-abs_do13. Dataset: imdb.
	Started at	: 2024-11-06 00:33:26 EST
	Ended at	: 2024-11-06 01:39:17 EST
	Elapsed		: 1h 5m 51s (65 mins).

[Job 3/15] Process 270765. Model: imdb_transformer-abs_do14. Dataset: imdb.
	Started at	: 2024-11-06 01:39:17 EST
	Ended at	: 2024-11-06 03:06:22 EST
	Elapsed		: 1h 27m 5s (87 mins).

[Job 4/15] Process 318373. Model: imdb_transformer-abs_do21. Dataset: imdb.
	Started at	: 2024-11-06 03:06:22 EST
	Ended at	: 2024-11-06 04:11:48 EST
	Elapsed		: 1h 5m 26s (65 mins).

[Job 5/15] Process 365981. Model: imdb_transformer-abs_do22. Dataset: imdb.
	Started at	: 2024-11-06 04:11:48 EST
	Ended at	: 2024-11-06 05:12:00 EST
	Elapsed		: 1h 0m 12s (60 mins).

[Job 6/15] Process 413589. Model: imdb_transformer-abs_do23. Dataset: imdb.
	Started at	: 2024-11-06 05:12:00 EST
	Ended at	: 2024-11-06 06:15:54 EST
	Elapsed		: 1h 3m 54s (63 mins).

[Job 7/15] Process 461197. Model: imdb_transformer-abs_do24. Dataset: imdb.
	Started at	: 2024-11-06 06:15:54 EST
	Ended at	: 2024-11-06 07:20:29 EST
	Elapsed		: 1h 4m 35s (64 mins).

[Job 8/15] Process 508805. Model: imdb_transformer-abs_do31. Dataset: imdb.
	Started at	: 2024-11-06 07:20:29 EST
	Ended at	: 2024-11-06 08:24:21 EST
	Elapsed		: 1h 3m 52s (63 mins).

[Job 9/15] Process 556413. Model: imdb_transformer-abs_do32. Dataset: imdb.
	Started at	: 2024-11-06 08:24:21 EST
	Ended at	: 2024-11-06 09:36:40 EST
	Elapsed		: 1h 12m 19s (72 mins).

[Job 10/15] Process 604021. Model: imdb_transformer-abs_do33. Dataset: imdb.
	Started at	: 2024-11-06 09:36:40 EST
	Ended at	: 2024-11-06 10:36:20 EST
	Elapsed		: 0h 59m 40s (59 mins).

[Job 11/15] Process 651629. Model: imdb_transformer-abs_do34. Dataset: imdb.
	Started at	: 2024-11-06 10:36:20 EST
	Ended at	: 2024-11-06 11:42:37 EST
	Elapsed		: 1h 6m 17s (66 mins).

[Job 12/15] Process 699237. Model: imdb_transformer-abs_do41. Dataset: imdb.
	Started at	: 2024-11-06 11:42:37 EST
	Ended at	: 2024-11-06 12:51:53 EST
	Elapsed		: 1h 9m 16s (69 mins).

[Job 13/15] Process 746845. Model: imdb_transformer-abs_do42. Dataset: imdb.
	Started at	: 2024-11-06 12:51:53 EST
	Ended at	: 2024-11-06 13:54:46 EST
	Elapsed		: 1h 2m 53s (62 mins).

[Job 14/15] Process 794453. Model: imdb_transformer-abs_do43. Dataset: imdb.
	Started at	: 2024-11-06 13:54:46 EST
	Ended at	: 2024-11-06 15:03:39 EST
	Elapsed		: 1h 8m 53s (68 mins).

[Job 15/15] Process 842061. Model: imdb_transformer-abs_do44. Dataset: imdb.
	Started at	: 2024-11-06 15:03:39 EST
	Ended at	: 2024-11-06 16:01:39 EST
	Elapsed		: 0h 58m 0s (58 mins).

All 15 jobs completed.
