Template	: v1.3
Script		: abs_bt_nz_bks_tprime-teamrec.sh
Jobs		: 18

[Job 1/18] Process 2456500. Model: imdb_transformer-abs-bts_nzs. Dataset: imdb.
	Started at	: 2024-11-01 09:08:28 EST
	Ended at	: 2024-11-01 10:05:40 EST
	Elapsed		: 0h 57m 12s (57 mins).

[Job 2/18] Process 2504108. Model: imdb_transformer-abs-bts_nzt. Dataset: imdb.
	Started at	: 2024-11-01 10:05:40 EST
	Ended at	: 2024-11-01 11:01:24 EST
	Elapsed		: 0h 55m 44s (55 mins).

[Job 3/18] Process 2551716. Model: imdb_transformer-abs-btt_nzs. Dataset: imdb.
	Started at	: 2024-11-01 11:01:24 EST
	Ended at	: 2024-11-01 11:59:58 EST
	Elapsed		: 0h 58m 34s (58 mins).

[Job 4/18] Process 2599324. Model: imdb_transformer-abs-bks-8. Dataset: imdb.
	Started at	: 2024-11-01 11:59:58 EST
	Ended at	: 2024-11-01 13:05:37 EST
	Elapsed		: 1h 5m 39s (65 mins).

[Job 5/18] Process 2646932. Model: imdb_transformer-abs-bks-16. Dataset: imdb.
	Started at	: 2024-11-01 13:05:37 EST
	Ended at	: 2024-11-01 14:06:19 EST
	Elapsed		: 1h 0m 42s (60 mins).

[Job 6/18] Process 2694540. Model: imdb_transformer-abs-bks-32. Dataset: imdb.
	Started at	: 2024-11-01 14:06:19 EST
	Ended at	: 2024-11-01 15:09:09 EST
	Elapsed		: 1h 2m 50s (62 mins).

[Job 7/18] Process 2742148. Model: imdb_transformer-abs-bks-64. Dataset: imdb.
	Started at	: 2024-11-01 15:09:09 EST
	Ended at	: 2024-11-01 16:07:37 EST
	Elapsed		: 0h 58m 28s (58 mins).

[Job 8/18] Process 2789756. Model: imdb_transformer-abs-bks-96. Dataset: imdb.
	Started at	: 2024-11-01 16:07:37 EST
	Ended at	: 2024-11-01 17:06:03 EST
	Elapsed		: 0h 58m 26s (58 mins).

[Job 9/18] Process 2837364. Model: imdb_transformer-abs-bks-128. Dataset: imdb.
	Started at	: 2024-11-01 17:06:03 EST
	Ended at	: 2024-11-01 18:06:23 EST
	Elapsed		: 1h 0m 20s (60 mins).

[Job 10/18] Process 2884972. Model: imdb_transformer-abs-bks-256. Dataset: imdb.
	Started at	: 2024-11-01 18:06:23 EST
	Ended at	: 2024-11-01 19:06:50 EST
	Elapsed		: 1h 0m 27s (60 mins).

[Job 11/18] Process 2932580. Model: imdb_transformer-abs-bks-512. Dataset: imdb.
	Started at	: 2024-11-01 19:06:50 EST
	Ended at	: 2024-11-01 20:05:41 EST
	Elapsed		: 0h 58m 51s (58 mins).

[Job 12/18] Process 2980188. Model: imdb_transformer-abs-bks-1024. Dataset: imdb.
	Started at	: 2024-11-01 20:05:41 EST
	Ended at	: 2024-11-01 21:06:06 EST
	Elapsed		: 1h 0m 25s (60 mins).

[Job 13/18] Process 3027796. Model: imdb_transformer-abs-bks-2048. Dataset: imdb.
	Started at	: 2024-11-01 21:06:06 EST
	Ended at	: 2024-11-01 22:05:06 EST
	Elapsed		: 0h 59m 0s (59 mins).

[Job 14/18] Process 3075404. Model: imdb_transformer-abs-bks-4096. Dataset: imdb.
	Started at	: 2024-11-01 22:05:06 EST
	Ended at	: 2024-11-01 23:03:49 EST
	Elapsed		: 0h 58m 43s (58 mins).

[Job 15/18] Process 3123012. Model: imdb_transformer-abs-bks-8192. Dataset: imdb.
	Started at	: 2024-11-01 23:03:49 EST
	Ended at	: 2024-11-02 00:02:55 EST
	Elapsed		: 0h 59m 6s (59 mins).

[Job 16/18] Process 3170620. Model: imdb_transformer-abs-bks-16384. Dataset: imdb.
	Started at	: 2024-11-02 00:02:55 EST
	Ended at	: 2024-11-02 01:01:52 EST
	Elapsed		: 0h 58m 57s (58 mins).

[Job 17/18] Process 3218228. Model: imdb_transformer-abs-bks-32768. Dataset: imdb.
	Started at	: 2024-11-02 01:01:52 EST
	Ended at	: 2024-11-02 02:00:36 EST
	Elapsed		: 0h 58m 44s (58 mins).

[Job 18/18] Process 3265836. Model: imdb_transformer-abs-bks-65536. Dataset: imdb.
	Started at	: 2024-11-02 02:00:36 EST
	Ended at	: 2024-11-02 03:02:48 EST
	Elapsed		: 1h 2m 12s (62 mins).

All 18 jobs completed.
