$ docker run --rm -v ./data:/app/data:ro -v ./output:/app/output ghcr.io/fani-lab/opentf/imdb-mt10-ts2:main
[2025-04-15 22:35:58,260][cmn.pkgmgr][INFO] - Loading teamsvecs matrices from ../output/imdb/title.basics.tsv.mt10.ts2/teamsvecs.pkl ...
[2025-04-15 22:35:58,260][cmn.pkgmgr][INFO] - Teamsvecs matrices not found! Generating ...
[2025-04-15 22:35:58,260][cmn.pkgmgr][INFO] - Loading indexes pickle from ../output/imdb/title.basics.tsv.mt10.ts2/indexes.pkl ...
[2025-04-15 22:35:58,261][cmn.pkgmgr][INFO] - Pickles not found! Reading raw data from ../data/imdb/title.basics.tsv ...
[2025-04-15 22:35:58,261][cmn.pkgmgr][INFO] - pandas not found. Installing pandas>=2.0.0...
[2025-04-15 22:36:18,355][cmn.pkgmgr][INFO] - Collecting pandas>=2.0.0
  Downloading pandas-2.0.3-cp38-cp38-manylinux_2_17_x86_64.manylinux2014_x86_64.whl (12.4 MB)
     ━━━━━━━━━━━━━━━━━━━━━━━━━━━━━━━━━━━━━━━━ 12.4/12.4 MB 44.5 MB/s eta 0:00:00
Collecting tzdata>=2022.1
  Downloading tzdata-2025.2-py2.py3-none-any.whl (347 kB)
     ━━━━━━━━━━━━━━━━━━━━━━━━━━━━━━━━━━━━━ 347.8/347.8 kB 103.0 MB/s eta 0:00:00
Requirement already satisfied: python-dateutil>=2.8.2 in /usr/local/lib/python3.8/site-packages (from pandas>=2.0.0) (2.9.0.post0)
Collecting pytz>=2020.1
  Downloading pytz-2025.2-py2.py3-none-any.whl (509 kB)
     ━━━━━━━━━━━━━━━━━━━━━━━━━━━━━━━━━━━━━ 509.2/509.2 kB 109.9 MB/s eta 0:00:00
Requirement already satisfied: numpy>=1.20.3 in /usr/local/lib/python3.8/site-packages (from pandas>=2.0.0) (1.24.4)
Requirement already satisfied: six>=1.5 in /usr/local/lib/python3.8/site-packages (from python-dateutil>=2.8.2->pandas>=2.0.0) (1.17.0)
Installing collected packages: pytz, tzdata, pandas
Successfully installed pandas-2.0.3 pytz-2025.2 tzdata-2025.2

[2025-04-15 22:36:18,539][cmn.pkgmgr][INFO] - Reading movie data ...
[2025-04-15 22:36:38,512][cmn.pkgmgr][INFO] - Reading castncrew data ...
[2025-04-15 22:37:58,534][cmn.pkgmgr][INFO] - Joining movie-crew data ...
[2025-04-15 22:38:11,036][cmn.pkgmgr][INFO] - Reading data to objects ...
 64%|██████▍   | 2421493/3776642 [00:31<00:17, 77551.00it/s][2025-04-15 22:38:42,278][cmn.pkgmgr][INFO] - Removing outliers {'min_nteam': 10, 'min_team_size': 2} ...
Indexing members ...
Indexing skills ...
Indexing teams ...
Indexing locations ...
[2025-04-15 22:39:16,500][cmn.pkgmgr][INFO] - Teams and indexes are pickled into ../output/imdb/title.basics.tsv.mt10.ts2

[2025-04-15 22:39:59,338][cmn.pkgmgr][INFO] - Teamsvecs matrices for skills (186385, 27), members (186385, 44774), and locations None saved at ../output/imdb/title.basics.tsv.mt10.ts2/teamsvecs.pkl
[2025-04-15 22:40:00,057][cmn.pkgmgr][INFO] - Loading member-skill co-occurrence matrix (44774, 27) loaded from ../output/imdb/title.basics.tsv.mt10.ts2/member_skill_vecs.pkl ...
[2025-04-15 22:40:00,057][cmn.pkgmgr][INFO] - Member-skill co-occurrence matrix not found! Generating ...
[2025-04-15 22:40:00,351][cmn.pkgmgr][INFO] - Member-skill co-occurrence matrix (44774, 27) saved at ../output/imdb/title.basics.tsv.mt10.ts2/member_skill_vecs.pkl.