$ docker run --rm -v ./data:/app/data:ro -v ./output:/app/output ghcr.io/fani-lab/opentf/gith:main
[2025-04-15 20:26:29,391][cmn.pkgmgr][INFO] - Loading teamsvecs matrices from ../output/gith/repos.csv/teamsvecs.pkl ...
[2025-04-15 20:26:29,391][cmn.pkgmgr][INFO] - Teamsvecs matrices not found! Generating ...
[2025-04-15 20:26:29,391][cmn.pkgmgr][INFO] - Loading indexes pickle from ../output/gith/repos.csv/indexes.pkl ...
[2025-04-15 20:26:29,391][cmn.pkgmgr][INFO] - Pickles not found! Reading raw data from ../data/gith/repos.csv ...
[2025-04-15 20:26:29,392][cmn.pkgmgr][INFO] - pandas not found. Installing pandas>=2.0.0...
[2025-04-15 20:26:49,093][cmn.pkgmgr][INFO] - Collecting pandas>=2.0.0
  Downloading pandas-2.0.3-cp38-cp38-manylinux_2_17_x86_64.manylinux2014_x86_64.whl (12.4 MB)
     ━━━━━━━━━━━━━━━━━━━━━━━━━━━━━━━━━━━━━━━ 12.4/12.4 MB 108.4 MB/s eta 0:00:00
Collecting tzdata>=2022.1
  Downloading tzdata-2025.2-py2.py3-none-any.whl (347 kB)
     ━━━━━━━━━━━━━━━━━━━━━━━━━━━━━━━━━━━━━ 347.8/347.8 kB 106.7 MB/s eta 0:00:00
Collecting pytz>=2020.1
  Downloading pytz-2025.2-py2.py3-none-any.whl (509 kB)
     ━━━━━━━━━━━━━━━━━━━━━━━━━━━━━━━━━━━━━ 509.2/509.2 kB 128.9 MB/s eta 0:00:00
Requirement already satisfied: numpy>=1.20.3 in /usr/local/lib/python3.8/site-packages (from pandas>=2.0.0) (1.24.4)
Requirement already satisfied: python-dateutil>=2.8.2 in /usr/local/lib/python3.8/site-packages (from pandas>=2.0.0) (2.9.0.post0)
Requirement already satisfied: six>=1.5 in /usr/local/lib/python3.8/site-packages (from python-dateutil>=2.8.2->pandas>=2.0.0) (1.17.0)
Installing collected packages: pytz, tzdata, pandas
Successfully installed pandas-2.0.3 pytz-2025.2 tzdata-2025.2

100%|██████████| 888546/888546 [01:52<00:00, 7915.46it/s]Indexing members ...
Indexing skills ...
Indexing teams ...
Indexing locations ...
[2025-04-15 20:36:10,209][cmn.pkgmgr][INFO] - Teams and indexes are pickled into ../output/gith/repos.csv

[2025-04-15 20:43:16,029][cmn.pkgmgr][INFO] - Teamsvecs matrices for skills (612119, 486), members (612119, 1369895), and locations None saved at ../output/gith/repos.csv/teamsvecs.pkl
[2025-04-15 20:43:26,614][cmn.pkgmgr][INFO] - Loading member-skill co-occurrence matrix (1369895, 486) loaded from ../output/gith/repos.csv/member_skill_vecs.pkl ...
[2025-04-15 20:43:26,614][cmn.pkgmgr][INFO] - Member-skill co-occurrence matrix not found! Generating ...
[2025-04-15 20:43:33,597][cmn.pkgmgr][INFO] - Member-skill co-occurrence matrix (1369895, 486) saved at ../output/gith/repos.csv/member_skill_vecs.pkl.
