Loading sparse matrices from ./../data/preprocessed/dblp/toy.dblp.v12.json/teamsvecs.pkl ...
Loading indexes pickle from ./../data/preprocessed/dblp/toy.dblp.v12.json/indexes.pkl ...
It took 0.0037479400634765625 seconds to load from the pickles.
It took 0.008908271789550781 seconds to load the sparse matrices.

Only one GPU detected. Using it (if CUDA is available).

Using device: cuda
Running for (dataset, model): (dblp, nmt_transformer-toy) ... 
Encoder type: transformer
Learning rate: 2
Word vector size: 256
Batch size: 8
Epochs: 20000
Executing command: onmt_translate -model ./../output/toy.dblp.v12.json/nmt_transformer-toy/t31.s10.m13.ettransformer.l1024.wv256.lr2.b8.e20000/fold0/model_step_20000.pt -src ./../output/toy.dblp.v12.json/nmt_transformer-toy/t31.s10.m13.ettransformer.l1024.wv256.lr2.b8.e20000/src-test.txt -output ./../output/toy.dblp.v12.json/nmt_transformer-toy/t31.s10.m13.ettransformer.l1024.wv256.lr2.b8.e20000/fold0/test.fold0.epoch20000.pred.csv -gpu 0 --min_length 2 -verbose 
Command output: 
Command error (if any): [2024-08-21 12:10:59,602 INFO] 
SENT 1: ['s1', 's3']
PRED 1: m0 m1 m2
PRED SCORE: -0.0193

[2024-08-21 12:10:59,603 INFO] 
SENT 2: ['s5', 's6', 's7']
PRED 2: m10 m11
PRED SCORE: -0.0104

[2024-08-21 12:10:59,603 INFO] 
SENT 3: ['s5', 's8']
PRED 3: m7 m8
PRED SCORE: -0.1160

[2024-08-21 12:10:59,604 INFO] 
SENT 4: ['s1', 's6', 's7']
PRED 4: m4 m5 m6
PRED SCORE: -0.0128

[2024-08-21 12:10:59,604 INFO] 
SENT 5: ['s5', 's7']
PRED 5: m10 m11
PRED SCORE: -0.0124

[2024-08-21 12:10:59,605 INFO] PRED SCORE: -0.0342, PRED PPL: 1.03 NB SENTENCES: 5

Executing command: onmt_translate -model ./../output/toy.dblp.v12.json/nmt_transformer-toy/t31.s10.m13.ettransformer.l1024.wv256.lr2.b8.e20000/fold0/model_step_1000.pt -src ./../output/toy.dblp.v12.json/nmt_transformer-toy/t31.s10.m13.ettransformer.l1024.wv256.lr2.b8.e20000/src-test.txt -output ./../output/toy.dblp.v12.json/nmt_transformer-toy/t31.s10.m13.ettransformer.l1024.wv256.lr2.b8.e20000/fold0/test.fold0.epoch1000.pred.csv -gpu 0 --min_length 2 -verbose 
Command output: 
Command error (if any): [2024-08-21 12:11:08,453 INFO] 
SENT 1: ['s1', 's3']
PRED 1: m0 m1 m2
PRED SCORE: -0.0137

[2024-08-21 12:11:08,453 INFO] 
SENT 2: ['s5', 's6', 's7']
PRED 2: m10 m11
PRED SCORE: -0.0603

[2024-08-21 12:11:08,454 INFO] 
SENT 3: ['s5', 's8']
PRED 3: m10 m11
PRED SCORE: -0.2497

[2024-08-21 12:11:08,455 INFO] 
SENT 4: ['s1', 's6', 's7']
PRED 4: m10 m11
PRED SCORE: -0.1147

[2024-08-21 12:11:08,456 INFO] 
SENT 5: ['s5', 's7']
PRED 5: m10 m11
PRED SCORE: -0.0631

[2024-08-21 12:11:08,456 INFO] PRED SCORE: -0.1003, PRED PPL: 1.11 NB SENTENCES: 5

Executing command: onmt_translate -model ./../output/toy.dblp.v12.json/nmt_transformer-toy/t31.s10.m13.ettransformer.l1024.wv256.lr2.b8.e20000/fold0/model_step_10000.pt -src ./../output/toy.dblp.v12.json/nmt_transformer-toy/t31.s10.m13.ettransformer.l1024.wv256.lr2.b8.e20000/src-test.txt -output ./../output/toy.dblp.v12.json/nmt_transformer-toy/t31.s10.m13.ettransformer.l1024.wv256.lr2.b8.e20000/fold0/test.fold0.epoch10000.pred.csv -gpu 0 --min_length 2 -verbose 
Command output: 
Command error (if any): [2024-08-21 12:11:18,544 INFO] 
SENT 1: ['s1', 's3']
PRED 1: m3 m7 m8
PRED SCORE: -0.1404

[2024-08-21 12:11:18,545 INFO] 
SENT 2: ['s5', 's6', 's7']
PRED 2: m10 m11
PRED SCORE: -0.0110

[2024-08-21 12:11:18,546 INFO] 
SENT 3: ['s5', 's8']
PRED 3: m3 m7 m8
PRED SCORE: -0.1036

[2024-08-21 12:11:18,547 INFO] 
SENT 4: ['s1', 's6', 's7']
PRED 4: m4 m5 m6
PRED SCORE: -0.0419

[2024-08-21 12:11:18,547 INFO] 
SENT 5: ['s5', 's7']
PRED 5: m10 m11
PRED SCORE: -0.0605

[2024-08-21 12:11:18,548 INFO] PRED SCORE: -0.0715, PRED PPL: 1.07 NB SENTENCES: 5

Executing command: onmt_translate -model ./../output/toy.dblp.v12.json/nmt_transformer-toy/t31.s10.m13.ettransformer.l1024.wv256.lr2.b8.e20000/fold0/model_step_11000.pt -src ./../output/toy.dblp.v12.json/nmt_transformer-toy/t31.s10.m13.ettransformer.l1024.wv256.lr2.b8.e20000/src-test.txt -output ./../output/toy.dblp.v12.json/nmt_transformer-toy/t31.s10.m13.ettransformer.l1024.wv256.lr2.b8.e20000/fold0/test.fold0.epoch11000.pred.csv -gpu 0 --min_length 2 -verbose 
Command output: 
Command error (if any): [2024-08-21 12:11:28,394 INFO] 
SENT 1: ['s1', 's3']
PRED 1: m0 m1 m2
PRED SCORE: -0.0802

[2024-08-21 12:11:28,395 INFO] 
SENT 2: ['s5', 's6', 's7']
PRED 2: m10 m11
PRED SCORE: -0.0105

[2024-08-21 12:11:28,396 INFO] 
SENT 3: ['s5', 's8']
PRED 3: m3 m7 m8
PRED SCORE: -0.0357

[2024-08-21 12:11:28,396 INFO] 
SENT 4: ['s1', 's6', 's7']
PRED 4: m4 m5 m6
PRED SCORE: -0.0170

[2024-08-21 12:11:28,397 INFO] 
SENT 5: ['s5', 's7']
PRED 5: m10 m11
PRED SCORE: -0.0088

[2024-08-21 12:11:28,398 INFO] PRED SCORE: -0.0304, PRED PPL: 1.03 NB SENTENCES: 5

Executing command: onmt_translate -model ./../output/toy.dblp.v12.json/nmt_transformer-toy/t31.s10.m13.ettransformer.l1024.wv256.lr2.b8.e20000/fold0/model_step_12000.pt -src ./../output/toy.dblp.v12.json/nmt_transformer-toy/t31.s10.m13.ettransformer.l1024.wv256.lr2.b8.e20000/src-test.txt -output ./../output/toy.dblp.v12.json/nmt_transformer-toy/t31.s10.m13.ettransformer.l1024.wv256.lr2.b8.e20000/fold0/test.fold0.epoch12000.pred.csv -gpu 0 --min_length 2 -verbose 
Command output: 
Command error (if any): [2024-08-21 12:11:37,787 INFO] 
SENT 1: ['s1', 's3']
PRED 1: m0 m1 m2
PRED SCORE: -0.0164

[2024-08-21 12:11:37,788 INFO] 
SENT 2: ['s5', 's6', 's7']
PRED 2: m10 m11
PRED SCORE: -0.0072

[2024-08-21 12:11:37,789 INFO] 
SENT 3: ['s5', 's8']
PRED 3: m10 m11
PRED SCORE: -0.0610

[2024-08-21 12:11:37,790 INFO] 
SENT 4: ['s1', 's6', 's7']
PRED 4: m4 m5 m6
PRED SCORE: -0.0125

[2024-08-21 12:11:37,791 INFO] 
SENT 5: ['s5', 's7']
PRED 5: m10 m11
PRED SCORE: -0.0101

[2024-08-21 12:11:37,792 INFO] PRED SCORE: -0.0215, PRED PPL: 1.02 NB SENTENCES: 5

Executing command: onmt_translate -model ./../output/toy.dblp.v12.json/nmt_transformer-toy/t31.s10.m13.ettransformer.l1024.wv256.lr2.b8.e20000/fold0/model_step_13000.pt -src ./../output/toy.dblp.v12.json/nmt_transformer-toy/t31.s10.m13.ettransformer.l1024.wv256.lr2.b8.e20000/src-test.txt -output ./../output/toy.dblp.v12.json/nmt_transformer-toy/t31.s10.m13.ettransformer.l1024.wv256.lr2.b8.e20000/fold0/test.fold0.epoch13000.pred.csv -gpu 0 --min_length 2 -verbose 
Command output: 
Command error (if any): [2024-08-21 12:11:47,173 INFO] 
SENT 1: ['s1', 's3']
PRED 1: m0 m1 m2
PRED SCORE: -0.0711

[2024-08-21 12:11:47,174 INFO] 
SENT 2: ['s5', 's6', 's7']
PRED 2: m10 m11
PRED SCORE: -0.0090

[2024-08-21 12:11:47,175 INFO] 
SENT 3: ['s5', 's8']
PRED 3: m10 m11
PRED SCORE: -0.0118

[2024-08-21 12:11:47,176 INFO] 
SENT 4: ['s1', 's6', 's7']
PRED 4: m4 m5 m6
PRED SCORE: -0.0229

[2024-08-21 12:11:47,176 INFO] 
SENT 5: ['s5', 's7']
PRED 5: m10 m11
PRED SCORE: -0.0162

[2024-08-21 12:11:47,177 INFO] PRED SCORE: -0.0262, PRED PPL: 1.03 NB SENTENCES: 5

Executing command: onmt_translate -model ./../output/toy.dblp.v12.json/nmt_transformer-toy/t31.s10.m13.ettransformer.l1024.wv256.lr2.b8.e20000/fold0/model_step_14000.pt -src ./../output/toy.dblp.v12.json/nmt_transformer-toy/t31.s10.m13.ettransformer.l1024.wv256.lr2.b8.e20000/src-test.txt -output ./../output/toy.dblp.v12.json/nmt_transformer-toy/t31.s10.m13.ettransformer.l1024.wv256.lr2.b8.e20000/fold0/test.fold0.epoch14000.pred.csv -gpu 0 --min_length 2 -verbose 
Command output: 
Command error (if any): [2024-08-21 12:11:58,116 INFO] 
SENT 1: ['s1', 's3']
PRED 1: m4 m5
PRED SCORE: -0.0436

[2024-08-21 12:11:58,117 INFO] 
SENT 2: ['s5', 's6', 's7']
PRED 2: m10 m11
PRED SCORE: -0.0101

[2024-08-21 12:11:58,118 INFO] 
SENT 3: ['s5', 's8']
PRED 3: m7 m8
PRED SCORE: -0.0959

[2024-08-21 12:11:58,119 INFO] 
SENT 4: ['s1', 's6', 's7']
PRED 4: m4 m5 m6
PRED SCORE: -0.0215

[2024-08-21 12:11:58,120 INFO] 
SENT 5: ['s5', 's7']
PRED 5: m10 m11
PRED SCORE: -0.0147

[2024-08-21 12:11:58,121 INFO] PRED SCORE: -0.0372, PRED PPL: 1.04 NB SENTENCES: 5

Executing command: onmt_translate -model ./../output/toy.dblp.v12.json/nmt_transformer-toy/t31.s10.m13.ettransformer.l1024.wv256.lr2.b8.e20000/fold0/model_step_15000.pt -src ./../output/toy.dblp.v12.json/nmt_transformer-toy/t31.s10.m13.ettransformer.l1024.wv256.lr2.b8.e20000/src-test.txt -output ./../output/toy.dblp.v12.json/nmt_transformer-toy/t31.s10.m13.ettransformer.l1024.wv256.lr2.b8.e20000/fold0/test.fold0.epoch15000.pred.csv -gpu 0 --min_length 2 -verbose 
Command output: 
Command error (if any): [2024-08-21 12:12:07,689 INFO] 
SENT 1: ['s1', 's3']
PRED 1: m4 m5
PRED SCORE: -0.0323

[2024-08-21 12:12:07,690 INFO] 
SENT 2: ['s5', 's6', 's7']
PRED 2: m10 m11
PRED SCORE: -0.0093

[2024-08-21 12:12:07,690 INFO] 
SENT 3: ['s5', 's8']
PRED 3: m7 m8
PRED SCORE: -0.1464

[2024-08-21 12:12:07,691 INFO] 
SENT 4: ['s1', 's6', 's7']
PRED 4: m4 m5 m6
PRED SCORE: -0.0103

[2024-08-21 12:12:07,691 INFO] 
SENT 5: ['s5', 's7']
PRED 5: m10 m11
PRED SCORE: -0.0203

[2024-08-21 12:12:07,691 INFO] PRED SCORE: -0.0437, PRED PPL: 1.04 NB SENTENCES: 5

Executing command: onmt_translate -model ./../output/toy.dblp.v12.json/nmt_transformer-toy/t31.s10.m13.ettransformer.l1024.wv256.lr2.b8.e20000/fold0/model_step_16000.pt -src ./../output/toy.dblp.v12.json/nmt_transformer-toy/t31.s10.m13.ettransformer.l1024.wv256.lr2.b8.e20000/src-test.txt -output ./../output/toy.dblp.v12.json/nmt_transformer-toy/t31.s10.m13.ettransformer.l1024.wv256.lr2.b8.e20000/fold0/test.fold0.epoch16000.pred.csv -gpu 0 --min_length 2 -verbose 
Command output: 
Command error (if any): [2024-08-21 12:12:16,631 INFO] 
SENT 1: ['s1', 's3']
PRED 1: m3 m7
PRED SCORE: -0.1983

[2024-08-21 12:12:16,632 INFO] 
SENT 2: ['s5', 's6', 's7']
PRED 2: m10 m11
PRED SCORE: -0.0088

[2024-08-21 12:12:16,633 INFO] 
SENT 3: ['s5', 's8']
PRED 3: m10 m11
PRED SCORE: -0.2089

[2024-08-21 12:12:16,634 INFO] 
SENT 4: ['s1', 's6', 's7']
PRED 4: m4 m5 m6
PRED SCORE: -0.0154

[2024-08-21 12:12:16,634 INFO] 
SENT 5: ['s5', 's7']
PRED 5: m10 m11
PRED SCORE: -0.0114

[2024-08-21 12:12:16,635 INFO] PRED SCORE: -0.0886, PRED PPL: 1.09 NB SENTENCES: 5

Executing command: onmt_translate -model ./../output/toy.dblp.v12.json/nmt_transformer-toy/t31.s10.m13.ettransformer.l1024.wv256.lr2.b8.e20000/fold0/model_step_17000.pt -src ./../output/toy.dblp.v12.json/nmt_transformer-toy/t31.s10.m13.ettransformer.l1024.wv256.lr2.b8.e20000/src-test.txt -output ./../output/toy.dblp.v12.json/nmt_transformer-toy/t31.s10.m13.ettransformer.l1024.wv256.lr2.b8.e20000/fold0/test.fold0.epoch17000.pred.csv -gpu 0 --min_length 2 -verbose 
Command output: 
Command error (if any): [2024-08-21 12:12:26,079 INFO] 
SENT 1: ['s1', 's3']
PRED 1: m3 m7
PRED SCORE: -0.1286

[2024-08-21 12:12:26,080 INFO] 
SENT 2: ['s5', 's6', 's7']
PRED 2: m10 m11
PRED SCORE: -0.0091

[2024-08-21 12:12:26,081 INFO] 
SENT 3: ['s5', 's8']
PRED 3: m7 m8
PRED SCORE: -0.0828

[2024-08-21 12:12:26,081 INFO] 
SENT 4: ['s1', 's6', 's7']
PRED 4: m4 m5 m6
PRED SCORE: -0.0122

[2024-08-21 12:12:26,082 INFO] 
SENT 5: ['s5', 's7']
PRED 5: m10 m11
PRED SCORE: -0.0096

[2024-08-21 12:12:26,082 INFO] PRED SCORE: -0.0485, PRED PPL: 1.05 NB SENTENCES: 5

Executing command: onmt_translate -model ./../output/toy.dblp.v12.json/nmt_transformer-toy/t31.s10.m13.ettransformer.l1024.wv256.lr2.b8.e20000/fold0/model_step_18000.pt -src ./../output/toy.dblp.v12.json/nmt_transformer-toy/t31.s10.m13.ettransformer.l1024.wv256.lr2.b8.e20000/src-test.txt -output ./../output/toy.dblp.v12.json/nmt_transformer-toy/t31.s10.m13.ettransformer.l1024.wv256.lr2.b8.e20000/fold0/test.fold0.epoch18000.pred.csv -gpu 0 --min_length 2 -verbose 
Command output: 
Command error (if any): [2024-08-21 12:12:35,626 INFO] 
SENT 1: ['s1', 's3']
PRED 1: m3 m7
PRED SCORE: -0.1354

[2024-08-21 12:12:35,627 INFO] 
SENT 2: ['s5', 's6', 's7']
PRED 2: m10 m11
PRED SCORE: -0.0101

[2024-08-21 12:12:35,628 INFO] 
SENT 3: ['s5', 's8']
PRED 3: m7 m8
PRED SCORE: -0.0838

[2024-08-21 12:12:35,628 INFO] 
SENT 4: ['s1', 's6', 's7']
PRED 4: m4 m5 m6
PRED SCORE: -0.0163

[2024-08-21 12:12:35,629 INFO] 
SENT 5: ['s5', 's7']
PRED 5: m10 m11
PRED SCORE: -0.0469

[2024-08-21 12:12:35,629 INFO] PRED SCORE: -0.0585, PRED PPL: 1.06 NB SENTENCES: 5

Executing command: onmt_translate -model ./../output/toy.dblp.v12.json/nmt_transformer-toy/t31.s10.m13.ettransformer.l1024.wv256.lr2.b8.e20000/fold0/model_step_19000.pt -src ./../output/toy.dblp.v12.json/nmt_transformer-toy/t31.s10.m13.ettransformer.l1024.wv256.lr2.b8.e20000/src-test.txt -output ./../output/toy.dblp.v12.json/nmt_transformer-toy/t31.s10.m13.ettransformer.l1024.wv256.lr2.b8.e20000/fold0/test.fold0.epoch19000.pred.csv -gpu 0 --min_length 2 -verbose 
Command output: 
Command error (if any): [2024-08-21 12:12:44,192 INFO] 
SENT 1: ['s1', 's3']
PRED 1: m3 m7 m8
PRED SCORE: -0.1110

[2024-08-21 12:12:44,192 INFO] 
SENT 2: ['s5', 's6', 's7']
PRED 2: m10 m11
PRED SCORE: -0.0112

[2024-08-21 12:12:44,193 INFO] 
SENT 3: ['s5', 's8']
PRED 3: m7 m8
PRED SCORE: -0.0874

[2024-08-21 12:12:44,194 INFO] 
SENT 4: ['s1', 's6', 's7']
PRED 4: m4 m5 m6
PRED SCORE: -0.0163

[2024-08-21 12:12:44,194 INFO] 
SENT 5: ['s5', 's7']
PRED 5: m10 m11
PRED SCORE: -0.0127

[2024-08-21 12:12:44,195 INFO] PRED SCORE: -0.0477, PRED PPL: 1.05 NB SENTENCES: 5

Executing command: onmt_translate -model ./../output/toy.dblp.v12.json/nmt_transformer-toy/t31.s10.m13.ettransformer.l1024.wv256.lr2.b8.e20000/fold0/model_step_2000.pt -src ./../output/toy.dblp.v12.json/nmt_transformer-toy/t31.s10.m13.ettransformer.l1024.wv256.lr2.b8.e20000/src-test.txt -output ./../output/toy.dblp.v12.json/nmt_transformer-toy/t31.s10.m13.ettransformer.l1024.wv256.lr2.b8.e20000/fold0/test.fold0.epoch2000.pred.csv -gpu 0 --min_length 2 -verbose 
Command output: 
Command error (if any): [2024-08-21 12:12:53,807 INFO] 
SENT 1: ['s1', 's3']
PRED 1: m0 m1 m2
PRED SCORE: -0.2784

[2024-08-21 12:12:53,809 INFO] 
SENT 2: ['s5', 's6', 's7']
PRED 2: m10 m11
PRED SCORE: -0.0375

[2024-08-21 12:12:53,810 INFO] 
SENT 3: ['s5', 's8']
PRED 3: m10 m11
PRED SCORE: -0.0470

[2024-08-21 12:12:53,811 INFO] 
SENT 4: ['s1', 's6', 's7']
PRED 4: m4 m5
PRED SCORE: -0.2521

[2024-08-21 12:12:53,812 INFO] 
SENT 5: ['s5', 's7']
PRED 5: m10 m11
PRED SCORE: -0.1553

[2024-08-21 12:12:53,812 INFO] PRED SCORE: -0.1540, PRED PPL: 1.17 NB SENTENCES: 5

Executing command: onmt_translate -model ./../output/toy.dblp.v12.json/nmt_transformer-toy/t31.s10.m13.ettransformer.l1024.wv256.lr2.b8.e20000/fold0/model_step_20000.pt -src ./../output/toy.dblp.v12.json/nmt_transformer-toy/t31.s10.m13.ettransformer.l1024.wv256.lr2.b8.e20000/src-test.txt -output ./../output/toy.dblp.v12.json/nmt_transformer-toy/t31.s10.m13.ettransformer.l1024.wv256.lr2.b8.e20000/fold0/test.fold0.epoch20000.pred.csv -gpu 0 --min_length 2 -verbose 
Command output: 
Command error (if any): [2024-08-21 12:13:03,292 INFO] 
SENT 1: ['s1', 's3']
PRED 1: m0 m1 m2
PRED SCORE: -0.0193

[2024-08-21 12:13:03,293 INFO] 
SENT 2: ['s5', 's6', 's7']
PRED 2: m10 m11
PRED SCORE: -0.0104

[2024-08-21 12:13:03,293 INFO] 
SENT 3: ['s5', 's8']
PRED 3: m7 m8
PRED SCORE: -0.1160

[2024-08-21 12:13:03,294 INFO] 
SENT 4: ['s1', 's6', 's7']
PRED 4: m4 m5 m6
PRED SCORE: -0.0128

[2024-08-21 12:13:03,294 INFO] 
SENT 5: ['s5', 's7']
PRED 5: m10 m11
PRED SCORE: -0.0124

[2024-08-21 12:13:03,295 INFO] PRED SCORE: -0.0342, PRED PPL: 1.03 NB SENTENCES: 5

Executing command: onmt_translate -model ./../output/toy.dblp.v12.json/nmt_transformer-toy/t31.s10.m13.ettransformer.l1024.wv256.lr2.b8.e20000/fold0/model_step_3000.pt -src ./../output/toy.dblp.v12.json/nmt_transformer-toy/t31.s10.m13.ettransformer.l1024.wv256.lr2.b8.e20000/src-test.txt -output ./../output/toy.dblp.v12.json/nmt_transformer-toy/t31.s10.m13.ettransformer.l1024.wv256.lr2.b8.e20000/fold0/test.fold0.epoch3000.pred.csv -gpu 0 --min_length 2 -verbose 
Command output: 
Command error (if any): [2024-08-21 12:13:12,408 INFO] 
SENT 1: ['s1', 's3']
PRED 1: m0 m1 m2
PRED SCORE: -0.1500

[2024-08-21 12:13:12,408 INFO] 
SENT 2: ['s5', 's6', 's7']
PRED 2: m10 m11
PRED SCORE: -0.0058

[2024-08-21 12:13:12,409 INFO] 
SENT 3: ['s5', 's8']
PRED 3: m10 m11
PRED SCORE: -0.0448

[2024-08-21 12:13:12,409 INFO] 
SENT 4: ['s1', 's6', 's7']
PRED 4: m4 m5 m6
PRED SCORE: -0.1593

[2024-08-21 12:13:12,410 INFO] 
SENT 5: ['s5', 's7']
PRED 5: m10 m11
PRED SCORE: -0.0504

[2024-08-21 12:13:12,410 INFO] PRED SCORE: -0.0821, PRED PPL: 1.09 NB SENTENCES: 5

Executing command: onmt_translate -model ./../output/toy.dblp.v12.json/nmt_transformer-toy/t31.s10.m13.ettransformer.l1024.wv256.lr2.b8.e20000/fold0/model_step_4000.pt -src ./../output/toy.dblp.v12.json/nmt_transformer-toy/t31.s10.m13.ettransformer.l1024.wv256.lr2.b8.e20000/src-test.txt -output ./../output/toy.dblp.v12.json/nmt_transformer-toy/t31.s10.m13.ettransformer.l1024.wv256.lr2.b8.e20000/fold0/test.fold0.epoch4000.pred.csv -gpu 0 --min_length 2 -verbose 
Command output: 
Command error (if any): [2024-08-21 12:13:22,878 INFO] 
SENT 1: ['s1', 's3']
PRED 1: m3 m7 m8
PRED SCORE: -0.0811

[2024-08-21 12:13:22,879 INFO] 
SENT 2: ['s5', 's6', 's7']
PRED 2: m10 m11
PRED SCORE: -0.0105

[2024-08-21 12:13:22,880 INFO] 
SENT 3: ['s5', 's8']
PRED 3: m9 m10 m11
PRED SCORE: -0.0978

[2024-08-21 12:13:22,882 INFO] 
SENT 4: ['s1', 's6', 's7']
PRED 4: m4 m5
PRED SCORE: -0.1922

[2024-08-21 12:13:22,883 INFO] 
SENT 5: ['s5', 's7']
PRED 5: m10 m11
PRED SCORE: -0.2413

[2024-08-21 12:13:22,884 INFO] PRED SCORE: -0.1246, PRED PPL: 1.13 NB SENTENCES: 5

Executing command: onmt_translate -model ./../output/toy.dblp.v12.json/nmt_transformer-toy/t31.s10.m13.ettransformer.l1024.wv256.lr2.b8.e20000/fold0/model_step_5000.pt -src ./../output/toy.dblp.v12.json/nmt_transformer-toy/t31.s10.m13.ettransformer.l1024.wv256.lr2.b8.e20000/src-test.txt -output ./../output/toy.dblp.v12.json/nmt_transformer-toy/t31.s10.m13.ettransformer.l1024.wv256.lr2.b8.e20000/fold0/test.fold0.epoch5000.pred.csv -gpu 0 --min_length 2 -verbose 
Command output: 
Command error (if any): [2024-08-21 12:13:32,008 INFO] 
SENT 1: ['s1', 's3']
PRED 1: m3 m7
PRED SCORE: -0.1158

[2024-08-21 12:13:32,009 INFO] 
SENT 2: ['s5', 's6', 's7']
PRED 2: m10 m11
PRED SCORE: -0.0095

[2024-08-21 12:13:32,010 INFO] 
SENT 3: ['s5', 's8']
PRED 3: m10 m11
PRED SCORE: -0.1983

[2024-08-21 12:13:32,010 INFO] 
SENT 4: ['s1', 's6', 's7']
PRED 4: m4 m5 m6
PRED SCORE: -0.0975

[2024-08-21 12:13:32,011 INFO] 
SENT 5: ['s5', 's7']
PRED 5: m10 m11
PRED SCORE: -0.0162

[2024-08-21 12:13:32,012 INFO] PRED SCORE: -0.0874, PRED PPL: 1.09 NB SENTENCES: 5

Executing command: onmt_translate -model ./../output/toy.dblp.v12.json/nmt_transformer-toy/t31.s10.m13.ettransformer.l1024.wv256.lr2.b8.e20000/fold0/model_step_6000.pt -src ./../output/toy.dblp.v12.json/nmt_transformer-toy/t31.s10.m13.ettransformer.l1024.wv256.lr2.b8.e20000/src-test.txt -output ./../output/toy.dblp.v12.json/nmt_transformer-toy/t31.s10.m13.ettransformer.l1024.wv256.lr2.b8.e20000/fold0/test.fold0.epoch6000.pred.csv -gpu 0 --min_length 2 -verbose 
Command output: 
Command error (if any): [2024-08-21 12:13:41,417 INFO] 
SENT 1: ['s1', 's3']
PRED 1: m3 m7 m8
PRED SCORE: -0.1751

[2024-08-21 12:13:41,418 INFO] 
SENT 2: ['s5', 's6', 's7']
PRED 2: m10 m11
PRED SCORE: -0.0091

[2024-08-21 12:13:41,419 INFO] 
SENT 3: ['s5', 's8']
PRED 3: m10 m11
PRED SCORE: -0.0220

[2024-08-21 12:13:41,419 INFO] 
SENT 4: ['s1', 's6', 's7']
PRED 4: m4 m5 m6
PRED SCORE: -0.0253

[2024-08-21 12:13:41,420 INFO] 
SENT 5: ['s5', 's7']
PRED 5: m10 m11
PRED SCORE: -0.1379

[2024-08-21 12:13:41,420 INFO] PRED SCORE: -0.0739, PRED PPL: 1.08 NB SENTENCES: 5

Executing command: onmt_translate -model ./../output/toy.dblp.v12.json/nmt_transformer-toy/t31.s10.m13.ettransformer.l1024.wv256.lr2.b8.e20000/fold0/model_step_7000.pt -src ./../output/toy.dblp.v12.json/nmt_transformer-toy/t31.s10.m13.ettransformer.l1024.wv256.lr2.b8.e20000/src-test.txt -output ./../output/toy.dblp.v12.json/nmt_transformer-toy/t31.s10.m13.ettransformer.l1024.wv256.lr2.b8.e20000/fold0/test.fold0.epoch7000.pred.csv -gpu 0 --min_length 2 -verbose 
Command output: 
Command error (if any): [2024-08-21 12:13:50,453 INFO] 
SENT 1: ['s1', 's3']
PRED 1: m3 m7 m8
PRED SCORE: -0.1533

[2024-08-21 12:13:50,453 INFO] 
SENT 2: ['s5', 's6', 's7']
PRED 2: m10 m11
PRED SCORE: -0.0090

[2024-08-21 12:13:50,454 INFO] 
SENT 3: ['s5', 's8']
PRED 3: m10 m11
PRED SCORE: -0.1542

[2024-08-21 12:13:50,455 INFO] 
SENT 4: ['s1', 's6', 's7']
PRED 4: m4 m5 m6
PRED SCORE: -0.0806

[2024-08-21 12:13:50,456 INFO] 
SENT 5: ['s5', 's7']
PRED 5: m9 m10 m11
PRED SCORE: -0.0909

[2024-08-21 12:13:50,456 INFO] PRED SCORE: -0.0976, PRED PPL: 1.10 NB SENTENCES: 5

Executing command: onmt_translate -model ./../output/toy.dblp.v12.json/nmt_transformer-toy/t31.s10.m13.ettransformer.l1024.wv256.lr2.b8.e20000/fold0/model_step_8000.pt -src ./../output/toy.dblp.v12.json/nmt_transformer-toy/t31.s10.m13.ettransformer.l1024.wv256.lr2.b8.e20000/src-test.txt -output ./../output/toy.dblp.v12.json/nmt_transformer-toy/t31.s10.m13.ettransformer.l1024.wv256.lr2.b8.e20000/fold0/test.fold0.epoch8000.pred.csv -gpu 0 --min_length 2 -verbose 
Command output: 
Command error (if any): [2024-08-21 12:13:59,573 INFO] 
SENT 1: ['s1', 's3']
PRED 1: m3 m7 m8
PRED SCORE: -0.1223

[2024-08-21 12:13:59,574 INFO] 
SENT 2: ['s5', 's6', 's7']
PRED 2: m10 m11
PRED SCORE: -0.0095

[2024-08-21 12:13:59,575 INFO] 
SENT 3: ['s5', 's8']
PRED 3: m10 m11
PRED SCORE: -0.0652

[2024-08-21 12:13:59,576 INFO] 
SENT 4: ['s1', 's6', 's7']
PRED 4: m4 m5 m6
PRED SCORE: -0.0203

[2024-08-21 12:13:59,576 INFO] 
SENT 5: ['s5', 's7']
PRED 5: m9 m10 m11
PRED SCORE: -0.0974

[2024-08-21 12:13:59,577 INFO] PRED SCORE: -0.0629, PRED PPL: 1.06 NB SENTENCES: 5

Executing command: onmt_translate -model ./../output/toy.dblp.v12.json/nmt_transformer-toy/t31.s10.m13.ettransformer.l1024.wv256.lr2.b8.e20000/fold0/model_step_9000.pt -src ./../output/toy.dblp.v12.json/nmt_transformer-toy/t31.s10.m13.ettransformer.l1024.wv256.lr2.b8.e20000/src-test.txt -output ./../output/toy.dblp.v12.json/nmt_transformer-toy/t31.s10.m13.ettransformer.l1024.wv256.lr2.b8.e20000/fold0/test.fold0.epoch9000.pred.csv -gpu 0 --min_length 2 -verbose 
Command output: 
Command error (if any): [2024-08-21 12:14:08,559 INFO] 
SENT 1: ['s1', 's3']
PRED 1: m3 m7 m8
PRED SCORE: -0.0961

[2024-08-21 12:14:08,559 INFO] 
SENT 2: ['s5', 's6', 's7']
PRED 2: m10 m11
PRED SCORE: -0.0102

[2024-08-21 12:14:08,560 INFO] 
SENT 3: ['s5', 's8']
PRED 3: m10 m11
PRED SCORE: -0.0534

[2024-08-21 12:14:08,560 INFO] 
SENT 4: ['s1', 's6', 's7']
PRED 4: m4 m5 m6
PRED SCORE: -0.0382

[2024-08-21 12:14:08,561 INFO] 
SENT 5: ['s5', 's7']
PRED 5: m10 m11
PRED SCORE: -0.0876

[2024-08-21 12:14:08,561 INFO] PRED SCORE: -0.0571, PRED PPL: 1.06 NB SENTENCES: 5

Executing command: onmt_translate -model ./../output/toy.dblp.v12.json/nmt_transformer-toy/t31.s10.m13.ettransformer.l1024.wv256.lr2.b8.e20000/fold1/model_step_20000.pt -src ./../output/toy.dblp.v12.json/nmt_transformer-toy/t31.s10.m13.ettransformer.l1024.wv256.lr2.b8.e20000/src-test.txt -output ./../output/toy.dblp.v12.json/nmt_transformer-toy/t31.s10.m13.ettransformer.l1024.wv256.lr2.b8.e20000/fold1/test.fold1.epoch20000.pred.csv -gpu 0 --min_length 2 -verbose 
Command output: 
Command error (if any): [2024-08-21 12:14:17,867 INFO] 
SENT 1: ['s1', 's3']
PRED 1: m3 m7 m8
PRED SCORE: -0.0180

[2024-08-21 12:14:17,868 INFO] 
SENT 2: ['s5', 's6', 's7']
PRED 2: m4 m5 m6
PRED SCORE: -0.0137

[2024-08-21 12:14:17,869 INFO] 
SENT 3: ['s5', 's8']
PRED 3: m9 m10 m11
PRED SCORE: -0.0137

[2024-08-21 12:14:17,869 INFO] 
SENT 4: ['s1', 's6', 's7']
PRED 4: m5 m6
PRED SCORE: -0.1655

[2024-08-21 12:14:17,870 INFO] 
SENT 5: ['s5', 's7']
PRED 5: m4 m5 m6
PRED SCORE: -0.0139

[2024-08-21 12:14:17,870 INFO] PRED SCORE: -0.0450, PRED PPL: 1.05 NB SENTENCES: 5

Executing command: onmt_translate -model ./../output/toy.dblp.v12.json/nmt_transformer-toy/t31.s10.m13.ettransformer.l1024.wv256.lr2.b8.e20000/fold1/model_step_1000.pt -src ./../output/toy.dblp.v12.json/nmt_transformer-toy/t31.s10.m13.ettransformer.l1024.wv256.lr2.b8.e20000/src-test.txt -output ./../output/toy.dblp.v12.json/nmt_transformer-toy/t31.s10.m13.ettransformer.l1024.wv256.lr2.b8.e20000/fold1/test.fold1.epoch1000.pred.csv -gpu 0 --min_length 2 -verbose 
Command output: 
Command error (if any): [2024-08-21 12:14:27,225 INFO] 
SENT 1: ['s1', 's3']
PRED 1: m9 m10
PRED SCORE: -0.2921

[2024-08-21 12:14:27,226 INFO] 
SENT 2: ['s5', 's6', 's7']
PRED 2: m4 m5 m6
PRED SCORE: -0.2621

[2024-08-21 12:14:27,226 INFO] 
SENT 3: ['s5', 's8']
PRED 3: m9 m10
PRED SCORE: -0.1791

[2024-08-21 12:14:27,227 INFO] 
SENT 4: ['s1', 's6', 's7']
PRED 4: m4 m5 m6
PRED SCORE: -0.2220

[2024-08-21 12:14:27,227 INFO] 
SENT 5: ['s5', 's7']
PRED 5: m4 m5 m6
PRED SCORE: -0.2090

[2024-08-21 12:14:27,228 INFO] PRED SCORE: -0.2329, PRED PPL: 1.26 NB SENTENCES: 5

Executing command: onmt_translate -model ./../output/toy.dblp.v12.json/nmt_transformer-toy/t31.s10.m13.ettransformer.l1024.wv256.lr2.b8.e20000/fold1/model_step_10000.pt -src ./../output/toy.dblp.v12.json/nmt_transformer-toy/t31.s10.m13.ettransformer.l1024.wv256.lr2.b8.e20000/src-test.txt -output ./../output/toy.dblp.v12.json/nmt_transformer-toy/t31.s10.m13.ettransformer.l1024.wv256.lr2.b8.e20000/fold1/test.fold1.epoch10000.pred.csv -gpu 0 --min_length 2 -verbose 
Command output: 
Command error (if any): [2024-08-21 12:14:36,359 INFO] 
SENT 1: ['s1', 's3']
PRED 1: m3 m7 m8
PRED SCORE: -0.1322

[2024-08-21 12:14:36,360 INFO] 
SENT 2: ['s5', 's6', 's7']
PRED 2: m4 m5 m6
PRED SCORE: -0.0159

[2024-08-21 12:14:36,361 INFO] 
SENT 3: ['s5', 's8']
PRED 3: m9 m10
PRED SCORE: -0.0174

[2024-08-21 12:14:36,361 INFO] 
SENT 4: ['s1', 's6', 's7']
PRED 4: m4 m5 m6
PRED SCORE: -0.0492

[2024-08-21 12:14:36,362 INFO] 
SENT 5: ['s5', 's7']
PRED 5: m4 m6
PRED SCORE: -0.0815

[2024-08-21 12:14:36,362 INFO] PRED SCORE: -0.0592, PRED PPL: 1.06 NB SENTENCES: 5

Executing command: onmt_translate -model ./../output/toy.dblp.v12.json/nmt_transformer-toy/t31.s10.m13.ettransformer.l1024.wv256.lr2.b8.e20000/fold1/model_step_11000.pt -src ./../output/toy.dblp.v12.json/nmt_transformer-toy/t31.s10.m13.ettransformer.l1024.wv256.lr2.b8.e20000/src-test.txt -output ./../output/toy.dblp.v12.json/nmt_transformer-toy/t31.s10.m13.ettransformer.l1024.wv256.lr2.b8.e20000/fold1/test.fold1.epoch11000.pred.csv -gpu 0 --min_length 2 -verbose 
Command output: 
Command error (if any): [2024-08-21 12:14:45,737 INFO] 
SENT 1: ['s1', 's3']
PRED 1: m0 m1 m2
PRED SCORE: -0.2640

[2024-08-21 12:14:45,738 INFO] 
SENT 2: ['s5', 's6', 's7']
PRED 2: m4 m5 m6
PRED SCORE: -0.0114

[2024-08-21 12:14:45,738 INFO] 
SENT 3: ['s5', 's8']
PRED 3: m9 m10
PRED SCORE: -0.0176

[2024-08-21 12:14:45,739 INFO] 
SENT 4: ['s1', 's6', 's7']
PRED 4: m5 m6
PRED SCORE: -0.1658

[2024-08-21 12:14:45,739 INFO] 
SENT 5: ['s5', 's7']
PRED 5: m4 m5 m6
PRED SCORE: -0.0536

[2024-08-21 12:14:45,740 INFO] PRED SCORE: -0.1025, PRED PPL: 1.11 NB SENTENCES: 5

Executing command: onmt_translate -model ./../output/toy.dblp.v12.json/nmt_transformer-toy/t31.s10.m13.ettransformer.l1024.wv256.lr2.b8.e20000/fold1/model_step_12000.pt -src ./../output/toy.dblp.v12.json/nmt_transformer-toy/t31.s10.m13.ettransformer.l1024.wv256.lr2.b8.e20000/src-test.txt -output ./../output/toy.dblp.v12.json/nmt_transformer-toy/t31.s10.m13.ettransformer.l1024.wv256.lr2.b8.e20000/fold1/test.fold1.epoch12000.pred.csv -gpu 0 --min_length 2 -verbose 
Command output: 
Command error (if any): [2024-08-21 12:14:54,841 INFO] 
SENT 1: ['s1', 's3']
PRED 1: m3 m7 m8
PRED SCORE: -0.0603

[2024-08-21 12:14:54,842 INFO] 
SENT 2: ['s5', 's6', 's7']
PRED 2: m4 m5 m6
PRED SCORE: -0.0097

[2024-08-21 12:14:54,843 INFO] 
SENT 3: ['s5', 's8']
PRED 3: m9 m10
PRED SCORE: -0.0104

[2024-08-21 12:14:54,843 INFO] 
SENT 4: ['s1', 's6', 's7']
PRED 4: m10 m11
PRED SCORE: -0.2098

[2024-08-21 12:14:54,844 INFO] 
SENT 5: ['s5', 's7']
PRED 5: m4 m6
PRED SCORE: -0.1020

[2024-08-21 12:14:54,845 INFO] PRED SCORE: -0.0784, PRED PPL: 1.08 NB SENTENCES: 5

Executing command: onmt_translate -model ./../output/toy.dblp.v12.json/nmt_transformer-toy/t31.s10.m13.ettransformer.l1024.wv256.lr2.b8.e20000/fold1/model_step_13000.pt -src ./../output/toy.dblp.v12.json/nmt_transformer-toy/t31.s10.m13.ettransformer.l1024.wv256.lr2.b8.e20000/src-test.txt -output ./../output/toy.dblp.v12.json/nmt_transformer-toy/t31.s10.m13.ettransformer.l1024.wv256.lr2.b8.e20000/fold1/test.fold1.epoch13000.pred.csv -gpu 0 --min_length 2 -verbose 
Command output: 
Command error (if any): [2024-08-21 12:15:04,047 INFO] 
SENT 1: ['s1', 's3']
PRED 1: m3 m7 m8
PRED SCORE: -0.0270

[2024-08-21 12:15:04,048 INFO] 
SENT 2: ['s5', 's6', 's7']
PRED 2: m4 m5 m6
PRED SCORE: -0.0153

[2024-08-21 12:15:04,048 INFO] 
SENT 3: ['s5', 's8']
PRED 3: m9 m10
PRED SCORE: -0.0166

[2024-08-21 12:15:04,049 INFO] 
SENT 4: ['s1', 's6', 's7']
PRED 4: m5 m6
PRED SCORE: -0.1674

[2024-08-21 12:15:04,050 INFO] 
SENT 5: ['s5', 's7']
PRED 5: m4 m5 m6
PRED SCORE: -0.0142

[2024-08-21 12:15:04,050 INFO] PRED SCORE: -0.0481, PRED PPL: 1.05 NB SENTENCES: 5

Executing command: onmt_translate -model ./../output/toy.dblp.v12.json/nmt_transformer-toy/t31.s10.m13.ettransformer.l1024.wv256.lr2.b8.e20000/fold1/model_step_14000.pt -src ./../output/toy.dblp.v12.json/nmt_transformer-toy/t31.s10.m13.ettransformer.l1024.wv256.lr2.b8.e20000/src-test.txt -output ./../output/toy.dblp.v12.json/nmt_transformer-toy/t31.s10.m13.ettransformer.l1024.wv256.lr2.b8.e20000/fold1/test.fold1.epoch14000.pred.csv -gpu 0 --min_length 2 -verbose 
Command output: 
Command error (if any): [2024-08-21 12:15:13,053 INFO] 
SENT 1: ['s1', 's3']
PRED 1: m3 m7 m8
PRED SCORE: -0.1164

[2024-08-21 12:15:13,054 INFO] 
SENT 2: ['s5', 's6', 's7']
PRED 2: m4 m5 m6
PRED SCORE: -0.0301

[2024-08-21 12:15:13,055 INFO] 
SENT 3: ['s5', 's8']
PRED 3: m9 m10
PRED SCORE: -0.0159

[2024-08-21 12:15:13,055 INFO] 
SENT 4: ['s1', 's6', 's7']
PRED 4: m4 m5 m6
PRED SCORE: -0.1170

[2024-08-21 12:15:13,056 INFO] 
SENT 5: ['s5', 's7']
PRED 5: m4 m5 m6
PRED SCORE: -0.0172

[2024-08-21 12:15:13,056 INFO] PRED SCORE: -0.0593, PRED PPL: 1.06 NB SENTENCES: 5

Executing command: onmt_translate -model ./../output/toy.dblp.v12.json/nmt_transformer-toy/t31.s10.m13.ettransformer.l1024.wv256.lr2.b8.e20000/fold1/model_step_15000.pt -src ./../output/toy.dblp.v12.json/nmt_transformer-toy/t31.s10.m13.ettransformer.l1024.wv256.lr2.b8.e20000/src-test.txt -output ./../output/toy.dblp.v12.json/nmt_transformer-toy/t31.s10.m13.ettransformer.l1024.wv256.lr2.b8.e20000/fold1/test.fold1.epoch15000.pred.csv -gpu 0 --min_length 2 -verbose 
Command output: 
Command error (if any): [2024-08-21 12:15:22,235 INFO] 
SENT 1: ['s1', 's3']
PRED 1: m3 m7 m8
PRED SCORE: -0.0217

[2024-08-21 12:15:22,236 INFO] 
SENT 2: ['s5', 's6', 's7']
PRED 2: m4 m5 m6
PRED SCORE: -0.0150

[2024-08-21 12:15:22,237 INFO] 
SENT 3: ['s5', 's8']
PRED 3: m9 m10
PRED SCORE: -0.0181

[2024-08-21 12:15:22,238 INFO] 
SENT 4: ['s1', 's6', 's7']
PRED 4: m5 m6
PRED SCORE: -0.1369

[2024-08-21 12:15:22,238 INFO] 
SENT 5: ['s5', 's7']
PRED 5: m4 m6
PRED SCORE: -0.1028

[2024-08-21 12:15:22,239 INFO] PRED SCORE: -0.0589, PRED PPL: 1.06 NB SENTENCES: 5

Executing command: onmt_translate -model ./../output/toy.dblp.v12.json/nmt_transformer-toy/t31.s10.m13.ettransformer.l1024.wv256.lr2.b8.e20000/fold1/model_step_16000.pt -src ./../output/toy.dblp.v12.json/nmt_transformer-toy/t31.s10.m13.ettransformer.l1024.wv256.lr2.b8.e20000/src-test.txt -output ./../output/toy.dblp.v12.json/nmt_transformer-toy/t31.s10.m13.ettransformer.l1024.wv256.lr2.b8.e20000/fold1/test.fold1.epoch16000.pred.csv -gpu 0 --min_length 2 -verbose 
Command output: 
Command error (if any): [2024-08-21 12:15:31,473 INFO] 
SENT 1: ['s1', 's3']
PRED 1: m3 m7 m8
PRED SCORE: -0.0153

[2024-08-21 12:15:31,474 INFO] 
SENT 2: ['s5', 's6', 's7']
PRED 2: m4 m5 m6
PRED SCORE: -0.0114

[2024-08-21 12:15:31,475 INFO] 
SENT 3: ['s5', 's8']
PRED 3: m9 m10
PRED SCORE: -0.0388

[2024-08-21 12:15:31,476 INFO] 
SENT 4: ['s1', 's6', 's7']
PRED 4: m5 m6
PRED SCORE: -0.1693

[2024-08-21 12:15:31,476 INFO] 
SENT 5: ['s5', 's7']
PRED 5: m4 m6
PRED SCORE: -0.1531

[2024-08-21 12:15:31,477 INFO] PRED SCORE: -0.0776, PRED PPL: 1.08 NB SENTENCES: 5

Executing command: onmt_translate -model ./../output/toy.dblp.v12.json/nmt_transformer-toy/t31.s10.m13.ettransformer.l1024.wv256.lr2.b8.e20000/fold1/model_step_17000.pt -src ./../output/toy.dblp.v12.json/nmt_transformer-toy/t31.s10.m13.ettransformer.l1024.wv256.lr2.b8.e20000/src-test.txt -output ./../output/toy.dblp.v12.json/nmt_transformer-toy/t31.s10.m13.ettransformer.l1024.wv256.lr2.b8.e20000/fold1/test.fold1.epoch17000.pred.csv -gpu 0 --min_length 2 -verbose 
Command output: 
Command error (if any): [2024-08-21 12:15:40,878 INFO] 
SENT 1: ['s1', 's3']
PRED 1: m3 m7 m8
PRED SCORE: -0.0207

[2024-08-21 12:15:40,879 INFO] 
SENT 2: ['s5', 's6', 's7']
PRED 2: m4 m5 m6
PRED SCORE: -0.0147

[2024-08-21 12:15:40,880 INFO] 
SENT 3: ['s5', 's8']
PRED 3: m9 m10
PRED SCORE: -0.0384

[2024-08-21 12:15:40,880 INFO] 
SENT 4: ['s1', 's6', 's7']
PRED 4: m5 m6
PRED SCORE: -0.1743

[2024-08-21 12:15:40,881 INFO] 
SENT 5: ['s5', 's7']
PRED 5: m4 m5 m6
PRED SCORE: -0.0147

[2024-08-21 12:15:40,881 INFO] PRED SCORE: -0.0526, PRED PPL: 1.05 NB SENTENCES: 5

Executing command: onmt_translate -model ./../output/toy.dblp.v12.json/nmt_transformer-toy/t31.s10.m13.ettransformer.l1024.wv256.lr2.b8.e20000/fold1/model_step_18000.pt -src ./../output/toy.dblp.v12.json/nmt_transformer-toy/t31.s10.m13.ettransformer.l1024.wv256.lr2.b8.e20000/src-test.txt -output ./../output/toy.dblp.v12.json/nmt_transformer-toy/t31.s10.m13.ettransformer.l1024.wv256.lr2.b8.e20000/fold1/test.fold1.epoch18000.pred.csv -gpu 0 --min_length 2 -verbose 
Command output: 
Command error (if any): [2024-08-21 12:15:50,314 INFO] 
SENT 1: ['s1', 's3']
PRED 1: m3 m7 m8
PRED SCORE: -0.0160

[2024-08-21 12:15:50,315 INFO] 
SENT 2: ['s5', 's6', 's7']
PRED 2: m4 m5 m6
PRED SCORE: -0.0130

[2024-08-21 12:15:50,317 INFO] 
SENT 3: ['s5', 's8']
PRED 3: m9 m10 m11
PRED SCORE: -0.0167

[2024-08-21 12:15:50,318 INFO] 
SENT 4: ['s1', 's6', 's7']
PRED 4: m6 m12
PRED SCORE: -0.0560

[2024-08-21 12:15:50,319 INFO] 
SENT 5: ['s5', 's7']
PRED 5: m4 m5 m6
PRED SCORE: -0.0128

[2024-08-21 12:15:50,319 INFO] PRED SCORE: -0.0229, PRED PPL: 1.02 NB SENTENCES: 5

Executing command: onmt_translate -model ./../output/toy.dblp.v12.json/nmt_transformer-toy/t31.s10.m13.ettransformer.l1024.wv256.lr2.b8.e20000/fold1/model_step_19000.pt -src ./../output/toy.dblp.v12.json/nmt_transformer-toy/t31.s10.m13.ettransformer.l1024.wv256.lr2.b8.e20000/src-test.txt -output ./../output/toy.dblp.v12.json/nmt_transformer-toy/t31.s10.m13.ettransformer.l1024.wv256.lr2.b8.e20000/fold1/test.fold1.epoch19000.pred.csv -gpu 0 --min_length 2 -verbose 
Command output: 
Command error (if any): [2024-08-21 12:15:59,758 INFO] 
SENT 1: ['s1', 's3']
PRED 1: m3 m7 m8
PRED SCORE: -0.0143

[2024-08-21 12:15:59,759 INFO] 
SENT 2: ['s5', 's6', 's7']
PRED 2: m4 m5 m6
PRED SCORE: -0.0131

[2024-08-21 12:15:59,760 INFO] 
SENT 3: ['s5', 's8']
PRED 3: m9 m10
PRED SCORE: -0.0293

[2024-08-21 12:15:59,760 INFO] 
SENT 4: ['s1', 's6', 's7']
PRED 4: m6 m12
PRED SCORE: -0.1369

[2024-08-21 12:15:59,761 INFO] 
SENT 5: ['s5', 's7']
PRED 5: m4 m5 m6
PRED SCORE: -0.0131

[2024-08-21 12:15:59,762 INFO] PRED SCORE: -0.0413, PRED PPL: 1.04 NB SENTENCES: 5

Executing command: onmt_translate -model ./../output/toy.dblp.v12.json/nmt_transformer-toy/t31.s10.m13.ettransformer.l1024.wv256.lr2.b8.e20000/fold1/model_step_2000.pt -src ./../output/toy.dblp.v12.json/nmt_transformer-toy/t31.s10.m13.ettransformer.l1024.wv256.lr2.b8.e20000/src-test.txt -output ./../output/toy.dblp.v12.json/nmt_transformer-toy/t31.s10.m13.ettransformer.l1024.wv256.lr2.b8.e20000/fold1/test.fold1.epoch2000.pred.csv -gpu 0 --min_length 2 -verbose 
Command output: 
Command error (if any): [2024-08-21 12:16:08,999 INFO] 
SENT 1: ['s1', 's3']
PRED 1: m0 m1 m2
PRED SCORE: -0.1393

[2024-08-21 12:16:09,000 INFO] 
SENT 2: ['s5', 's6', 's7']
PRED 2: m9 m10 m11
PRED SCORE: -0.1282

[2024-08-21 12:16:09,000 INFO] 
SENT 3: ['s5', 's8']
PRED 3: m9 m10 m11
PRED SCORE: -0.0391

[2024-08-21 12:16:09,001 INFO] 
SENT 4: ['s1', 's6', 's7']
PRED 4: m9 m10 m11
PRED SCORE: -0.1758

[2024-08-21 12:16:09,002 INFO] 
SENT 5: ['s5', 's7']
PRED 5: m9 m10 m11
PRED SCORE: -0.0906

[2024-08-21 12:16:09,002 INFO] PRED SCORE: -0.1146, PRED PPL: 1.12 NB SENTENCES: 5

Executing command: onmt_translate -model ./../output/toy.dblp.v12.json/nmt_transformer-toy/t31.s10.m13.ettransformer.l1024.wv256.lr2.b8.e20000/fold1/model_step_20000.pt -src ./../output/toy.dblp.v12.json/nmt_transformer-toy/t31.s10.m13.ettransformer.l1024.wv256.lr2.b8.e20000/src-test.txt -output ./../output/toy.dblp.v12.json/nmt_transformer-toy/t31.s10.m13.ettransformer.l1024.wv256.lr2.b8.e20000/fold1/test.fold1.epoch20000.pred.csv -gpu 0 --min_length 2 -verbose 
Command output: 
Command error (if any): [2024-08-21 12:16:18,646 INFO] 
SENT 1: ['s1', 's3']
PRED 1: m3 m7 m8
PRED SCORE: -0.0180

[2024-08-21 12:16:18,646 INFO] 
SENT 2: ['s5', 's6', 's7']
PRED 2: m4 m5 m6
PRED SCORE: -0.0137

[2024-08-21 12:16:18,647 INFO] 
SENT 3: ['s5', 's8']
PRED 3: m9 m10 m11
PRED SCORE: -0.0137

[2024-08-21 12:16:18,648 INFO] 
SENT 4: ['s1', 's6', 's7']
PRED 4: m5 m6
PRED SCORE: -0.1655

[2024-08-21 12:16:18,648 INFO] 
SENT 5: ['s5', 's7']
PRED 5: m4 m5 m6
PRED SCORE: -0.0139

[2024-08-21 12:16:18,649 INFO] PRED SCORE: -0.0450, PRED PPL: 1.05 NB SENTENCES: 5

Executing command: onmt_translate -model ./../output/toy.dblp.v12.json/nmt_transformer-toy/t31.s10.m13.ettransformer.l1024.wv256.lr2.b8.e20000/fold1/model_step_3000.pt -src ./../output/toy.dblp.v12.json/nmt_transformer-toy/t31.s10.m13.ettransformer.l1024.wv256.lr2.b8.e20000/src-test.txt -output ./../output/toy.dblp.v12.json/nmt_transformer-toy/t31.s10.m13.ettransformer.l1024.wv256.lr2.b8.e20000/fold1/test.fold1.epoch3000.pred.csv -gpu 0 --min_length 2 -verbose 
Command output: 
Command error (if any): [2024-08-21 12:16:28,111 INFO] 
SENT 1: ['s1', 's3']
PRED 1: m0 m1
PRED SCORE: -0.1476

[2024-08-21 12:16:28,112 INFO] 
SENT 2: ['s5', 's6', 's7']
PRED 2: m9 m10 m11
PRED SCORE: -0.2630

[2024-08-21 12:16:28,112 INFO] 
SENT 3: ['s5', 's8']
PRED 3: m9 m10 m11
PRED SCORE: -0.0517

[2024-08-21 12:16:28,113 INFO] 
SENT 4: ['s1', 's6', 's7']
PRED 4: m4 m5 m6
PRED SCORE: -0.1541

[2024-08-21 12:16:28,114 INFO] 
SENT 5: ['s5', 's7']
PRED 5: m9 m10 m11
PRED SCORE: -0.0665

[2024-08-21 12:16:28,115 INFO] PRED SCORE: -0.1366, PRED PPL: 1.15 NB SENTENCES: 5

Executing command: onmt_translate -model ./../output/toy.dblp.v12.json/nmt_transformer-toy/t31.s10.m13.ettransformer.l1024.wv256.lr2.b8.e20000/fold1/model_step_4000.pt -src ./../output/toy.dblp.v12.json/nmt_transformer-toy/t31.s10.m13.ettransformer.l1024.wv256.lr2.b8.e20000/src-test.txt -output ./../output/toy.dblp.v12.json/nmt_transformer-toy/t31.s10.m13.ettransformer.l1024.wv256.lr2.b8.e20000/fold1/test.fold1.epoch4000.pred.csv -gpu 0 --min_length 2 -verbose 
Command output: 
Command error (if any): [2024-08-21 12:16:37,367 INFO] 
SENT 1: ['s1', 's3']
PRED 1: m0 m1 m2
PRED SCORE: -0.1629

[2024-08-21 12:16:37,368 INFO] 
SENT 2: ['s5', 's6', 's7']
PRED 2: m4 m5 m6
PRED SCORE: -0.2382

[2024-08-21 12:16:37,368 INFO] 
SENT 3: ['s5', 's8']
PRED 3: m9 m10
PRED SCORE: -0.0525

[2024-08-21 12:16:37,369 INFO] 
SENT 4: ['s1', 's6', 's7']
PRED 4: m4 m6
PRED SCORE: -0.0245

[2024-08-21 12:16:37,369 INFO] 
SENT 5: ['s5', 's7']
PRED 5: m9 m10 m11
PRED SCORE: -0.0809

[2024-08-21 12:16:37,370 INFO] PRED SCORE: -0.1118, PRED PPL: 1.12 NB SENTENCES: 5

Executing command: onmt_translate -model ./../output/toy.dblp.v12.json/nmt_transformer-toy/t31.s10.m13.ettransformer.l1024.wv256.lr2.b8.e20000/fold1/model_step_5000.pt -src ./../output/toy.dblp.v12.json/nmt_transformer-toy/t31.s10.m13.ettransformer.l1024.wv256.lr2.b8.e20000/src-test.txt -output ./../output/toy.dblp.v12.json/nmt_transformer-toy/t31.s10.m13.ettransformer.l1024.wv256.lr2.b8.e20000/fold1/test.fold1.epoch5000.pred.csv -gpu 0 --min_length 2 -verbose 
Command output: 
Command error (if any): [2024-08-21 12:16:47,855 INFO] 
SENT 1: ['s1', 's3']
PRED 1: m9 m10
PRED SCORE: -0.0322

[2024-08-21 12:16:47,856 INFO] 
SENT 2: ['s5', 's6', 's7']
PRED 2: m4 m5 m6
PRED SCORE: -0.0648

[2024-08-21 12:16:47,857 INFO] 
SENT 3: ['s5', 's8']
PRED 3: m9 m10 m11
PRED SCORE: -0.0626

[2024-08-21 12:16:47,859 INFO] 
SENT 4: ['s1', 's6', 's7']
PRED 4: m4 m6
PRED SCORE: -0.1521

[2024-08-21 12:16:47,859 INFO] 
SENT 5: ['s5', 's7']
PRED 5: m4 m5 m6
PRED SCORE: -0.0732

[2024-08-21 12:16:47,860 INFO] PRED SCORE: -0.0770, PRED PPL: 1.08 NB SENTENCES: 5

Executing command: onmt_translate -model ./../output/toy.dblp.v12.json/nmt_transformer-toy/t31.s10.m13.ettransformer.l1024.wv256.lr2.b8.e20000/fold1/model_step_6000.pt -src ./../output/toy.dblp.v12.json/nmt_transformer-toy/t31.s10.m13.ettransformer.l1024.wv256.lr2.b8.e20000/src-test.txt -output ./../output/toy.dblp.v12.json/nmt_transformer-toy/t31.s10.m13.ettransformer.l1024.wv256.lr2.b8.e20000/fold1/test.fold1.epoch6000.pred.csv -gpu 0 --min_length 2 -verbose 
Command output: 
Command error (if any): [2024-08-21 12:16:56,972 INFO] 
SENT 1: ['s1', 's3']
PRED 1: m3 m7 m8
PRED SCORE: -0.2109

[2024-08-21 12:16:56,973 INFO] 
SENT 2: ['s5', 's6', 's7']
PRED 2: m4 m5 m6
PRED SCORE: -0.0597

[2024-08-21 12:16:56,974 INFO] 
SENT 3: ['s5', 's8']
PRED 3: m9 m10
PRED SCORE: -0.0749

[2024-08-21 12:16:56,974 INFO] 
SENT 4: ['s1', 's6', 's7']
PRED 4: m4 m5 m6
PRED SCORE: -0.0515

[2024-08-21 12:16:56,975 INFO] 
SENT 5: ['s5', 's7']
PRED 5: m4 m5 m6
PRED SCORE: -0.0320

[2024-08-21 12:16:56,975 INFO] PRED SCORE: -0.0858, PRED PPL: 1.09 NB SENTENCES: 5

Executing command: onmt_translate -model ./../output/toy.dblp.v12.json/nmt_transformer-toy/t31.s10.m13.ettransformer.l1024.wv256.lr2.b8.e20000/fold1/model_step_7000.pt -src ./../output/toy.dblp.v12.json/nmt_transformer-toy/t31.s10.m13.ettransformer.l1024.wv256.lr2.b8.e20000/src-test.txt -output ./../output/toy.dblp.v12.json/nmt_transformer-toy/t31.s10.m13.ettransformer.l1024.wv256.lr2.b8.e20000/fold1/test.fold1.epoch7000.pred.csv -gpu 0 --min_length 2 -verbose 
Command output: 
Command error (if any): [2024-08-21 12:17:07,125 INFO] 
SENT 1: ['s1', 's3']
PRED 1: m4 m5 m6
PRED SCORE: -0.3756

[2024-08-21 12:17:07,126 INFO] 
SENT 2: ['s5', 's6', 's7']
PRED 2: m4 m5 m6
PRED SCORE: -0.1395

[2024-08-21 12:17:07,127 INFO] 
SENT 3: ['s5', 's8']
PRED 3: m9 m10 m11
PRED SCORE: -0.0126

[2024-08-21 12:17:07,127 INFO] 
SENT 4: ['s1', 's6', 's7']
PRED 4: m4 m5 m6
PRED SCORE: -0.1555

[2024-08-21 12:17:07,128 INFO] 
SENT 5: ['s5', 's7']
PRED 5: m4 m5 m6
PRED SCORE: -0.0315

[2024-08-21 12:17:07,129 INFO] PRED SCORE: -0.1429, PRED PPL: 1.15 NB SENTENCES: 5

Executing command: onmt_translate -model ./../output/toy.dblp.v12.json/nmt_transformer-toy/t31.s10.m13.ettransformer.l1024.wv256.lr2.b8.e20000/fold1/model_step_8000.pt -src ./../output/toy.dblp.v12.json/nmt_transformer-toy/t31.s10.m13.ettransformer.l1024.wv256.lr2.b8.e20000/src-test.txt -output ./../output/toy.dblp.v12.json/nmt_transformer-toy/t31.s10.m13.ettransformer.l1024.wv256.lr2.b8.e20000/fold1/test.fold1.epoch8000.pred.csv -gpu 0 --min_length 2 -verbose 
Command output: 
Command error (if any): [2024-08-21 12:17:16,618 INFO] 
SENT 1: ['s1', 's3']
PRED 1: m9 m10
PRED SCORE: -0.0820

[2024-08-21 12:17:16,619 INFO] 
SENT 2: ['s5', 's6', 's7']
PRED 2: m4 m5 m6
PRED SCORE: -0.0573

[2024-08-21 12:17:16,620 INFO] 
SENT 3: ['s5', 's8']
PRED 3: m9 m10 m11
PRED SCORE: -0.0286

[2024-08-21 12:17:16,620 INFO] 
SENT 4: ['s1', 's6', 's7']
PRED 4: m5 m6
PRED SCORE: -0.2393

[2024-08-21 12:17:16,621 INFO] 
SENT 5: ['s5', 's7']
PRED 5: m4 m5 m6
PRED SCORE: -0.0846

[2024-08-21 12:17:16,621 INFO] PRED SCORE: -0.0984, PRED PPL: 1.10 NB SENTENCES: 5

Executing command: onmt_translate -model ./../output/toy.dblp.v12.json/nmt_transformer-toy/t31.s10.m13.ettransformer.l1024.wv256.lr2.b8.e20000/fold1/model_step_9000.pt -src ./../output/toy.dblp.v12.json/nmt_transformer-toy/t31.s10.m13.ettransformer.l1024.wv256.lr2.b8.e20000/src-test.txt -output ./../output/toy.dblp.v12.json/nmt_transformer-toy/t31.s10.m13.ettransformer.l1024.wv256.lr2.b8.e20000/fold1/test.fold1.epoch9000.pred.csv -gpu 0 --min_length 2 -verbose 
Command output: 
Command error (if any): [2024-08-21 12:17:26,036 INFO] 
SENT 1: ['s1', 's3']
PRED 1: m0 m3
PRED SCORE: -0.1627

[2024-08-21 12:17:26,037 INFO] 
SENT 2: ['s5', 's6', 's7']
PRED 2: m4 m5 m6
PRED SCORE: -0.0158

[2024-08-21 12:17:26,037 INFO] 
SENT 3: ['s5', 's8']
PRED 3: m9 m10
PRED SCORE: -0.0236

[2024-08-21 12:17:26,038 INFO] 
SENT 4: ['s1', 's6', 's7']
PRED 4: m4 m5 m6
PRED SCORE: -0.0561

[2024-08-21 12:17:26,038 INFO] 
SENT 5: ['s5', 's7']
PRED 5: m4 m5 m6
PRED SCORE: -0.0160

[2024-08-21 12:17:26,039 INFO] PRED SCORE: -0.0548, PRED PPL: 1.06 NB SENTENCES: 5

Executing command: onmt_translate -model ./../output/toy.dblp.v12.json/nmt_transformer-toy/t31.s10.m13.ettransformer.l1024.wv256.lr2.b8.e20000/fold2/model_step_20000.pt -src ./../output/toy.dblp.v12.json/nmt_transformer-toy/t31.s10.m13.ettransformer.l1024.wv256.lr2.b8.e20000/src-test.txt -output ./../output/toy.dblp.v12.json/nmt_transformer-toy/t31.s10.m13.ettransformer.l1024.wv256.lr2.b8.e20000/fold2/test.fold2.epoch20000.pred.csv -gpu 0 --min_length 2 -verbose 
Command output: 
Command error (if any): [2024-08-21 12:17:35,838 INFO] 
SENT 1: ['s1', 's3']
PRED 1: m3 m7
PRED SCORE: -0.0564

[2024-08-21 12:17:35,839 INFO] 
SENT 2: ['s5', 's6', 's7']
PRED 2: m10 m11
PRED SCORE: -0.0259

[2024-08-21 12:17:35,840 INFO] 
SENT 3: ['s5', 's8']
PRED 3: m9 m10
PRED SCORE: -0.0589

[2024-08-21 12:17:35,840 INFO] 
SENT 4: ['s1', 's6', 's7']
PRED 4: m4 m5 m6
PRED SCORE: -0.0166

[2024-08-21 12:17:35,841 INFO] 
SENT 5: ['s5', 's7']
PRED 5: m10 m11
PRED SCORE: -0.0307

[2024-08-21 12:17:35,841 INFO] PRED SCORE: -0.0377, PRED PPL: 1.04 NB SENTENCES: 5

Executing command: onmt_translate -model ./../output/toy.dblp.v12.json/nmt_transformer-toy/t31.s10.m13.ettransformer.l1024.wv256.lr2.b8.e20000/fold2/model_step_1000.pt -src ./../output/toy.dblp.v12.json/nmt_transformer-toy/t31.s10.m13.ettransformer.l1024.wv256.lr2.b8.e20000/src-test.txt -output ./../output/toy.dblp.v12.json/nmt_transformer-toy/t31.s10.m13.ettransformer.l1024.wv256.lr2.b8.e20000/fold2/test.fold2.epoch1000.pred.csv -gpu 0 --min_length 2 -verbose 
Command output: 
Command error (if any): [2024-08-21 12:17:45,930 INFO] 
SENT 1: ['s1', 's3']
PRED 1: m3 m7
PRED SCORE: -0.1865

[2024-08-21 12:17:45,932 INFO] 
SENT 2: ['s5', 's6', 's7']
PRED 2: m10 m11
PRED SCORE: -0.4133

[2024-08-21 12:17:45,933 INFO] 
SENT 3: ['s5', 's8']
PRED 3: m7 m8
PRED SCORE: -0.3641

[2024-08-21 12:17:45,933 INFO] 
SENT 4: ['s1', 's6', 's7']
PRED 4: m4 m5
PRED SCORE: -0.2247

[2024-08-21 12:17:45,934 INFO] 
SENT 5: ['s5', 's7']
PRED 5: m10 m11
PRED SCORE: -0.6981

[2024-08-21 12:17:45,935 INFO] PRED SCORE: -0.3774, PRED PPL: 1.46 NB SENTENCES: 5

Executing command: onmt_translate -model ./../output/toy.dblp.v12.json/nmt_transformer-toy/t31.s10.m13.ettransformer.l1024.wv256.lr2.b8.e20000/fold2/model_step_10000.pt -src ./../output/toy.dblp.v12.json/nmt_transformer-toy/t31.s10.m13.ettransformer.l1024.wv256.lr2.b8.e20000/src-test.txt -output ./../output/toy.dblp.v12.json/nmt_transformer-toy/t31.s10.m13.ettransformer.l1024.wv256.lr2.b8.e20000/fold2/test.fold2.epoch10000.pred.csv -gpu 0 --min_length 2 -verbose 
Command output: 
Command error (if any): [2024-08-21 12:17:55,253 INFO] 
SENT 1: ['s1', 's3']
PRED 1: m4 m6
PRED SCORE: -0.1647

[2024-08-21 12:17:55,254 INFO] 
SENT 2: ['s5', 's6', 's7']
PRED 2: m10 m11
PRED SCORE: -0.0111

[2024-08-21 12:17:55,255 INFO] 
SENT 3: ['s5', 's8']
PRED 3: m9 m10
PRED SCORE: -0.1505

[2024-08-21 12:17:55,256 INFO] 
SENT 4: ['s1', 's6', 's7']
PRED 4: m4 m5 m6
PRED SCORE: -0.0145

[2024-08-21 12:17:55,257 INFO] 
SENT 5: ['s5', 's7']
PRED 5: m10 m11
PRED SCORE: -0.0132

[2024-08-21 12:17:55,258 INFO] PRED SCORE: -0.0708, PRED PPL: 1.07 NB SENTENCES: 5

Executing command: onmt_translate -model ./../output/toy.dblp.v12.json/nmt_transformer-toy/t31.s10.m13.ettransformer.l1024.wv256.lr2.b8.e20000/fold2/model_step_11000.pt -src ./../output/toy.dblp.v12.json/nmt_transformer-toy/t31.s10.m13.ettransformer.l1024.wv256.lr2.b8.e20000/src-test.txt -output ./../output/toy.dblp.v12.json/nmt_transformer-toy/t31.s10.m13.ettransformer.l1024.wv256.lr2.b8.e20000/fold2/test.fold2.epoch11000.pred.csv -gpu 0 --min_length 2 -verbose 
Command output: 
Command error (if any): [2024-08-21 12:18:04,428 INFO] 
SENT 1: ['s1', 's3']
PRED 1: m4 m6
PRED SCORE: -0.1598

[2024-08-21 12:18:04,429 INFO] 
SENT 2: ['s5', 's6', 's7']
PRED 2: m10 m11
PRED SCORE: -0.0123

[2024-08-21 12:18:04,429 INFO] 
SENT 3: ['s5', 's8']
PRED 3: m10 m11
PRED SCORE: -0.1505

[2024-08-21 12:18:04,430 INFO] 
SENT 4: ['s1', 's6', 's7']
PRED 4: m4 m5 m6
PRED SCORE: -0.0168

[2024-08-21 12:18:04,430 INFO] 
SENT 5: ['s5', 's7']
PRED 5: m10 m11
PRED SCORE: -0.0140

[2024-08-21 12:18:04,431 INFO] PRED SCORE: -0.0707, PRED PPL: 1.07 NB SENTENCES: 5

Executing command: onmt_translate -model ./../output/toy.dblp.v12.json/nmt_transformer-toy/t31.s10.m13.ettransformer.l1024.wv256.lr2.b8.e20000/fold2/model_step_12000.pt -src ./../output/toy.dblp.v12.json/nmt_transformer-toy/t31.s10.m13.ettransformer.l1024.wv256.lr2.b8.e20000/src-test.txt -output ./../output/toy.dblp.v12.json/nmt_transformer-toy/t31.s10.m13.ettransformer.l1024.wv256.lr2.b8.e20000/fold2/test.fold2.epoch12000.pred.csv -gpu 0 --min_length 2 -verbose 
Command output: 
Command error (if any): [2024-08-21 12:18:13,665 INFO] 
SENT 1: ['s1', 's3']
PRED 1: m3 m7
PRED SCORE: -0.1984

[2024-08-21 12:18:13,666 INFO] 
SENT 2: ['s5', 's6', 's7']
PRED 2: m10 m11
PRED SCORE: -0.0137

[2024-08-21 12:18:13,667 INFO] 
SENT 3: ['s5', 's8']
PRED 3: m9 m10
PRED SCORE: -0.0121

[2024-08-21 12:18:13,667 INFO] 
SENT 4: ['s1', 's6', 's7']
PRED 4: m4 m5 m6
PRED SCORE: -0.0308

[2024-08-21 12:18:13,668 INFO] 
SENT 5: ['s5', 's7']
PRED 5: m10 m11
PRED SCORE: -0.0176

[2024-08-21 12:18:13,668 INFO] PRED SCORE: -0.0545, PRED PPL: 1.06 NB SENTENCES: 5

Executing command: onmt_translate -model ./../output/toy.dblp.v12.json/nmt_transformer-toy/t31.s10.m13.ettransformer.l1024.wv256.lr2.b8.e20000/fold2/model_step_13000.pt -src ./../output/toy.dblp.v12.json/nmt_transformer-toy/t31.s10.m13.ettransformer.l1024.wv256.lr2.b8.e20000/src-test.txt -output ./../output/toy.dblp.v12.json/nmt_transformer-toy/t31.s10.m13.ettransformer.l1024.wv256.lr2.b8.e20000/fold2/test.fold2.epoch13000.pred.csv -gpu 0 --min_length 2 -verbose 
Command output: 
Command error (if any): [2024-08-21 12:18:22,554 INFO] 
SENT 1: ['s1', 's3']
PRED 1: m3 m7
PRED SCORE: -0.1477

[2024-08-21 12:18:22,554 INFO] 
SENT 2: ['s5', 's6', 's7']
PRED 2: m10 m11
PRED SCORE: -0.0133

[2024-08-21 12:18:22,555 INFO] 
SENT 3: ['s5', 's8']
PRED 3: m9 m10
PRED SCORE: -0.0237

[2024-08-21 12:18:22,556 INFO] 
SENT 4: ['s1', 's6', 's7']
PRED 4: m4 m5 m6
PRED SCORE: -0.0358

[2024-08-21 12:18:22,556 INFO] 
SENT 5: ['s5', 's7']
PRED 5: m10 m11
PRED SCORE: -0.0149

[2024-08-21 12:18:22,557 INFO] PRED SCORE: -0.0471, PRED PPL: 1.05 NB SENTENCES: 5

Executing command: onmt_translate -model ./../output/toy.dblp.v12.json/nmt_transformer-toy/t31.s10.m13.ettransformer.l1024.wv256.lr2.b8.e20000/fold2/model_step_14000.pt -src ./../output/toy.dblp.v12.json/nmt_transformer-toy/t31.s10.m13.ettransformer.l1024.wv256.lr2.b8.e20000/src-test.txt -output ./../output/toy.dblp.v12.json/nmt_transformer-toy/t31.s10.m13.ettransformer.l1024.wv256.lr2.b8.e20000/fold2/test.fold2.epoch14000.pred.csv -gpu 0 --min_length 2 -verbose 
Command output: 
Command error (if any): [2024-08-21 12:18:32,028 INFO] 
SENT 1: ['s1', 's3']
PRED 1: m3 m7
PRED SCORE: -0.0308

[2024-08-21 12:18:32,028 INFO] 
SENT 2: ['s5', 's6', 's7']
PRED 2: m10 m11
PRED SCORE: -0.0156

[2024-08-21 12:18:32,029 INFO] 
SENT 3: ['s5', 's8']
PRED 3: m9 m10
PRED SCORE: -0.0543

[2024-08-21 12:18:32,030 INFO] 
SENT 4: ['s1', 's6', 's7']
PRED 4: m4 m5 m6
PRED SCORE: -0.0190

[2024-08-21 12:18:32,030 INFO] 
SENT 5: ['s5', 's7']
PRED 5: m10 m11
PRED SCORE: -0.0176

[2024-08-21 12:18:32,031 INFO] PRED SCORE: -0.0275, PRED PPL: 1.03 NB SENTENCES: 5

Executing command: onmt_translate -model ./../output/toy.dblp.v12.json/nmt_transformer-toy/t31.s10.m13.ettransformer.l1024.wv256.lr2.b8.e20000/fold2/model_step_15000.pt -src ./../output/toy.dblp.v12.json/nmt_transformer-toy/t31.s10.m13.ettransformer.l1024.wv256.lr2.b8.e20000/src-test.txt -output ./../output/toy.dblp.v12.json/nmt_transformer-toy/t31.s10.m13.ettransformer.l1024.wv256.lr2.b8.e20000/fold2/test.fold2.epoch15000.pred.csv -gpu 0 --min_length 2 -verbose 
Command output: 
Command error (if any): [2024-08-21 12:18:41,450 INFO] 
SENT 1: ['s1', 's3']
PRED 1: m3 m7
PRED SCORE: -0.0352

[2024-08-21 12:18:41,451 INFO] 
SENT 2: ['s5', 's6', 's7']
PRED 2: m10 m11
PRED SCORE: -0.0279

[2024-08-21 12:18:41,452 INFO] 
SENT 3: ['s5', 's8']
PRED 3: m9 m10
PRED SCORE: -0.0649

[2024-08-21 12:18:41,452 INFO] 
SENT 4: ['s1', 's6', 's7']
PRED 4: m4 m5 m6
PRED SCORE: -0.0222

[2024-08-21 12:18:41,453 INFO] 
SENT 5: ['s5', 's7']
PRED 5: m10 m11
PRED SCORE: -0.0309

[2024-08-21 12:18:41,453 INFO] PRED SCORE: -0.0362, PRED PPL: 1.04 NB SENTENCES: 5

Executing command: onmt_translate -model ./../output/toy.dblp.v12.json/nmt_transformer-toy/t31.s10.m13.ettransformer.l1024.wv256.lr2.b8.e20000/fold2/model_step_16000.pt -src ./../output/toy.dblp.v12.json/nmt_transformer-toy/t31.s10.m13.ettransformer.l1024.wv256.lr2.b8.e20000/src-test.txt -output ./../output/toy.dblp.v12.json/nmt_transformer-toy/t31.s10.m13.ettransformer.l1024.wv256.lr2.b8.e20000/fold2/test.fold2.epoch16000.pred.csv -gpu 0 --min_length 2 -verbose 
Command output: 
Command error (if any): [2024-08-21 12:18:50,932 INFO] 
SENT 1: ['s1', 's3']
PRED 1: m3 m7
PRED SCORE: -0.0197

[2024-08-21 12:18:50,933 INFO] 
SENT 2: ['s5', 's6', 's7']
PRED 2: m10 m11
PRED SCORE: -0.0201

[2024-08-21 12:18:50,934 INFO] 
SENT 3: ['s5', 's8']
PRED 3: m9 m10
PRED SCORE: -0.0287

[2024-08-21 12:18:50,934 INFO] 
SENT 4: ['s1', 's6', 's7']
PRED 4: m4 m5 m6
PRED SCORE: -0.0214

[2024-08-21 12:18:50,935 INFO] 
SENT 5: ['s5', 's7']
PRED 5: m10 m11
PRED SCORE: -0.0279

[2024-08-21 12:18:50,935 INFO] PRED SCORE: -0.0236, PRED PPL: 1.02 NB SENTENCES: 5

Executing command: onmt_translate -model ./../output/toy.dblp.v12.json/nmt_transformer-toy/t31.s10.m13.ettransformer.l1024.wv256.lr2.b8.e20000/fold2/model_step_17000.pt -src ./../output/toy.dblp.v12.json/nmt_transformer-toy/t31.s10.m13.ettransformer.l1024.wv256.lr2.b8.e20000/src-test.txt -output ./../output/toy.dblp.v12.json/nmt_transformer-toy/t31.s10.m13.ettransformer.l1024.wv256.lr2.b8.e20000/fold2/test.fold2.epoch17000.pred.csv -gpu 0 --min_length 2 -verbose 
Command output: 
Command error (if any): [2024-08-21 12:19:00,792 INFO] 
SENT 1: ['s1', 's3']
PRED 1: m3 m7
PRED SCORE: -0.0277

[2024-08-21 12:19:00,793 INFO] 
SENT 2: ['s5', 's6', 's7']
PRED 2: m10 m11
PRED SCORE: -0.0185

[2024-08-21 12:19:00,795 INFO] 
SENT 3: ['s5', 's8']
PRED 3: m9 m10
PRED SCORE: -0.1750

[2024-08-21 12:19:00,796 INFO] 
SENT 4: ['s1', 's6', 's7']
PRED 4: m4 m5 m6
PRED SCORE: -0.0429

[2024-08-21 12:19:00,797 INFO] 
SENT 5: ['s5', 's7']
PRED 5: m10 m11
PRED SCORE: -0.0207

[2024-08-21 12:19:00,799 INFO] PRED SCORE: -0.0569, PRED PPL: 1.06 NB SENTENCES: 5

Executing command: onmt_translate -model ./../output/toy.dblp.v12.json/nmt_transformer-toy/t31.s10.m13.ettransformer.l1024.wv256.lr2.b8.e20000/fold2/model_step_18000.pt -src ./../output/toy.dblp.v12.json/nmt_transformer-toy/t31.s10.m13.ettransformer.l1024.wv256.lr2.b8.e20000/src-test.txt -output ./../output/toy.dblp.v12.json/nmt_transformer-toy/t31.s10.m13.ettransformer.l1024.wv256.lr2.b8.e20000/fold2/test.fold2.epoch18000.pred.csv -gpu 0 --min_length 2 -verbose 
Command output: 
Command error (if any): [2024-08-21 12:19:10,078 INFO] 
SENT 1: ['s1', 's3']
PRED 1: m3 m7
PRED SCORE: -0.0307

[2024-08-21 12:19:10,078 INFO] 
SENT 2: ['s5', 's6', 's7']
PRED 2: m10 m11
PRED SCORE: -0.0225

[2024-08-21 12:19:10,079 INFO] 
SENT 3: ['s5', 's8']
PRED 3: m9 m10
PRED SCORE: -0.0751

[2024-08-21 12:19:10,079 INFO] 
SENT 4: ['s1', 's6', 's7']
PRED 4: m4 m5 m6
PRED SCORE: -0.0194

[2024-08-21 12:19:10,080 INFO] 
SENT 5: ['s5', 's7']
PRED 5: m10 m11
PRED SCORE: -0.0270

[2024-08-21 12:19:10,080 INFO] PRED SCORE: -0.0349, PRED PPL: 1.04 NB SENTENCES: 5

Executing command: onmt_translate -model ./../output/toy.dblp.v12.json/nmt_transformer-toy/t31.s10.m13.ettransformer.l1024.wv256.lr2.b8.e20000/fold2/model_step_19000.pt -src ./../output/toy.dblp.v12.json/nmt_transformer-toy/t31.s10.m13.ettransformer.l1024.wv256.lr2.b8.e20000/src-test.txt -output ./../output/toy.dblp.v12.json/nmt_transformer-toy/t31.s10.m13.ettransformer.l1024.wv256.lr2.b8.e20000/fold2/test.fold2.epoch19000.pred.csv -gpu 0 --min_length 2 -verbose 
Command output: 
Command error (if any): [2024-08-21 12:19:20,372 INFO] 
SENT 1: ['s1', 's3']
PRED 1: m3 m7
PRED SCORE: -0.0206

[2024-08-21 12:19:20,374 INFO] 
SENT 2: ['s5', 's6', 's7']
PRED 2: m10 m11
PRED SCORE: -0.0199

[2024-08-21 12:19:20,375 INFO] 
SENT 3: ['s5', 's8']
PRED 3: m9 m10
PRED SCORE: -0.0658

[2024-08-21 12:19:20,376 INFO] 
SENT 4: ['s1', 's6', 's7']
PRED 4: m4 m5 m6
PRED SCORE: -0.0217

[2024-08-21 12:19:20,377 INFO] 
SENT 5: ['s5', 's7']
PRED 5: m10 m11
PRED SCORE: -0.0239

[2024-08-21 12:19:20,378 INFO] PRED SCORE: -0.0304, PRED PPL: 1.03 NB SENTENCES: 5

Executing command: onmt_translate -model ./../output/toy.dblp.v12.json/nmt_transformer-toy/t31.s10.m13.ettransformer.l1024.wv256.lr2.b8.e20000/fold2/model_step_2000.pt -src ./../output/toy.dblp.v12.json/nmt_transformer-toy/t31.s10.m13.ettransformer.l1024.wv256.lr2.b8.e20000/src-test.txt -output ./../output/toy.dblp.v12.json/nmt_transformer-toy/t31.s10.m13.ettransformer.l1024.wv256.lr2.b8.e20000/fold2/test.fold2.epoch2000.pred.csv -gpu 0 --min_length 2 -verbose 
Command output: 
Command error (if any): [2024-08-21 12:19:29,957 INFO] 
SENT 1: ['s1', 's3']
PRED 1: m4 m5 m6
PRED SCORE: -0.1323

[2024-08-21 12:19:29,957 INFO] 
SENT 2: ['s5', 's6', 's7']
PRED 2: m10 m11
PRED SCORE: -0.1740

[2024-08-21 12:19:29,958 INFO] 
SENT 3: ['s5', 's8']
PRED 3: m9 m10
PRED SCORE: -0.2362

[2024-08-21 12:19:29,958 INFO] 
SENT 4: ['s1', 's6', 's7']
PRED 4: m4 m5 m6
PRED SCORE: -0.1025

[2024-08-21 12:19:29,959 INFO] 
SENT 5: ['s5', 's7']
PRED 5: m10 m11
PRED SCORE: -0.1734

[2024-08-21 12:19:29,959 INFO] PRED SCORE: -0.1637, PRED PPL: 1.18 NB SENTENCES: 5

Executing command: onmt_translate -model ./../output/toy.dblp.v12.json/nmt_transformer-toy/t31.s10.m13.ettransformer.l1024.wv256.lr2.b8.e20000/fold2/model_step_20000.pt -src ./../output/toy.dblp.v12.json/nmt_transformer-toy/t31.s10.m13.ettransformer.l1024.wv256.lr2.b8.e20000/src-test.txt -output ./../output/toy.dblp.v12.json/nmt_transformer-toy/t31.s10.m13.ettransformer.l1024.wv256.lr2.b8.e20000/fold2/test.fold2.epoch20000.pred.csv -gpu 0 --min_length 2 -verbose 
Command output: 
Command error (if any): [2024-08-21 12:19:39,761 INFO] 
SENT 1: ['s1', 's3']
PRED 1: m3 m7
PRED SCORE: -0.0564

[2024-08-21 12:19:39,762 INFO] 
SENT 2: ['s5', 's6', 's7']
PRED 2: m10 m11
PRED SCORE: -0.0259

[2024-08-21 12:19:39,763 INFO] 
SENT 3: ['s5', 's8']
PRED 3: m9 m10
PRED SCORE: -0.0589

[2024-08-21 12:19:39,766 INFO] 
SENT 4: ['s1', 's6', 's7']
PRED 4: m4 m5 m6
PRED SCORE: -0.0166

[2024-08-21 12:19:39,768 INFO] 
SENT 5: ['s5', 's7']
PRED 5: m10 m11
PRED SCORE: -0.0307

[2024-08-21 12:19:39,768 INFO] PRED SCORE: -0.0377, PRED PPL: 1.04 NB SENTENCES: 5

Executing command: onmt_translate -model ./../output/toy.dblp.v12.json/nmt_transformer-toy/t31.s10.m13.ettransformer.l1024.wv256.lr2.b8.e20000/fold2/model_step_3000.pt -src ./../output/toy.dblp.v12.json/nmt_transformer-toy/t31.s10.m13.ettransformer.l1024.wv256.lr2.b8.e20000/src-test.txt -output ./../output/toy.dblp.v12.json/nmt_transformer-toy/t31.s10.m13.ettransformer.l1024.wv256.lr2.b8.e20000/fold2/test.fold2.epoch3000.pred.csv -gpu 0 --min_length 2 -verbose 
Command output: 
Command error (if any): [2024-08-21 12:19:48,679 INFO] 
SENT 1: ['s1', 's3']
PRED 1: m4 m6
PRED SCORE: -0.2053

[2024-08-21 12:19:48,680 INFO] 
SENT 2: ['s5', 's6', 's7']
PRED 2: m10 m11
PRED SCORE: -0.1996

[2024-08-21 12:19:48,681 INFO] 
SENT 3: ['s5', 's8']
PRED 3: m9 m10
PRED SCORE: -0.0164

[2024-08-21 12:19:48,682 INFO] 
SENT 4: ['s1', 's6', 's7']
PRED 4: m4 m5 m6
PRED SCORE: -0.1076

[2024-08-21 12:19:48,682 INFO] 
SENT 5: ['s5', 's7']
PRED 5: m10 m11
PRED SCORE: -0.2012

[2024-08-21 12:19:48,683 INFO] PRED SCORE: -0.1461, PRED PPL: 1.16 NB SENTENCES: 5

Executing command: onmt_translate -model ./../output/toy.dblp.v12.json/nmt_transformer-toy/t31.s10.m13.ettransformer.l1024.wv256.lr2.b8.e20000/fold2/model_step_4000.pt -src ./../output/toy.dblp.v12.json/nmt_transformer-toy/t31.s10.m13.ettransformer.l1024.wv256.lr2.b8.e20000/src-test.txt -output ./../output/toy.dblp.v12.json/nmt_transformer-toy/t31.s10.m13.ettransformer.l1024.wv256.lr2.b8.e20000/fold2/test.fold2.epoch4000.pred.csv -gpu 0 --min_length 2 -verbose 
Command output: 
Command error (if any): [2024-08-21 12:19:58,357 INFO] 
SENT 1: ['s1', 's3']
PRED 1: m9 m10
PRED SCORE: -0.1118

[2024-08-21 12:19:58,358 INFO] 
SENT 2: ['s5', 's6', 's7']
PRED 2: m10 m11
PRED SCORE: -0.0229

[2024-08-21 12:19:58,359 INFO] 
SENT 3: ['s5', 's8']
PRED 3: m9 m10
PRED SCORE: -0.0046

[2024-08-21 12:19:58,360 INFO] 
SENT 4: ['s1', 's6', 's7']
PRED 4: m4 m5 m6
PRED SCORE: -0.0531

[2024-08-21 12:19:58,361 INFO] 
SENT 5: ['s5', 's7']
PRED 5: m10 m11
PRED SCORE: -0.0242

[2024-08-21 12:19:58,362 INFO] PRED SCORE: -0.0433, PRED PPL: 1.04 NB SENTENCES: 5

Executing command: onmt_translate -model ./../output/toy.dblp.v12.json/nmt_transformer-toy/t31.s10.m13.ettransformer.l1024.wv256.lr2.b8.e20000/fold2/model_step_5000.pt -src ./../output/toy.dblp.v12.json/nmt_transformer-toy/t31.s10.m13.ettransformer.l1024.wv256.lr2.b8.e20000/src-test.txt -output ./../output/toy.dblp.v12.json/nmt_transformer-toy/t31.s10.m13.ettransformer.l1024.wv256.lr2.b8.e20000/fold2/test.fold2.epoch5000.pred.csv -gpu 0 --min_length 2 -verbose 
Command output: 
Command error (if any): [2024-08-21 12:20:08,087 INFO] 
SENT 1: ['s1', 's3']
PRED 1: m3 m7
PRED SCORE: -0.0154

[2024-08-21 12:20:08,088 INFO] 
SENT 2: ['s5', 's6', 's7']
PRED 2: m10 m11
PRED SCORE: -0.0079

[2024-08-21 12:20:08,088 INFO] 
SENT 3: ['s5', 's8']
PRED 3: m9 m10
PRED SCORE: -0.0083

[2024-08-21 12:20:08,089 INFO] 
SENT 4: ['s1', 's6', 's7']
PRED 4: m4 m5 m6
PRED SCORE: -0.0826

[2024-08-21 12:20:08,090 INFO] 
SENT 5: ['s5', 's7']
PRED 5: m10 m11
PRED SCORE: -0.0085

[2024-08-21 12:20:08,090 INFO] PRED SCORE: -0.0245, PRED PPL: 1.02 NB SENTENCES: 5

Executing command: onmt_translate -model ./../output/toy.dblp.v12.json/nmt_transformer-toy/t31.s10.m13.ettransformer.l1024.wv256.lr2.b8.e20000/fold2/model_step_6000.pt -src ./../output/toy.dblp.v12.json/nmt_transformer-toy/t31.s10.m13.ettransformer.l1024.wv256.lr2.b8.e20000/src-test.txt -output ./../output/toy.dblp.v12.json/nmt_transformer-toy/t31.s10.m13.ettransformer.l1024.wv256.lr2.b8.e20000/fold2/test.fold2.epoch6000.pred.csv -gpu 0 --min_length 2 -verbose 
Command output: 
Command error (if any): [2024-08-21 12:20:18,441 INFO] 
SENT 1: ['s1', 's3']
PRED 1: m4 m6
PRED SCORE: -0.3471

[2024-08-21 12:20:18,442 INFO] 
SENT 2: ['s5', 's6', 's7']
PRED 2: m10 m11
PRED SCORE: -0.0116

[2024-08-21 12:20:18,443 INFO] 
SENT 3: ['s5', 's8']
PRED 3: m10 m11
PRED SCORE: -0.1324

[2024-08-21 12:20:18,444 INFO] 
SENT 4: ['s1', 's6', 's7']
PRED 4: m4 m5 m6
PRED SCORE: -0.0360

[2024-08-21 12:20:18,446 INFO] 
SENT 5: ['s5', 's7']
PRED 5: m10 m11
PRED SCORE: -0.0097

[2024-08-21 12:20:18,447 INFO] PRED SCORE: -0.1074, PRED PPL: 1.11 NB SENTENCES: 5

Executing command: onmt_translate -model ./../output/toy.dblp.v12.json/nmt_transformer-toy/t31.s10.m13.ettransformer.l1024.wv256.lr2.b8.e20000/fold2/model_step_7000.pt -src ./../output/toy.dblp.v12.json/nmt_transformer-toy/t31.s10.m13.ettransformer.l1024.wv256.lr2.b8.e20000/src-test.txt -output ./../output/toy.dblp.v12.json/nmt_transformer-toy/t31.s10.m13.ettransformer.l1024.wv256.lr2.b8.e20000/fold2/test.fold2.epoch7000.pred.csv -gpu 0 --min_length 2 -verbose 
Command output: 
Command error (if any): [2024-08-21 12:20:27,714 INFO] 
SENT 1: ['s1', 's3']
PRED 1: m4 m6
PRED SCORE: -0.3017

[2024-08-21 12:20:27,714 INFO] 
SENT 2: ['s5', 's6', 's7']
PRED 2: m10 m11
PRED SCORE: -0.0099

[2024-08-21 12:20:27,715 INFO] 
SENT 3: ['s5', 's8']
PRED 3: m9 m10
PRED SCORE: -0.0247

[2024-08-21 12:20:27,715 INFO] 
SENT 4: ['s1', 's6', 's7']
PRED 4: m4 m5 m6
PRED SCORE: -0.1090

[2024-08-21 12:20:27,716 INFO] 
SENT 5: ['s5', 's7']
PRED 5: m10 m11
PRED SCORE: -0.0160

[2024-08-21 12:20:27,716 INFO] PRED SCORE: -0.0923, PRED PPL: 1.10 NB SENTENCES: 5

Executing command: onmt_translate -model ./../output/toy.dblp.v12.json/nmt_transformer-toy/t31.s10.m13.ettransformer.l1024.wv256.lr2.b8.e20000/fold2/model_step_8000.pt -src ./../output/toy.dblp.v12.json/nmt_transformer-toy/t31.s10.m13.ettransformer.l1024.wv256.lr2.b8.e20000/src-test.txt -output ./../output/toy.dblp.v12.json/nmt_transformer-toy/t31.s10.m13.ettransformer.l1024.wv256.lr2.b8.e20000/fold2/test.fold2.epoch8000.pred.csv -gpu 0 --min_length 2 -verbose 
Command output: 
Command error (if any): [2024-08-21 12:20:37,781 INFO] 
SENT 1: ['s1', 's3']
PRED 1: m4 m5
PRED SCORE: -0.1981

[2024-08-21 12:20:37,782 INFO] 
SENT 2: ['s5', 's6', 's7']
PRED 2: m10 m11
PRED SCORE: -0.0155

[2024-08-21 12:20:37,782 INFO] 
SENT 3: ['s5', 's8']
PRED 3: m9 m10
PRED SCORE: -0.0105

[2024-08-21 12:20:37,783 INFO] 
SENT 4: ['s1', 's6', 's7']
PRED 4: m4 m5 m6
PRED SCORE: -0.0373

[2024-08-21 12:20:37,783 INFO] 
SENT 5: ['s5', 's7']
PRED 5: m10 m11
PRED SCORE: -0.0204

[2024-08-21 12:20:37,783 INFO] PRED SCORE: -0.0564, PRED PPL: 1.06 NB SENTENCES: 5

Executing command: onmt_translate -model ./../output/toy.dblp.v12.json/nmt_transformer-toy/t31.s10.m13.ettransformer.l1024.wv256.lr2.b8.e20000/fold2/model_step_9000.pt -src ./../output/toy.dblp.v12.json/nmt_transformer-toy/t31.s10.m13.ettransformer.l1024.wv256.lr2.b8.e20000/src-test.txt -output ./../output/toy.dblp.v12.json/nmt_transformer-toy/t31.s10.m13.ettransformer.l1024.wv256.lr2.b8.e20000/fold2/test.fold2.epoch9000.pred.csv -gpu 0 --min_length 2 -verbose 
Command output: 
Command error (if any): [2024-08-21 12:20:47,005 INFO] 
SENT 1: ['s1', 's3']
PRED 1: m4 m6
PRED SCORE: -0.3261

[2024-08-21 12:20:47,006 INFO] 
SENT 2: ['s5', 's6', 's7']
PRED 2: m10 m11
PRED SCORE: -0.0148

[2024-08-21 12:20:47,006 INFO] 
SENT 3: ['s5', 's8']
PRED 3: m9 m10
PRED SCORE: -0.0565

[2024-08-21 12:20:47,007 INFO] 
SENT 4: ['s1', 's6', 's7']
PRED 4: m4 m5 m6
PRED SCORE: -0.0348

[2024-08-21 12:20:47,008 INFO] 
SENT 5: ['s5', 's7']
PRED 5: m10 m11
PRED SCORE: -0.0150

[2024-08-21 12:20:47,008 INFO] PRED SCORE: -0.0894, PRED PPL: 1.09 NB SENTENCES: 5

Building pytrec_eval input for 5 instances ...
Evaluating {'map_cut_2,5,10', 'recall_2,5,10', 'P_2,5,10', 'ndcg_cut_2,5,10'} ...
Averaging ...
Building pytrec_eval input for 5 instances ...
Evaluating {'map_cut_2,5,10', 'recall_2,5,10', 'P_2,5,10', 'ndcg_cut_2,5,10'} ...
Averaging ...
Building pytrec_eval input for 5 instances ...
Evaluating {'map_cut_2,5,10', 'recall_2,5,10', 'P_2,5,10', 'ndcg_cut_2,5,10'} ...
Averaging ...
Building pytrec_eval input for 5 instances ...
Evaluating {'map_cut_2,5,10', 'recall_2,5,10', 'P_2,5,10', 'ndcg_cut_2,5,10'} ...
Averaging ...
Building pytrec_eval input for 5 instances ...
Evaluating {'map_cut_2,5,10', 'recall_2,5,10', 'P_2,5,10', 'ndcg_cut_2,5,10'} ...
Averaging ...
Building pytrec_eval input for 5 instances ...
Evaluating {'map_cut_2,5,10', 'recall_2,5,10', 'P_2,5,10', 'ndcg_cut_2,5,10'} ...
Averaging ...
Building pytrec_eval input for 5 instances ...
Evaluating {'map_cut_2,5,10', 'recall_2,5,10', 'P_2,5,10', 'ndcg_cut_2,5,10'} ...
Averaging ...
Building pytrec_eval input for 5 instances ...
Evaluating {'map_cut_2,5,10', 'recall_2,5,10', 'P_2,5,10', 'ndcg_cut_2,5,10'} ...
Averaging ...
Building pytrec_eval input for 5 instances ...
Evaluating {'map_cut_2,5,10', 'recall_2,5,10', 'P_2,5,10', 'ndcg_cut_2,5,10'} ...
Averaging ...
Building pytrec_eval input for 5 instances ...
Evaluating {'map_cut_2,5,10', 'recall_2,5,10', 'P_2,5,10', 'ndcg_cut_2,5,10'} ...
Averaging ...
Building pytrec_eval input for 5 instances ...
Evaluating {'map_cut_2,5,10', 'recall_2,5,10', 'P_2,5,10', 'ndcg_cut_2,5,10'} ...
Averaging ...
Building pytrec_eval input for 5 instances ...
Evaluating {'map_cut_2,5,10', 'recall_2,5,10', 'P_2,5,10', 'ndcg_cut_2,5,10'} ...
Averaging ...
Building pytrec_eval input for 5 instances ...
Evaluating {'map_cut_2,5,10', 'recall_2,5,10', 'P_2,5,10', 'ndcg_cut_2,5,10'} ...
Averaging ...
Building pytrec_eval input for 5 instances ...
Evaluating {'map_cut_2,5,10', 'recall_2,5,10', 'P_2,5,10', 'ndcg_cut_2,5,10'} ...
Averaging ...
Building pytrec_eval input for 5 instances ...
Evaluating {'map_cut_2,5,10', 'recall_2,5,10', 'P_2,5,10', 'ndcg_cut_2,5,10'} ...
Averaging ...
Building pytrec_eval input for 5 instances ...
Evaluating {'map_cut_2,5,10', 'recall_2,5,10', 'P_2,5,10', 'ndcg_cut_2,5,10'} ...
Averaging ...
Building pytrec_eval input for 5 instances ...
Evaluating {'map_cut_2,5,10', 'recall_2,5,10', 'P_2,5,10', 'ndcg_cut_2,5,10'} ...
Averaging ...
Building pytrec_eval input for 5 instances ...
Evaluating {'map_cut_2,5,10', 'recall_2,5,10', 'P_2,5,10', 'ndcg_cut_2,5,10'} ...
Averaging ...
Building pytrec_eval input for 5 instances ...
Evaluating {'map_cut_2,5,10', 'recall_2,5,10', 'P_2,5,10', 'ndcg_cut_2,5,10'} ...
Averaging ...
Building pytrec_eval input for 5 instances ...
Evaluating {'map_cut_2,5,10', 'recall_2,5,10', 'P_2,5,10', 'ndcg_cut_2,5,10'} ...
Averaging ...
Building pytrec_eval input for 5 instances ...
Evaluating {'map_cut_2,5,10', 'recall_2,5,10', 'P_2,5,10', 'ndcg_cut_2,5,10'} ...
Averaging ...
Building pytrec_eval input for 5 instances ...
Evaluating {'map_cut_2,5,10', 'recall_2,5,10', 'P_2,5,10', 'ndcg_cut_2,5,10'} ...
Averaging ...
Building pytrec_eval input for 5 instances ...
Evaluating {'map_cut_2,5,10', 'recall_2,5,10', 'P_2,5,10', 'ndcg_cut_2,5,10'} ...
Averaging ...
Building pytrec_eval input for 5 instances ...
Evaluating {'map_cut_2,5,10', 'recall_2,5,10', 'P_2,5,10', 'ndcg_cut_2,5,10'} ...
Averaging ...
Building pytrec_eval input for 5 instances ...
Evaluating {'map_cut_2,5,10', 'recall_2,5,10', 'P_2,5,10', 'ndcg_cut_2,5,10'} ...
Averaging ...
Building pytrec_eval input for 5 instances ...
Evaluating {'map_cut_2,5,10', 'recall_2,5,10', 'P_2,5,10', 'ndcg_cut_2,5,10'} ...
Averaging ...
Building pytrec_eval input for 5 instances ...
Evaluating {'map_cut_2,5,10', 'recall_2,5,10', 'P_2,5,10', 'ndcg_cut_2,5,10'} ...
Averaging ...
Building pytrec_eval input for 5 instances ...
Evaluating {'map_cut_2,5,10', 'recall_2,5,10', 'P_2,5,10', 'ndcg_cut_2,5,10'} ...
Averaging ...
Building pytrec_eval input for 5 instances ...
Evaluating {'map_cut_2,5,10', 'recall_2,5,10', 'P_2,5,10', 'ndcg_cut_2,5,10'} ...
Averaging ...
Building pytrec_eval input for 5 instances ...
Evaluating {'map_cut_2,5,10', 'recall_2,5,10', 'P_2,5,10', 'ndcg_cut_2,5,10'} ...
Averaging ...
Building pytrec_eval input for 5 instances ...
Evaluating {'map_cut_2,5,10', 'recall_2,5,10', 'P_2,5,10', 'ndcg_cut_2,5,10'} ...
Averaging ...
Building pytrec_eval input for 5 instances ...
Evaluating {'map_cut_2,5,10', 'recall_2,5,10', 'P_2,5,10', 'ndcg_cut_2,5,10'} ...
Averaging ...
Building pytrec_eval input for 5 instances ...
Evaluating {'map_cut_2,5,10', 'recall_2,5,10', 'P_2,5,10', 'ndcg_cut_2,5,10'} ...
Averaging ...
Building pytrec_eval input for 5 instances ...
Evaluating {'map_cut_2,5,10', 'recall_2,5,10', 'P_2,5,10', 'ndcg_cut_2,5,10'} ...
Averaging ...
Building pytrec_eval input for 5 instances ...
Evaluating {'map_cut_2,5,10', 'recall_2,5,10', 'P_2,5,10', 'ndcg_cut_2,5,10'} ...
Averaging ...
Building pytrec_eval input for 5 instances ...
Evaluating {'map_cut_2,5,10', 'recall_2,5,10', 'P_2,5,10', 'ndcg_cut_2,5,10'} ...
Averaging ...
Building pytrec_eval input for 5 instances ...
Evaluating {'map_cut_2,5,10', 'recall_2,5,10', 'P_2,5,10', 'ndcg_cut_2,5,10'} ...
Averaging ...
Building pytrec_eval input for 5 instances ...
Evaluating {'map_cut_2,5,10', 'recall_2,5,10', 'P_2,5,10', 'ndcg_cut_2,5,10'} ...
Averaging ...
Building pytrec_eval input for 5 instances ...
Evaluating {'map_cut_2,5,10', 'recall_2,5,10', 'P_2,5,10', 'ndcg_cut_2,5,10'} ...
Averaging ...
Building pytrec_eval input for 5 instances ...
Evaluating {'map_cut_2,5,10', 'recall_2,5,10', 'P_2,5,10', 'ndcg_cut_2,5,10'} ...
Averaging ...
Building pytrec_eval input for 5 instances ...
Evaluating {'map_cut_2,5,10', 'recall_2,5,10', 'P_2,5,10', 'ndcg_cut_2,5,10'} ...
Averaging ...
Building pytrec_eval input for 5 instances ...
Evaluating {'map_cut_2,5,10', 'recall_2,5,10', 'P_2,5,10', 'ndcg_cut_2,5,10'} ...
Averaging ...
Building pytrec_eval input for 5 instances ...
Evaluating {'map_cut_2,5,10', 'recall_2,5,10', 'P_2,5,10', 'ndcg_cut_2,5,10'} ...
Averaging ...
Building pytrec_eval input for 5 instances ...
Evaluating {'map_cut_2,5,10', 'recall_2,5,10', 'P_2,5,10', 'ndcg_cut_2,5,10'} ...
Averaging ...
Building pytrec_eval input for 5 instances ...
Evaluating {'map_cut_2,5,10', 'recall_2,5,10', 'P_2,5,10', 'ndcg_cut_2,5,10'} ...
Averaging ...
Building pytrec_eval input for 5 instances ...
Evaluating {'map_cut_2,5,10', 'recall_2,5,10', 'P_2,5,10', 'ndcg_cut_2,5,10'} ...
Averaging ...
Building pytrec_eval input for 5 instances ...
Evaluating {'map_cut_2,5,10', 'recall_2,5,10', 'P_2,5,10', 'ndcg_cut_2,5,10'} ...
Averaging ...
Building pytrec_eval input for 5 instances ...
Evaluating {'map_cut_2,5,10', 'recall_2,5,10', 'P_2,5,10', 'ndcg_cut_2,5,10'} ...
Averaging ...
Building pytrec_eval input for 5 instances ...
Evaluating {'map_cut_2,5,10', 'recall_2,5,10', 'P_2,5,10', 'ndcg_cut_2,5,10'} ...
Averaging ...
Building pytrec_eval input for 5 instances ...
Evaluating {'map_cut_2,5,10', 'recall_2,5,10', 'P_2,5,10', 'ndcg_cut_2,5,10'} ...
Averaging ...
Building pytrec_eval input for 5 instances ...
Evaluating {'map_cut_2,5,10', 'recall_2,5,10', 'P_2,5,10', 'ndcg_cut_2,5,10'} ...
Averaging ...
Building pytrec_eval input for 5 instances ...
Evaluating {'map_cut_2,5,10', 'recall_2,5,10', 'P_2,5,10', 'ndcg_cut_2,5,10'} ...
Averaging ...
Building pytrec_eval input for 5 instances ...
Evaluating {'map_cut_2,5,10', 'recall_2,5,10', 'P_2,5,10', 'ndcg_cut_2,5,10'} ...
Averaging ...
Building pytrec_eval input for 5 instances ...
Evaluating {'map_cut_2,5,10', 'recall_2,5,10', 'P_2,5,10', 'ndcg_cut_2,5,10'} ...
Averaging ...
Building pytrec_eval input for 5 instances ...
Evaluating {'map_cut_2,5,10', 'recall_2,5,10', 'P_2,5,10', 'ndcg_cut_2,5,10'} ...
Averaging ...
Building pytrec_eval input for 5 instances ...
Evaluating {'map_cut_2,5,10', 'recall_2,5,10', 'P_2,5,10', 'ndcg_cut_2,5,10'} ...
Averaging ...
Building pytrec_eval input for 5 instances ...
Evaluating {'map_cut_2,5,10', 'recall_2,5,10', 'P_2,5,10', 'ndcg_cut_2,5,10'} ...
Averaging ...
Building pytrec_eval input for 5 instances ...
Evaluating {'map_cut_2,5,10', 'recall_2,5,10', 'P_2,5,10', 'ndcg_cut_2,5,10'} ...
Averaging ...
Building pytrec_eval input for 5 instances ...
Evaluating {'map_cut_2,5,10', 'recall_2,5,10', 'P_2,5,10', 'ndcg_cut_2,5,10'} ...
Averaging ...
Building pytrec_eval input for 5 instances ...
Evaluating {'map_cut_2,5,10', 'recall_2,5,10', 'P_2,5,10', 'ndcg_cut_2,5,10'} ...
Averaging ...
Building pytrec_eval input for 5 instances ...
Evaluating {'map_cut_2,5,10', 'recall_2,5,10', 'P_2,5,10', 'ndcg_cut_2,5,10'} ...
Averaging ...
Building pytrec_eval input for 5 instances ...
Evaluating {'map_cut_2,5,10', 'recall_2,5,10', 'P_2,5,10', 'ndcg_cut_2,5,10'} ...
Averaging ...
Building pytrec_eval input for 5 instances ...
Evaluating {'map_cut_2,5,10', 'recall_2,5,10', 'P_2,5,10', 'ndcg_cut_2,5,10'} ...
Averaging ...
