[2024-08-21 09:02:19,249 INFO] Counter vocab from 32059 samples.
[2024-08-21 09:02:19,249 INFO] Build vocab on 32059 transformed examples/corpus.
[2024-08-21 09:02:19,646 INFO] Counters src:23
[2024-08-21 09:02:19,647 INFO] Counters tgt:1989
[2024-08-21 09:02:19,649 WARNING] path ./../output/imdb.title.basics.tsv.filtered.mt75.ts3/nmt_transformer-model3/t32059.s23.m2011.ettransformer.l3072.wv512.lr0.0005.b512.e300000/fold0/vocab.src exists, may overwrite...
[2024-08-21 09:02:19,655 WARNING] path ./../output/imdb.title.basics.tsv.filtered.mt75.ts3/nmt_transformer-model3/t32059.s23.m2011.ettransformer.l3072.wv512.lr0.0005.b512.e300000/fold0/vocab.tgt exists, may overwrite...
[2024-08-21 09:02:21,177 INFO] Counter vocab from 32059 samples.
[2024-08-21 09:02:21,177 INFO] Build vocab on 32059 transformed examples/corpus.
[2024-08-21 09:02:21,657 INFO] Counters src:23
[2024-08-21 09:02:21,658 INFO] Counters tgt:1988
[2024-08-21 09:02:21,661 WARNING] path ./../output/imdb.title.basics.tsv.filtered.mt75.ts3/nmt_transformer-model3/t32059.s23.m2011.ettransformer.l3072.wv512.lr0.0005.b512.e300000/fold1/vocab.src exists, may overwrite...
[2024-08-21 09:02:21,667 WARNING] path ./../output/imdb.title.basics.tsv.filtered.mt75.ts3/nmt_transformer-model3/t32059.s23.m2011.ettransformer.l3072.wv512.lr0.0005.b512.e300000/fold1/vocab.tgt exists, may overwrite...
[2024-08-21 09:02:23,288 INFO] Counter vocab from 32059 samples.
[2024-08-21 09:02:23,288 INFO] Build vocab on 32059 transformed examples/corpus.
[2024-08-21 09:02:24,236 INFO] Counters src:23
[2024-08-21 09:02:24,239 INFO] Counters tgt:1992
[2024-08-21 09:02:24,245 WARNING] path ./../output/imdb.title.basics.tsv.filtered.mt75.ts3/nmt_transformer-model3/t32059.s23.m2011.ettransformer.l3072.wv512.lr0.0005.b512.e300000/fold2/vocab.src exists, may overwrite...
[2024-08-21 09:02:24,263 WARNING] path ./../output/imdb.title.basics.tsv.filtered.mt75.ts3/nmt_transformer-model3/t32059.s23.m2011.ettransformer.l3072.wv512.lr0.0005.b512.e300000/fold2/vocab.tgt exists, may overwrite...
[2024-08-21 09:02:27,581 INFO] Missing transforms field for corpus_1 data, set to default: [].
[2024-08-21 09:02:27,587 INFO] Missing transforms field for valid data, set to default: [].
[2024-08-21 09:02:27,593 INFO] Parsed 2 corpora from -data.
[2024-08-21 09:02:27,600 INFO] Get special vocabs from Transforms: {'src': [], 'tgt': []}.
[2024-08-21 09:02:27,622 INFO] Building model...
[2024-08-21 09:02:35,506 INFO] NMTModel(
  (encoder): TransformerEncoder(
    (embeddings): Embeddings(
      (make_embedding): Sequential(
        (emb_luts): Elementwise(
          (0): Embedding(32, 512, padding_idx=1)
        )
      )
      (dropout): Dropout(p=0.2, inplace=False)
    )
    (transformer): ModuleList(
      (0): TransformerEncoderLayer(
        (self_attn): MultiHeadedAttention(
          (linear_keys): Linear(in_features=512, out_features=512, bias=False)
          (linear_values): Linear(in_features=512, out_features=512, bias=False)
          (linear_query): Linear(in_features=512, out_features=512, bias=False)
          (softmax): Softmax(dim=-1)
          (dropout): Dropout(p=0.2, inplace=False)
          (final_linear): Linear(in_features=512, out_features=512, bias=False)
          (relative_positions_embeddings): Embedding(41, 64)
        )
        (feed_forward): PositionwiseFeedForward(
          (w_1): Linear(in_features=512, out_features=3072, bias=True)
          (w_2): Linear(in_features=3072, out_features=512, bias=True)
          (layer_norm): LayerNorm((512,), eps=1e-06, elementwise_affine=True)
          (dropout_1): Dropout(p=0.2, inplace=False)
          (dropout_2): Dropout(p=0.2, inplace=False)
        )
        (layer_norm): LayerNorm((512,), eps=1e-06, elementwise_affine=True)
        (dropout): Dropout(p=0.2, inplace=False)
      )
      (1): TransformerEncoderLayer(
        (self_attn): MultiHeadedAttention(
          (linear_keys): Linear(in_features=512, out_features=512, bias=False)
          (linear_values): Linear(in_features=512, out_features=512, bias=False)
          (linear_query): Linear(in_features=512, out_features=512, bias=False)
          (softmax): Softmax(dim=-1)
          (dropout): Dropout(p=0.2, inplace=False)
          (final_linear): Linear(in_features=512, out_features=512, bias=False)
          (relative_positions_embeddings): Embedding(41, 64)
        )
        (feed_forward): PositionwiseFeedForward(
          (w_1): Linear(in_features=512, out_features=3072, bias=True)
          (w_2): Linear(in_features=3072, out_features=512, bias=True)
          (layer_norm): LayerNorm((512,), eps=1e-06, elementwise_affine=True)
          (dropout_1): Dropout(p=0.2, inplace=False)
          (dropout_2): Dropout(p=0.2, inplace=False)
        )
        (layer_norm): LayerNorm((512,), eps=1e-06, elementwise_affine=True)
        (dropout): Dropout(p=0.2, inplace=False)
      )
      (2): TransformerEncoderLayer(
        (self_attn): MultiHeadedAttention(
          (linear_keys): Linear(in_features=512, out_features=512, bias=False)
          (linear_values): Linear(in_features=512, out_features=512, bias=False)
          (linear_query): Linear(in_features=512, out_features=512, bias=False)
          (softmax): Softmax(dim=-1)
          (dropout): Dropout(p=0.2, inplace=False)
          (final_linear): Linear(in_features=512, out_features=512, bias=False)
          (relative_positions_embeddings): Embedding(41, 64)
        )
        (feed_forward): PositionwiseFeedForward(
          (w_1): Linear(in_features=512, out_features=3072, bias=True)
          (w_2): Linear(in_features=3072, out_features=512, bias=True)
          (layer_norm): LayerNorm((512,), eps=1e-06, elementwise_affine=True)
          (dropout_1): Dropout(p=0.2, inplace=False)
          (dropout_2): Dropout(p=0.2, inplace=False)
        )
        (layer_norm): LayerNorm((512,), eps=1e-06, elementwise_affine=True)
        (dropout): Dropout(p=0.2, inplace=False)
      )
      (3): TransformerEncoderLayer(
        (self_attn): MultiHeadedAttention(
          (linear_keys): Linear(in_features=512, out_features=512, bias=False)
          (linear_values): Linear(in_features=512, out_features=512, bias=False)
          (linear_query): Linear(in_features=512, out_features=512, bias=False)
          (softmax): Softmax(dim=-1)
          (dropout): Dropout(p=0.2, inplace=False)
          (final_linear): Linear(in_features=512, out_features=512, bias=False)
          (relative_positions_embeddings): Embedding(41, 64)
        )
        (feed_forward): PositionwiseFeedForward(
          (w_1): Linear(in_features=512, out_features=3072, bias=True)
          (w_2): Linear(in_features=3072, out_features=512, bias=True)
          (layer_norm): LayerNorm((512,), eps=1e-06, elementwise_affine=True)
          (dropout_1): Dropout(p=0.2, inplace=False)
          (dropout_2): Dropout(p=0.2, inplace=False)
        )
        (layer_norm): LayerNorm((512,), eps=1e-06, elementwise_affine=True)
        (dropout): Dropout(p=0.2, inplace=False)
      )
    )
    (layer_norm): LayerNorm((512,), eps=1e-06, elementwise_affine=True)
  )
  (decoder): TransformerDecoder(
    (embeddings): Embeddings(
      (make_embedding): Sequential(
        (emb_luts): Elementwise(
          (0): Embedding(2000, 512, padding_idx=1)
        )
      )
      (dropout): Dropout(p=0.2, inplace=False)
    )
    (layer_norm): LayerNorm((512,), eps=1e-06, elementwise_affine=True)
    (transformer_layers): ModuleList(
      (0): TransformerDecoderLayer(
        (self_attn): MultiHeadedAttention(
          (linear_keys): Linear(in_features=512, out_features=512, bias=False)
          (linear_values): Linear(in_features=512, out_features=512, bias=False)
          (linear_query): Linear(in_features=512, out_features=512, bias=False)
          (softmax): Softmax(dim=-1)
          (dropout): Dropout(p=0.2, inplace=False)
          (final_linear): Linear(in_features=512, out_features=512, bias=False)
          (relative_positions_embeddings): Embedding(41, 64)
        )
        (feed_forward): PositionwiseFeedForward(
          (w_1): Linear(in_features=512, out_features=3072, bias=True)
          (w_2): Linear(in_features=3072, out_features=512, bias=True)
          (layer_norm): LayerNorm((512,), eps=1e-06, elementwise_affine=True)
          (dropout_1): Dropout(p=0.2, inplace=False)
          (dropout_2): Dropout(p=0.2, inplace=False)
        )
        (layer_norm_1): LayerNorm((512,), eps=1e-06, elementwise_affine=True)
        (drop): Dropout(p=0.2, inplace=False)
        (context_attn): MultiHeadedAttention(
          (linear_keys): Linear(in_features=512, out_features=512, bias=False)
          (linear_values): Linear(in_features=512, out_features=512, bias=False)
          (linear_query): Linear(in_features=512, out_features=512, bias=False)
          (softmax): Softmax(dim=-1)
          (dropout): Dropout(p=0.2, inplace=False)
          (final_linear): Linear(in_features=512, out_features=512, bias=False)
        )
        (layer_norm_2): LayerNorm((512,), eps=1e-06, elementwise_affine=True)
      )
      (1): TransformerDecoderLayer(
        (self_attn): MultiHeadedAttention(
          (linear_keys): Linear(in_features=512, out_features=512, bias=False)
          (linear_values): Linear(in_features=512, out_features=512, bias=False)
          (linear_query): Linear(in_features=512, out_features=512, bias=False)
          (softmax): Softmax(dim=-1)
          (dropout): Dropout(p=0.2, inplace=False)
          (final_linear): Linear(in_features=512, out_features=512, bias=False)
          (relative_positions_embeddings): Embedding(41, 64)
        )
        (feed_forward): PositionwiseFeedForward(
          (w_1): Linear(in_features=512, out_features=3072, bias=True)
          (w_2): Linear(in_features=3072, out_features=512, bias=True)
          (layer_norm): LayerNorm((512,), eps=1e-06, elementwise_affine=True)
          (dropout_1): Dropout(p=0.2, inplace=False)
          (dropout_2): Dropout(p=0.2, inplace=False)
        )
        (layer_norm_1): LayerNorm((512,), eps=1e-06, elementwise_affine=True)
        (drop): Dropout(p=0.2, inplace=False)
        (context_attn): MultiHeadedAttention(
          (linear_keys): Linear(in_features=512, out_features=512, bias=False)
          (linear_values): Linear(in_features=512, out_features=512, bias=False)
          (linear_query): Linear(in_features=512, out_features=512, bias=False)
          (softmax): Softmax(dim=-1)
          (dropout): Dropout(p=0.2, inplace=False)
          (final_linear): Linear(in_features=512, out_features=512, bias=False)
        )
        (layer_norm_2): LayerNorm((512,), eps=1e-06, elementwise_affine=True)
      )
      (2): TransformerDecoderLayer(
        (self_attn): MultiHeadedAttention(
          (linear_keys): Linear(in_features=512, out_features=512, bias=False)
          (linear_values): Linear(in_features=512, out_features=512, bias=False)
          (linear_query): Linear(in_features=512, out_features=512, bias=False)
          (softmax): Softmax(dim=-1)
          (dropout): Dropout(p=0.2, inplace=False)
          (final_linear): Linear(in_features=512, out_features=512, bias=False)
          (relative_positions_embeddings): Embedding(41, 64)
        )
        (feed_forward): PositionwiseFeedForward(
          (w_1): Linear(in_features=512, out_features=3072, bias=True)
          (w_2): Linear(in_features=3072, out_features=512, bias=True)
          (layer_norm): LayerNorm((512,), eps=1e-06, elementwise_affine=True)
          (dropout_1): Dropout(p=0.2, inplace=False)
          (dropout_2): Dropout(p=0.2, inplace=False)
        )
        (layer_norm_1): LayerNorm((512,), eps=1e-06, elementwise_affine=True)
        (drop): Dropout(p=0.2, inplace=False)
        (context_attn): MultiHeadedAttention(
          (linear_keys): Linear(in_features=512, out_features=512, bias=False)
          (linear_values): Linear(in_features=512, out_features=512, bias=False)
          (linear_query): Linear(in_features=512, out_features=512, bias=False)
          (softmax): Softmax(dim=-1)
          (dropout): Dropout(p=0.2, inplace=False)
          (final_linear): Linear(in_features=512, out_features=512, bias=False)
        )
        (layer_norm_2): LayerNorm((512,), eps=1e-06, elementwise_affine=True)
      )
      (3): TransformerDecoderLayer(
        (self_attn): MultiHeadedAttention(
          (linear_keys): Linear(in_features=512, out_features=512, bias=False)
          (linear_values): Linear(in_features=512, out_features=512, bias=False)
          (linear_query): Linear(in_features=512, out_features=512, bias=False)
          (softmax): Softmax(dim=-1)
          (dropout): Dropout(p=0.2, inplace=False)
          (final_linear): Linear(in_features=512, out_features=512, bias=False)
          (relative_positions_embeddings): Embedding(41, 64)
        )
        (feed_forward): PositionwiseFeedForward(
          (w_1): Linear(in_features=512, out_features=3072, bias=True)
          (w_2): Linear(in_features=3072, out_features=512, bias=True)
          (layer_norm): LayerNorm((512,), eps=1e-06, elementwise_affine=True)
          (dropout_1): Dropout(p=0.2, inplace=False)
          (dropout_2): Dropout(p=0.2, inplace=False)
        )
        (layer_norm_1): LayerNorm((512,), eps=1e-06, elementwise_affine=True)
        (drop): Dropout(p=0.2, inplace=False)
        (context_attn): MultiHeadedAttention(
          (linear_keys): Linear(in_features=512, out_features=512, bias=False)
          (linear_values): Linear(in_features=512, out_features=512, bias=False)
          (linear_query): Linear(in_features=512, out_features=512, bias=False)
          (softmax): Softmax(dim=-1)
          (dropout): Dropout(p=0.2, inplace=False)
          (final_linear): Linear(in_features=512, out_features=512, bias=False)
        )
        (layer_norm_2): LayerNorm((512,), eps=1e-06, elementwise_affine=True)
      )
    )
  )
  (generator): Linear(in_features=512, out_features=2000, bias=True)
)
[2024-08-21 09:02:35,508 INFO] encoder: 16827648
[2024-08-21 09:02:35,509 INFO] decoder: 23059664
[2024-08-21 09:02:35,509 INFO] * number of parameters: 39887312
[2024-08-21 09:02:35,510 INFO]  * src vocab size = 32
[2024-08-21 09:02:35,510 INFO]  * tgt vocab size = 2000
[2024-08-21 09:02:35,517 INFO] Starting training on GPU: [0]
[2024-08-21 09:02:35,517 INFO] Start training loop and validate every 10000 steps...
[2024-08-21 09:02:35,518 INFO] Scoring with: TransformPipe()
[2024-08-21 09:02:37,079 INFO] Weighted corpora loaded so far:
			* corpus_1: 1
[2024-08-21 09:02:37,155 INFO] Weighted corpora loaded so far:
			* corpus_1: 1
[2024-08-21 09:02:37,181 INFO] Weighted corpora loaded so far:
			* corpus_1: 1
[2024-08-21 09:02:37,212 INFO] Weighted corpora loaded so far:
			* corpus_1: 1
[2024-08-21 09:02:37,291 INFO] Weighted corpora loaded so far:
			* corpus_1: 2
[2024-08-21 09:02:37,390 INFO] Weighted corpora loaded so far:
			* corpus_1: 2
[2024-08-21 09:02:37,413 INFO] Weighted corpora loaded so far:
			* corpus_1: 2
[2024-08-21 09:02:37,444 INFO] Weighted corpora loaded so far:
			* corpus_1: 2
[2024-08-21 09:02:37,519 INFO] Weighted corpora loaded so far:
			* corpus_1: 3
[2024-08-21 09:02:37,614 INFO] Weighted corpora loaded so far:
			* corpus_1: 3
[2024-08-21 09:02:37,637 INFO] Weighted corpora loaded so far:
			* corpus_1: 3
[2024-08-21 09:02:37,669 INFO] Weighted corpora loaded so far:
			* corpus_1: 3
[2024-08-21 09:02:37,805 INFO] Weighted corpora loaded so far:
			* corpus_1: 4
[2024-08-21 09:02:37,895 INFO] Weighted corpora loaded so far:
			* corpus_1: 4
[2024-08-21 09:02:37,924 INFO] Weighted corpora loaded so far:
			* corpus_1: 4
[2024-08-21 09:02:37,951 INFO] Weighted corpora loaded so far:
			* corpus_1: 4
[2024-08-21 09:02:38,023 INFO] Weighted corpora loaded so far:
			* corpus_1: 5
[2024-08-21 09:02:38,118 INFO] Weighted corpora loaded so far:
			* corpus_1: 5
[2024-08-21 09:02:38,145 INFO] Weighted corpora loaded so far:
			* corpus_1: 5
[2024-08-21 09:02:38,174 INFO] Weighted corpora loaded so far:
			* corpus_1: 5
[2024-08-21 09:02:38,249 INFO] Weighted corpora loaded so far:
			* corpus_1: 6
[2024-08-21 09:02:38,345 INFO] Weighted corpora loaded so far:
			* corpus_1: 6
[2024-08-21 09:02:38,374 INFO] Weighted corpora loaded so far:
			* corpus_1: 6
[2024-08-21 09:02:38,404 INFO] Weighted corpora loaded so far:
			* corpus_1: 6
[2024-08-21 09:02:38,476 INFO] Weighted corpora loaded so far:
			* corpus_1: 7
[2024-08-21 09:02:38,566 INFO] Weighted corpora loaded so far:
			* corpus_1: 7
[2024-08-21 09:02:38,594 INFO] Weighted corpora loaded so far:
			* corpus_1: 7
[2024-08-21 09:02:38,622 INFO] Weighted corpora loaded so far:
			* corpus_1: 7
[2024-08-21 09:02:38,776 INFO] Weighted corpora loaded so far:
			* corpus_1: 8
[2024-08-21 09:02:38,873 INFO] Weighted corpora loaded so far:
			* corpus_1: 8
[2024-08-21 09:02:38,901 INFO] Weighted corpora loaded so far:
			* corpus_1: 8
[2024-08-21 09:02:38,936 INFO] Weighted corpora loaded so far:
			* corpus_1: 8
[2024-08-21 09:02:38,996 INFO] Weighted corpora loaded so far:
			* corpus_1: 9
[2024-08-21 09:02:39,106 INFO] Weighted corpora loaded so far:
			* corpus_1: 9
[2024-08-21 09:02:39,133 INFO] Weighted corpora loaded so far:
			* corpus_1: 9
[2024-08-21 09:02:39,173 INFO] Weighted corpora loaded so far:
			* corpus_1: 9
[2024-08-21 09:02:39,232 INFO] Weighted corpora loaded so far:
			* corpus_1: 10
[2024-08-21 09:02:39,331 INFO] Weighted corpora loaded so far:
			* corpus_1: 10
[2024-08-21 09:02:39,362 INFO] Weighted corpora loaded so far:
			* corpus_1: 10
[2024-08-21 09:02:39,408 INFO] Weighted corpora loaded so far:
			* corpus_1: 10
[2024-08-21 09:02:39,581 INFO] Weighted corpora loaded so far:
			* corpus_1: 11
[2024-08-21 09:02:39,690 INFO] Weighted corpora loaded so far:
			* corpus_1: 11
[2024-08-21 09:02:39,716 INFO] Weighted corpora loaded so far:
			* corpus_1: 11
[2024-08-21 09:02:39,758 INFO] Weighted corpora loaded so far:
			* corpus_1: 11
[2024-08-21 09:02:39,784 INFO] Weighted corpora loaded so far:
			* corpus_1: 12
[2024-08-21 09:02:39,913 INFO] Weighted corpora loaded so far:
			* corpus_1: 12
[2024-08-21 09:02:39,942 INFO] Weighted corpora loaded so far:
			* corpus_1: 12
[2024-08-21 09:02:39,988 INFO] Weighted corpora loaded so far:
			* corpus_1: 12
[2024-08-21 09:02:40,008 INFO] Weighted corpora loaded so far:
			* corpus_1: 13
[2024-08-21 09:02:40,139 INFO] Weighted corpora loaded so far:
			* corpus_1: 13
[2024-08-21 09:02:40,164 INFO] Weighted corpora loaded so far:
			* corpus_1: 13
[2024-08-21 09:02:40,212 INFO] Weighted corpora loaded so far:
			* corpus_1: 13
[2024-08-21 09:02:40,234 INFO] Weighted corpora loaded so far:
			* corpus_1: 14
[2024-08-21 09:02:40,358 INFO] Weighted corpora loaded so far:
			* corpus_1: 14
[2024-08-21 09:02:40,384 INFO] Weighted corpora loaded so far:
			* corpus_1: 14
[2024-08-21 09:02:40,426 INFO] Weighted corpora loaded so far:
			* corpus_1: 14
[2024-08-21 09:02:40,570 INFO] Weighted corpora loaded so far:
			* corpus_1: 15
[2024-08-21 09:02:40,733 INFO] Weighted corpora loaded so far:
			* corpus_1: 15
[2024-08-21 09:02:40,763 INFO] Weighted corpora loaded so far:
			* corpus_1: 15
[2024-08-21 09:02:40,784 INFO] Weighted corpora loaded so far:
			* corpus_1: 16
[2024-08-21 09:02:40,820 INFO] Weighted corpora loaded so far:
			* corpus_1: 15
[2024-08-21 09:02:40,956 INFO] Weighted corpora loaded so far:
			* corpus_1: 16
[2024-08-21 09:02:40,988 INFO] Weighted corpora loaded so far:
			* corpus_1: 16
[2024-08-21 09:02:41,007 INFO] Weighted corpora loaded so far:
			* corpus_1: 17
[2024-08-21 09:02:41,041 INFO] Weighted corpora loaded so far:
			* corpus_1: 16
[2024-08-21 09:02:41,193 INFO] Weighted corpora loaded so far:
			* corpus_1: 17
[2024-08-21 09:02:41,232 INFO] Weighted corpora loaded so far:
			* corpus_1: 17
[2024-08-21 09:02:41,258 INFO] Weighted corpora loaded so far:
			* corpus_1: 18
[2024-08-21 09:02:41,296 INFO] Weighted corpora loaded so far:
			* corpus_1: 17
[2024-08-21 09:02:41,460 INFO] Weighted corpora loaded so far:
			* corpus_1: 18
[2024-08-21 09:02:41,490 INFO] Weighted corpora loaded so far:
			* corpus_1: 18
[2024-08-21 09:02:41,549 INFO] Weighted corpora loaded so far:
			* corpus_1: 18
[2024-08-21 09:02:41,718 INFO] Weighted corpora loaded so far:
			* corpus_1: 19
[2024-08-21 09:02:41,909 INFO] Weighted corpora loaded so far:
			* corpus_1: 19
[2024-08-21 09:02:41,930 INFO] Weighted corpora loaded so far:
			* corpus_1: 19
[2024-08-21 09:02:41,948 INFO] Weighted corpora loaded so far:
			* corpus_1: 20
[2024-08-21 09:02:42,004 INFO] Weighted corpora loaded so far:
			* corpus_1: 19
[2024-08-21 09:02:42,138 INFO] Weighted corpora loaded so far:
			* corpus_1: 20
[2024-08-21 09:02:42,157 INFO] Weighted corpora loaded so far:
			* corpus_1: 20
[2024-08-21 09:02:42,174 INFO] Weighted corpora loaded so far:
			* corpus_1: 21
[2024-08-21 09:02:42,229 INFO] Weighted corpora loaded so far:
			* corpus_1: 20
[2024-08-21 09:02:42,363 INFO] Weighted corpora loaded so far:
			* corpus_1: 21
[2024-08-21 09:02:42,383 INFO] Weighted corpora loaded so far:
			* corpus_1: 21
[2024-08-21 09:02:42,402 INFO] Weighted corpora loaded so far:
			* corpus_1: 22
[2024-08-21 09:02:42,461 INFO] Weighted corpora loaded so far:
			* corpus_1: 21
[2024-08-21 09:02:42,614 INFO] Weighted corpora loaded so far:
			* corpus_1: 22
[2024-08-21 09:02:42,634 INFO] Weighted corpora loaded so far:
			* corpus_1: 22
[2024-08-21 09:02:42,654 INFO] Weighted corpora loaded so far:
			* corpus_1: 23
[2024-08-21 09:02:42,713 INFO] Weighted corpora loaded so far:
			* corpus_1: 22
[2024-08-21 09:02:42,850 INFO] Weighted corpora loaded so far:
			* corpus_1: 23
[2024-08-21 09:02:42,873 INFO] Weighted corpora loaded so far:
			* corpus_1: 23
[2024-08-21 09:02:42,892 INFO] Weighted corpora loaded so far:
			* corpus_1: 24
[2024-08-21 09:02:42,945 INFO] Weighted corpora loaded so far:
			* corpus_1: 23
[2024-08-21 09:02:43,079 INFO] Weighted corpora loaded so far:
			* corpus_1: 24
[2024-08-21 09:02:43,107 INFO] Weighted corpora loaded so far:
			* corpus_1: 24
[2024-08-21 09:02:43,170 INFO] Weighted corpora loaded so far:
			* corpus_1: 24
[2024-08-21 09:02:43,350 INFO] Weighted corpora loaded so far:
			* corpus_1: 25
[2024-08-21 09:02:43,575 INFO] Weighted corpora loaded so far:
			* corpus_1: 26
[2024-08-21 09:02:43,580 INFO] Weighted corpora loaded so far:
			* corpus_1: 25
[2024-08-21 09:02:43,585 INFO] Weighted corpora loaded so far:
			* corpus_1: 25
[2024-08-21 09:02:43,657 INFO] Weighted corpora loaded so far:
			* corpus_1: 25
[2024-08-21 09:02:43,795 INFO] Weighted corpora loaded so far:
			* corpus_1: 27
[2024-08-21 09:02:43,798 INFO] Weighted corpora loaded so far:
			* corpus_1: 26
[2024-08-21 09:02:43,802 INFO] Weighted corpora loaded so far:
			* corpus_1: 26
[2024-08-21 09:02:43,879 INFO] Weighted corpora loaded so far:
			* corpus_1: 26
[2024-08-21 09:02:44,011 INFO] Weighted corpora loaded so far:
			* corpus_1: 28
[2024-08-21 09:02:44,016 INFO] Weighted corpora loaded so far:
			* corpus_1: 27
[2024-08-21 09:02:44,023 INFO] Weighted corpora loaded so far:
			* corpus_1: 27
[2024-08-21 09:02:44,101 INFO] Weighted corpora loaded so far:
			* corpus_1: 27
[2024-08-21 09:02:44,232 INFO] Weighted corpora loaded so far:
			* corpus_1: 29
[2024-08-21 09:02:44,238 INFO] Weighted corpora loaded so far:
			* corpus_1: 28
[2024-08-21 09:02:44,242 INFO] Weighted corpora loaded so far:
			* corpus_1: 28
[2024-08-21 09:02:44,323 INFO] Weighted corpora loaded so far:
			* corpus_1: 28
[2024-08-21 09:02:44,453 INFO] Weighted corpora loaded so far:
			* corpus_1: 30
[2024-08-21 09:02:44,462 INFO] Weighted corpora loaded so far:
			* corpus_1: 29
[2024-08-21 09:02:44,464 INFO] Weighted corpora loaded so far:
			* corpus_1: 29
[2024-08-21 09:02:44,549 INFO] Weighted corpora loaded so far:
			* corpus_1: 29
[2024-08-21 09:02:44,682 INFO] Weighted corpora loaded so far:
			* corpus_1: 30
[2024-08-21 09:02:44,686 INFO] Weighted corpora loaded so far:
			* corpus_1: 30
[2024-08-21 09:02:44,762 INFO] Weighted corpora loaded so far:
			* corpus_1: 30
[2024-08-21 09:02:44,951 INFO] Weighted corpora loaded so far:
			* corpus_1: 31
[2024-08-21 09:02:45,134 INFO] Weighted corpora loaded so far:
			* corpus_1: 32
[2024-08-21 09:02:45,176 INFO] Weighted corpora loaded so far:
			* corpus_1: 31
[2024-08-21 09:02:45,213 INFO] Weighted corpora loaded so far:
			* corpus_1: 31
[2024-08-21 09:02:45,282 INFO] Weighted corpora loaded so far:
			* corpus_1: 31
[2024-08-21 09:02:45,346 INFO] Weighted corpora loaded so far:
			* corpus_1: 33
[2024-08-21 09:02:45,396 INFO] Weighted corpora loaded so far:
			* corpus_1: 32
[2024-08-21 09:02:45,441 INFO] Weighted corpora loaded so far:
			* corpus_1: 32
[2024-08-21 09:02:45,517 INFO] Weighted corpora loaded so far:
			* corpus_1: 32
[2024-08-21 09:02:45,581 INFO] Weighted corpora loaded so far:
			* corpus_1: 34
[2024-08-21 09:02:45,628 INFO] Weighted corpora loaded so far:
			* corpus_1: 33
[2024-08-21 09:02:45,671 INFO] Weighted corpora loaded so far:
			* corpus_1: 33
[2024-08-21 09:02:45,744 INFO] Weighted corpora loaded so far:
			* corpus_1: 33
[2024-08-21 09:02:45,804 INFO] Weighted corpora loaded so far:
			* corpus_1: 35
[2024-08-21 09:02:45,848 INFO] Weighted corpora loaded so far:
			* corpus_1: 34
[2024-08-21 09:02:45,890 INFO] Weighted corpora loaded so far:
			* corpus_1: 34
[2024-08-21 09:02:45,961 INFO] Weighted corpora loaded so far:
			* corpus_1: 34
[2024-08-21 09:02:46,020 INFO] Weighted corpora loaded so far:
			* corpus_1: 36
[2024-08-21 09:02:46,068 INFO] Weighted corpora loaded so far:
			* corpus_1: 35
[2024-08-21 09:02:46,109 INFO] Weighted corpora loaded so far:
			* corpus_1: 35
[2024-08-21 09:02:46,183 INFO] Weighted corpora loaded so far:
			* corpus_1: 35
[2024-08-21 09:02:46,242 INFO] Weighted corpora loaded so far:
			* corpus_1: 37
[2024-08-21 09:02:46,291 INFO] Weighted corpora loaded so far:
			* corpus_1: 36
[2024-08-21 09:02:46,332 INFO] Weighted corpora loaded so far:
			* corpus_1: 36
[2024-08-21 09:02:46,409 INFO] Weighted corpora loaded so far:
			* corpus_1: 36
[2024-08-21 09:02:46,463 INFO] Weighted corpora loaded so far:
			* corpus_1: 38
[2024-08-21 09:02:46,517 INFO] Weighted corpora loaded so far:
			* corpus_1: 37
[2024-08-21 09:02:46,560 INFO] Weighted corpora loaded so far:
			* corpus_1: 37
[2024-08-21 09:02:46,631 INFO] Weighted corpora loaded so far:
			* corpus_1: 37
[2024-08-21 09:02:46,685 INFO] Weighted corpora loaded so far:
			* corpus_1: 39
[2024-08-21 09:02:46,735 INFO] Weighted corpora loaded so far:
			* corpus_1: 38
[2024-08-21 09:02:46,777 INFO] Weighted corpora loaded so far:
			* corpus_1: 38
[2024-08-21 09:02:46,846 INFO] Weighted corpora loaded so far:
			* corpus_1: 38
[2024-08-21 09:02:46,943 INFO] Weighted corpora loaded so far:
			* corpus_1: 39
[2024-08-21 09:02:46,982 INFO] Weighted corpora loaded so far:
			* corpus_1: 39
[2024-08-21 09:02:47,057 INFO] Weighted corpora loaded so far:
			* corpus_1: 39
[2024-08-21 09:02:47,254 INFO] Weighted corpora loaded so far:
			* corpus_1: 40
[2024-08-21 09:02:47,444 INFO] Weighted corpora loaded so far:
			* corpus_1: 41
[2024-08-21 09:02:47,543 INFO] Weighted corpora loaded so far:
			* corpus_1: 40
[2024-08-21 09:02:47,615 INFO] Weighted corpora loaded so far:
			* corpus_1: 40
[2024-08-21 09:02:47,651 INFO] Weighted corpora loaded so far:
			* corpus_1: 40
[2024-08-21 09:02:47,675 INFO] Weighted corpora loaded so far:
			* corpus_1: 42
[2024-08-21 09:02:47,773 INFO] Weighted corpora loaded so far:
			* corpus_1: 41
[2024-08-21 09:02:47,837 INFO] Weighted corpora loaded so far:
			* corpus_1: 41
[2024-08-21 09:02:47,873 INFO] Weighted corpora loaded so far:
			* corpus_1: 41
[2024-08-21 09:02:47,893 INFO] Weighted corpora loaded so far:
			* corpus_1: 43
[2024-08-21 09:02:47,992 INFO] Weighted corpora loaded so far:
			* corpus_1: 42
[2024-08-21 09:02:48,058 INFO] Weighted corpora loaded so far:
			* corpus_1: 42
[2024-08-21 09:02:48,093 INFO] Weighted corpora loaded so far:
			* corpus_1: 42
[2024-08-21 09:02:48,111 INFO] Weighted corpora loaded so far:
			* corpus_1: 44
[2024-08-21 09:02:48,214 INFO] Weighted corpora loaded so far:
			* corpus_1: 43
[2024-08-21 09:02:48,282 INFO] Weighted corpora loaded so far:
			* corpus_1: 43
[2024-08-21 09:02:48,319 INFO] Weighted corpora loaded so far:
			* corpus_1: 43
[2024-08-21 09:02:48,337 INFO] Weighted corpora loaded so far:
			* corpus_1: 45
[2024-08-21 09:02:48,439 INFO] Weighted corpora loaded so far:
			* corpus_1: 44
[2024-08-21 09:02:48,504 INFO] Weighted corpora loaded so far:
			* corpus_1: 44
[2024-08-21 09:02:48,542 INFO] Weighted corpora loaded so far:
			* corpus_1: 44
[2024-08-21 09:02:48,560 INFO] Weighted corpora loaded so far:
			* corpus_1: 46
[2024-08-21 09:02:48,658 INFO] Weighted corpora loaded so far:
			* corpus_1: 45
[2024-08-21 09:02:48,723 INFO] Weighted corpora loaded so far:
			* corpus_1: 45
[2024-08-21 09:02:48,762 INFO] Weighted corpora loaded so far:
			* corpus_1: 45
[2024-08-21 09:02:48,780 INFO] Weighted corpora loaded so far:
			* corpus_1: 47
[2024-08-21 09:02:48,877 INFO] Weighted corpora loaded so far:
			* corpus_1: 46
[2024-08-21 09:02:48,946 INFO] Weighted corpora loaded so far:
			* corpus_1: 46
[2024-08-21 09:02:48,983 INFO] Weighted corpora loaded so far:
			* corpus_1: 46
[2024-08-21 09:02:48,996 INFO] Weighted corpora loaded so far:
			* corpus_1: 48
[2024-08-21 09:02:49,095 INFO] Weighted corpora loaded so far:
			* corpus_1: 47
[2024-08-21 09:02:49,162 INFO] Weighted corpora loaded so far:
			* corpus_1: 47
[2024-08-21 09:02:49,201 INFO] Weighted corpora loaded so far:
			* corpus_1: 47
[2024-08-21 09:02:49,215 INFO] Weighted corpora loaded so far:
			* corpus_1: 49
[2024-08-21 09:02:49,316 INFO] Weighted corpora loaded so far:
			* corpus_1: 48
[2024-08-21 09:02:49,388 INFO] Weighted corpora loaded so far:
			* corpus_1: 48
[2024-08-21 09:02:49,426 INFO] Weighted corpora loaded so far:
			* corpus_1: 48
[2024-08-21 09:02:49,441 INFO] Weighted corpora loaded so far:
			* corpus_1: 50
[2024-08-21 09:02:49,539 INFO] Weighted corpora loaded so far:
			* corpus_1: 49
[2024-08-21 09:02:49,600 INFO] Weighted corpora loaded so far:
			* corpus_1: 49
[2024-08-21 09:02:49,638 INFO] Weighted corpora loaded so far:
			* corpus_1: 49
[2024-08-21 09:02:49,762 INFO] Weighted corpora loaded so far:
			* corpus_1: 50
[2024-08-21 09:02:49,826 INFO] Weighted corpora loaded so far:
			* corpus_1: 50
[2024-08-21 09:02:49,860 INFO] Weighted corpora loaded so far:
			* corpus_1: 50
[2024-08-21 09:02:50,117 INFO] Weighted corpora loaded so far:
			* corpus_1: 51
[2024-08-21 09:02:50,311 INFO] Weighted corpora loaded so far:
			* corpus_1: 52
[2024-08-21 09:02:50,448 INFO] Weighted corpora loaded so far:
			* corpus_1: 51
[2024-08-21 09:02:50,549 INFO] Weighted corpora loaded so far:
			* corpus_1: 53
[2024-08-21 09:02:50,560 INFO] Weighted corpora loaded so far:
			* corpus_1: 51
[2024-08-21 09:02:50,576 INFO] Weighted corpora loaded so far:
			* corpus_1: 51
[2024-08-21 09:02:50,697 INFO] Weighted corpora loaded so far:
			* corpus_1: 52
[2024-08-21 09:02:50,817 INFO] Weighted corpora loaded so far:
			* corpus_1: 54
[2024-08-21 09:02:50,829 INFO] Weighted corpora loaded so far:
			* corpus_1: 52
[2024-08-21 09:02:50,850 INFO] Weighted corpora loaded so far:
			* corpus_1: 52
[2024-08-21 09:02:51,141 INFO] Weighted corpora loaded so far:
			* corpus_1: 53
[2024-08-21 09:02:51,303 INFO] Weighted corpora loaded so far:
			* corpus_1: 55
[2024-08-21 09:02:51,311 INFO] Weighted corpora loaded so far:
			* corpus_1: 53
[2024-08-21 09:02:51,332 INFO] Weighted corpora loaded so far:
			* corpus_1: 53
[2024-08-21 09:02:51,481 INFO] Weighted corpora loaded so far:
			* corpus_1: 54
[2024-08-21 09:02:51,590 INFO] Weighted corpora loaded so far:
			* corpus_1: 56
[2024-08-21 09:02:51,600 INFO] Weighted corpora loaded so far:
			* corpus_1: 54
[2024-08-21 09:02:51,617 INFO] Weighted corpora loaded so far:
			* corpus_1: 54
[2024-08-21 09:02:51,753 INFO] Weighted corpora loaded so far:
			* corpus_1: 55
[2024-08-21 09:02:51,883 INFO] Weighted corpora loaded so far:
			* corpus_1: 57
[2024-08-21 09:02:51,889 INFO] Weighted corpora loaded so far:
			* corpus_1: 55
[2024-08-21 09:02:51,905 INFO] Weighted corpora loaded so far:
			* corpus_1: 55
[2024-08-21 09:02:52,047 INFO] Weighted corpora loaded so far:
			* corpus_1: 56
[2024-08-21 09:02:52,162 INFO] Weighted corpora loaded so far:
			* corpus_1: 58
[2024-08-21 09:02:52,162 INFO] Weighted corpora loaded so far:
			* corpus_1: 56
[2024-08-21 09:02:52,177 INFO] Weighted corpora loaded so far:
			* corpus_1: 56
[2024-08-21 09:02:52,299 INFO] Weighted corpora loaded so far:
			* corpus_1: 57
[2024-08-21 09:02:52,395 INFO] Weighted corpora loaded so far:
			* corpus_1: 57
[2024-08-21 09:02:52,414 INFO] Weighted corpora loaded so far:
			* corpus_1: 57
[2024-08-21 09:02:52,527 INFO] Weighted corpora loaded so far:
			* corpus_1: 58
[2024-08-21 09:02:52,621 INFO] Weighted corpora loaded so far:
			* corpus_1: 58
[2024-08-21 09:02:52,641 INFO] Weighted corpora loaded so far:
			* corpus_1: 58
[2024-08-21 09:03:03,672 INFO] Step 50/300000; acc: 0.1; ppl: 2262.3; xent: 7.7; lr: 0.00000; sents:    4624; bsz:  218/ 418/92; 387/742 tok/s;     28 sec;
[2024-08-21 09:03:08,515 INFO] Step 100/300000; acc: 0.1; ppl: 2255.4; xent: 7.7; lr: 0.00000; sents:    4585; bsz:  217/ 419/92; 2235/4323 tok/s;     33 sec;
[2024-08-21 09:03:13,467 INFO] Step 150/300000; acc: 0.0; ppl: 2258.1; xent: 7.7; lr: 0.00000; sents:    4327; bsz:  204/ 424/87; 2059/4279 tok/s;     38 sec;
[2024-08-21 09:03:18,173 INFO] Step 200/300000; acc: 0.1; ppl: 2244.2; xent: 7.7; lr: 0.00000; sents:    4396; bsz:  208/ 422/88; 2208/4490 tok/s;     43 sec;
[2024-08-21 09:03:22,708 INFO] Step 250/300000; acc: 0.0; ppl: 2252.5; xent: 7.7; lr: 0.00000; sents:    4595; bsz:  217/ 418/92; 2393/4613 tok/s;     47 sec;
[2024-08-21 09:03:27,458 INFO] Step 300/300000; acc: 0.1; ppl: 2246.6; xent: 7.7; lr: 0.00000; sents:    4201; bsz:  198/ 426/84; 2081/4490 tok/s;     52 sec;
[2024-08-21 09:03:32,286 INFO] Step 350/300000; acc: 0.1; ppl: 2253.3; xent: 7.7; lr: 0.00000; sents:    4188; bsz:  197/ 427/84; 2042/4421 tok/s;     57 sec;
[2024-08-21 09:03:37,326 INFO] Step 400/300000; acc: 0.1; ppl: 2255.6; xent: 7.7; lr: 0.00000; sents:    4074; bsz:  192/ 429/81; 1901/4260 tok/s;     62 sec;
[2024-08-21 09:03:42,746 INFO] Step 450/300000; acc: 0.1; ppl: 2250.9; xent: 7.7; lr: 0.00000; sents:    4378; bsz:  206/ 423/88; 1903/3902 tok/s;     67 sec;
[2024-08-21 09:03:47,610 INFO] Step 500/300000; acc: 0.1; ppl: 2243.2; xent: 7.7; lr: 0.00000; sents:    4398; bsz:  207/ 422/88; 2130/4343 tok/s;     72 sec;
[2024-08-21 09:03:52,825 INFO] Step 550/300000; acc: 0.1; ppl: 2234.0; xent: 7.7; lr: 0.00000; sents:    4501; bsz:  212/ 420/90; 2036/4030 tok/s;     77 sec;
[2024-08-21 09:03:57,581 INFO] Step 600/300000; acc: 0.1; ppl: 2226.1; xent: 7.7; lr: 0.00000; sents:    4281; bsz:  202/ 425/86; 2126/4467 tok/s;     82 sec;
[2024-08-21 09:04:02,274 INFO] Step 650/300000; acc: 0.1; ppl: 2212.1; xent: 7.7; lr: 0.00000; sents:    4258; bsz:  200/ 425/85; 2134/4531 tok/s;     87 sec;
[2024-08-21 09:04:06,870 INFO] Step 700/300000; acc: 0.1; ppl: 2233.2; xent: 7.7; lr: 0.00000; sents:    4209; bsz:  199/ 426/84; 2167/4639 tok/s;     91 sec;
[2024-08-21 09:04:11,495 INFO] Step 750/300000; acc: 0.1; ppl: 2210.4; xent: 7.7; lr: 0.00000; sents:    4287; bsz:  202/ 425/86; 2181/4591 tok/s;     96 sec;
[2024-08-21 09:04:16,608 INFO] Step 800/300000; acc: 0.1; ppl: 2198.7; xent: 7.7; lr: 0.00000; sents:    4668; bsz:  221/ 417/93; 2159/4076 tok/s;    101 sec;
[2024-08-21 09:04:21,804 INFO] Step 850/300000; acc: 0.1; ppl: 2195.0; xent: 7.7; lr: 0.00000; sents:    4481; bsz:  212/ 421/90; 2038/4048 tok/s;    106 sec;
[2024-08-21 09:04:29,226 INFO] Step 900/300000; acc: 0.1; ppl: 2214.7; xent: 7.7; lr: 0.00000; sents:    4072; bsz:  192/ 429/81; 1295/2888 tok/s;    114 sec;
[2024-08-21 09:04:37,618 INFO] Step 950/300000; acc: 0.1; ppl: 2163.9; xent: 7.7; lr: 0.00000; sents:    4391; bsz:  208/ 422/88; 1239/2517 tok/s;    122 sec;
[2024-08-21 09:04:44,170 INFO] Step 1000/300000; acc: 0.2; ppl: 2130.8; xent: 7.7; lr: 0.00000; sents:    4653; bsz:  220/ 417/93; 1682/3185 tok/s;    129 sec;
[2024-08-21 09:04:48,990 INFO] Step 1050/300000; acc: 0.2; ppl: 2152.2; xent: 7.7; lr: 0.00000; sents:    4583; bsz:  217/ 419/92; 2257/4343 tok/s;    133 sec;
[2024-08-21 09:04:55,249 INFO] Step 1100/300000; acc: 0.2; ppl: 2157.4; xent: 7.7; lr: 0.00000; sents:    4257; bsz:  201/ 425/85; 1603/3397 tok/s;    140 sec;
[2024-08-21 09:05:00,870 INFO] Step 1150/300000; acc: 0.2; ppl: 2101.5; xent: 7.7; lr: 0.00000; sents:    4703; bsz:  222/ 416/94; 1972/3702 tok/s;    145 sec;
[2024-08-21 09:05:06,048 INFO] Step 1200/300000; acc: 0.2; ppl: 2115.0; xent: 7.7; lr: 0.00000; sents:    4502; bsz:  214/ 418/90; 2063/4038 tok/s;    151 sec;
[2024-08-21 09:05:11,215 INFO] Step 1250/300000; acc: 0.3; ppl: 2097.1; xent: 7.6; lr: 0.00000; sents:    4441; bsz:  210/ 420/89; 2029/4061 tok/s;    156 sec;
[2024-08-21 09:05:17,442 INFO] Step 1300/300000; acc: 0.2; ppl: 2117.1; xent: 7.7; lr: 0.00000; sents:    4239; bsz:  200/ 425/85; 1604/3411 tok/s;    162 sec;
[2024-08-21 09:05:21,997 INFO] Step 1350/300000; acc: 0.2; ppl: 2104.2; xent: 7.7; lr: 0.00000; sents:    4196; bsz:  199/ 427/84; 2183/4684 tok/s;    166 sec;
[2024-08-21 09:05:26,805 INFO] Step 1400/300000; acc: 0.2; ppl: 2072.5; xent: 7.6; lr: 0.00000; sents:    4518; bsz:  213/ 420/90; 2213/4368 tok/s;    171 sec;
[2024-08-21 09:05:31,828 INFO] Step 1450/300000; acc: 0.3; ppl: 2073.2; xent: 7.6; lr: 0.00000; sents:    4316; bsz:  204/ 424/86; 2030/4223 tok/s;    176 sec;
[2024-08-21 09:05:36,808 INFO] Step 1500/300000; acc: 0.4; ppl: 2068.5; xent: 7.6; lr: 0.00000; sents:    4221; bsz:  200/ 426/84; 2006/4280 tok/s;    181 sec;
[2024-08-21 09:05:41,630 INFO] Step 1550/300000; acc: 0.4; ppl: 2038.5; xent: 7.6; lr: 0.00000; sents:    4189; bsz:  198/ 427/84; 2053/4428 tok/s;    186 sec;
[2024-08-21 09:05:47,842 INFO] Step 1600/300000; acc: 0.5; ppl: 2033.2; xent: 7.6; lr: 0.00000; sents:    4198; bsz:  198/ 427/84; 1592/3434 tok/s;    192 sec;
[2024-08-21 09:05:55,280 INFO] Step 1650/300000; acc: 0.5; ppl: 2010.2; xent: 7.6; lr: 0.00000; sents:    4288; bsz:  203/ 425/86; 1364/2855 tok/s;    200 sec;
[2024-08-21 09:06:02,352 INFO] Step 1700/300000; acc: 0.6; ppl: 1969.1; xent: 7.6; lr: 0.00000; sents:    4582; bsz:  216/ 413/92; 1534/2926 tok/s;    207 sec;
[2024-08-21 09:06:10,477 INFO] Step 1750/300000; acc: 0.7; ppl: 1979.2; xent: 7.6; lr: 0.00000; sents:    4390; bsz:  207/ 423/88; 1277/2601 tok/s;    215 sec;
[2024-08-21 09:06:20,883 INFO] Step 1800/300000; acc: 0.8; ppl: 1981.6; xent: 7.6; lr: 0.00000; sents:    4152; bsz:  195/ 426/83; 938/2049 tok/s;    225 sec;
[2024-08-21 09:06:28,066 INFO] Step 1850/300000; acc: 1.0; ppl: 1953.3; xent: 7.6; lr: 0.00000; sents:    4407; bsz:  208/ 421/88; 1450/2932 tok/s;    233 sec;
[2024-08-21 09:06:33,616 INFO] Step 1900/300000; acc: 1.0; ppl: 1949.7; xent: 7.6; lr: 0.00000; sents:    4116; bsz:  194/ 428/82; 1750/3860 tok/s;    238 sec;
[2024-08-21 09:06:38,943 INFO] Step 1950/300000; acc: 1.3; ppl: 1958.5; xent: 7.6; lr: 0.00000; sents:    4132; bsz:  194/ 428/83; 1825/4018 tok/s;    243 sec;
[2024-08-21 09:06:43,603 INFO] Step 2000/300000; acc: 1.5; ppl: 1900.5; xent: 7.5; lr: 0.00000; sents:    4219; bsz:  199/ 425/84; 2136/4560 tok/s;    248 sec;
[2024-08-21 09:06:48,547 INFO] Step 2050/300000; acc: 1.5; ppl: 1876.4; xent: 7.5; lr: 0.00000; sents:    4566; bsz:  216/ 419/91; 2188/4239 tok/s;    253 sec;
[2024-08-21 09:06:54,364 INFO] Step 2100/300000; acc: 1.8; ppl: 1876.1; xent: 7.5; lr: 0.00000; sents:    4352; bsz:  207/ 423/87; 1776/3640 tok/s;    259 sec;
[2024-08-21 09:07:00,271 INFO] Step 2150/300000; acc: 1.9; ppl: 1878.7; xent: 7.5; lr: 0.00000; sents:    4123; bsz:  195/ 427/82; 1653/3617 tok/s;    265 sec;
[2024-08-21 09:07:05,153 INFO] Step 2200/300000; acc: 2.2; ppl: 1892.2; xent: 7.5; lr: 0.00000; sents:    4044; bsz:  191/ 430/81; 1960/4403 tok/s;    270 sec;
[2024-08-21 09:07:09,838 INFO] Step 2250/300000; acc: 2.5; ppl: 1870.7; xent: 7.5; lr: 0.00000; sents:    4065; bsz:  191/ 429/81; 2041/4582 tok/s;    274 sec;
[2024-08-21 09:07:14,396 INFO] Step 2300/300000; acc: 3.1; ppl: 1828.3; xent: 7.5; lr: 0.00000; sents:    4200; bsz:  198/ 427/84; 2172/4679 tok/s;    279 sec;
[2024-08-21 09:07:21,813 INFO] Step 2350/300000; acc: 3.5; ppl: 1785.5; xent: 7.5; lr: 0.00000; sents:    4415; bsz:  209/ 422/88; 1406/2842 tok/s;    286 sec;
[2024-08-21 09:07:26,531 INFO] Step 2400/300000; acc: 4.1; ppl: 1752.2; xent: 7.5; lr: 0.00000; sents:    4524; bsz:  214/ 419/90; 2270/4438 tok/s;    291 sec;
[2024-08-21 09:07:31,587 INFO] Step 2450/300000; acc: 4.5; ppl: 1763.8; xent: 7.5; lr: 0.00000; sents:    4304; bsz:  204/ 424/86; 2017/4197 tok/s;    296 sec;
[2024-08-21 09:07:36,606 INFO] Step 2500/300000; acc: 5.3; ppl: 1704.5; xent: 7.4; lr: 0.00000; sents:    4386; bsz:  207/ 413/88; 2064/4113 tok/s;    301 sec;
[2024-08-21 09:07:41,488 INFO] Weighted corpora loaded so far:
			* corpus_1: 59
[2024-08-21 09:07:41,839 INFO] Weighted corpora loaded so far:
			* corpus_1: 60
[2024-08-21 09:07:42,190 INFO] Weighted corpora loaded so far:
			* corpus_1: 61
[2024-08-21 09:07:42,540 INFO] Weighted corpora loaded so far:
			* corpus_1: 62
[2024-08-21 09:07:43,087 INFO] Weighted corpora loaded so far:
			* corpus_1: 63
[2024-08-21 09:07:43,723 INFO] Step 2550/300000; acc: 5.7; ppl: 1726.1; xent: 7.5; lr: 0.00000; sents:    4292; bsz:  202/ 425/86; 1417/2984 tok/s;    308 sec;
[2024-08-21 09:07:44,819 INFO] Weighted corpora loaded so far:
			* corpus_1: 59
[2024-08-21 09:07:45,152 INFO] Weighted corpora loaded so far:
			* corpus_1: 60
[2024-08-21 09:07:45,315 INFO] Weighted corpora loaded so far:
			* corpus_1: 64
[2024-08-21 09:07:45,467 INFO] Weighted corpora loaded so far:
			* corpus_1: 61
[2024-08-21 09:07:45,631 INFO] Weighted corpora loaded so far:
			* corpus_1: 65
[2024-08-21 09:07:45,766 INFO] Weighted corpora loaded so far:
			* corpus_1: 62
[2024-08-21 09:07:45,933 INFO] Weighted corpora loaded so far:
			* corpus_1: 66
[2024-08-21 09:07:46,085 INFO] Weighted corpora loaded so far:
			* corpus_1: 63
[2024-08-21 09:07:46,251 INFO] Weighted corpora loaded so far:
			* corpus_1: 67
[2024-08-21 09:07:46,574 INFO] Weighted corpora loaded so far:
			* corpus_1: 68
[2024-08-21 09:07:46,887 INFO] Weighted corpora loaded so far:
			* corpus_1: 69
[2024-08-21 09:07:47,211 INFO] Weighted corpora loaded so far:
			* corpus_1: 70
[2024-08-21 09:07:47,503 INFO] Weighted corpora loaded so far:
			* corpus_1: 71
[2024-08-21 09:07:47,827 INFO] Weighted corpora loaded so far:
			* corpus_1: 72
[2024-08-21 09:07:48,121 INFO] Weighted corpora loaded so far:
			* corpus_1: 73
[2024-08-21 09:07:48,468 INFO] Weighted corpora loaded so far:
			* corpus_1: 74
[2024-08-21 09:07:48,468 INFO] Weighted corpora loaded so far:
			* corpus_1: 64
[2024-08-21 09:07:48,757 INFO] Weighted corpora loaded so far:
			* corpus_1: 75
[2024-08-21 09:07:48,771 INFO] Weighted corpora loaded so far:
			* corpus_1: 65
[2024-08-21 09:07:49,065 INFO] Weighted corpora loaded so far:
			* corpus_1: 76
[2024-08-21 09:07:49,116 INFO] Weighted corpora loaded so far:
			* corpus_1: 66
[2024-08-21 09:07:49,468 INFO] Weighted corpora loaded so far:
			* corpus_1: 77
[2024-08-21 09:07:49,507 INFO] Weighted corpora loaded so far:
			* corpus_1: 67
[2024-08-21 09:07:49,791 INFO] Weighted corpora loaded so far:
			* corpus_1: 78
[2024-08-21 09:07:49,824 INFO] Weighted corpora loaded so far:
			* corpus_1: 68
[2024-08-21 09:07:49,904 INFO] Step 2600/300000; acc: 6.6; ppl: 1668.7; xent: 7.4; lr: 0.00000; sents:    4536; bsz:  215/ 420/91; 1736/3395 tok/s;    314 sec;
[2024-08-21 09:07:50,139 INFO] Weighted corpora loaded so far:
			* corpus_1: 79
[2024-08-21 09:07:50,150 INFO] Weighted corpora loaded so far:
			* corpus_1: 69
[2024-08-21 09:07:50,443 INFO] Weighted corpora loaded so far:
			* corpus_1: 80
[2024-08-21 09:07:50,445 INFO] Weighted corpora loaded so far:
			* corpus_1: 70
[2024-08-21 09:07:50,743 INFO] Weighted corpora loaded so far:
			* corpus_1: 71
[2024-08-21 09:07:50,747 INFO] Weighted corpora loaded so far:
			* corpus_1: 81
[2024-08-21 09:07:51,048 INFO] Weighted corpora loaded so far:
			* corpus_1: 72
[2024-08-21 09:07:51,048 INFO] Weighted corpora loaded so far:
			* corpus_1: 82
[2024-08-21 09:07:51,924 INFO] Weighted corpora loaded so far:
			* corpus_1: 73
[2024-08-21 09:07:52,515 INFO] Weighted corpora loaded so far:
			* corpus_1: 74
[2024-08-21 09:07:52,805 INFO] Weighted corpora loaded so far:
			* corpus_1: 75
[2024-08-21 09:07:53,128 INFO] Weighted corpora loaded so far:
			* corpus_1: 76
[2024-08-21 09:07:53,408 INFO] Weighted corpora loaded so far:
			* corpus_1: 77
[2024-08-21 09:07:53,734 INFO] Weighted corpora loaded so far:
			* corpus_1: 78
[2024-08-21 09:07:54,062 INFO] Weighted corpora loaded so far:
			* corpus_1: 83
[2024-08-21 09:07:54,117 INFO] Weighted corpora loaded so far:
			* corpus_1: 79
[2024-08-21 09:07:54,462 INFO] Weighted corpora loaded so far:
			* corpus_1: 84
[2024-08-21 09:07:54,514 INFO] Weighted corpora loaded so far:
			* corpus_1: 80
[2024-08-21 09:07:54,953 INFO] Weighted corpora loaded so far:
			* corpus_1: 85
[2024-08-21 09:07:55,003 INFO] Weighted corpora loaded so far:
			* corpus_1: 81
[2024-08-21 09:07:55,261 INFO] Weighted corpora loaded so far:
			* corpus_1: 86
[2024-08-21 09:07:55,296 INFO] Weighted corpora loaded so far:
			* corpus_1: 82
[2024-08-21 09:07:55,548 INFO] Weighted corpora loaded so far:
			* corpus_1: 87
[2024-08-21 09:07:55,831 INFO] Weighted corpora loaded so far:
			* corpus_1: 88
[2024-08-21 09:07:56,153 INFO] Weighted corpora loaded so far:
			* corpus_1: 89
[2024-08-21 09:07:56,445 INFO] Weighted corpora loaded so far:
			* corpus_1: 90
[2024-08-21 09:07:56,709 INFO] Weighted corpora loaded so far:
			* corpus_1: 91
[2024-08-21 09:07:57,023 INFO] Weighted corpora loaded so far:
			* corpus_1: 92
[2024-08-21 09:07:57,485 INFO] Weighted corpora loaded so far:
			* corpus_1: 93
[2024-08-21 09:07:57,641 INFO] Step 2650/300000; acc: 7.7; ppl: 1627.5; xent: 7.4; lr: 0.00000; sents:    4595; bsz:  218/ 417/92; 1407/2695 tok/s;    322 sec;
[2024-08-21 09:07:57,867 INFO] Weighted corpora loaded so far:
			* corpus_1: 83
[2024-08-21 09:07:57,919 INFO] Weighted corpora loaded so far:
			* corpus_1: 94
[2024-08-21 09:07:58,286 INFO] Weighted corpora loaded so far:
			* corpus_1: 84
[2024-08-21 09:07:58,332 INFO] Weighted corpora loaded so far:
			* corpus_1: 95
[2024-08-21 09:07:58,575 INFO] Weighted corpora loaded so far:
			* corpus_1: 85
[2024-08-21 09:07:58,615 INFO] Weighted corpora loaded so far:
			* corpus_1: 96
[2024-08-21 09:07:58,861 INFO] Weighted corpora loaded so far:
			* corpus_1: 86
[2024-08-21 09:07:58,902 INFO] Weighted corpora loaded so far:
			* corpus_1: 97
[2024-08-21 09:07:59,174 INFO] Weighted corpora loaded so far:
			* corpus_1: 87
[2024-08-21 09:07:59,206 INFO] Weighted corpora loaded so far:
			* corpus_1: 98
[2024-08-21 09:07:59,605 INFO] Weighted corpora loaded so far:
			* corpus_1: 88
[2024-08-21 09:07:59,641 INFO] Weighted corpora loaded so far:
			* corpus_1: 99
[2024-08-21 09:07:59,946 INFO] Weighted corpora loaded so far:
			* corpus_1: 89
[2024-08-21 09:07:59,973 INFO] Weighted corpora loaded so far:
			* corpus_1: 100
[2024-08-21 09:08:00,300 INFO] Weighted corpora loaded so far:
			* corpus_1: 90
[2024-08-21 09:08:00,527 INFO] Weighted corpora loaded so far:
			* corpus_1: 101
[2024-08-21 09:08:00,946 INFO] Weighted corpora loaded so far:
			* corpus_1: 91
[2024-08-21 09:08:00,968 INFO] Weighted corpora loaded so far:
			* corpus_1: 102
[2024-08-21 09:08:01,268 INFO] Weighted corpora loaded so far:
			* corpus_1: 92
[2024-08-21 09:08:01,291 INFO] Weighted corpora loaded so far:
			* corpus_1: 103
[2024-08-21 09:08:01,597 INFO] Weighted corpora loaded so far:
			* corpus_1: 93
[2024-08-21 09:08:01,612 INFO] Weighted corpora loaded so far:
			* corpus_1: 104
[2024-08-21 09:08:01,805 INFO] Weighted corpora loaded so far:
			* corpus_1: 59
[2024-08-21 09:08:01,916 INFO] Weighted corpora loaded so far:
			* corpus_1: 94
[2024-08-21 09:08:01,940 INFO] Weighted corpora loaded so far:
			* corpus_1: 105
[2024-08-21 09:08:02,145 INFO] Weighted corpora loaded so far:
			* corpus_1: 60
[2024-08-21 09:08:02,239 INFO] Weighted corpora loaded so far:
			* corpus_1: 95
[2024-08-21 09:08:02,259 INFO] Weighted corpora loaded so far:
			* corpus_1: 106
[2024-08-21 09:08:02,458 INFO] Weighted corpora loaded so far:
			* corpus_1: 61
[2024-08-21 09:08:02,537 INFO] Weighted corpora loaded so far:
			* corpus_1: 96
[2024-08-21 09:08:02,810 INFO] Weighted corpora loaded so far:
			* corpus_1: 62
[2024-08-21 09:08:02,867 INFO] Weighted corpora loaded so far:
			* corpus_1: 97
[2024-08-21 09:08:03,103 INFO] Weighted corpora loaded so far:
			* corpus_1: 63
[2024-08-21 09:08:03,134 INFO] Weighted corpora loaded so far:
			* corpus_1: 98
[2024-08-21 09:08:03,398 INFO] Weighted corpora loaded so far:
			* corpus_1: 99
[2024-08-21 09:08:03,691 INFO] Weighted corpora loaded so far:
			* corpus_1: 100
[2024-08-21 09:08:03,988 INFO] Weighted corpora loaded so far:
			* corpus_1: 101
[2024-08-21 09:08:04,263 INFO] Weighted corpora loaded so far:
			* corpus_1: 102
[2024-08-21 09:08:04,562 INFO] Weighted corpora loaded so far:
			* corpus_1: 103
[2024-08-21 09:08:04,778 INFO] Weighted corpora loaded so far:
			* corpus_1: 59
[2024-08-21 09:08:04,865 INFO] Weighted corpora loaded so far:
			* corpus_1: 104
[2024-08-21 09:08:05,122 INFO] Weighted corpora loaded so far:
			* corpus_1: 60
[2024-08-21 09:08:05,162 INFO] Weighted corpora loaded so far:
			* corpus_1: 107
[2024-08-21 09:08:05,204 INFO] Step 2700/300000; acc: 8.0; ppl: 1647.0; xent: 7.4; lr: 0.00000; sents:    4383; bsz:  207/ 422/88; 1370/2790 tok/s;    330 sec;
[2024-08-21 09:08:05,222 INFO] Weighted corpora loaded so far:
			* corpus_1: 105
Traceback (most recent call last):
  File "/usr/local/lib/python3.8/dist-packages/onmt/trainer.py", line 501, in _gradient_accumulation
    self.optim.backward(loss)
  File "/usr/local/lib/python3.8/dist-packages/onmt/utils/optimizers.py", line 357, in backward
    self._scaler.scale(loss).backward()
  File "/usr/local/lib/python3.8/dist-packages/torch/_tensor.py", line 307, in backward
    torch.autograd.backward(self, gradient, retain_graph, create_graph, inputs=inputs)
  File "/usr/local/lib/python3.8/dist-packages/torch/autograd/__init__.py", line 154, in backward
    Variable._execution_engine.run_backward(
  File "/usr/local/lib/python3.8/dist-packages/torch/utils/data/_utils/signal_handling.py", line 66, in handler
    _error_if_any_worker_fails()
RuntimeError: DataLoader worker (pid 3484) is killed by signal: Killed. 
/usr/lib/python3.8/multiprocessing/resource_tracker.py:96: UserWarning: resource_tracker: process died unexpectedly, relaunching.  Some resources might leak.
  warnings.warn('resource_tracker: process died unexpectedly, '
Traceback (most recent call last):
  File "/usr/local/bin/onmt_train", line 8, in <module>
    sys.exit(main())
  File "/usr/local/lib/python3.8/dist-packages/onmt/bin/train.py", line 65, in main
    train(opt)
  File "/usr/local/lib/python3.8/dist-packages/onmt/bin/train.py", line 50, in train
    train_process(opt, device_id=0)
  File "/usr/local/lib/python3.8/dist-packages/onmt/train_single.py", line 185, in main
    trainer.train(
  File "/usr/local/lib/python3.8/dist-packages/onmt/trainer.py", line 287, in train
    self._gradient_accumulation(
  File "/usr/local/lib/python3.8/dist-packages/onmt/trainer.py", line 514, in _gradient_accumulation
    raise exc
  File "/usr/local/lib/python3.8/dist-packages/onmt/trainer.py", line 501, in _gradient_accumulation
    self.optim.backward(loss)
  File "/usr/local/lib/python3.8/dist-packages/onmt/utils/optimizers.py", line 357, in backward
    self._scaler.scale(loss).backward()
  File "/usr/local/lib/python3.8/dist-packages/torch/_tensor.py", line 307, in backward
    torch.autograd.backward(self, gradient, retain_graph, create_graph, inputs=inputs)
  File "/usr/local/lib/python3.8/dist-packages/torch/autograd/__init__.py", line 154, in backward
    Variable._execution_engine.run_backward(
  File "/usr/local/lib/python3.8/dist-packages/torch/utils/data/_utils/signal_handling.py", line 66, in handler
    _error_if_any_worker_fails()
RuntimeError: DataLoader worker (pid 3484) is killed by signal: Killed. 
Traceback (most recent call last):
  File "/usr/lib/python3.8/multiprocessing/resource_tracker.py", line 201, in main
    cache[rtype].remove(name)
KeyError: '/mp-h54gpsp4'
Traceback (most recent call last):
  File "/usr/lib/python3.8/multiprocessing/resource_tracker.py", line 201, in main
    cache[rtype].remove(name)
KeyError: '/mp-dnfe9_rr'
Traceback (most recent call last):
  File "/usr/lib/python3.8/multiprocessing/resource_tracker.py", line 201, in main
    cache[rtype].remove(name)
KeyError: '/mp-e3je5l2j'
Traceback (most recent call last):
  File "/usr/lib/python3.8/multiprocessing/resource_tracker.py", line 201, in main
    cache[rtype].remove(name)
KeyError: '/mp-fqbquk6m'
Traceback (most recent call last):
  File "/usr/lib/python3.8/multiprocessing/resource_tracker.py", line 201, in main
    cache[rtype].remove(name)
KeyError: '/mp-rdtw7aqu'
Traceback (most recent call last):
  File "/usr/lib/python3.8/multiprocessing/resource_tracker.py", line 201, in main
    cache[rtype].remove(name)
KeyError: '/mp-4ixwjb2n'
Traceback (most recent call last):
  File "/usr/lib/python3.8/multiprocessing/resource_tracker.py", line 201, in main
    cache[rtype].remove(name)
KeyError: '/mp-puetmpco'
Traceback (most recent call last):
  File "/usr/lib/python3.8/multiprocessing/resource_tracker.py", line 201, in main
    cache[rtype].remove(name)
KeyError: '/mp-ilw3o6xd'
Traceback (most recent call last):
  File "/usr/lib/python3.8/multiprocessing/resource_tracker.py", line 201, in main
    cache[rtype].remove(name)
KeyError: '/mp-xwa0bxtg'
Traceback (most recent call last):
  File "/usr/lib/python3.8/multiprocessing/resource_tracker.py", line 201, in main
    cache[rtype].remove(name)
KeyError: '/mp-sms6ncdy'
Traceback (most recent call last):
  File "/usr/lib/python3.8/multiprocessing/resource_tracker.py", line 201, in main
    cache[rtype].remove(name)
KeyError: '/mp-gq4axlo1'
Traceback (most recent call last):
  File "/usr/lib/python3.8/multiprocessing/resource_tracker.py", line 201, in main
    cache[rtype].remove(name)
KeyError: '/mp-dumtkz85'
Traceback (most recent call last):
  File "/usr/lib/python3.8/multiprocessing/resource_tracker.py", line 201, in main
    cache[rtype].remove(name)
KeyError: '/mp-7809g0v_'
Traceback (most recent call last):
  File "/usr/lib/python3.8/multiprocessing/resource_tracker.py", line 201, in main
    cache[rtype].remove(name)
KeyError: '/mp-mj7r12_z'
Traceback (most recent call last):
  File "/usr/lib/python3.8/multiprocessing/resource_tracker.py", line 201, in main
    cache[rtype].remove(name)
KeyError: '/mp-b8qmh1pi'
Traceback (most recent call last):
  File "/usr/lib/python3.8/multiprocessing/resource_tracker.py", line 201, in main
    cache[rtype].remove(name)
KeyError: '/mp-pjjeaczb'
Traceback (most recent call last):
  File "/usr/lib/python3.8/multiprocessing/resource_tracker.py", line 201, in main
    cache[rtype].remove(name)
KeyError: '/mp-invwkaw9'
Traceback (most recent call last):
  File "/usr/lib/python3.8/multiprocessing/resource_tracker.py", line 201, in main
    cache[rtype].remove(name)
KeyError: '/mp-6u748xor'
Traceback (most recent call last):
  File "/usr/lib/python3.8/multiprocessing/resource_tracker.py", line 201, in main
    cache[rtype].remove(name)
KeyError: '/mp-dok80cm6'
Traceback (most recent call last):
  File "/usr/lib/python3.8/multiprocessing/resource_tracker.py", line 201, in main
    cache[rtype].remove(name)
KeyError: '/mp-h8qoa1pk'
