[2024-08-21 19:24:38,832 INFO] Counter vocab from 152317 samples.
[2024-08-21 19:24:38,833 INFO] Build vocab on 152317 transformed examples/corpus.
[2024-08-21 19:24:42,926 INFO] Counters src:58074
[2024-08-21 19:24:42,926 INFO] Counters tgt:12470
[2024-08-21 19:24:46,086 INFO] Counter vocab from 152317 samples.
[2024-08-21 19:24:46,086 INFO] Build vocab on 152317 transformed examples/corpus.
[2024-08-21 19:24:50,690 INFO] Counters src:58233
[2024-08-21 19:24:50,691 INFO] Counters tgt:12432
[2024-08-21 19:24:53,632 INFO] Counter vocab from 152317 samples.
[2024-08-21 19:24:53,632 INFO] Build vocab on 152317 transformed examples/corpus.
[2024-08-21 19:24:58,033 INFO] Counters src:58062
[2024-08-21 19:24:58,033 INFO] Counters tgt:12428
[2024-08-21 19:24:59,921 INFO] Missing transforms field for corpus_1 data, set to default: [].
[2024-08-21 19:24:59,926 INFO] Missing transforms field for valid data, set to default: [].
[2024-08-21 19:24:59,931 INFO] Parsed 2 corpora from -data.
[2024-08-21 19:24:59,936 INFO] Get special vocabs from Transforms: {'src': [], 'tgt': []}.
[2024-08-21 19:25:00,405 INFO] Building model...
[2024-08-21 19:25:10,734 INFO] NMTModel(
  (encoder): TransformerEncoder(
    (embeddings): Embeddings(
      (make_embedding): Sequential(
        (emb_luts): Elementwise(
          (0): Embedding(32768, 512, padding_idx=1)
        )
        (pe): PositionalEncoding()
      )
      (dropout): Dropout(p=0.3, inplace=False)
    )
    (transformer): ModuleList(
      (0): TransformerEncoderLayer(
        (self_attn): MultiHeadedAttention(
          (linear_keys): Linear(in_features=512, out_features=512, bias=False)
          (linear_values): Linear(in_features=512, out_features=512, bias=False)
          (linear_query): Linear(in_features=512, out_features=512, bias=False)
          (softmax): Softmax(dim=-1)
          (dropout): Dropout(p=0.3, inplace=False)
          (final_linear): Linear(in_features=512, out_features=512, bias=False)
          (relative_positions_embeddings): Embedding(21, 64)
        )
        (feed_forward): PositionwiseFeedForward(
          (w_1): Linear(in_features=512, out_features=2048, bias=True)
          (w_2): Linear(in_features=2048, out_features=512, bias=True)
          (layer_norm): LayerNorm((512,), eps=1e-06, elementwise_affine=True)
          (dropout_1): Dropout(p=0.3, inplace=False)
          (dropout_2): Dropout(p=0.3, inplace=False)
        )
        (layer_norm): LayerNorm((512,), eps=1e-06, elementwise_affine=True)
        (dropout): Dropout(p=0.3, inplace=False)
      )
      (1): TransformerEncoderLayer(
        (self_attn): MultiHeadedAttention(
          (linear_keys): Linear(in_features=512, out_features=512, bias=False)
          (linear_values): Linear(in_features=512, out_features=512, bias=False)
          (linear_query): Linear(in_features=512, out_features=512, bias=False)
          (softmax): Softmax(dim=-1)
          (dropout): Dropout(p=0.3, inplace=False)
          (final_linear): Linear(in_features=512, out_features=512, bias=False)
          (relative_positions_embeddings): Embedding(21, 64)
        )
        (feed_forward): PositionwiseFeedForward(
          (w_1): Linear(in_features=512, out_features=2048, bias=True)
          (w_2): Linear(in_features=2048, out_features=512, bias=True)
          (layer_norm): LayerNorm((512,), eps=1e-06, elementwise_affine=True)
          (dropout_1): Dropout(p=0.3, inplace=False)
          (dropout_2): Dropout(p=0.3, inplace=False)
        )
        (layer_norm): LayerNorm((512,), eps=1e-06, elementwise_affine=True)
        (dropout): Dropout(p=0.3, inplace=False)
      )
      (2): TransformerEncoderLayer(
        (self_attn): MultiHeadedAttention(
          (linear_keys): Linear(in_features=512, out_features=512, bias=False)
          (linear_values): Linear(in_features=512, out_features=512, bias=False)
          (linear_query): Linear(in_features=512, out_features=512, bias=False)
          (softmax): Softmax(dim=-1)
          (dropout): Dropout(p=0.3, inplace=False)
          (final_linear): Linear(in_features=512, out_features=512, bias=False)
          (relative_positions_embeddings): Embedding(21, 64)
        )
        (feed_forward): PositionwiseFeedForward(
          (w_1): Linear(in_features=512, out_features=2048, bias=True)
          (w_2): Linear(in_features=2048, out_features=512, bias=True)
          (layer_norm): LayerNorm((512,), eps=1e-06, elementwise_affine=True)
          (dropout_1): Dropout(p=0.3, inplace=False)
          (dropout_2): Dropout(p=0.3, inplace=False)
        )
        (layer_norm): LayerNorm((512,), eps=1e-06, elementwise_affine=True)
        (dropout): Dropout(p=0.3, inplace=False)
      )
      (3): TransformerEncoderLayer(
        (self_attn): MultiHeadedAttention(
          (linear_keys): Linear(in_features=512, out_features=512, bias=False)
          (linear_values): Linear(in_features=512, out_features=512, bias=False)
          (linear_query): Linear(in_features=512, out_features=512, bias=False)
          (softmax): Softmax(dim=-1)
          (dropout): Dropout(p=0.3, inplace=False)
          (final_linear): Linear(in_features=512, out_features=512, bias=False)
          (relative_positions_embeddings): Embedding(21, 64)
        )
        (feed_forward): PositionwiseFeedForward(
          (w_1): Linear(in_features=512, out_features=2048, bias=True)
          (w_2): Linear(in_features=2048, out_features=512, bias=True)
          (layer_norm): LayerNorm((512,), eps=1e-06, elementwise_affine=True)
          (dropout_1): Dropout(p=0.3, inplace=False)
          (dropout_2): Dropout(p=0.3, inplace=False)
        )
        (layer_norm): LayerNorm((512,), eps=1e-06, elementwise_affine=True)
        (dropout): Dropout(p=0.3, inplace=False)
      )
      (4): TransformerEncoderLayer(
        (self_attn): MultiHeadedAttention(
          (linear_keys): Linear(in_features=512, out_features=512, bias=False)
          (linear_values): Linear(in_features=512, out_features=512, bias=False)
          (linear_query): Linear(in_features=512, out_features=512, bias=False)
          (softmax): Softmax(dim=-1)
          (dropout): Dropout(p=0.3, inplace=False)
          (final_linear): Linear(in_features=512, out_features=512, bias=False)
          (relative_positions_embeddings): Embedding(21, 64)
        )
        (feed_forward): PositionwiseFeedForward(
          (w_1): Linear(in_features=512, out_features=2048, bias=True)
          (w_2): Linear(in_features=2048, out_features=512, bias=True)
          (layer_norm): LayerNorm((512,), eps=1e-06, elementwise_affine=True)
          (dropout_1): Dropout(p=0.3, inplace=False)
          (dropout_2): Dropout(p=0.3, inplace=False)
        )
        (layer_norm): LayerNorm((512,), eps=1e-06, elementwise_affine=True)
        (dropout): Dropout(p=0.3, inplace=False)
      )
      (5): TransformerEncoderLayer(
        (self_attn): MultiHeadedAttention(
          (linear_keys): Linear(in_features=512, out_features=512, bias=False)
          (linear_values): Linear(in_features=512, out_features=512, bias=False)
          (linear_query): Linear(in_features=512, out_features=512, bias=False)
          (softmax): Softmax(dim=-1)
          (dropout): Dropout(p=0.3, inplace=False)
          (final_linear): Linear(in_features=512, out_features=512, bias=False)
          (relative_positions_embeddings): Embedding(21, 64)
        )
        (feed_forward): PositionwiseFeedForward(
          (w_1): Linear(in_features=512, out_features=2048, bias=True)
          (w_2): Linear(in_features=2048, out_features=512, bias=True)
          (layer_norm): LayerNorm((512,), eps=1e-06, elementwise_affine=True)
          (dropout_1): Dropout(p=0.3, inplace=False)
          (dropout_2): Dropout(p=0.3, inplace=False)
        )
        (layer_norm): LayerNorm((512,), eps=1e-06, elementwise_affine=True)
        (dropout): Dropout(p=0.3, inplace=False)
      )
    )
    (layer_norm): LayerNorm((512,), eps=1e-06, elementwise_affine=True)
  )
  (decoder): TransformerDecoder(
    (embeddings): Embeddings(
      (make_embedding): Sequential(
        (emb_luts): Elementwise(
          (0): Embedding(12480, 512, padding_idx=1)
        )
        (pe): PositionalEncoding()
      )
      (dropout): Dropout(p=0.3, inplace=False)
    )
    (layer_norm): LayerNorm((512,), eps=1e-06, elementwise_affine=True)
    (transformer_layers): ModuleList(
      (0): TransformerDecoderLayer(
        (self_attn): MultiHeadedAttention(
          (linear_keys): Linear(in_features=512, out_features=512, bias=False)
          (linear_values): Linear(in_features=512, out_features=512, bias=False)
          (linear_query): Linear(in_features=512, out_features=512, bias=False)
          (softmax): Softmax(dim=-1)
          (dropout): Dropout(p=0.3, inplace=False)
          (final_linear): Linear(in_features=512, out_features=512, bias=False)
          (relative_positions_embeddings): Embedding(21, 64)
        )
        (feed_forward): PositionwiseFeedForward(
          (w_1): Linear(in_features=512, out_features=2048, bias=True)
          (w_2): Linear(in_features=2048, out_features=512, bias=True)
          (layer_norm): LayerNorm((512,), eps=1e-06, elementwise_affine=True)
          (dropout_1): Dropout(p=0.3, inplace=False)
          (dropout_2): Dropout(p=0.3, inplace=False)
        )
        (layer_norm_1): LayerNorm((512,), eps=1e-06, elementwise_affine=True)
        (drop): Dropout(p=0.3, inplace=False)
        (context_attn): MultiHeadedAttention(
          (linear_keys): Linear(in_features=512, out_features=512, bias=False)
          (linear_values): Linear(in_features=512, out_features=512, bias=False)
          (linear_query): Linear(in_features=512, out_features=512, bias=False)
          (softmax): Softmax(dim=-1)
          (dropout): Dropout(p=0.3, inplace=False)
          (final_linear): Linear(in_features=512, out_features=512, bias=False)
        )
        (layer_norm_2): LayerNorm((512,), eps=1e-06, elementwise_affine=True)
      )
      (1): TransformerDecoderLayer(
        (self_attn): MultiHeadedAttention(
          (linear_keys): Linear(in_features=512, out_features=512, bias=False)
          (linear_values): Linear(in_features=512, out_features=512, bias=False)
          (linear_query): Linear(in_features=512, out_features=512, bias=False)
          (softmax): Softmax(dim=-1)
          (dropout): Dropout(p=0.3, inplace=False)
          (final_linear): Linear(in_features=512, out_features=512, bias=False)
          (relative_positions_embeddings): Embedding(21, 64)
        )
        (feed_forward): PositionwiseFeedForward(
          (w_1): Linear(in_features=512, out_features=2048, bias=True)
          (w_2): Linear(in_features=2048, out_features=512, bias=True)
          (layer_norm): LayerNorm((512,), eps=1e-06, elementwise_affine=True)
          (dropout_1): Dropout(p=0.3, inplace=False)
          (dropout_2): Dropout(p=0.3, inplace=False)
        )
        (layer_norm_1): LayerNorm((512,), eps=1e-06, elementwise_affine=True)
        (drop): Dropout(p=0.3, inplace=False)
        (context_attn): MultiHeadedAttention(
          (linear_keys): Linear(in_features=512, out_features=512, bias=False)
          (linear_values): Linear(in_features=512, out_features=512, bias=False)
          (linear_query): Linear(in_features=512, out_features=512, bias=False)
          (softmax): Softmax(dim=-1)
          (dropout): Dropout(p=0.3, inplace=False)
          (final_linear): Linear(in_features=512, out_features=512, bias=False)
        )
        (layer_norm_2): LayerNorm((512,), eps=1e-06, elementwise_affine=True)
      )
      (2): TransformerDecoderLayer(
        (self_attn): MultiHeadedAttention(
          (linear_keys): Linear(in_features=512, out_features=512, bias=False)
          (linear_values): Linear(in_features=512, out_features=512, bias=False)
          (linear_query): Linear(in_features=512, out_features=512, bias=False)
          (softmax): Softmax(dim=-1)
          (dropout): Dropout(p=0.3, inplace=False)
          (final_linear): Linear(in_features=512, out_features=512, bias=False)
          (relative_positions_embeddings): Embedding(21, 64)
        )
        (feed_forward): PositionwiseFeedForward(
          (w_1): Linear(in_features=512, out_features=2048, bias=True)
          (w_2): Linear(in_features=2048, out_features=512, bias=True)
          (layer_norm): LayerNorm((512,), eps=1e-06, elementwise_affine=True)
          (dropout_1): Dropout(p=0.3, inplace=False)
          (dropout_2): Dropout(p=0.3, inplace=False)
        )
        (layer_norm_1): LayerNorm((512,), eps=1e-06, elementwise_affine=True)
        (drop): Dropout(p=0.3, inplace=False)
        (context_attn): MultiHeadedAttention(
          (linear_keys): Linear(in_features=512, out_features=512, bias=False)
          (linear_values): Linear(in_features=512, out_features=512, bias=False)
          (linear_query): Linear(in_features=512, out_features=512, bias=False)
          (softmax): Softmax(dim=-1)
          (dropout): Dropout(p=0.3, inplace=False)
          (final_linear): Linear(in_features=512, out_features=512, bias=False)
        )
        (layer_norm_2): LayerNorm((512,), eps=1e-06, elementwise_affine=True)
      )
      (3): TransformerDecoderLayer(
        (self_attn): MultiHeadedAttention(
          (linear_keys): Linear(in_features=512, out_features=512, bias=False)
          (linear_values): Linear(in_features=512, out_features=512, bias=False)
          (linear_query): Linear(in_features=512, out_features=512, bias=False)
          (softmax): Softmax(dim=-1)
          (dropout): Dropout(p=0.3, inplace=False)
          (final_linear): Linear(in_features=512, out_features=512, bias=False)
          (relative_positions_embeddings): Embedding(21, 64)
        )
        (feed_forward): PositionwiseFeedForward(
          (w_1): Linear(in_features=512, out_features=2048, bias=True)
          (w_2): Linear(in_features=2048, out_features=512, bias=True)
          (layer_norm): LayerNorm((512,), eps=1e-06, elementwise_affine=True)
          (dropout_1): Dropout(p=0.3, inplace=False)
          (dropout_2): Dropout(p=0.3, inplace=False)
        )
        (layer_norm_1): LayerNorm((512,), eps=1e-06, elementwise_affine=True)
        (drop): Dropout(p=0.3, inplace=False)
        (context_attn): MultiHeadedAttention(
          (linear_keys): Linear(in_features=512, out_features=512, bias=False)
          (linear_values): Linear(in_features=512, out_features=512, bias=False)
          (linear_query): Linear(in_features=512, out_features=512, bias=False)
          (softmax): Softmax(dim=-1)
          (dropout): Dropout(p=0.3, inplace=False)
          (final_linear): Linear(in_features=512, out_features=512, bias=False)
        )
        (layer_norm_2): LayerNorm((512,), eps=1e-06, elementwise_affine=True)
      )
      (4): TransformerDecoderLayer(
        (self_attn): MultiHeadedAttention(
          (linear_keys): Linear(in_features=512, out_features=512, bias=False)
          (linear_values): Linear(in_features=512, out_features=512, bias=False)
          (linear_query): Linear(in_features=512, out_features=512, bias=False)
          (softmax): Softmax(dim=-1)
          (dropout): Dropout(p=0.3, inplace=False)
          (final_linear): Linear(in_features=512, out_features=512, bias=False)
          (relative_positions_embeddings): Embedding(21, 64)
        )
        (feed_forward): PositionwiseFeedForward(
          (w_1): Linear(in_features=512, out_features=2048, bias=True)
          (w_2): Linear(in_features=2048, out_features=512, bias=True)
          (layer_norm): LayerNorm((512,), eps=1e-06, elementwise_affine=True)
          (dropout_1): Dropout(p=0.3, inplace=False)
          (dropout_2): Dropout(p=0.3, inplace=False)
        )
        (layer_norm_1): LayerNorm((512,), eps=1e-06, elementwise_affine=True)
        (drop): Dropout(p=0.3, inplace=False)
        (context_attn): MultiHeadedAttention(
          (linear_keys): Linear(in_features=512, out_features=512, bias=False)
          (linear_values): Linear(in_features=512, out_features=512, bias=False)
          (linear_query): Linear(in_features=512, out_features=512, bias=False)
          (softmax): Softmax(dim=-1)
          (dropout): Dropout(p=0.3, inplace=False)
          (final_linear): Linear(in_features=512, out_features=512, bias=False)
        )
        (layer_norm_2): LayerNorm((512,), eps=1e-06, elementwise_affine=True)
      )
      (5): TransformerDecoderLayer(
        (self_attn): MultiHeadedAttention(
          (linear_keys): Linear(in_features=512, out_features=512, bias=False)
          (linear_values): Linear(in_features=512, out_features=512, bias=False)
          (linear_query): Linear(in_features=512, out_features=512, bias=False)
          (softmax): Softmax(dim=-1)
          (dropout): Dropout(p=0.3, inplace=False)
          (final_linear): Linear(in_features=512, out_features=512, bias=False)
          (relative_positions_embeddings): Embedding(21, 64)
        )
        (feed_forward): PositionwiseFeedForward(
          (w_1): Linear(in_features=512, out_features=2048, bias=True)
          (w_2): Linear(in_features=2048, out_features=512, bias=True)
          (layer_norm): LayerNorm((512,), eps=1e-06, elementwise_affine=True)
          (dropout_1): Dropout(p=0.3, inplace=False)
          (dropout_2): Dropout(p=0.3, inplace=False)
        )
        (layer_norm_1): LayerNorm((512,), eps=1e-06, elementwise_affine=True)
        (drop): Dropout(p=0.3, inplace=False)
        (context_attn): MultiHeadedAttention(
          (linear_keys): Linear(in_features=512, out_features=512, bias=False)
          (linear_values): Linear(in_features=512, out_features=512, bias=False)
          (linear_query): Linear(in_features=512, out_features=512, bias=False)
          (softmax): Softmax(dim=-1)
          (dropout): Dropout(p=0.3, inplace=False)
          (final_linear): Linear(in_features=512, out_features=512, bias=False)
        )
        (layer_norm_2): LayerNorm((512,), eps=1e-06, elementwise_affine=True)
      )
    )
  )
  (generator): Linear(in_features=512, out_features=12480, bias=True)
)
[2024-08-21 19:25:10,738 INFO] encoder: 35688320
[2024-08-21 19:25:10,739 INFO] decoder: 38000704
[2024-08-21 19:25:10,739 INFO] * number of parameters: 73689024
[2024-08-21 19:25:10,742 INFO]  * src vocab size = 32768
[2024-08-21 19:25:10,742 INFO]  * tgt vocab size = 12480
[2024-08-21 19:25:10,754 INFO] Starting training on GPU: [0]
[2024-08-21 19:25:10,754 INFO] Start training loop and validate every 7500 steps...
[2024-08-21 19:25:10,755 INFO] Scoring with: TransformPipe()
[2024-08-21 19:25:12,185 INFO] Weighted corpora loaded so far:
			* corpus_1: 1
[2024-08-21 19:25:13,733 INFO] Weighted corpora loaded so far:
			* corpus_1: 1
[2024-08-21 19:25:15,135 INFO] Weighted corpora loaded so far:
			* corpus_1: 1
[2024-08-21 19:25:16,456 INFO] Weighted corpora loaded so far:
			* corpus_1: 1
[2024-08-21 19:25:30,240 INFO] Step 50/300000; acc: 1.4; ppl: 11409.0; xent: 9.3; lr: 0.00000; sents:     256; bsz:   50/  24/ 5; 128/ 63 tok/s;     19 sec;
[2024-08-21 19:25:37,674 INFO] Step 100/300000; acc: 19.5; ppl: 8863.2; xent: 9.1; lr: 0.00001; sents:     252; bsz:   49/  24/ 5; 332/164 tok/s;     27 sec;
[2024-08-21 19:25:45,439 INFO] Step 150/300000; acc: 20.4; ppl: 5783.3; xent: 8.7; lr: 0.00001; sents:     162; bsz:   62/  16/ 3; 400/102 tok/s;     35 sec;
[2024-08-21 19:25:53,780 INFO] Step 200/300000; acc: 22.2; ppl: 4581.9; xent: 8.4; lr: 0.00001; sents:     298; bsz:   44/  27/ 6; 266/161 tok/s;     43 sec;
[2024-08-21 19:26:01,871 INFO] Step 250/300000; acc: 22.0; ppl: 3314.6; xent: 8.1; lr: 0.00002; sents:     304; bsz:   51/  28/ 6; 313/171 tok/s;     51 sec;
[2024-08-21 19:26:10,080 INFO] Step 300/300000; acc: 20.0; ppl: 3083.0; xent: 8.0; lr: 0.00002; sents:     244; bsz:   51/  24/ 5; 309/149 tok/s;     59 sec;
[2024-08-21 19:26:18,237 INFO] Step 350/300000; acc: 20.7; ppl: 2692.5; xent: 7.9; lr: 0.00002; sents:     179; bsz:   50/  17/ 4; 304/106 tok/s;     67 sec;
[2024-08-21 19:26:25,614 INFO] Step 400/300000; acc: 20.2; ppl: 2573.9; xent: 7.9; lr: 0.00002; sents:     165; bsz:   56/  16/ 3; 378/111 tok/s;     75 sec;
[2024-08-21 19:26:33,611 INFO] Step 450/300000; acc: 19.4; ppl: 2670.3; xent: 7.9; lr: 0.00003; sents:     266; bsz:   53/  27/ 5; 333/171 tok/s;     83 sec;
[2024-08-21 19:26:41,236 INFO] Step 500/300000; acc: 20.2; ppl: 2418.4; xent: 7.8; lr: 0.00003; sents:     300; bsz:   53/  30/ 6; 344/195 tok/s;     90 sec;
[2024-08-21 19:26:48,985 INFO] Step 550/300000; acc: 19.8; ppl: 2503.7; xent: 7.8; lr: 0.00003; sents:     203; bsz:   53/  20/ 4; 340/132 tok/s;     98 sec;
[2024-08-21 19:26:57,645 INFO] Step 600/300000; acc: 19.5; ppl: 2548.0; xent: 7.8; lr: 0.00004; sents:     240; bsz:   51/  25/ 5; 293/142 tok/s;    107 sec;
[2024-08-21 19:27:06,116 INFO] Step 650/300000; acc: 21.6; ppl: 2206.6; xent: 7.7; lr: 0.00004; sents:     267; bsz:   53/  25/ 5; 311/146 tok/s;    115 sec;
[2024-08-21 19:27:13,428 INFO] Step 700/300000; acc: 20.0; ppl: 2265.7; xent: 7.7; lr: 0.00004; sents:     286; bsz:   50/  29/ 6; 344/195 tok/s;    123 sec;
[2024-08-21 19:27:20,671 INFO] Step 750/300000; acc: 21.6; ppl: 1929.9; xent: 7.6; lr: 0.00005; sents:     286; bsz:   50/  27/ 6; 347/183 tok/s;    130 sec;
[2024-08-21 19:27:27,802 INFO] Step 800/300000; acc: 23.6; ppl: 1736.6; xent: 7.5; lr: 0.00005; sents:     327; bsz:   48/  28/ 7; 334/195 tok/s;    137 sec;
[2024-08-21 19:27:34,972 INFO] Step 850/300000; acc: 19.9; ppl: 2187.3; xent: 7.7; lr: 0.00005; sents:     164; bsz:   51/  17/ 3; 356/115 tok/s;    144 sec;
[2024-08-21 19:27:42,250 INFO] Step 900/300000; acc: 20.6; ppl: 1959.9; xent: 7.6; lr: 0.00006; sents:     195; bsz:   50/  19/ 4; 346/133 tok/s;    151 sec;
[2024-08-21 19:27:50,614 INFO] Step 950/300000; acc: 20.9; ppl: 1908.5; xent: 7.6; lr: 0.00006; sents:     259; bsz:   49/  25/ 5; 293/150 tok/s;    160 sec;
[2024-08-21 19:27:59,087 INFO] Step 1000/300000; acc: 19.7; ppl: 2034.3; xent: 7.6; lr: 0.00006; sents:     250; bsz:   53/  26/ 5; 314/153 tok/s;    168 sec;
[2024-08-21 19:28:06,955 INFO] Step 1050/300000; acc: 22.1; ppl: 1748.0; xent: 7.5; lr: 0.00006; sents:     259; bsz:   54/  24/ 5; 345/153 tok/s;    176 sec;
[2024-08-21 19:28:15,309 INFO] Step 1100/300000; acc: 21.5; ppl: 1807.4; xent: 7.5; lr: 0.00007; sents:     327; bsz:   52/  31/ 7; 312/183 tok/s;    185 sec;
[2024-08-21 19:28:23,489 INFO] Step 1150/300000; acc: 21.5; ppl: 1881.7; xent: 7.5; lr: 0.00007; sents:     292; bsz:   53/  27/ 6; 324/168 tok/s;    193 sec;
[2024-08-21 19:28:31,634 INFO] Step 1200/300000; acc: 21.3; ppl: 1763.7; xent: 7.5; lr: 0.00007; sents:     268; bsz:   51/  26/ 5; 310/159 tok/s;    201 sec;
[2024-08-21 19:28:38,914 INFO] Step 1250/300000; acc: 21.3; ppl: 1780.1; xent: 7.5; lr: 0.00008; sents:     351; bsz:   51/  33/ 7; 351/228 tok/s;    208 sec;
[2024-08-21 19:28:46,470 INFO] Step 1300/300000; acc: 20.1; ppl: 1811.9; xent: 7.5; lr: 0.00008; sents:     271; bsz:   50/  27/ 5; 330/181 tok/s;    216 sec;
[2024-08-21 19:28:53,465 INFO] Step 1350/300000; acc: 22.2; ppl: 1808.9; xent: 7.5; lr: 0.00008; sents:     262; bsz:   50/  24/ 5; 360/172 tok/s;    223 sec;
[2024-08-21 19:29:00,856 INFO] Step 1400/300000; acc: 20.8; ppl: 1701.3; xent: 7.4; lr: 0.00009; sents:     183; bsz:   51/  18/ 4; 343/120 tok/s;    230 sec;
[2024-08-21 19:29:08,889 INFO] Step 1450/300000; acc: 20.7; ppl: 1645.1; xent: 7.4; lr: 0.00009; sents:     237; bsz:   50/  23/ 5; 313/143 tok/s;    238 sec;
[2024-08-21 19:29:16,916 INFO] Step 1500/300000; acc: 20.6; ppl: 1679.7; xent: 7.4; lr: 0.00009; sents:     279; bsz:   49/  27/ 6; 308/169 tok/s;    246 sec;
[2024-08-21 19:29:25,112 INFO] Step 1550/300000; acc: 20.5; ppl: 1681.2; xent: 7.4; lr: 0.00010; sents:     281; bsz:   52/  27/ 6; 318/168 tok/s;    254 sec;
[2024-08-21 19:29:33,151 INFO] Step 1600/300000; acc: 19.2; ppl: 1731.0; xent: 7.5; lr: 0.00010; sents:     176; bsz:   52/  19/ 4; 321/116 tok/s;    262 sec;
[2024-08-21 19:29:40,294 INFO] Step 1650/300000; acc: 22.4; ppl: 1594.7; xent: 7.4; lr: 0.00010; sents:     319; bsz:   49/  29/ 6; 340/205 tok/s;    270 sec;
[2024-08-21 19:29:47,870 INFO] Step 1700/300000; acc: 22.1; ppl: 1686.0; xent: 7.4; lr: 0.00011; sents:     313; bsz:   50/  29/ 6; 327/190 tok/s;    277 sec;
[2024-08-21 19:29:55,998 INFO] Step 1750/300000; acc: 21.7; ppl: 1547.9; xent: 7.3; lr: 0.00011; sents:     297; bsz:   49/  28/ 6; 299/171 tok/s;    285 sec;
[2024-08-21 19:30:03,903 INFO] Step 1800/300000; acc: 22.7; ppl: 1528.4; xent: 7.3; lr: 0.00011; sents:     320; bsz:   49/  29/ 6; 308/181 tok/s;    293 sec;
[2024-08-21 19:30:11,033 INFO] Step 1850/300000; acc: 20.7; ppl: 1745.0; xent: 7.5; lr: 0.00011; sents:     245; bsz:   50/  24/ 5; 353/168 tok/s;    300 sec;
[2024-08-21 19:30:17,936 INFO] Step 1900/300000; acc: 21.9; ppl: 1546.2; xent: 7.3; lr: 0.00012; sents:     305; bsz:   45/  28/ 6; 329/205 tok/s;    307 sec;
[2024-08-21 19:30:25,195 INFO] Step 1950/300000; acc: 21.0; ppl: 1444.4; xent: 7.3; lr: 0.00012; sents:     235; bsz:   52/  22/ 5; 361/155 tok/s;    314 sec;
[2024-08-21 19:30:33,156 INFO] Step 2000/300000; acc: 21.5; ppl: 1560.2; xent: 7.4; lr: 0.00012; sents:     251; bsz:   49/  24/ 5; 310/149 tok/s;    322 sec;
[2024-08-21 19:30:41,437 INFO] Step 2050/300000; acc: 22.6; ppl: 1367.3; xent: 7.2; lr: 0.00013; sents:     237; bsz:   53/  21/ 5; 321/128 tok/s;    331 sec;
[2024-08-21 19:30:49,633 INFO] Step 2100/300000; acc: 22.4; ppl: 1404.4; xent: 7.2; lr: 0.00013; sents:     321; bsz:   51/  29/ 6; 313/179 tok/s;    339 sec;
[2024-08-21 19:30:57,066 INFO] Step 2150/300000; acc: 20.5; ppl: 1621.0; xent: 7.4; lr: 0.00013; sents:     248; bsz:   54/  25/ 5; 363/166 tok/s;    346 sec;
[2024-08-21 19:31:04,996 INFO] Step 2200/300000; acc: 19.4; ppl: 1545.1; xent: 7.3; lr: 0.00014; sents:     196; bsz:   53/  21/ 4; 333/130 tok/s;    354 sec;
[2024-08-21 19:31:12,334 INFO] Step 2250/300000; acc: 21.7; ppl: 1234.7; xent: 7.1; lr: 0.00014; sents:     176; bsz:   50/  17/ 4; 341/113 tok/s;    362 sec;
[2024-08-21 19:31:19,814 INFO] Step 2300/300000; acc: 21.8; ppl: 1547.3; xent: 7.3; lr: 0.00014; sents:     286; bsz:   47/  26/ 6; 316/177 tok/s;    369 sec;
[2024-08-21 19:31:27,061 INFO] Step 2350/300000; acc: 20.8; ppl: 1489.5; xent: 7.3; lr: 0.00015; sents:     304; bsz:   51/  30/ 6; 352/207 tok/s;    376 sec;
[2024-08-21 19:31:34,555 INFO] Step 2400/300000; acc: 20.7; ppl: 1544.5; xent: 7.3; lr: 0.00015; sents:     306; bsz:   52/  30/ 6; 347/199 tok/s;    384 sec;
[2024-08-21 19:31:42,558 INFO] Step 2450/300000; acc: 20.5; ppl: 1356.1; xent: 7.2; lr: 0.00015; sents:     263; bsz:   55/  26/ 5; 344/165 tok/s;    392 sec;
[2024-08-21 19:31:50,068 INFO] Step 2500/300000; acc: 21.1; ppl: 1551.2; xent: 7.3; lr: 0.00015; sents:     289; bsz:   49/  28/ 6; 329/187 tok/s;    399 sec;
[2024-08-21 19:31:57,827 INFO] Step 2550/300000; acc: 21.3; ppl: 1285.0; xent: 7.2; lr: 0.00016; sents:     227; bsz:   50/  22/ 5; 321/139 tok/s;    407 sec;
[2024-08-21 19:32:05,026 INFO] Step 2600/300000; acc: 21.1; ppl: 1416.1; xent: 7.3; lr: 0.00016; sents:     280; bsz:   53/  27/ 6; 365/187 tok/s;    414 sec;
[2024-08-21 19:32:12,033 INFO] Step 2650/300000; acc: 23.3; ppl: 1277.6; xent: 7.2; lr: 0.00016; sents:     303; bsz:   47/  26/ 6; 338/188 tok/s;    421 sec;
[2024-08-21 19:32:19,350 INFO] Step 2700/300000; acc: 21.3; ppl: 1191.5; xent: 7.1; lr: 0.00017; sents:     279; bsz:   54/  26/ 6; 368/181 tok/s;    429 sec;
[2024-08-21 19:32:26,510 INFO] Step 2750/300000; acc: 22.5; ppl: 1323.3; xent: 7.2; lr: 0.00017; sents:     320; bsz:   48/  29/ 6; 336/200 tok/s;    436 sec;
[2024-08-21 19:32:33,749 INFO] Step 2800/300000; acc: 21.2; ppl: 1234.5; xent: 7.1; lr: 0.00017; sents:     259; bsz:   51/  25/ 5; 354/172 tok/s;    443 sec;
[2024-08-21 19:32:40,986 INFO] Step 2850/300000; acc: 21.2; ppl: 1275.7; xent: 7.2; lr: 0.00018; sents:     280; bsz:   53/  27/ 6; 369/185 tok/s;    450 sec;
[2024-08-21 19:32:48,154 INFO] Step 2900/300000; acc: 21.6; ppl: 1370.0; xent: 7.2; lr: 0.00018; sents:     312; bsz:   51/  29/ 6; 354/205 tok/s;    457 sec;
[2024-08-21 19:32:55,102 INFO] Step 2950/300000; acc: 20.3; ppl: 1244.8; xent: 7.1; lr: 0.00018; sents:     241; bsz:   49/  24/ 5; 350/174 tok/s;    464 sec;
[2024-08-21 19:33:02,082 INFO] Step 3000/300000; acc: 20.7; ppl: 1207.8; xent: 7.1; lr: 0.00019; sents:     277; bsz:   51/  28/ 6; 368/198 tok/s;    471 sec;
[2024-08-21 19:33:09,909 INFO] Step 3050/300000; acc: 21.5; ppl: 1175.0; xent: 7.1; lr: 0.00019; sents:     226; bsz:   52/  21/ 5; 329/137 tok/s;    479 sec;
[2024-08-21 19:33:17,532 INFO] Step 3100/300000; acc: 21.2; ppl: 1170.7; xent: 7.1; lr: 0.00019; sents:     251; bsz:   52/  24/ 5; 343/158 tok/s;    487 sec;
[2024-08-21 19:33:24,909 INFO] Step 3150/300000; acc: 21.1; ppl: 1168.4; xent: 7.1; lr: 0.00019; sents:     257; bsz:   48/  25/ 5; 323/168 tok/s;    494 sec;
[2024-08-21 19:33:32,137 INFO] Step 3200/300000; acc: 21.4; ppl: 989.3; xent: 6.9; lr: 0.00020; sents:     263; bsz:   51/  25/ 5; 356/176 tok/s;    501 sec;
[2024-08-21 19:33:40,375 INFO] Step 3250/300000; acc: 20.7; ppl: 1129.7; xent: 7.0; lr: 0.00020; sents:     213; bsz:   55/  22/ 4; 333/134 tok/s;    510 sec;
[2024-08-21 19:33:47,620 INFO] Step 3300/300000; acc: 21.6; ppl: 1079.2; xent: 7.0; lr: 0.00020; sents:     235; bsz:   54/  23/ 5; 371/156 tok/s;    517 sec;
[2024-08-21 19:33:54,877 INFO] Step 3350/300000; acc: 20.4; ppl: 1232.8; xent: 7.1; lr: 0.00021; sents:     276; bsz:   52/  27/ 6; 358/186 tok/s;    524 sec;
[2024-08-21 19:34:01,844 INFO] Step 3400/300000; acc: 21.5; ppl: 1120.7; xent: 7.0; lr: 0.00021; sents:     322; bsz:   51/  31/ 6; 368/219 tok/s;    531 sec;
[2024-08-21 19:34:08,783 INFO] Step 3450/300000; acc: 21.5; ppl: 1075.3; xent: 7.0; lr: 0.00021; sents:     299; bsz:   47/  29/ 6; 339/208 tok/s;    538 sec;
[2024-08-21 19:34:16,230 INFO] Step 3500/300000; acc: 21.8; ppl: 1233.4; xent: 7.1; lr: 0.00022; sents:     258; bsz:   50/  24/ 5; 337/160 tok/s;    545 sec;
[2024-08-21 19:34:23,337 INFO] Step 3550/300000; acc: 20.1; ppl: 1177.4; xent: 7.1; lr: 0.00022; sents:     190; bsz:   50/  19/ 4; 348/134 tok/s;    553 sec;
[2024-08-21 19:34:30,709 INFO] Step 3600/300000; acc: 19.3; ppl: 1233.4; xent: 7.1; lr: 0.00022; sents:     221; bsz:   55/  23/ 4; 373/157 tok/s;    560 sec;
[2024-08-21 19:34:37,457 INFO] Step 3650/300000; acc: 20.4; ppl: 1054.2; xent: 7.0; lr: 0.00023; sents:     231; bsz:   51/  24/ 5; 375/178 tok/s;    567 sec;
[2024-08-21 19:34:44,139 INFO] Step 3700/300000; acc: 21.9; ppl: 1044.6; xent: 7.0; lr: 0.00023; sents:     220; bsz:   49/  21/ 4; 369/157 tok/s;    573 sec;
[2024-08-21 19:34:51,420 INFO] Step 3750/300000; acc: 21.2; ppl: 1132.0; xent: 7.0; lr: 0.00023; sents:     255; bsz:   51/  24/ 5; 350/165 tok/s;    581 sec;
[2024-08-21 19:34:58,786 INFO] Step 3800/300000; acc: 22.6; ppl: 1054.1; xent: 7.0; lr: 0.00023; sents:     327; bsz:   48/  30/ 7; 326/203 tok/s;    588 sec;
[2024-08-21 19:35:06,464 INFO] Step 3850/300000; acc: 22.4; ppl: 996.8; xent: 6.9; lr: 0.00024; sents:     287; bsz:   53/  27/ 6; 345/175 tok/s;    596 sec;
[2024-08-21 19:35:13,643 INFO] Step 3900/300000; acc: 20.9; ppl: 1149.6; xent: 7.0; lr: 0.00024; sents:     224; bsz:   53/  22/ 4; 372/155 tok/s;    603 sec;
[2024-08-21 19:35:21,096 INFO] Step 3950/300000; acc: 22.5; ppl: 880.4; xent: 6.8; lr: 0.00024; sents:     213; bsz:   51/  21/ 4; 344/138 tok/s;    610 sec;
[2024-08-21 19:35:28,261 INFO] Step 4000/300000; acc: 20.5; ppl: 1104.8; xent: 7.0; lr: 0.00025; sents:     204; bsz:   52/  20/ 4; 361/138 tok/s;    618 sec;
[2024-08-21 19:35:35,148 INFO] Step 4050/300000; acc: 21.6; ppl: 1035.8; xent: 6.9; lr: 0.00025; sents:     280; bsz:   53/  27/ 6; 387/195 tok/s;    624 sec;
[2024-08-21 19:35:42,831 INFO] Step 4100/300000; acc: 22.2; ppl: 1043.7; xent: 7.0; lr: 0.00025; sents:     272; bsz:   51/  25/ 5; 329/162 tok/s;    632 sec;
[2024-08-21 19:35:50,207 INFO] Step 4150/300000; acc: 22.0; ppl: 809.8; xent: 6.7; lr: 0.00026; sents:     216; bsz:   54/  21/ 4; 364/140 tok/s;    639 sec;
[2024-08-21 19:35:57,565 INFO] Step 4200/300000; acc: 21.5; ppl: 1031.6; xent: 6.9; lr: 0.00026; sents:     239; bsz:   52/  23/ 5; 351/155 tok/s;    647 sec;
[2024-08-21 19:36:04,561 INFO] Step 4250/300000; acc: 21.6; ppl: 914.0; xent: 6.8; lr: 0.00026; sents:     281; bsz:   52/  27/ 6; 372/190 tok/s;    654 sec;
[2024-08-21 19:36:11,306 INFO] Step 4300/300000; acc: 21.6; ppl: 991.9; xent: 6.9; lr: 0.00027; sents:     233; bsz:   57/  22/ 5; 420/165 tok/s;    661 sec;
[2024-08-21 19:36:18,193 INFO] Step 4350/300000; acc: 22.5; ppl: 914.9; xent: 6.8; lr: 0.00027; sents:     234; bsz:   54/  21/ 5; 390/154 tok/s;    667 sec;
[2024-08-21 19:36:24,961 INFO] Step 4400/300000; acc: 20.7; ppl: 1009.7; xent: 6.9; lr: 0.00027; sents:     265; bsz:   50/  26/ 5; 370/192 tok/s;    674 sec;
[2024-08-21 19:36:31,966 INFO] Step 4450/300000; acc: 21.4; ppl: 1025.0; xent: 6.9; lr: 0.00027; sents:     290; bsz:   51/  28/ 6; 366/197 tok/s;    681 sec;
[2024-08-21 19:36:39,120 INFO] Step 4500/300000; acc: 22.2; ppl: 887.0; xent: 6.8; lr: 0.00028; sents:     248; bsz:   53/  24/ 5; 374/166 tok/s;    688 sec;
[2024-08-21 19:36:46,022 INFO] Step 4550/300000; acc: 20.6; ppl: 936.2; xent: 6.8; lr: 0.00028; sents:     250; bsz:   52/  25/ 5; 379/180 tok/s;    695 sec;
[2024-08-21 19:36:53,148 INFO] Step 4600/300000; acc: 21.6; ppl: 938.4; xent: 6.8; lr: 0.00028; sents:     242; bsz:   52/  23/ 5; 363/162 tok/s;    702 sec;
[2024-08-21 19:37:00,417 INFO] Step 4650/300000; acc: 21.1; ppl: 982.6; xent: 6.9; lr: 0.00029; sents:     255; bsz:   48/  25/ 5; 331/169 tok/s;    710 sec;
[2024-08-21 19:37:07,018 INFO] Step 4700/300000; acc: 21.3; ppl: 852.1; xent: 6.7; lr: 0.00029; sents:     212; bsz:   50/  21/ 4; 382/158 tok/s;    716 sec;
[2024-08-21 19:37:14,231 INFO] Step 4750/300000; acc: 21.6; ppl: 792.5; xent: 6.7; lr: 0.00029; sents:     279; bsz:   50/  27/ 6; 346/185 tok/s;    723 sec;
[2024-08-21 19:37:21,418 INFO] Step 4800/300000; acc: 21.2; ppl: 767.3; xent: 6.6; lr: 0.00030; sents:     279; bsz:   48/  27/ 6; 333/188 tok/s;    731 sec;
[2024-08-21 19:37:28,903 INFO] Step 4850/300000; acc: 22.2; ppl: 883.1; xent: 6.8; lr: 0.00030; sents:     288; bsz:   51/  26/ 6; 340/176 tok/s;    738 sec;
[2024-08-21 19:37:35,830 INFO] Step 4900/300000; acc: 21.2; ppl: 891.2; xent: 6.8; lr: 0.00030; sents:     226; bsz:   51/  22/ 5; 365/158 tok/s;    745 sec;
[2024-08-21 19:37:42,833 INFO] Step 4950/300000; acc: 21.2; ppl: 810.9; xent: 6.7; lr: 0.00031; sents:     262; bsz:   53/  25/ 5; 377/181 tok/s;    752 sec;
[2024-08-21 19:37:50,072 INFO] Step 5000/300000; acc: 20.8; ppl: 831.4; xent: 6.7; lr: 0.00031; sents:     295; bsz:   53/  30/ 6; 368/205 tok/s;    759 sec;
[2024-08-21 19:37:58,216 INFO] Step 5050/300000; acc: 21.5; ppl: 852.5; xent: 6.7; lr: 0.00031; sents:     269; bsz:   54/  26/ 5; 331/158 tok/s;    767 sec;
[2024-08-21 19:38:05,819 INFO] Step 5100/300000; acc: 21.8; ppl: 1003.5; xent: 6.9; lr: 0.00032; sents:     307; bsz:   48/  29/ 6; 316/191 tok/s;    775 sec;
[2024-08-21 19:38:13,277 INFO] Step 5150/300000; acc: 21.9; ppl: 846.2; xent: 6.7; lr: 0.00032; sents:     299; bsz:   51/  28/ 6; 342/186 tok/s;    783 sec;
[2024-08-21 19:38:20,259 INFO] Step 5200/300000; acc: 22.5; ppl: 822.1; xent: 6.7; lr: 0.00032; sents:     248; bsz:   55/  23/ 5; 394/161 tok/s;    790 sec;
[2024-08-21 19:38:28,402 INFO] Step 5250/300000; acc: 21.8; ppl: 759.5; xent: 6.6; lr: 0.00032; sents:     188; bsz:   53/  19/ 4; 325/117 tok/s;    798 sec;
[2024-08-21 19:38:35,941 INFO] Step 5300/300000; acc: 22.6; ppl: 730.5; xent: 6.6; lr: 0.00033; sents:     260; bsz:   53/  25/ 5; 349/167 tok/s;    805 sec;
[2024-08-21 19:38:43,000 INFO] Step 5350/300000; acc: 22.7; ppl: 955.4; xent: 6.9; lr: 0.00033; sents:     282; bsz:   51/  26/ 6; 360/183 tok/s;    812 sec;
[2024-08-21 19:38:49,955 INFO] Step 5400/300000; acc: 22.1; ppl: 767.0; xent: 6.6; lr: 0.00033; sents:     286; bsz:   50/  26/ 6; 362/188 tok/s;    819 sec;
[2024-08-21 19:38:57,012 INFO] Step 5450/300000; acc: 22.3; ppl: 692.3; xent: 6.5; lr: 0.00034; sents:     293; bsz:   51/  27/ 6; 361/193 tok/s;    826 sec;
[2024-08-21 19:39:03,972 INFO] Step 5500/300000; acc: 21.3; ppl: 773.4; xent: 6.7; lr: 0.00034; sents:     243; bsz:   53/  24/ 5; 380/174 tok/s;    833 sec;
[2024-08-21 19:39:10,740 INFO] Step 5550/300000; acc: 22.0; ppl: 788.7; xent: 6.7; lr: 0.00034; sents:     261; bsz:   51/  25/ 5; 378/187 tok/s;    840 sec;
[2024-08-21 19:39:17,451 INFO] Step 5600/300000; acc: 21.5; ppl: 925.2; xent: 6.8; lr: 0.00035; sents:     353; bsz:   49/  34/ 7; 365/250 tok/s;    847 sec;
[2024-08-21 19:39:24,626 INFO] Step 5650/300000; acc: 22.0; ppl: 769.8; xent: 6.6; lr: 0.00035; sents:     281; bsz:   49/  27/ 6; 341/185 tok/s;    854 sec;
[2024-08-21 19:39:32,035 INFO] Step 5700/300000; acc: 21.7; ppl: 777.9; xent: 6.7; lr: 0.00035; sents:     311; bsz:   50/  30/ 6; 339/201 tok/s;    861 sec;
[2024-08-21 19:39:39,578 INFO] Step 5750/300000; acc: 21.6; ppl: 646.9; xent: 6.5; lr: 0.00036; sents:     297; bsz:   49/  29/ 6; 326/191 tok/s;    869 sec;
[2024-08-21 19:39:46,488 INFO] Step 5800/300000; acc: 22.4; ppl: 704.6; xent: 6.6; lr: 0.00036; sents:     306; bsz:   51/  29/ 6; 372/209 tok/s;    876 sec;
[2024-08-21 19:39:53,244 INFO] Step 5850/300000; acc: 22.2; ppl: 670.4; xent: 6.5; lr: 0.00036; sents:     247; bsz:   51/  24/ 5; 377/179 tok/s;    882 sec;
[2024-08-21 19:40:00,528 INFO] Step 5900/300000; acc: 21.5; ppl: 796.6; xent: 6.7; lr: 0.00036; sents:     264; bsz:   56/  26/ 5; 384/178 tok/s;    890 sec;
[2024-08-21 19:40:07,725 INFO] Step 5950/300000; acc: 21.6; ppl: 754.9; xent: 6.6; lr: 0.00037; sents:     249; bsz:   53/  24/ 5; 368/166 tok/s;    897 sec;
[2024-08-21 19:40:15,056 INFO] Step 6000/300000; acc: 23.1; ppl: 643.2; xent: 6.5; lr: 0.00037; sents:     278; bsz:   56/  26/ 6; 379/178 tok/s;    904 sec;
[2024-08-21 19:40:22,804 INFO] Step 6050/300000; acc: 22.2; ppl: 748.2; xent: 6.6; lr: 0.00037; sents:     324; bsz:   53/  31/ 6; 340/203 tok/s;    912 sec;
[2024-08-21 19:40:29,860 INFO] Step 6100/300000; acc: 22.6; ppl: 774.3; xent: 6.7; lr: 0.00038; sents:     343; bsz:   50/  31/ 7; 355/223 tok/s;    919 sec;
[2024-08-21 19:40:37,026 INFO] Step 6150/300000; acc: 22.9; ppl: 588.2; xent: 6.4; lr: 0.00038; sents:     245; bsz:   54/  24/ 5; 381/165 tok/s;    926 sec;
[2024-08-21 19:40:43,990 INFO] Step 6200/300000; acc: 22.6; ppl: 591.7; xent: 6.4; lr: 0.00038; sents:     258; bsz:   49/  24/ 5; 355/170 tok/s;    933 sec;
[2024-08-21 19:40:51,241 INFO] Step 6250/300000; acc: 22.1; ppl: 521.3; xent: 6.3; lr: 0.00039; sents:     216; bsz:   56/  22/ 4; 386/151 tok/s;    940 sec;
[2024-08-21 19:40:58,287 INFO] Step 6300/300000; acc: 21.9; ppl: 698.5; xent: 6.5; lr: 0.00039; sents:     284; bsz:   54/  28/ 6; 384/199 tok/s;    948 sec;
[2024-08-21 19:41:05,328 INFO] Step 6350/300000; acc: 22.1; ppl: 645.6; xent: 6.5; lr: 0.00039; sents:     267; bsz:   50/  26/ 5; 357/184 tok/s;    955 sec;
[2024-08-21 19:41:12,286 INFO] Step 6400/300000; acc: 22.8; ppl: 544.2; xent: 6.3; lr: 0.00040; sents:     260; bsz:   53/  25/ 5; 378/178 tok/s;    962 sec;
[2024-08-21 19:41:19,566 INFO] Step 6450/300000; acc: 22.8; ppl: 592.1; xent: 6.4; lr: 0.00040; sents:     272; bsz:   52/  25/ 5; 356/175 tok/s;    969 sec;
[2024-08-21 19:41:26,904 INFO] Step 6500/300000; acc: 23.1; ppl: 634.9; xent: 6.5; lr: 0.00040; sents:     200; bsz:   52/  19/ 4; 357/129 tok/s;    976 sec;
[2024-08-21 19:41:33,704 INFO] Step 6550/300000; acc: 22.8; ppl: 622.8; xent: 6.4; lr: 0.00040; sents:     241; bsz:   52/  23/ 5; 382/170 tok/s;    983 sec;
[2024-08-21 19:41:40,936 INFO] Step 6600/300000; acc: 22.7; ppl: 556.7; xent: 6.3; lr: 0.00041; sents:     248; bsz:   50/  23/ 5; 348/161 tok/s;    990 sec;
[2024-08-21 19:41:48,206 INFO] Step 6650/300000; acc: 22.8; ppl: 637.2; xent: 6.5; lr: 0.00041; sents:     282; bsz:   50/  26/ 6; 342/178 tok/s;    997 sec;
[2024-08-21 19:41:55,358 INFO] Step 6700/300000; acc: 23.5; ppl: 488.7; xent: 6.2; lr: 0.00041; sents:     280; bsz:   52/  26/ 6; 366/184 tok/s;   1005 sec;
[2024-08-21 19:42:02,490 INFO] Step 6750/300000; acc: 25.8; ppl: 445.2; xent: 6.1; lr: 0.00042; sents:     171; bsz:   49/  16/ 3; 341/116 tok/s;   1012 sec;
[2024-08-21 19:42:09,795 INFO] Step 6800/300000; acc: 23.3; ppl: 574.8; xent: 6.4; lr: 0.00042; sents:     274; bsz:   51/  26/ 5; 352/175 tok/s;   1019 sec;
[2024-08-21 19:42:17,268 INFO] Step 6850/300000; acc: 24.3; ppl: 470.5; xent: 6.2; lr: 0.00042; sents:     237; bsz:   53/  23/ 5; 353/151 tok/s;   1027 sec;
[2024-08-21 19:42:24,892 INFO] Step 6900/300000; acc: 23.5; ppl: 573.2; xent: 6.4; lr: 0.00043; sents:     261; bsz:   56/  25/ 5; 369/162 tok/s;   1034 sec;
[2024-08-21 19:42:32,209 INFO] Step 6950/300000; acc: 21.9; ppl: 551.9; xent: 6.3; lr: 0.00043; sents:     265; bsz:   54/  26/ 5; 372/179 tok/s;   1041 sec;
[2024-08-21 19:42:39,581 INFO] Step 7000/300000; acc: 23.1; ppl: 563.0; xent: 6.3; lr: 0.00043; sents:     285; bsz:   54/  27/ 6; 368/182 tok/s;   1049 sec;
[2024-08-21 19:42:47,141 INFO] Step 7050/300000; acc: 22.8; ppl: 455.1; xent: 6.1; lr: 0.00044; sents:     279; bsz:   52/  27/ 6; 344/181 tok/s;   1056 sec;
[2024-08-21 19:42:54,519 INFO] Step 7100/300000; acc: 22.7; ppl: 581.0; xent: 6.4; lr: 0.00044; sents:     277; bsz:   49/  26/ 6; 334/174 tok/s;   1064 sec;
[2024-08-21 19:43:01,797 INFO] Step 7150/300000; acc: 22.9; ppl: 514.0; xent: 6.2; lr: 0.00044; sents:     297; bsz:   51/  28/ 6; 350/195 tok/s;   1071 sec;
[2024-08-21 19:43:09,781 INFO] Step 7200/300000; acc: 22.6; ppl: 459.6; xent: 6.1; lr: 0.00044; sents:     220; bsz:   52/  22/ 4; 323/135 tok/s;   1079 sec;
[2024-08-21 19:43:18,193 INFO] Step 7250/300000; acc: 22.4; ppl: 539.8; xent: 6.3; lr: 0.00045; sents:     282; bsz:   53/  27/ 6; 313/163 tok/s;   1087 sec;
[2024-08-21 19:43:26,291 INFO] Step 7300/300000; acc: 22.4; ppl: 540.4; xent: 6.3; lr: 0.00045; sents:     261; bsz:   50/  25/ 5; 311/156 tok/s;   1096 sec;
[2024-08-21 19:43:34,066 INFO] Step 7350/300000; acc: 23.5; ppl: 429.2; xent: 6.1; lr: 0.00045; sents:     239; bsz:   54/  24/ 5; 348/152 tok/s;   1103 sec;
[2024-08-21 19:43:41,231 INFO] Step 7400/300000; acc: 23.7; ppl: 489.5; xent: 6.2; lr: 0.00046; sents:     240; bsz:   49/  23/ 5; 339/158 tok/s;   1110 sec;
[2024-08-21 19:43:49,160 INFO] Step 7450/300000; acc: 23.3; ppl: 500.5; xent: 6.2; lr: 0.00046; sents:     316; bsz:   51/  30/ 6; 322/186 tok/s;   1118 sec;
[2024-08-21 19:43:56,877 INFO] Step 7500/300000; acc: 24.1; ppl: 604.8; xent: 6.4; lr: 0.00046; sents:     334; bsz:   49/  30/ 7; 321/197 tok/s;   1126 sec;
[2024-08-21 19:49:11,324 INFO] valid stats calculation and sentences rebuilding
                           took: 314.44561767578125 s.
[2024-08-21 19:49:11,326 INFO] Train perplexity: 1105.64
[2024-08-21 19:49:11,327 INFO] Train accuracy: 21.5526
[2024-08-21 19:49:11,327 INFO] Sentences processed: 39376
[2024-08-21 19:49:11,327 INFO] Average bsz:   51/  25/ 5
[2024-08-21 19:49:11,328 INFO] Validation perplexity: 471.611
[2024-08-21 19:49:11,328 INFO] Validation accuracy: 24.2894
[2024-08-21 19:49:11,345 INFO] Saving checkpoint ./../output/uspt.patent.tsv.filtered.mt75.ts3/nmt_transformer-uspt1/t152317.s67315.m12914.ettransformer.l2048.wv512.lr1.b64.e300000/fold0/model_step_7500.pt
[2024-08-21 19:49:26,048 INFO] Step 7550/300000; acc: 24.4; ppl: 512.0; xent: 6.2; lr: 0.00047; sents:     250; bsz:   50/  23/ 5;   8/  4 tok/s;   1455 sec;
[2024-08-21 19:49:34,407 INFO] Step 7600/300000; acc: 23.8; ppl: 537.0; xent: 6.3; lr: 0.00047; sents:     266; bsz:   53/  24/ 5; 318/146 tok/s;   1464 sec;
[2024-08-21 19:49:42,027 INFO] Step 7650/300000; acc: 23.4; ppl: 525.8; xent: 6.3; lr: 0.00047; sents:     307; bsz:   48/  29/ 6; 316/188 tok/s;   1471 sec;
[2024-08-21 19:49:49,830 INFO] Step 7700/300000; acc: 24.2; ppl: 405.2; xent: 6.0; lr: 0.00048; sents:     294; bsz:   51/  28/ 6; 326/179 tok/s;   1479 sec;
[2024-08-21 19:49:57,328 INFO] Step 7750/300000; acc: 23.9; ppl: 483.4; xent: 6.2; lr: 0.00048; sents:     292; bsz:   52/  27/ 6; 350/179 tok/s;   1487 sec;
[2024-08-21 19:50:05,290 INFO] Step 7800/300000; acc: 24.3; ppl: 520.1; xent: 6.3; lr: 0.00048; sents:     321; bsz:   49/  29/ 6; 307/184 tok/s;   1495 sec;
[2024-08-21 19:50:13,878 INFO] Step 7850/300000; acc: 23.4; ppl: 487.7; xent: 6.2; lr: 0.00048; sents:     161; bsz:   53/  15/ 3; 306/ 87 tok/s;   1503 sec;
[2024-08-21 19:50:21,456 INFO] Step 7900/300000; acc: 22.9; ppl: 525.7; xent: 6.3; lr: 0.00049; sents:     242; bsz:   58/  23/ 5; 383/154 tok/s;   1511 sec;
[2024-08-21 19:50:29,011 INFO] Step 7950/300000; acc: 24.2; ppl: 474.3; xent: 6.2; lr: 0.00049; sents:     313; bsz:   49/  29/ 6; 327/194 tok/s;   1518 sec;
[2024-08-21 19:50:36,696 INFO] Step 8000/300000; acc: 24.1; ppl: 449.9; xent: 6.1; lr: 0.00049; sents:     230; bsz:   51/  22/ 5; 332/141 tok/s;   1526 sec;
[2024-08-21 19:50:44,101 INFO] Step 8050/300000; acc: 23.6; ppl: 538.5; xent: 6.3; lr: 0.00049; sents:     261; bsz:   45/  25/ 5; 305/166 tok/s;   1533 sec;
[2024-08-21 19:50:51,667 INFO] Step 8100/300000; acc: 23.8; ppl: 477.6; xent: 6.2; lr: 0.00049; sents:     323; bsz:   48/  31/ 6; 317/204 tok/s;   1541 sec;
[2024-08-21 19:50:59,600 INFO] Step 8150/300000; acc: 23.3; ppl: 391.1; xent: 6.0; lr: 0.00049; sents:     243; bsz:   52/  23/ 5; 325/147 tok/s;   1549 sec;
[2024-08-21 19:51:07,999 INFO] Step 8200/300000; acc: 23.3; ppl: 503.2; xent: 6.2; lr: 0.00049; sents:     282; bsz:   52/  25/ 6; 311/152 tok/s;   1557 sec;
[2024-08-21 19:51:15,670 INFO] Step 8250/300000; acc: 22.7; ppl: 489.4; xent: 6.2; lr: 0.00049; sents:     371; bsz:   49/  35/ 7; 319/230 tok/s;   1565 sec;
[2024-08-21 19:51:23,315 INFO] Step 8300/300000; acc: 24.8; ppl: 343.2; xent: 5.8; lr: 0.00049; sents:     248; bsz:   53/  25/ 5; 346/161 tok/s;   1573 sec;
[2024-08-21 19:51:30,717 INFO] Step 8350/300000; acc: 25.9; ppl: 315.8; xent: 5.8; lr: 0.00048; sents:     211; bsz:   50/  21/ 4; 337/140 tok/s;   1580 sec;
[2024-08-21 19:51:38,422 INFO] Step 8400/300000; acc: 25.1; ppl: 514.7; xent: 6.2; lr: 0.00048; sents:     377; bsz:   46/  33/ 8; 296/213 tok/s;   1588 sec;
[2024-08-21 19:51:46,122 INFO] Step 8450/300000; acc: 22.2; ppl: 453.9; xent: 6.1; lr: 0.00048; sents:     242; bsz:   47/  25/ 5; 308/160 tok/s;   1595 sec;
[2024-08-21 19:51:53,890 INFO] Step 8500/300000; acc: 24.4; ppl: 340.1; xent: 5.8; lr: 0.00048; sents:     232; bsz:   50/  22/ 5; 325/141 tok/s;   1603 sec;
[2024-08-21 19:52:01,340 INFO] Step 8550/300000; acc: 25.3; ppl: 299.8; xent: 5.7; lr: 0.00048; sents:     178; bsz:   53/  17/ 4; 353/117 tok/s;   1611 sec;
[2024-08-21 19:52:08,744 INFO] Step 8600/300000; acc: 24.9; ppl: 430.1; xent: 6.1; lr: 0.00048; sents:     256; bsz:   53/  24/ 5; 359/161 tok/s;   1618 sec;
[2024-08-21 19:52:16,529 INFO] Step 8650/300000; acc: 25.6; ppl: 373.5; xent: 5.9; lr: 0.00048; sents:     223; bsz:   52/  21/ 4; 337/135 tok/s;   1626 sec;
[2024-08-21 19:52:24,091 INFO] Step 8700/300000; acc: 24.6; ppl: 469.6; xent: 6.2; lr: 0.00047; sents:     329; bsz:   46/  29/ 7; 307/195 tok/s;   1633 sec;
[2024-08-21 19:52:31,601 INFO] Step 8750/300000; acc: 24.5; ppl: 310.2; xent: 5.7; lr: 0.00047; sents:     146; bsz:   55/  15/ 3; 368/ 97 tok/s;   1641 sec;
[2024-08-21 19:52:38,937 INFO] Step 8800/300000; acc: 25.3; ppl: 340.5; xent: 5.8; lr: 0.00047; sents:     296; bsz:   49/  29/ 6; 336/197 tok/s;   1648 sec;
[2024-08-21 19:52:46,598 INFO] Step 8850/300000; acc: 25.7; ppl: 352.9; xent: 5.9; lr: 0.00047; sents:     253; bsz:   51/  25/ 5; 335/164 tok/s;   1656 sec;
[2024-08-21 19:52:54,625 INFO] Step 8900/300000; acc: 24.1; ppl: 373.8; xent: 5.9; lr: 0.00047; sents:     288; bsz:   50/  28/ 6; 309/178 tok/s;   1664 sec;
[2024-08-21 19:53:02,674 INFO] Step 8950/300000; acc: 24.5; ppl: 503.9; xent: 6.2; lr: 0.00047; sents:     328; bsz:   50/  30/ 7; 311/184 tok/s;   1672 sec;
[2024-08-21 19:53:12,712 INFO] Step 9000/300000; acc: 24.1; ppl: 446.8; xent: 6.1; lr: 0.00047; sents:     246; bsz:   51/  24/ 5; 255/117 tok/s;   1682 sec;
[2024-08-21 19:53:20,674 INFO] Step 9050/300000; acc: 25.7; ppl: 382.3; xent: 5.9; lr: 0.00046; sents:     258; bsz:   47/  24/ 5; 298/150 tok/s;   1690 sec;
[2024-08-21 19:53:29,125 INFO] Step 9100/300000; acc: 24.3; ppl: 420.6; xent: 6.0; lr: 0.00046; sents:     262; bsz:   50/  24/ 5; 295/144 tok/s;   1698 sec;
[2024-08-21 19:53:37,647 INFO] Step 9150/300000; acc: 25.0; ppl: 479.9; xent: 6.2; lr: 0.00046; sents:     348; bsz:   49/  31/ 7; 289/184 tok/s;   1707 sec;
[2024-08-21 19:53:45,660 INFO] Step 9200/300000; acc: 23.5; ppl: 464.8; xent: 6.1; lr: 0.00046; sents:     260; bsz:   52/  25/ 5; 321/155 tok/s;   1715 sec;
[2024-08-21 19:53:54,365 INFO] Step 9250/300000; acc: 24.7; ppl: 329.0; xent: 5.8; lr: 0.00046; sents:     248; bsz:   52/  25/ 5; 298/141 tok/s;   1724 sec;
[2024-08-21 19:54:03,211 INFO] Step 9300/300000; acc: 25.8; ppl: 259.2; xent: 5.6; lr: 0.00046; sents:     219; bsz:   60/  22/ 4; 338/125 tok/s;   1732 sec;
[2024-08-21 19:54:11,768 INFO] Step 9350/300000; acc: 25.2; ppl: 367.4; xent: 5.9; lr: 0.00046; sents:     223; bsz:   53/  21/ 4; 311/125 tok/s;   1741 sec;
[2024-08-21 19:54:19,073 INFO] Step 9400/300000; acc: 22.7; ppl: 227.7; xent: 5.4; lr: 0.00046; sents:     173; bsz:   51/  19/ 3; 352/127 tok/s;   1748 sec;
[2024-08-21 19:54:26,226 INFO] Step 9450/300000; acc: 24.7; ppl: 324.3; xent: 5.8; lr: 0.00045; sents:     230; bsz:   52/  22/ 5; 363/155 tok/s;   1755 sec;
[2024-08-21 19:54:34,111 INFO] Step 9500/300000; acc: 24.1; ppl: 329.9; xent: 5.8; lr: 0.00045; sents:     243; bsz:   54/  24/ 5; 341/154 tok/s;   1763 sec;
[2024-08-21 19:54:42,272 INFO] Step 9550/300000; acc: 24.6; ppl: 315.2; xent: 5.8; lr: 0.00045; sents:     270; bsz:   54/  27/ 5; 333/163 tok/s;   1772 sec;
[2024-08-21 19:54:50,610 INFO] Step 9600/300000; acc: 24.4; ppl: 316.5; xent: 5.8; lr: 0.00045; sents:     270; bsz:   54/  26/ 5; 323/157 tok/s;   1780 sec;
[2024-08-21 19:54:58,982 INFO] Step 9650/300000; acc: 28.4; ppl: 273.3; xent: 5.6; lr: 0.00045; sents:     279; bsz:   51/  27/ 6; 306/160 tok/s;   1788 sec;
[2024-08-21 19:55:06,485 INFO] Step 9700/300000; acc: 24.0; ppl: 323.1; xent: 5.8; lr: 0.00045; sents:     275; bsz:   52/  27/ 6; 346/181 tok/s;   1796 sec;
[2024-08-21 19:55:14,282 INFO] Step 9750/300000; acc: 25.6; ppl: 294.3; xent: 5.7; lr: 0.00045; sents:     291; bsz:   53/  29/ 6; 338/185 tok/s;   1804 sec;
[2024-08-21 19:55:21,705 INFO] Step 9800/300000; acc: 26.9; ppl: 235.5; xent: 5.5; lr: 0.00045; sents:     231; bsz:   51/  23/ 5; 343/156 tok/s;   1811 sec;
[2024-08-21 19:55:30,287 INFO] Step 9850/300000; acc: 26.8; ppl: 191.6; xent: 5.3; lr: 0.00045; sents:     168; bsz:   56/  17/ 3; 325/ 98 tok/s;   1820 sec;
[2024-08-21 19:55:38,846 INFO] Step 9900/300000; acc: 23.7; ppl: 233.3; xent: 5.5; lr: 0.00044; sents:     216; bsz:   53/  23/ 4; 309/134 tok/s;   1828 sec;
[2024-08-21 19:55:46,684 INFO] Step 9950/300000; acc: 25.7; ppl: 260.7; xent: 5.6; lr: 0.00044; sents:     188; bsz:   52/  19/ 4; 333/121 tok/s;   1836 sec;
[2024-08-21 19:55:54,701 INFO] Step 10000/300000; acc: 27.1; ppl: 264.8; xent: 5.6; lr: 0.00044; sents:     245; bsz:   55/  24/ 5; 343/149 tok/s;   1844 sec;
[2024-08-21 19:56:03,596 INFO] Step 10050/300000; acc: 27.0; ppl: 215.9; xent: 5.4; lr: 0.00044; sents:     268; bsz:   52/  26/ 5; 291/145 tok/s;   1853 sec;
[2024-08-21 19:56:11,155 INFO] Step 10100/300000; acc: 26.6; ppl: 248.4; xent: 5.5; lr: 0.00044; sents:     256; bsz:   52/  25/ 5; 343/165 tok/s;   1860 sec;
[2024-08-21 19:56:18,968 INFO] Step 10150/300000; acc: 27.0; ppl: 244.1; xent: 5.5; lr: 0.00044; sents:     290; bsz:   52/  28/ 6; 333/181 tok/s;   1868 sec;
[2024-08-21 19:56:28,105 INFO] Step 10200/300000; acc: 26.3; ppl: 277.7; xent: 5.6; lr: 0.00044; sents:     295; bsz:   50/  28/ 6; 272/151 tok/s;   1877 sec;
[2024-08-21 19:56:37,441 INFO] Step 10250/300000; acc: 26.4; ppl: 248.6; xent: 5.5; lr: 0.00044; sents:     207; bsz:   53/  20/ 4; 286/108 tok/s;   1887 sec;
[2024-08-21 19:56:46,754 INFO] Step 10300/300000; acc: 27.4; ppl: 289.3; xent: 5.7; lr: 0.00044; sents:     198; bsz:   50/  18/ 4; 267/ 99 tok/s;   1896 sec;
[2024-08-21 19:56:54,837 INFO] Step 10350/300000; acc: 26.0; ppl: 323.7; xent: 5.8; lr: 0.00043; sents:     277; bsz:   51/  26/ 6; 314/158 tok/s;   1904 sec;
[2024-08-21 19:57:02,552 INFO] Step 10400/300000; acc: 28.8; ppl: 206.3; xent: 5.3; lr: 0.00043; sents:     311; bsz:   50/  30/ 6; 325/197 tok/s;   1912 sec;
[2024-08-21 19:57:10,010 INFO] Step 10450/300000; acc: 27.2; ppl: 224.4; xent: 5.4; lr: 0.00043; sents:     265; bsz:   51/  26/ 5; 341/172 tok/s;   1919 sec;
[2024-08-21 19:57:17,886 INFO] Step 10500/300000; acc: 25.4; ppl: 323.3; xent: 5.8; lr: 0.00043; sents:     256; bsz:   53/  24/ 5; 335/153 tok/s;   1927 sec;
[2024-08-21 19:57:25,479 INFO] Step 10550/300000; acc: 27.8; ppl: 257.9; xent: 5.6; lr: 0.00043; sents:     265; bsz:   51/  25/ 5; 339/166 tok/s;   1935 sec;
[2024-08-21 19:57:33,111 INFO] Step 10600/300000; acc: 26.1; ppl: 257.9; xent: 5.6; lr: 0.00043; sents:     322; bsz:   50/  32/ 6; 326/212 tok/s;   1942 sec;
[2024-08-21 19:57:40,602 INFO] Step 10650/300000; acc: 28.0; ppl: 194.3; xent: 5.3; lr: 0.00043; sents:     291; bsz:   53/  29/ 6; 357/196 tok/s;   1950 sec;
[2024-08-21 19:57:48,554 INFO] Step 10700/300000; acc: 26.8; ppl: 277.5; xent: 5.6; lr: 0.00043; sents:     272; bsz:   52/  26/ 5; 327/163 tok/s;   1958 sec;
[2024-08-21 19:57:56,055 INFO] Step 10750/300000; acc: 28.8; ppl: 205.7; xent: 5.3; lr: 0.00043; sents:     253; bsz:   52/  24/ 5; 349/163 tok/s;   1965 sec;
[2024-08-21 19:58:04,066 INFO] Step 10800/300000; acc: 28.7; ppl: 215.6; xent: 5.4; lr: 0.00043; sents:     264; bsz:   52/  25/ 5; 327/154 tok/s;   1973 sec;
[2024-08-21 19:58:11,559 INFO] Step 10850/300000; acc: 29.3; ppl: 227.2; xent: 5.4; lr: 0.00042; sents:     270; bsz:   51/  24/ 5; 341/162 tok/s;   1981 sec;
[2024-08-21 19:58:19,505 INFO] Step 10900/300000; acc: 27.9; ppl: 255.6; xent: 5.5; lr: 0.00042; sents:     217; bsz:   53/  20/ 4; 334/128 tok/s;   1989 sec;
[2024-08-21 19:58:27,227 INFO] Step 10950/300000; acc: 25.5; ppl: 208.7; xent: 5.3; lr: 0.00042; sents:     203; bsz:   51/  21/ 4; 332/133 tok/s;   1996 sec;
[2024-08-21 19:58:34,581 INFO] Step 11000/300000; acc: 26.7; ppl: 282.8; xent: 5.6; lr: 0.00042; sents:     209; bsz:   51/  20/ 4; 344/133 tok/s;   2004 sec;
[2024-08-21 19:58:42,062 INFO] Step 11050/300000; acc: 27.8; ppl: 246.4; xent: 5.5; lr: 0.00042; sents:     253; bsz:   52/  24/ 5; 348/163 tok/s;   2011 sec;
[2024-08-21 19:58:49,526 INFO] Step 11100/300000; acc: 27.6; ppl: 205.2; xent: 5.3; lr: 0.00042; sents:     217; bsz:   52/  20/ 4; 349/137 tok/s;   2019 sec;
[2024-08-21 19:58:56,911 INFO] Step 11150/300000; acc: 28.0; ppl: 218.1; xent: 5.4; lr: 0.00042; sents:     263; bsz:   51/  26/ 5; 347/173 tok/s;   2026 sec;
[2024-08-21 19:59:04,301 INFO] Step 11200/300000; acc: 27.6; ppl: 242.1; xent: 5.5; lr: 0.00042; sents:     264; bsz:   50/  25/ 5; 339/171 tok/s;   2034 sec;
[2024-08-21 19:59:12,563 INFO] Step 11250/300000; acc: 29.5; ppl: 175.5; xent: 5.2; lr: 0.00042; sents:     247; bsz:   52/  22/ 5; 316/135 tok/s;   2042 sec;
[2024-08-21 19:59:20,165 INFO] Step 11300/300000; acc: 27.1; ppl: 241.2; xent: 5.5; lr: 0.00042; sents:     232; bsz:   52/  22/ 5; 342/147 tok/s;   2049 sec;
[2024-08-21 19:59:28,552 INFO] Step 11350/300000; acc: 28.9; ppl: 190.4; xent: 5.2; lr: 0.00041; sents:     214; bsz:   53/  22/ 4; 314/128 tok/s;   2058 sec;
[2024-08-21 19:59:36,266 INFO] Step 11400/300000; acc: 29.1; ppl: 240.2; xent: 5.5; lr: 0.00041; sents:     248; bsz:   50/  23/ 5; 325/149 tok/s;   2066 sec;
[2024-08-21 19:59:44,121 INFO] Step 11450/300000; acc: 28.9; ppl: 196.8; xent: 5.3; lr: 0.00041; sents:     268; bsz:   51/  25/ 5; 326/160 tok/s;   2073 sec;
[2024-08-21 19:59:51,714 INFO] Step 11500/300000; acc: 30.1; ppl: 209.6; xent: 5.3; lr: 0.00041; sents:     259; bsz:   52/  24/ 5; 344/160 tok/s;   2081 sec;
[2024-08-21 19:59:59,003 INFO] Step 11550/300000; acc: 28.4; ppl: 211.6; xent: 5.4; lr: 0.00041; sents:     280; bsz:   49/  26/ 6; 337/181 tok/s;   2088 sec;
[2024-08-21 20:00:06,834 INFO] Step 11600/300000; acc: 28.1; ppl: 163.9; xent: 5.1; lr: 0.00041; sents:     202; bsz:   54/  21/ 4; 342/132 tok/s;   2096 sec;
[2024-08-21 20:00:14,162 INFO] Step 11650/300000; acc: 30.5; ppl: 152.1; xent: 5.0; lr: 0.00041; sents:     191; bsz:   52/  20/ 4; 356/133 tok/s;   2103 sec;
[2024-08-21 20:00:21,642 INFO] Step 11700/300000; acc: 29.3; ppl: 196.6; xent: 5.3; lr: 0.00041; sents:     245; bsz:   51/  23/ 5; 343/154 tok/s;   2111 sec;
[2024-08-21 20:00:29,858 INFO] Step 11750/300000; acc: 30.4; ppl: 211.6; xent: 5.4; lr: 0.00041; sents:     315; bsz:   51/  30/ 6; 311/181 tok/s;   2119 sec;
[2024-08-21 20:00:37,502 INFO] Step 11800/300000; acc: 29.8; ppl: 241.7; xent: 5.5; lr: 0.00041; sents:     270; bsz:   52/  25/ 5; 343/163 tok/s;   2127 sec;
[2024-08-21 20:00:44,742 INFO] Step 11850/300000; acc: 27.8; ppl: 248.5; xent: 5.5; lr: 0.00041; sents:     345; bsz:   51/  33/ 7; 350/227 tok/s;   2134 sec;
[2024-08-21 20:00:52,526 INFO] Step 11900/300000; acc: 28.1; ppl: 217.7; xent: 5.4; lr: 0.00041; sents:     218; bsz:   53/  21/ 4; 340/136 tok/s;   2142 sec;
[2024-08-21 20:01:00,805 INFO] Step 11950/300000; acc: 30.6; ppl: 183.9; xent: 5.2; lr: 0.00040; sents:     220; bsz:   52/  21/ 4; 317/126 tok/s;   2150 sec;
[2024-08-21 20:01:08,855 INFO] Step 12000/300000; acc: 30.5; ppl: 167.7; xent: 5.1; lr: 0.00040; sents:     212; bsz:   51/  21/ 4; 317/129 tok/s;   2158 sec;
[2024-08-21 20:01:16,602 INFO] Step 12050/300000; acc: 28.5; ppl: 188.1; xent: 5.2; lr: 0.00040; sents:     258; bsz:   53/  25/ 5; 342/161 tok/s;   2166 sec;
[2024-08-21 20:01:24,347 INFO] Step 12100/300000; acc: 29.7; ppl: 181.8; xent: 5.2; lr: 0.00040; sents:     257; bsz:   50/  24/ 5; 324/157 tok/s;   2174 sec;
[2024-08-21 20:01:32,297 INFO] Step 12150/300000; acc: 29.5; ppl: 223.1; xent: 5.4; lr: 0.00040; sents:     235; bsz:   51/  22/ 5; 319/137 tok/s;   2182 sec;
[2024-08-21 20:01:40,375 INFO] Step 12200/300000; acc: 27.5; ppl: 212.6; xent: 5.4; lr: 0.00040; sents:     281; bsz:   51/  29/ 6; 318/177 tok/s;   2190 sec;
[2024-08-21 20:01:48,356 INFO] Step 12250/300000; acc: 28.6; ppl: 223.6; xent: 5.4; lr: 0.00040; sents:     277; bsz:   51/  25/ 6; 320/158 tok/s;   2198 sec;
[2024-08-21 20:01:56,902 INFO] Step 12300/300000; acc: 27.5; ppl: 218.2; xent: 5.4; lr: 0.00040; sents:     292; bsz:   50/  27/ 6; 292/159 tok/s;   2206 sec;
[2024-08-21 20:02:04,874 INFO] Step 12350/300000; acc: 28.1; ppl: 245.1; xent: 5.5; lr: 0.00040; sents:     282; bsz:   50/  26/ 6; 312/164 tok/s;   2214 sec;
[2024-08-21 20:02:13,290 INFO] Step 12400/300000; acc: 28.5; ppl: 255.4; xent: 5.5; lr: 0.00040; sents:     257; bsz:   51/  24/ 5; 305/143 tok/s;   2223 sec;
[2024-08-21 20:02:21,096 INFO] Step 12450/300000; acc: 30.9; ppl: 152.7; xent: 5.0; lr: 0.00040; sents:     191; bsz:   51/  18/ 4; 326/116 tok/s;   2230 sec;
[2024-08-21 20:02:29,287 INFO] Step 12500/300000; acc: 28.6; ppl: 174.9; xent: 5.2; lr: 0.00040; sents:     248; bsz:   51/  23/ 5; 309/143 tok/s;   2239 sec;
[2024-08-21 20:02:37,084 INFO] Step 12550/300000; acc: 28.8; ppl: 228.5; xent: 5.4; lr: 0.00039; sents:     277; bsz:   50/  26/ 6; 319/169 tok/s;   2246 sec;
[2024-08-21 20:02:45,120 INFO] Step 12600/300000; acc: 32.7; ppl: 121.7; xent: 4.8; lr: 0.00039; sents:     244; bsz:   54/  24/ 5; 335/151 tok/s;   2254 sec;
[2024-08-21 20:02:53,056 INFO] Step 12650/300000; acc: 30.4; ppl: 144.1; xent: 5.0; lr: 0.00039; sents:     224; bsz:   54/  23/ 4; 339/142 tok/s;   2262 sec;
[2024-08-21 20:03:01,174 INFO] Step 12700/300000; acc: 29.6; ppl: 231.7; xent: 5.4; lr: 0.00039; sents:     299; bsz:   53/  28/ 6; 325/175 tok/s;   2270 sec;
[2024-08-21 20:03:09,379 INFO] Step 12750/300000; acc: 27.6; ppl: 193.0; xent: 5.3; lr: 0.00039; sents:     241; bsz:   55/  23/ 5; 334/142 tok/s;   2279 sec;
[2024-08-21 20:03:17,382 INFO] Step 12800/300000; acc: 29.2; ppl: 179.3; xent: 5.2; lr: 0.00039; sents:     252; bsz:   50/  25/ 5; 314/156 tok/s;   2287 sec;
[2024-08-21 20:03:25,535 INFO] Step 12850/300000; acc: 30.7; ppl: 148.3; xent: 5.0; lr: 0.00039; sents:     207; bsz:   52/  21/ 4; 320/128 tok/s;   2295 sec;
[2024-08-21 20:03:32,906 INFO] Step 12900/300000; acc: 34.5; ppl: 125.0; xent: 4.8; lr: 0.00039; sents:     181; bsz:   54/  17/ 4; 369/116 tok/s;   2302 sec;
[2024-08-21 20:03:40,238 INFO] Step 12950/300000; acc: 31.5; ppl: 143.9; xent: 5.0; lr: 0.00039; sents:     283; bsz:   53/  27/ 6; 364/184 tok/s;   2309 sec;
[2024-08-21 20:03:48,061 INFO] Step 13000/300000; acc: 29.8; ppl: 167.7; xent: 5.1; lr: 0.00039; sents:     262; bsz:   54/  25/ 5; 345/159 tok/s;   2317 sec;
[2024-08-21 20:03:55,553 INFO] Step 13050/300000; acc: 29.7; ppl: 162.7; xent: 5.1; lr: 0.00039; sents:     260; bsz:   51/  25/ 5; 340/167 tok/s;   2325 sec;
[2024-08-21 20:04:03,121 INFO] Step 13100/300000; acc: 30.1; ppl: 142.5; xent: 5.0; lr: 0.00039; sents:     203; bsz:   52/  20/ 4; 346/132 tok/s;   2332 sec;
[2024-08-21 20:04:10,025 INFO] Step 13150/300000; acc: 30.8; ppl: 158.3; xent: 5.1; lr: 0.00039; sents:     236; bsz:   53/  24/ 5; 387/172 tok/s;   2339 sec;
[2024-08-21 20:04:17,383 INFO] Step 13200/300000; acc: 30.6; ppl: 125.9; xent: 4.8; lr: 0.00038; sents:     224; bsz:   50/  23/ 4; 340/156 tok/s;   2347 sec;
[2024-08-21 20:04:24,832 INFO] Step 13250/300000; acc: 29.8; ppl: 180.4; xent: 5.2; lr: 0.00038; sents:     267; bsz:   53/  26/ 5; 357/173 tok/s;   2354 sec;
[2024-08-21 20:04:32,184 INFO] Step 13300/300000; acc: 29.1; ppl: 171.7; xent: 5.1; lr: 0.00038; sents:     230; bsz:   54/  23/ 5; 370/157 tok/s;   2361 sec;
[2024-08-21 20:04:39,838 INFO] Step 13350/300000; acc: 32.0; ppl: 152.3; xent: 5.0; lr: 0.00038; sents:     246; bsz:   51/  24/ 5; 333/156 tok/s;   2369 sec;
[2024-08-21 20:04:46,971 INFO] Step 13400/300000; acc: 31.4; ppl: 156.2; xent: 5.1; lr: 0.00038; sents:     244; bsz:   50/  24/ 5; 352/167 tok/s;   2376 sec;
[2024-08-21 20:04:54,209 INFO] Step 13450/300000; acc: 30.7; ppl: 153.8; xent: 5.0; lr: 0.00038; sents:     262; bsz:   52/  25/ 5; 358/175 tok/s;   2383 sec;
[2024-08-21 20:05:02,005 INFO] Step 13500/300000; acc: 30.2; ppl: 185.3; xent: 5.2; lr: 0.00038; sents:     271; bsz:   51/  26/ 5; 326/165 tok/s;   2391 sec;
[2024-08-21 20:05:09,502 INFO] Step 13550/300000; acc: 30.8; ppl: 159.8; xent: 5.1; lr: 0.00038; sents:     233; bsz:   53/  22/ 5; 356/147 tok/s;   2399 sec;
[2024-08-21 20:05:17,326 INFO] Step 13600/300000; acc: 30.0; ppl: 164.9; xent: 5.1; lr: 0.00038; sents:     240; bsz:   49/  23/ 5; 311/150 tok/s;   2407 sec;
[2024-08-21 20:05:25,174 INFO] Step 13650/300000; acc: 31.4; ppl: 143.6; xent: 5.0; lr: 0.00038; sents:     255; bsz:   53/  24/ 5; 336/155 tok/s;   2414 sec;
[2024-08-21 20:05:33,021 INFO] Step 13700/300000; acc: 32.8; ppl: 153.1; xent: 5.0; lr: 0.00038; sents:     286; bsz:   52/  27/ 6; 329/172 tok/s;   2422 sec;
[2024-08-21 20:05:40,839 INFO] Step 13750/300000; acc: 32.5; ppl: 139.1; xent: 4.9; lr: 0.00038; sents:     275; bsz:   51/  27/ 6; 329/171 tok/s;   2430 sec;
[2024-08-21 20:05:48,660 INFO] Step 13800/300000; acc: 31.6; ppl: 148.1; xent: 5.0; lr: 0.00038; sents:     252; bsz:   52/  24/ 5; 334/153 tok/s;   2438 sec;
[2024-08-21 20:05:56,470 INFO] Step 13850/300000; acc: 31.2; ppl: 172.4; xent: 5.1; lr: 0.00038; sents:     314; bsz:   50/  29/ 6; 323/187 tok/s;   2446 sec;
[2024-08-21 20:06:04,266 INFO] Step 13900/300000; acc: 31.8; ppl: 178.6; xent: 5.2; lr: 0.00037; sents:     288; bsz:   49/  26/ 6; 316/168 tok/s;   2454 sec;
[2024-08-21 20:06:12,479 INFO] Step 13950/300000; acc: 32.1; ppl: 143.4; xent: 5.0; lr: 0.00037; sents:     279; bsz:   51/  27/ 6; 310/165 tok/s;   2462 sec;
[2024-08-21 20:06:20,083 INFO] Step 14000/300000; acc: 33.5; ppl: 113.0; xent: 4.7; lr: 0.00037; sents:     222; bsz:   54/  22/ 4; 355/147 tok/s;   2469 sec;
[2024-08-21 20:06:27,497 INFO] Step 14050/300000; acc: 30.3; ppl: 153.0; xent: 5.0; lr: 0.00037; sents:     257; bsz:   54/  26/ 5; 365/176 tok/s;   2477 sec;
[2024-08-21 20:06:34,849 INFO] Step 14100/300000; acc: 31.1; ppl: 118.6; xent: 4.8; lr: 0.00037; sents:     222; bsz:   53/  22/ 4; 363/152 tok/s;   2484 sec;
[2024-08-21 20:06:42,282 INFO] Step 14150/300000; acc: 33.2; ppl: 135.8; xent: 4.9; lr: 0.00037; sents:     224; bsz:   52/  22/ 4; 348/146 tok/s;   2492 sec;
[2024-08-21 20:06:49,823 INFO] Step 14200/300000; acc: 31.6; ppl: 128.1; xent: 4.9; lr: 0.00037; sents:     267; bsz:   54/  26/ 5; 355/173 tok/s;   2499 sec;
[2024-08-21 20:06:57,076 INFO] Step 14250/300000; acc: 30.4; ppl: 170.3; xent: 5.1; lr: 0.00037; sents:     270; bsz:   50/  27/ 5; 348/184 tok/s;   2506 sec;
[2024-08-21 20:07:05,130 INFO] Step 14300/300000; acc: 33.3; ppl: 142.3; xent: 5.0; lr: 0.00037; sents:     214; bsz:   51/  20/ 4; 315/125 tok/s;   2514 sec;
[2024-08-21 20:07:13,220 INFO] Step 14350/300000; acc: 32.7; ppl: 136.3; xent: 4.9; lr: 0.00037; sents:     223; bsz:   53/  22/ 4; 331/135 tok/s;   2522 sec;
[2024-08-21 20:07:21,056 INFO] Step 14400/300000; acc: 29.4; ppl: 181.5; xent: 5.2; lr: 0.00037; sents:     268; bsz:   52/  25/ 5; 331/157 tok/s;   2530 sec;
[2024-08-21 20:07:28,654 INFO] Step 14450/300000; acc: 32.3; ppl: 153.9; xent: 5.0; lr: 0.00037; sents:     287; bsz:   50/  27/ 6; 331/179 tok/s;   2538 sec;
[2024-08-21 20:07:36,480 INFO] Step 14500/300000; acc: 31.1; ppl: 177.2; xent: 5.2; lr: 0.00037; sents:     295; bsz:   49/  28/ 6; 314/179 tok/s;   2546 sec;
[2024-08-21 20:07:37,939 INFO] Weighted corpora loaded so far:
			* corpus_1: 2
[2024-08-21 20:07:44,935 INFO] Step 14550/300000; acc: 32.2; ppl: 130.9; xent: 4.9; lr: 0.00037; sents:     236; bsz:   52/  23/ 5; 309/133 tok/s;   2554 sec;
[2024-08-21 20:07:52,112 INFO] Weighted corpora loaded so far:
			* corpus_1: 2
[2024-08-21 20:07:52,919 INFO] Step 14600/300000; acc: 32.3; ppl: 164.2; xent: 5.1; lr: 0.00037; sents:     295; bsz:   49/  27/ 6; 309/169 tok/s;   2562 sec;
[2024-08-21 20:07:56,094 INFO] Weighted corpora loaded so far:
			* corpus_1: 2
[2024-08-21 20:08:00,770 INFO] Step 14650/300000; acc: 31.7; ppl: 162.3; xent: 5.1; lr: 0.00037; sents:     292; bsz:   48/  27/ 6; 306/170 tok/s;   2570 sec;
[2024-08-21 20:08:07,745 INFO] Step 14700/300000; acc: 32.0; ppl: 165.9; xent: 5.1; lr: 0.00036; sents:     279; bsz:   51/  26/ 6; 363/185 tok/s;   2577 sec;
[2024-08-21 20:08:14,887 INFO] Step 14750/300000; acc: 29.6; ppl: 167.2; xent: 5.1; lr: 0.00036; sents:     247; bsz:   51/  24/ 5; 357/167 tok/s;   2584 sec;
[2024-08-21 20:08:19,548 INFO] Weighted corpora loaded so far:
			* corpus_1: 2
[2024-08-21 20:08:22,074 INFO] Step 14800/300000; acc: 31.0; ppl: 132.3; xent: 4.9; lr: 0.00036; sents:     258; bsz:   55/  25/ 5; 382/176 tok/s;   2591 sec;
[2024-08-21 20:08:30,629 INFO] Step 14850/300000; acc: 33.6; ppl: 118.1; xent: 4.8; lr: 0.00036; sents:     250; bsz:   51/  25/ 5; 301/146 tok/s;   2600 sec;
[2024-08-21 20:08:38,316 INFO] Step 14900/300000; acc: 31.7; ppl: 156.0; xent: 5.1; lr: 0.00036; sents:     267; bsz:   51/  24/ 5; 335/158 tok/s;   2608 sec;
[2024-08-21 20:08:46,766 INFO] Step 14950/300000; acc: 29.8; ppl: 172.4; xent: 5.1; lr: 0.00036; sents:     240; bsz:   50/  24/ 5; 299/139 tok/s;   2616 sec;
[2024-08-21 20:08:54,952 INFO] Step 15000/300000; acc: 29.8; ppl: 156.6; xent: 5.1; lr: 0.00036; sents:     237; bsz:   51/  23/ 5; 314/138 tok/s;   2624 sec;
