nohup: ignoring input
Loading the data file ../../../data/preprocessed/dblp/toy.dblp.v12.json//w2v/joint.data.pkl ...
File not found! Generating data file ../../../data/preprocessed/dblp/toy.dblp.v12.json//w2v/joint.data.pkl ...
#Documents with word type of joint have created: 31
Saving the joint documents ...
Loading the embedding model ../../../data/preprocessed/dblp/toy.dblp.v12.json//w2v/joint.emb.d5.w1.dm1  ...
2024-08-19 03:56:51,374 : INFO : loading Doc2Vec object from ../../../data/preprocessed/dblp/toy.dblp.v12.json//w2v/joint..mdl
File not found! Learning ../../../data/preprocessed/dblp/toy.dblp.v12.json//w2v/joint.emb.d5.w1.dm1.mdl embeddings from scratch ...
2024-08-19 03:56:51,394 : INFO : Doc2Vec lifecycle event {'params': 'Doc2Vec<dm/m,d5,n5,w1,s0.001,t80>', 'datetime': '2024-08-19T03:56:51.376198', 'gensim': '4.3.3', 'python': '3.8.10 (default, Jul 29 2024, 17:02:10) \n[GCC 9.4.0]', 'platform': 'Linux-5.4.0-148-generic-x86_64-with-glibc2.29', 'event': 'created'}
2024-08-19 03:56:51,394 : INFO : collecting all words and their counts
2024-08-19 03:56:51,394 : INFO : PROGRESS: at example #0, processed 0 words (0 words/s), 0 word types, 0 tags
2024-08-19 03:56:51,394 : INFO : collected 23 word types and 31 unique tags from a corpus of 31 examples and 140 words
2024-08-19 03:56:51,394 : INFO : Creating a fresh vocabulary
2024-08-19 03:56:51,395 : INFO : Doc2Vec lifecycle event {'msg': 'effective_min_count=0 retains 23 unique words (100.00% of original 23, drops 0)', 'datetime': '2024-08-19T03:56:51.395068', 'gensim': '4.3.3', 'python': '3.8.10 (default, Jul 29 2024, 17:02:10) \n[GCC 9.4.0]', 'platform': 'Linux-5.4.0-148-generic-x86_64-with-glibc2.29', 'event': 'prepare_vocab'}
2024-08-19 03:56:51,395 : INFO : Doc2Vec lifecycle event {'msg': 'effective_min_count=0 leaves 140 word corpus (100.00% of original 140, drops 0)', 'datetime': '2024-08-19T03:56:51.395150', 'gensim': '4.3.3', 'python': '3.8.10 (default, Jul 29 2024, 17:02:10) \n[GCC 9.4.0]', 'platform': 'Linux-5.4.0-148-generic-x86_64-with-glibc2.29', 'event': 'prepare_vocab'}
2024-08-19 03:56:51,395 : INFO : deleting the raw counts dictionary of 23 items
2024-08-19 03:56:51,396 : INFO : sample=0.001 downsamples 23 most-common words
2024-08-19 03:56:51,396 : INFO : Doc2Vec lifecycle event {'msg': 'downsampling leaves estimated 23.280444694894005 word corpus (16.6%% of prior 140)', 'datetime': '2024-08-19T03:56:51.396356', 'gensim': '4.3.3', 'python': '3.8.10 (default, Jul 29 2024, 17:02:10) \n[GCC 9.4.0]', 'platform': 'Linux-5.4.0-148-generic-x86_64-with-glibc2.29', 'event': 'prepare_vocab'}
2024-08-19 03:56:51,396 : INFO : estimated required memory for 23 words and 5 dimensions: 19240 bytes
2024-08-19 03:56:51,397 : INFO : resetting layer weights
  0%|          | 0/10 [00:00<?, ?it/s]2024-08-19 03:56:51,399 : INFO : Doc2Vec lifecycle event {'msg': 'training model with 80 workers on 23 vocabulary and 5 features, using sg=0 hs=0 sample=0.001 negative=5 window=1 shrink_windows=True', 'datetime': '2024-08-19T03:56:51.399561', 'gensim': '4.3.3', 'python': '3.8.10 (default, Jul 29 2024, 17:02:10) \n[GCC 9.4.0]', 'platform': 'Linux-5.4.0-148-generic-x86_64-with-glibc2.29', 'event': 'train'}
2024-08-19 03:56:51,444 : INFO : EPOCH 0: training on 140 raw words (58 effective words) took 0.0s, 6713 effective words/s
2024-08-19 03:56:51,445 : INFO : Doc2Vec lifecycle event {'msg': 'training on 140 raw words (58 effective words) took 0.0s, 1275 effective words/s', 'datetime': '2024-08-19T03:56:51.445145', 'gensim': '4.3.3', 'python': '3.8.10 (default, Jul 29 2024, 17:02:10) \n[GCC 9.4.0]', 'platform': 'Linux-5.4.0-148-generic-x86_64-with-glibc2.29', 'event': 'train'}
2024-08-19 03:56:51,445 : INFO : Doc2Vec lifecycle event {'msg': 'training model with 80 workers on 23 vocabulary and 5 features, using sg=0 hs=0 sample=0.001 negative=5 window=1 shrink_windows=True', 'datetime': '2024-08-19T03:56:51.445292', 'gensim': '4.3.3', 'python': '3.8.10 (default, Jul 29 2024, 17:02:10) \n[GCC 9.4.0]', 'platform': 'Linux-5.4.0-148-generic-x86_64-with-glibc2.29', 'event': 'train'}
2024-08-19 03:56:51,483 : INFO : EPOCH 0: training on 140 raw words (53 effective words) took 0.0s, 6477 effective words/s
2024-08-19 03:56:51,484 : INFO : Doc2Vec lifecycle event {'msg': 'training on 140 raw words (53 effective words) took 0.0s, 1364 effective words/s', 'datetime': '2024-08-19T03:56:51.484235', 'gensim': '4.3.3', 'python': '3.8.10 (default, Jul 29 2024, 17:02:10) \n[GCC 9.4.0]', 'platform': 'Linux-5.4.0-148-generic-x86_64-with-glibc2.29', 'event': 'train'}
2024-08-19 03:56:51,484 : INFO : Doc2Vec lifecycle event {'msg': 'training model with 80 workers on 23 vocabulary and 5 features, using sg=0 hs=0 sample=0.001 negative=5 window=1 shrink_windows=True', 'datetime': '2024-08-19T03:56:51.484378', 'gensim': '4.3.3', 'python': '3.8.10 (default, Jul 29 2024, 17:02:10) \n[GCC 9.4.0]', 'platform': 'Linux-5.4.0-148-generic-x86_64-with-glibc2.29', 'event': 'train'}
2024-08-19 03:56:51,515 : INFO : EPOCH 0: training on 140 raw words (48 effective words) took 0.0s, 6071 effective words/s
2024-08-19 03:56:51,515 : INFO : Doc2Vec lifecycle event {'msg': 'training on 140 raw words (48 effective words) took 0.0s, 1543 effective words/s', 'datetime': '2024-08-19T03:56:51.515558', 'gensim': '4.3.3', 'python': '3.8.10 (default, Jul 29 2024, 17:02:10) \n[GCC 9.4.0]', 'platform': 'Linux-5.4.0-148-generic-x86_64-with-glibc2.29', 'event': 'train'}
 30%|███       | 3/10 [00:00<00:00, 25.82it/s]2024-08-19 03:56:51,515 : INFO : Doc2Vec lifecycle event {'msg': 'training model with 80 workers on 23 vocabulary and 5 features, using sg=0 hs=0 sample=0.001 negative=5 window=1 shrink_windows=True', 'datetime': '2024-08-19T03:56:51.515849', 'gensim': '4.3.3', 'python': '3.8.10 (default, Jul 29 2024, 17:02:10) \n[GCC 9.4.0]', 'platform': 'Linux-5.4.0-148-generic-x86_64-with-glibc2.29', 'event': 'train'}
2024-08-19 03:56:51,542 : INFO : EPOCH 0: training on 140 raw words (51 effective words) took 0.0s, 7915 effective words/s
2024-08-19 03:56:51,542 : INFO : Doc2Vec lifecycle event {'msg': 'training on 140 raw words (51 effective words) took 0.0s, 1924 effective words/s', 'datetime': '2024-08-19T03:56:51.542447', 'gensim': '4.3.3', 'python': '3.8.10 (default, Jul 29 2024, 17:02:10) \n[GCC 9.4.0]', 'platform': 'Linux-5.4.0-148-generic-x86_64-with-glibc2.29', 'event': 'train'}
2024-08-19 03:56:51,542 : INFO : Doc2Vec lifecycle event {'msg': 'training model with 80 workers on 23 vocabulary and 5 features, using sg=0 hs=0 sample=0.001 negative=5 window=1 shrink_windows=True', 'datetime': '2024-08-19T03:56:51.542580', 'gensim': '4.3.3', 'python': '3.8.10 (default, Jul 29 2024, 17:02:10) \n[GCC 9.4.0]', 'platform': 'Linux-5.4.0-148-generic-x86_64-with-glibc2.29', 'event': 'train'}
2024-08-19 03:56:51,580 : INFO : EPOCH 0: training on 140 raw words (55 effective words) took 0.0s, 6568 effective words/s
2024-08-19 03:56:51,580 : INFO : Doc2Vec lifecycle event {'msg': 'training on 140 raw words (55 effective words) took 0.0s, 1456 effective words/s', 'datetime': '2024-08-19T03:56:51.580447', 'gensim': '4.3.3', 'python': '3.8.10 (default, Jul 29 2024, 17:02:10) \n[GCC 9.4.0]', 'platform': 'Linux-5.4.0-148-generic-x86_64-with-glibc2.29', 'event': 'train'}
2024-08-19 03:56:51,580 : INFO : Doc2Vec lifecycle event {'msg': 'training model with 80 workers on 23 vocabulary and 5 features, using sg=0 hs=0 sample=0.001 negative=5 window=1 shrink_windows=True', 'datetime': '2024-08-19T03:56:51.580559', 'gensim': '4.3.3', 'python': '3.8.10 (default, Jul 29 2024, 17:02:10) \n[GCC 9.4.0]', 'platform': 'Linux-5.4.0-148-generic-x86_64-with-glibc2.29', 'event': 'train'}
2024-08-19 03:56:51,626 : INFO : EPOCH 0: training on 140 raw words (52 effective words) took 0.0s, 6344 effective words/s
2024-08-19 03:56:51,627 : INFO : Doc2Vec lifecycle event {'msg': 'training on 140 raw words (52 effective words) took 0.0s, 1140 effective words/s', 'datetime': '2024-08-19T03:56:51.627090', 'gensim': '4.3.3', 'python': '3.8.10 (default, Jul 29 2024, 17:02:10) \n[GCC 9.4.0]', 'platform': 'Linux-5.4.0-148-generic-x86_64-with-glibc2.29', 'event': 'train'}
 60%|██████    | 6/10 [00:00<00:00, 26.45it/s]2024-08-19 03:56:51,627 : INFO : Doc2Vec lifecycle event {'msg': 'training model with 80 workers on 23 vocabulary and 5 features, using sg=0 hs=0 sample=0.001 negative=5 window=1 shrink_windows=True', 'datetime': '2024-08-19T03:56:51.627334', 'gensim': '4.3.3', 'python': '3.8.10 (default, Jul 29 2024, 17:02:10) \n[GCC 9.4.0]', 'platform': 'Linux-5.4.0-148-generic-x86_64-with-glibc2.29', 'event': 'train'}
2024-08-19 03:56:51,671 : INFO : EPOCH 0: training on 140 raw words (51 effective words) took 0.0s, 6402 effective words/s
2024-08-19 03:56:51,671 : INFO : Doc2Vec lifecycle event {'msg': 'training on 140 raw words (51 effective words) took 0.0s, 1146 effective words/s', 'datetime': '2024-08-19T03:56:51.671943', 'gensim': '4.3.3', 'python': '3.8.10 (default, Jul 29 2024, 17:02:10) \n[GCC 9.4.0]', 'platform': 'Linux-5.4.0-148-generic-x86_64-with-glibc2.29', 'event': 'train'}
2024-08-19 03:56:51,672 : INFO : Doc2Vec lifecycle event {'msg': 'training model with 80 workers on 23 vocabulary and 5 features, using sg=0 hs=0 sample=0.001 negative=5 window=1 shrink_windows=True', 'datetime': '2024-08-19T03:56:51.672085', 'gensim': '4.3.3', 'python': '3.8.10 (default, Jul 29 2024, 17:02:10) \n[GCC 9.4.0]', 'platform': 'Linux-5.4.0-148-generic-x86_64-with-glibc2.29', 'event': 'train'}
2024-08-19 03:56:51,702 : INFO : EPOCH 0: training on 140 raw words (62 effective words) took 0.0s, 16490 effective words/s
2024-08-19 03:56:51,703 : INFO : Doc2Vec lifecycle event {'msg': 'training on 140 raw words (62 effective words) took 0.0s, 2012 effective words/s', 'datetime': '2024-08-19T03:56:51.702982', 'gensim': '4.3.3', 'python': '3.8.10 (default, Jul 29 2024, 17:02:10) \n[GCC 9.4.0]', 'platform': 'Linux-5.4.0-148-generic-x86_64-with-glibc2.29', 'event': 'train'}
2024-08-19 03:56:51,703 : INFO : Doc2Vec lifecycle event {'msg': 'training model with 80 workers on 23 vocabulary and 5 features, using sg=0 hs=0 sample=0.001 negative=5 window=1 shrink_windows=True', 'datetime': '2024-08-19T03:56:51.703095', 'gensim': '4.3.3', 'python': '3.8.10 (default, Jul 29 2024, 17:02:10) \n[GCC 9.4.0]', 'platform': 'Linux-5.4.0-148-generic-x86_64-with-glibc2.29', 'event': 'train'}
2024-08-19 03:56:51,752 : INFO : EPOCH 0: training on 140 raw words (53 effective words) took 0.0s, 6152 effective words/s
2024-08-19 03:56:51,753 : INFO : Doc2Vec lifecycle event {'msg': 'training on 140 raw words (53 effective words) took 0.0s, 1062 effective words/s', 'datetime': '2024-08-19T03:56:51.753088', 'gensim': '4.3.3', 'python': '3.8.10 (default, Jul 29 2024, 17:02:10) \n[GCC 9.4.0]', 'platform': 'Linux-5.4.0-148-generic-x86_64-with-glibc2.29', 'event': 'train'}
 90%|█████████ | 9/10 [00:00<00:00, 25.17it/s]2024-08-19 03:56:51,753 : INFO : Doc2Vec lifecycle event {'msg': 'training model with 80 workers on 23 vocabulary and 5 features, using sg=0 hs=0 sample=0.001 negative=5 window=1 shrink_windows=True', 'datetime': '2024-08-19T03:56:51.753317', 'gensim': '4.3.3', 'python': '3.8.10 (default, Jul 29 2024, 17:02:10) \n[GCC 9.4.0]', 'platform': 'Linux-5.4.0-148-generic-x86_64-with-glibc2.29', 'event': 'train'}
2024-08-19 03:56:51,791 : INFO : EPOCH 0: training on 140 raw words (59 effective words) took 0.0s, 7691 effective words/s
2024-08-19 03:56:51,791 : INFO : Doc2Vec lifecycle event {'msg': 'training on 140 raw words (59 effective words) took 0.0s, 1533 effective words/s', 'datetime': '2024-08-19T03:56:51.791883', 'gensim': '4.3.3', 'python': '3.8.10 (default, Jul 29 2024, 17:02:10) \n[GCC 9.4.0]', 'platform': 'Linux-5.4.0-148-generic-x86_64-with-glibc2.29', 'event': 'train'}
100%|██████████| 10/10 [00:00<00:00, 25.48it/s]
Saving model for ../../../data/preprocessed/dblp/toy.dblp.v12.json//w2v/joint.emb.d5.w1.dm1 ...
2024-08-19 03:56:51,792 : INFO : Doc2Vec lifecycle event {'fname_or_handle': '../../../data/preprocessed/dblp/toy.dblp.v12.json//w2v/joint..mdl', 'separately': 'None', 'sep_limit': 10485760, 'ignore': frozenset(), 'datetime': '2024-08-19T03:56:51.792203', 'gensim': '4.3.3', 'python': '3.8.10 (default, Jul 29 2024, 17:02:10) \n[GCC 9.4.0]', 'platform': 'Linux-5.4.0-148-generic-x86_64-with-glibc2.29', 'event': 'saving'}
2024-08-19 03:56:51,792 : INFO : not storing attribute cum_table
2024-08-19 03:56:51,795 : INFO : saved ../../../data/preprocessed/dblp/toy.dblp.v12.json//w2v/joint..mdl
Loading the data file ../../../data/preprocessed/dblp/toy.dblp.v12.json//w2v/joint.data.pkl ...
Loading the embedding model ../../../data/preprocessed/dblp/toy.dblp.v12.json//w2v/joint.emb.d5.w1.dm1  ...
2024-08-19 03:56:51,796 : INFO : loading Doc2Vec object from ../../../data/preprocessed/dblp/toy.dblp.v12.json//w2v/joint..mdl
2024-08-19 03:56:51,797 : INFO : loading dv recursively from ../../../data/preprocessed/dblp/toy.dblp.v12.json//w2v/joint..mdl.dv.* with mmap=None
2024-08-19 03:56:51,797 : INFO : loading wv recursively from ../../../data/preprocessed/dblp/toy.dblp.v12.json//w2v/joint..mdl.wv.* with mmap=None
2024-08-19 03:56:51,797 : INFO : setting ignored attribute cum_table to None
2024-08-19 03:56:51,798 : INFO : Doc2Vec lifecycle event {'fname': '../../../data/preprocessed/dblp/toy.dblp.v12.json//w2v/joint..mdl', 'datetime': '2024-08-19T03:56:51.798068', 'gensim': '4.3.3', 'python': '3.8.10 (default, Jul 29 2024, 17:02:10) \n[GCC 9.4.0]', 'platform': 'Linux-5.4.0-148-generic-x86_64-with-glibc2.29', 'event': 'loaded'}
