Loading sparse matrices from ./1000/teamsvecs.pkl ...
File not found! Generating the sparse matrices ...
Loading indexes pickle from ./1000/indexes.pkl ...
Pickles not found! Reading raw data from ./../data/raw/dblp/dblp.v12.json (progress in bytes) ...
JSONDecodeError: There has been error in loading json line `[
`!
Expecting value: line 2 column 1 (char 2)
It took 0.026928186416625977 seconds to pickle the data into ./1000
It took 0.37699460983276367 seconds to generate and store the sparse matrices of size (1001, 5850) at ./serial/1000/teamsvecs.pkl
Loading sparse matrices from ./serial/2000/teamsvecs.pkl ...
File not found! Generating the sparse matrices ...
Loading indexes pickle from ./serial/2000/indexes.pkl ...
Pickles not found! Reading raw data from ./../data/raw/dblp/dblp.v12.json (progress in bytes) ...
JSONDecodeError: There has been error in loading json line `[
`!
Expecting value: line 2 column 1 (char 2)
It took 0.025931119918823242 seconds to pickle the data into ./serial/2000
It took 1.0212748050689697 seconds to generate and store the sparse matrices of size (2001, 10469) at ./serial/2000/teamsvecs.pkl
Loading sparse matrices from ./serial/3000/teamsvecs.pkl ...
File not found! Generating the sparse matrices ...
Loading indexes pickle from ./serial/3000/indexes.pkl ...
Pickles not found! Reading raw data from ./../data/raw/dblp/dblp.v12.json (progress in bytes) ...
JSONDecodeError: There has been error in loading json line `[
`!
Expecting value: line 2 column 1 (char 2)
It took 0.03690147399902344 seconds to pickle the data into ./serial/3000
It took 1.9597711563110352 seconds to generate and store the sparse matrices of size (3001, 14609) at ./serial/3000/teamsvecs.pkl
Loading sparse matrices from ./serial/4000/teamsvecs.pkl ...
File not found! Generating the sparse matrices ...
Loading indexes pickle from ./serial/4000/indexes.pkl ...
Pickles not found! Reading raw data from ./../data/raw/dblp/dblp.v12.json (progress in bytes) ...
JSONDecodeError: There has been error in loading json line `[
`!
Expecting value: line 2 column 1 (char 2)
It took 0.05186152458190918 seconds to pickle the data into ./serial/4000
It took 3.0518572330474854 seconds to generate and store the sparse matrices of size (4001, 18320) at ./serial/4000/teamsvecs.pkl
Loading sparse matrices from ./serial/5000/teamsvecs.pkl ...
File not found! Generating the sparse matrices ...
Loading indexes pickle from ./serial/5000/indexes.pkl ...
Pickles not found! Reading raw data from ./../data/raw/dblp/dblp.v12.json (progress in bytes) ...
JSONDecodeError: There has been error in loading json line `[
`!
Expecting value: line 2 column 1 (char 2)
It took 0.06482696533203125 seconds to pickle the data into ./serial/5000
It took 4.418211460113525 seconds to generate and store the sparse matrices of size (5001, 21920) at ./serial/5000/teamsvecs.pkl
Loading sparse matrices from ./serial/6000/teamsvecs.pkl ...
File not found! Generating the sparse matrices ...
Loading indexes pickle from ./serial/6000/indexes.pkl ...
Pickles not found! Reading raw data from ./../data/raw/dblp/dblp.v12.json (progress in bytes) ...
JSONDecodeError: There has been error in loading json line `[
`!
Expecting value: line 2 column 1 (char 2)
It took 0.07579803466796875 seconds to pickle the data into ./serial/6000
It took 5.9501237869262695 seconds to generate and store the sparse matrices of size (6001, 25422) at ./serial/6000/teamsvecs.pkl
Loading sparse matrices from ./serial/7000/teamsvecs.pkl ...
File not found! Generating the sparse matrices ...
Loading indexes pickle from ./serial/7000/indexes.pkl ...
Pickles not found! Reading raw data from ./../data/raw/dblp/dblp.v12.json (progress in bytes) ...
JSONDecodeError: There has been error in loading json line `[
`!
Expecting value: line 2 column 1 (char 2)
It took 0.08676838874816895 seconds to pickle the data into ./serial/7000
It took 7.690985918045044 seconds to generate and store the sparse matrices of size (7001, 28844) at ./serial/7000/teamsvecs.pkl
Loading sparse matrices from ./serial/8000/teamsvecs.pkl ...
File not found! Generating the sparse matrices ...
Loading indexes pickle from ./serial/8000/indexes.pkl ...
Pickles not found! Reading raw data from ./../data/raw/dblp/dblp.v12.json (progress in bytes) ...
JSONDecodeError: There has been error in loading json line `[
`!
Expecting value: line 2 column 1 (char 2)
It took 0.11968064308166504 seconds to pickle the data into ./serial/8000
It took 9.526581048965454 seconds to generate and store the sparse matrices of size (8001, 32092) at ./serial/8000/teamsvecs.pkl
Loading sparse matrices from ./serial/9000/teamsvecs.pkl ...
File not found! Generating the sparse matrices ...
Loading indexes pickle from ./serial/9000/indexes.pkl ...
Pickles not found! Reading raw data from ./../data/raw/dblp/dblp.v12.json (progress in bytes) ...
JSONDecodeError: There has been error in loading json line `[
`!
Expecting value: line 2 column 1 (char 2)
It took 0.12566471099853516 seconds to pickle the data into ./serial/9000
It took 11.689809322357178 seconds to generate and store the sparse matrices of size (9001, 35236) at ./serial/9000/teamsvecs.pkl
Loading sparse matrices from ./serial/10000/teamsvecs.pkl ...
File not found! Generating the sparse matrices ...
Loading indexes pickle from ./serial/10000/indexes.pkl ...
Pickles not found! Reading raw data from ./../data/raw/dblp/dblp.v12.json (progress in bytes) ...
JSONDecodeError: There has been error in loading json line `[
`!
Expecting value: line 2 column 1 (char 2)
It took 0.13563823699951172 seconds to pickle the data into ./serial/10000
It took 13.885949611663818 seconds to generate and store the sparse matrices of size (10001, 38284) at ./serial/10000/teamsvecs.pkl
Loading sparse matrices from ./serial/11000/teamsvecs.pkl ...
File not found! Generating the sparse matrices ...
Loading indexes pickle from ./serial/11000/indexes.pkl ...
Pickles not found! Reading raw data from ./../data/raw/dblp/dblp.v12.json (progress in bytes) ...
JSONDecodeError: There has been error in loading json line `[
`!
Expecting value: line 2 column 1 (char 2)
It took 0.15358996391296387 seconds to pickle the data into ./serial/11000
It took 16.303499221801758 seconds to generate and store the sparse matrices of size (11001, 41313) at ./serial/11000/teamsvecs.pkl
Loading sparse matrices from ./serial/12000/teamsvecs.pkl ...
File not found! Generating the sparse matrices ...
Loading indexes pickle from ./serial/12000/indexes.pkl ...
Pickles not found! Reading raw data from ./../data/raw/dblp/dblp.v12.json (progress in bytes) ...
JSONDecodeError: There has been error in loading json line `[
`!
Expecting value: line 2 column 1 (char 2)
It took 0.1625661849975586 seconds to pickle the data into ./serial/12000
It took 18.948442220687866 seconds to generate and store the sparse matrices of size (12001, 44243) at ./serial/12000/teamsvecs.pkl
Loading sparse matrices from ./serial/13000/teamsvecs.pkl ...
File not found! Generating the sparse matrices ...
Loading indexes pickle from ./serial/13000/indexes.pkl ...
Pickles not found! Reading raw data from ./../data/raw/dblp/dblp.v12.json (progress in bytes) ...
JSONDecodeError: There has been error in loading json line `[
`!
Expecting value: line 2 column 1 (char 2)
It took 0.17752623558044434 seconds to pickle the data into ./serial/13000
It took 21.71885895729065 seconds to generate and store the sparse matrices of size (13001, 47196) at ./serial/13000/teamsvecs.pkl
Loading sparse matrices from ./serial/14000/teamsvecs.pkl ...
File not found! Generating the sparse matrices ...
Loading indexes pickle from ./serial/14000/indexes.pkl ...
Pickles not found! Reading raw data from ./../data/raw/dblp/dblp.v12.json (progress in bytes) ...
JSONDecodeError: There has been error in loading json line `[
`!
Expecting value: line 2 column 1 (char 2)
It took 0.2513294219970703 seconds to pickle the data into ./serial/14000
It took 24.77788782119751 seconds to generate and store the sparse matrices of size (14001, 50112) at ./serial/14000/teamsvecs.pkl
Loading sparse matrices from ./serial/15000/teamsvecs.pkl ...
File not found! Generating the sparse matrices ...
Loading indexes pickle from ./serial/15000/indexes.pkl ...
Pickles not found! Reading raw data from ./../data/raw/dblp/dblp.v12.json (progress in bytes) ...
JSONDecodeError: There has been error in loading json line `[
`!
Expecting value: line 2 column 1 (char 2)
It took 0.23237991333007812 seconds to pickle the data into ./serial/15000
It took 27.613322734832764 seconds to generate and store the sparse matrices of size (15001, 52871) at ./serial/15000/teamsvecs.pkl
Loading sparse matrices from ./serial/16000/teamsvecs.pkl ...
File not found! Generating the sparse matrices ...
Loading indexes pickle from ./serial/16000/indexes.pkl ...
Pickles not found! Reading raw data from ./../data/raw/dblp/dblp.v12.json (progress in bytes) ...
JSONDecodeError: There has been error in loading json line `[
`!
Expecting value: line 2 column 1 (char 2)
It took 0.24335074424743652 seconds to pickle the data into ./serial/16000
It took 30.93944811820984 seconds to generate and store the sparse matrices of size (16001, 55630) at ./serial/16000/teamsvecs.pkl
Loading sparse matrices from ./serial/17000/teamsvecs.pkl ...
File not found! Generating the sparse matrices ...
Loading indexes pickle from ./serial/17000/indexes.pkl ...
Pickles not found! Reading raw data from ./../data/raw/dblp/dblp.v12.json (progress in bytes) ...
JSONDecodeError: There has been error in loading json line `[
`!
Expecting value: line 2 column 1 (char 2)
It took 0.2543213367462158 seconds to pickle the data into ./serial/17000
It took 34.23565363883972 seconds to generate and store the sparse matrices of size (17001, 58352) at ./serial/17000/teamsvecs.pkl
Loading sparse matrices from ./serial/18000/teamsvecs.pkl ...
File not found! Generating the sparse matrices ...
Loading indexes pickle from ./serial/18000/indexes.pkl ...
Pickles not found! Reading raw data from ./../data/raw/dblp/dblp.v12.json (progress in bytes) ...
JSONDecodeError: There has been error in loading json line `[
`!
Expecting value: line 2 column 1 (char 2)
It took 0.2702789306640625 seconds to pickle the data into ./serial/18000
It took 37.75626039505005 seconds to generate and store the sparse matrices of size (18001, 61089) at ./serial/18000/teamsvecs.pkl
Loading sparse matrices from ./serial/19000/teamsvecs.pkl ...
File not found! Generating the sparse matrices ...
Loading indexes pickle from ./serial/19000/indexes.pkl ...
Pickles not found! Reading raw data from ./../data/raw/dblp/dblp.v12.json (progress in bytes) ...
JSONDecodeError: There has been error in loading json line `[
`!
Expecting value: line 2 column 1 (char 2)
It took 0.28025245666503906 seconds to pickle the data into ./serial/19000
It took 41.44193172454834 seconds to generate and store the sparse matrices of size (19001, 63787) at ./serial/19000/teamsvecs.pkl
Loading sparse matrices from ./serial/20000/teamsvecs.pkl ...
File not found! Generating the sparse matrices ...
Loading indexes pickle from ./serial/20000/indexes.pkl ...
Pickles not found! Reading raw data from ./../data/raw/dblp/dblp.v12.json (progress in bytes) ...
JSONDecodeError: There has been error in loading json line `[
`!
Expecting value: line 2 column 1 (char 2)
It took 0.2952122688293457 seconds to pickle the data into ./serial/20000
It took 45.36096930503845 seconds to generate and store the sparse matrices of size (20001, 66393) at ./serial/20000/teamsvecs.pkl
Loading sparse matrices from ./serial/21000/teamsvecs.pkl ...
File not found! Generating the sparse matrices ...
Loading indexes pickle from ./serial/21000/indexes.pkl ...
Pickles not found! Reading raw data from ./../data/raw/dblp/dblp.v12.json (progress in bytes) ...
JSONDecodeError: There has been error in loading json line `[
`!
Expecting value: line 2 column 1 (char 2)
It took 0.3091750144958496 seconds to pickle the data into ./serial/21000
It took 49.292479515075684 seconds to generate and store the sparse matrices of size (21001, 69036) at ./serial/21000/teamsvecs.pkl
Loading sparse matrices from ./serial/22000/teamsvecs.pkl ...
File not found! Generating the sparse matrices ...
Loading indexes pickle from ./serial/22000/indexes.pkl ...
Pickles not found! Reading raw data from ./../data/raw/dblp/dblp.v12.json (progress in bytes) ...
JSONDecodeError: There has been error in loading json line `[
`!
Expecting value: line 2 column 1 (char 2)
It took 0.32413506507873535 seconds to pickle the data into ./serial/22000
It took 53.87974667549133 seconds to generate and store the sparse matrices of size (22001, 71689) at ./serial/22000/teamsvecs.pkl
Loading sparse matrices from ./serial/23000/teamsvecs.pkl ...
File not found! Generating the sparse matrices ...
Loading indexes pickle from ./serial/23000/indexes.pkl ...
Pickles not found! Reading raw data from ./../data/raw/dblp/dblp.v12.json (progress in bytes) ...
JSONDecodeError: There has been error in loading json line `[
`!
Expecting value: line 2 column 1 (char 2)
It took 0.3331112861633301 seconds to pickle the data into ./serial/23000
It took 57.83162593841553 seconds to generate and store the sparse matrices of size (23001, 74223) at ./serial/23000/teamsvecs.pkl
Loading sparse matrices from ./serial/24000/teamsvecs.pkl ...
File not found! Generating the sparse matrices ...
Loading indexes pickle from ./serial/24000/indexes.pkl ...
Pickles not found! Reading raw data from ./../data/raw/dblp/dblp.v12.json (progress in bytes) ...
JSONDecodeError: There has been error in loading json line `[
`!
Expecting value: line 2 column 1 (char 2)
It took 0.4577782154083252 seconds to pickle the data into ./serial/24000
It took 62.16103935241699 seconds to generate and store the sparse matrices of size (24001, 76727) at ./serial/24000/teamsvecs.pkl
Loading sparse matrices from ./serial/25000/teamsvecs.pkl ...
File not found! Generating the sparse matrices ...
Loading indexes pickle from ./serial/25000/indexes.pkl ...
Pickles not found! Reading raw data from ./../data/raw/dblp/dblp.v12.json (progress in bytes) ...
JSONDecodeError: There has been error in loading json line `[
`!
Expecting value: line 2 column 1 (char 2)
It took 0.3690152168273926 seconds to pickle the data into ./serial/25000
It took 66.98718285560608 seconds to generate and store the sparse matrices of size (25001, 79193) at ./serial/25000/teamsvecs.pkl
Loading sparse matrices from ./serial/26000/teamsvecs.pkl ...
File not found! Generating the sparse matrices ...
Loading indexes pickle from ./serial/26000/indexes.pkl ...
Pickles not found! Reading raw data from ./../data/raw/dblp/dblp.v12.json (progress in bytes) ...
JSONDecodeError: There has been error in loading json line `[
`!
Expecting value: line 2 column 1 (char 2)
It took 0.3949456214904785 seconds to pickle the data into ./serial/26000
It took 71.62382912635803 seconds to generate and store the sparse matrices of size (26001, 81858) at ./serial/26000/teamsvecs.pkl
Loading sparse matrices from ./serial/27000/teamsvecs.pkl ...
File not found! Generating the sparse matrices ...
Loading indexes pickle from ./serial/27000/indexes.pkl ...
Pickles not found! Reading raw data from ./../data/raw/dblp/dblp.v12.json (progress in bytes) ...
JSONDecodeError: There has been error in loading json line `[
`!
Expecting value: line 2 column 1 (char 2)
It took 0.405916690826416 seconds to pickle the data into ./serial/27000
It took 76.15974235534668 seconds to generate and store the sparse matrices of size (27001, 84184) at ./serial/27000/teamsvecs.pkl
Loading sparse matrices from ./serial/28000/teamsvecs.pkl ...
File not found! Generating the sparse matrices ...
Loading indexes pickle from ./serial/28000/indexes.pkl ...
Pickles not found! Reading raw data from ./../data/raw/dblp/dblp.v12.json (progress in bytes) ...
JSONDecodeError: There has been error in loading json line `[
`!
Expecting value: line 2 column 1 (char 2)
It took 0.40990638732910156 seconds to pickle the data into ./serial/28000
It took 81.21079969406128 seconds to generate and store the sparse matrices of size (28001, 86562) at ./serial/28000/teamsvecs.pkl
Loading sparse matrices from ./serial/29000/teamsvecs.pkl ...
File not found! Generating the sparse matrices ...
Loading indexes pickle from ./serial/29000/indexes.pkl ...
Pickles not found! Reading raw data from ./../data/raw/dblp/dblp.v12.json (progress in bytes) ...
JSONDecodeError: There has been error in loading json line `[
`!
Expecting value: line 2 column 1 (char 2)
It took 0.419879674911499 seconds to pickle the data into ./serial/29000
It took 86.11121606826782 seconds to generate and store the sparse matrices of size (29001, 88903) at ./serial/29000/teamsvecs.pkl
Loading sparse matrices from ./serial/30000/teamsvecs.pkl ...
File not found! Generating the sparse matrices ...
Loading indexes pickle from ./serial/30000/indexes.pkl ...
Pickles not found! Reading raw data from ./../data/raw/dblp/dblp.v12.json (progress in bytes) ...
JSONDecodeError: There has been error in loading json line `[
`!
Expecting value: line 2 column 1 (char 2)
It took 0.49467968940734863 seconds to pickle the data into ./serial/30000
It took 92.15262651443481 seconds to generate and store the sparse matrices of size (30001, 91220) at ./serial/30000/teamsvecs.pkl
Loading sparse matrices from ./serial/31000/teamsvecs.pkl ...
File not found! Generating the sparse matrices ...
Loading indexes pickle from ./serial/31000/indexes.pkl ...
Pickles not found! Reading raw data from ./../data/raw/dblp/dblp.v12.json (progress in bytes) ...
JSONDecodeError: There has been error in loading json line `[
`!
Expecting value: line 2 column 1 (char 2)
It took 0.544546365737915 seconds to pickle the data into ./serial/31000
It took 98.27930808067322 seconds to generate and store the sparse matrices of size (31001, 93556) at ./serial/31000/teamsvecs.pkl
Loading sparse matrices from ./serial/32000/teamsvecs.pkl ...
File not found! Generating the sparse matrices ...
Loading indexes pickle from ./serial/32000/indexes.pkl ...
Pickles not found! Reading raw data from ./../data/raw/dblp/dblp.v12.json (progress in bytes) ...
JSONDecodeError: There has been error in loading json line `[
`!
Expecting value: line 2 column 1 (char 2)
It took 0.5375657081604004 seconds to pickle the data into ./serial/32000
It took 105.95396876335144 seconds to generate and store the sparse matrices of size (32001, 95891) at ./serial/32000/teamsvecs.pkl
Loading sparse matrices from ./serial/33000/teamsvecs.pkl ...
File not found! Generating the sparse matrices ...
Loading indexes pickle from ./serial/33000/indexes.pkl ...
Pickles not found! Reading raw data from ./../data/raw/dblp/dblp.v12.json (progress in bytes) ...
JSONDecodeError: There has been error in loading json line `[
`!
Expecting value: line 2 column 1 (char 2)
It took 0.560504674911499 seconds to pickle the data into ./serial/33000
It took 112.87229061126709 seconds to generate and store the sparse matrices of size (33001, 98147) at ./serial/33000/teamsvecs.pkl
Loading sparse matrices from ./serial/34000/teamsvecs.pkl ...
File not found! Generating the sparse matrices ...
Loading indexes pickle from ./serial/34000/indexes.pkl ...
Pickles not found! Reading raw data from ./../data/raw/dblp/dblp.v12.json (progress in bytes) ...
JSONDecodeError: There has been error in loading json line `[
`!
Expecting value: line 2 column 1 (char 2)
It took 0.5839929580688477 seconds to pickle the data into ./serial/34000
It took 118.79082322120667 seconds to generate and store the sparse matrices of size (34001, 100438) at ./serial/34000/teamsvecs.pkl
Loading sparse matrices from ./serial/35000/teamsvecs.pkl ...
File not found! Generating the sparse matrices ...
Loading indexes pickle from ./serial/35000/indexes.pkl ...
Pickles not found! Reading raw data from ./../data/raw/dblp/dblp.v12.json (progress in bytes) ...
JSONDecodeError: There has been error in loading json line `[
`!
Expecting value: line 2 column 1 (char 2)
It took 0.6109814643859863 seconds to pickle the data into ./serial/35000
It took 124.47326397895813 seconds to generate and store the sparse matrices of size (35001, 102685) at ./serial/35000/teamsvecs.pkl
Loading sparse matrices from ./serial/36000/teamsvecs.pkl ...
File not found! Generating the sparse matrices ...
Loading indexes pickle from ./serial/36000/indexes.pkl ...
Pickles not found! Reading raw data from ./../data/raw/dblp/dblp.v12.json (progress in bytes) ...
JSONDecodeError: There has been error in loading json line `[
`!
Expecting value: line 2 column 1 (char 2)
It took 0.618990421295166 seconds to pickle the data into ./serial/36000
It took 130.94987988471985 seconds to generate and store the sparse matrices of size (36001, 104958) at ./serial/36000/teamsvecs.pkl
Loading sparse matrices from ./serial/37000/teamsvecs.pkl ...
File not found! Generating the sparse matrices ...
Loading indexes pickle from ./serial/37000/indexes.pkl ...
Pickles not found! Reading raw data from ./../data/raw/dblp/dblp.v12.json (progress in bytes) ...
JSONDecodeError: There has been error in loading json line `[
`!
Expecting value: line 2 column 1 (char 2)
It took 0.6439323425292969 seconds to pickle the data into ./serial/37000
It took 138.1061029434204 seconds to generate and store the sparse matrices of size (37001, 107321) at ./serial/37000/teamsvecs.pkl
Loading sparse matrices from ./serial/38000/teamsvecs.pkl ...
File not found! Generating the sparse matrices ...
Loading indexes pickle from ./serial/38000/indexes.pkl ...
Pickles not found! Reading raw data from ./../data/raw/dblp/dblp.v12.json (progress in bytes) ...
JSONDecodeError: There has been error in loading json line `[
`!
Expecting value: line 2 column 1 (char 2)
It took 0.645876407623291 seconds to pickle the data into ./serial/38000
It took 143.15974974632263 seconds to generate and store the sparse matrices of size (38001, 109554) at ./serial/38000/teamsvecs.pkl
Loading sparse matrices from ./serial/39000/teamsvecs.pkl ...
File not found! Generating the sparse matrices ...
Loading indexes pickle from ./serial/39000/indexes.pkl ...
Pickles not found! Reading raw data from ./../data/raw/dblp/dblp.v12.json (progress in bytes) ...
JSONDecodeError: There has been error in loading json line `[
`!
Expecting value: line 2 column 1 (char 2)
It took 0.662379264831543 seconds to pickle the data into ./serial/39000
It took 150.33604383468628 seconds to generate and store the sparse matrices of size (39001, 111886) at ./serial/39000/teamsvecs.pkl
Loading sparse matrices from ./serial/40000/teamsvecs.pkl ...
File not found! Generating the sparse matrices ...
Loading indexes pickle from ./serial/40000/indexes.pkl ...
Pickles not found! Reading raw data from ./../data/raw/dblp/dblp.v12.json (progress in bytes) ...
JSONDecodeError: There has been error in loading json line `[
`!
Expecting value: line 2 column 1 (char 2)
It took 0.6762568950653076 seconds to pickle the data into ./serial/40000
It took 158.59829378128052 seconds to generate and store the sparse matrices of size (40001, 114167) at ./serial/40000/teamsvecs.pkl
Loading sparse matrices from ./serial/41000/teamsvecs.pkl ...
File not found! Generating the sparse matrices ...
Loading indexes pickle from ./serial/41000/indexes.pkl ...
Pickles not found! Reading raw data from ./../data/raw/dblp/dblp.v12.json (progress in bytes) ...
JSONDecodeError: There has been error in loading json line `[
`!
Expecting value: line 2 column 1 (char 2)
It took 0.688678503036499 seconds to pickle the data into ./serial/41000
It took 165.85243439674377 seconds to generate and store the sparse matrices of size (41001, 116379) at ./serial/41000/teamsvecs.pkl
Loading sparse matrices from ./serial/42000/teamsvecs.pkl ...
File not found! Generating the sparse matrices ...
Loading indexes pickle from ./serial/42000/indexes.pkl ...
Pickles not found! Reading raw data from ./../data/raw/dblp/dblp.v12.json (progress in bytes) ...
JSONDecodeError: There has been error in loading json line `[
`!
Expecting value: line 2 column 1 (char 2)
It took 0.7290534973144531 seconds to pickle the data into ./serial/42000
It took 170.9551179409027 seconds to generate and store the sparse matrices of size (42001, 118596) at ./serial/42000/teamsvecs.pkl
Loading sparse matrices from ./serial/43000/teamsvecs.pkl ...
File not found! Generating the sparse matrices ...
Loading indexes pickle from ./serial/43000/indexes.pkl ...
Pickles not found! Reading raw data from ./../data/raw/dblp/dblp.v12.json (progress in bytes) ...
JSONDecodeError: There has been error in loading json line `[
`!
Expecting value: line 2 column 1 (char 2)
It took 0.713106632232666 seconds to pickle the data into ./serial/43000
It took 177.7213432788849 seconds to generate and store the sparse matrices of size (43001, 120812) at ./serial/43000/teamsvecs.pkl
Loading sparse matrices from ./serial/44000/teamsvecs.pkl ...
File not found! Generating the sparse matrices ...
Loading indexes pickle from ./serial/44000/indexes.pkl ...
Pickles not found! Reading raw data from ./../data/raw/dblp/dblp.v12.json (progress in bytes) ...
JSONDecodeError: There has been error in loading json line `[
`!
Expecting value: line 2 column 1 (char 2)
It took 0.737537145614624 seconds to pickle the data into ./serial/44000
It took 185.70445036888123 seconds to generate and store the sparse matrices of size (44001, 122933) at ./serial/44000/teamsvecs.pkl
Loading sparse matrices from ./serial/45000/teamsvecs.pkl ...
File not found! Generating the sparse matrices ...
Loading indexes pickle from ./serial/45000/indexes.pkl ...
Pickles not found! Reading raw data from ./../data/raw/dblp/dblp.v12.json (progress in bytes) ...
JSONDecodeError: There has been error in loading json line `[
`!
Expecting value: line 2 column 1 (char 2)
It took 0.7505040168762207 seconds to pickle the data into ./serial/45000
It took 192.1554503440857 seconds to generate and store the sparse matrices of size (45001, 125099) at ./serial/45000/teamsvecs.pkl
Loading sparse matrices from ./serial/46000/teamsvecs.pkl ...
File not found! Generating the sparse matrices ...
Loading indexes pickle from ./serial/46000/indexes.pkl ...
Pickles not found! Reading raw data from ./../data/raw/dblp/dblp.v12.json (progress in bytes) ...
JSONDecodeError: There has been error in loading json line `[
`!
Expecting value: line 2 column 1 (char 2)
It took 0.7609908580780029 seconds to pickle the data into ./serial/46000
It took 193.97903561592102 seconds to generate and store the sparse matrices of size (46001, 127213) at ./serial/46000/teamsvecs.pkl
Loading sparse matrices from ./serial/47000/teamsvecs.pkl ...
File not found! Generating the sparse matrices ...
Loading indexes pickle from ./serial/47000/indexes.pkl ...
Pickles not found! Reading raw data from ./../data/raw/dblp/dblp.v12.json (progress in bytes) ...
JSONDecodeError: There has been error in loading json line `[
`!
Expecting value: line 2 column 1 (char 2)
It took 0.7200789451599121 seconds to pickle the data into ./serial/47000
It took 198.20489835739136 seconds to generate and store the sparse matrices of size (47001, 129315) at ./serial/47000/teamsvecs.pkl
Loading sparse matrices from ./serial/48000/teamsvecs.pkl ...
File not found! Generating the sparse matrices ...
Loading indexes pickle from ./serial/48000/indexes.pkl ...
Pickles not found! Reading raw data from ./../data/raw/dblp/dblp.v12.json (progress in bytes) ...
JSONDecodeError: There has been error in loading json line `[
`!
Expecting value: line 2 column 1 (char 2)
It took 0.7350401878356934 seconds to pickle the data into ./serial/48000
It took 218.8752143383026 seconds to generate and store the sparse matrices of size (48001, 131351) at ./serial/48000/teamsvecs.pkl
Loading sparse matrices from ./serial/49000/teamsvecs.pkl ...
File not found! Generating the sparse matrices ...
Loading indexes pickle from ./serial/49000/indexes.pkl ...
Pickles not found! Reading raw data from ./../data/raw/dblp/dblp.v12.json (progress in bytes) ...
JSONDecodeError: There has been error in loading json line `[
`!
Expecting value: line 2 column 1 (char 2)
It took 0.7430181503295898 seconds to pickle the data into ./serial/49000
It took 226.9285922050476 seconds to generate and store the sparse matrices of size (49001, 133507) at ./serial/49000/teamsvecs.pkl
Loading sparse matrices from ./serial/50000/teamsvecs.pkl ...
File not found! Generating the sparse matrices ...
Loading indexes pickle from ./serial/50000/indexes.pkl ...
Pickles not found! Reading raw data from ./../data/raw/dblp/dblp.v12.json (progress in bytes) ...
JSONDecodeError: There has been error in loading json line `[
`!
Expecting value: line 2 column 1 (char 2)
It took 0.7599728107452393 seconds to pickle the data into ./serial/50000
It took 234.86036944389343 seconds to generate and store the sparse matrices of size (50001, 135621) at ./serial/50000/teamsvecs.pkl
Loading sparse matrices from ./serial/51000/teamsvecs.pkl ...
File not found! Generating the sparse matrices ...
Loading indexes pickle from ./serial/51000/indexes.pkl ...
Pickles not found! Reading raw data from ./../data/raw/dblp/dblp.v12.json (progress in bytes) ...
JSONDecodeError: There has been error in loading json line `[
`!
Expecting value: line 2 column 1 (char 2)
It took 0.7629647254943848 seconds to pickle the data into ./serial/51000
It took 243.27659010887146 seconds to generate and store the sparse matrices of size (51001, 137593) at ./serial/51000/teamsvecs.pkl
Loading sparse matrices from ./serial/52000/teamsvecs.pkl ...
File not found! Generating the sparse matrices ...
Loading indexes pickle from ./serial/52000/indexes.pkl ...
Pickles not found! Reading raw data from ./../data/raw/dblp/dblp.v12.json (progress in bytes) ...
JSONDecodeError: There has been error in loading json line `[
`!
Expecting value: line 2 column 1 (char 2)
It took 0.7859001159667969 seconds to pickle the data into ./serial/52000
It took 251.6976363658905 seconds to generate and store the sparse matrices of size (52001, 139621) at ./serial/52000/teamsvecs.pkl
Loading sparse matrices from ./serial/53000/teamsvecs.pkl ...
File not found! Generating the sparse matrices ...
Loading indexes pickle from ./serial/53000/indexes.pkl ...
Pickles not found! Reading raw data from ./../data/raw/dblp/dblp.v12.json (progress in bytes) ...
JSONDecodeError: There has been error in loading json line `[
`!
Expecting value: line 2 column 1 (char 2)
It took 0.8038544654846191 seconds to pickle the data into ./serial/53000
It took 259.3757264614105 seconds to generate and store the sparse matrices of size (53001, 141674) at ./serial/53000/teamsvecs.pkl
Loading sparse matrices from ./serial/54000/teamsvecs.pkl ...
File not found! Generating the sparse matrices ...
Loading indexes pickle from ./serial/54000/indexes.pkl ...
Pickles not found! Reading raw data from ./../data/raw/dblp/dblp.v12.json (progress in bytes) ...
JSONDecodeError: There has been error in loading json line `[
`!
Expecting value: line 2 column 1 (char 2)
It took 0.818814754486084 seconds to pickle the data into ./serial/54000
It took 268.36887884140015 seconds to generate and store the sparse matrices of size (54001, 143687) at ./serial/54000/teamsvecs.pkl
Loading sparse matrices from ./serial/55000/teamsvecs.pkl ...
File not found! Generating the sparse matrices ...
Loading indexes pickle from ./serial/55000/indexes.pkl ...
Pickles not found! Reading raw data from ./../data/raw/dblp/dblp.v12.json (progress in bytes) ...
JSONDecodeError: There has been error in loading json line `[
`!
Expecting value: line 2 column 1 (char 2)
It took 0.8277912139892578 seconds to pickle the data into ./serial/55000
It took 277.33240818977356 seconds to generate and store the sparse matrices of size (55001, 145774) at ./serial/55000/teamsvecs.pkl
Loading sparse matrices from ./serial/56000/teamsvecs.pkl ...
File not found! Generating the sparse matrices ...
Loading indexes pickle from ./serial/56000/indexes.pkl ...
Pickles not found! Reading raw data from ./../data/raw/dblp/dblp.v12.json (progress in bytes) ...
JSONDecodeError: There has been error in loading json line `[
`!
Expecting value: line 2 column 1 (char 2)
It took 0.845745325088501 seconds to pickle the data into ./serial/56000
It took 285.52606749534607 seconds to generate and store the sparse matrices of size (56001, 147708) at ./serial/56000/teamsvecs.pkl
Loading sparse matrices from ./serial/57000/teamsvecs.pkl ...
File not found! Generating the sparse matrices ...
Loading indexes pickle from ./serial/57000/indexes.pkl ...
Pickles not found! Reading raw data from ./../data/raw/dblp/dblp.v12.json (progress in bytes) ...
JSONDecodeError: There has been error in loading json line `[
`!
Expecting value: line 2 column 1 (char 2)
It took 0.8636965751647949 seconds to pickle the data into ./serial/57000
It took 296.650586605072 seconds to generate and store the sparse matrices of size (57001, 149669) at ./serial/57000/teamsvecs.pkl
Loading sparse matrices from ./serial/58000/teamsvecs.pkl ...
File not found! Generating the sparse matrices ...
Loading indexes pickle from ./serial/58000/indexes.pkl ...
Pickles not found! Reading raw data from ./../data/raw/dblp/dblp.v12.json (progress in bytes) ...
JSONDecodeError: There has been error in loading json line `[
`!
Expecting value: line 2 column 1 (char 2)
It took 0.8746662139892578 seconds to pickle the data into ./serial/58000
It took 304.7582561969757 seconds to generate and store the sparse matrices of size (58001, 151690) at ./serial/58000/teamsvecs.pkl
Loading sparse matrices from ./serial/59000/teamsvecs.pkl ...
File not found! Generating the sparse matrices ...
Loading indexes pickle from ./serial/59000/indexes.pkl ...
Pickles not found! Reading raw data from ./../data/raw/dblp/dblp.v12.json (progress in bytes) ...
JSONDecodeError: There has been error in loading json line `[
`!
Expecting value: line 2 column 1 (char 2)
It took 0.8866279125213623 seconds to pickle the data into ./serial/59000
It took 321.107861995697 seconds to generate and store the sparse matrices of size (59001, 153704) at ./serial/59000/teamsvecs.pkl
Loading sparse matrices from ./serial/60000/teamsvecs.pkl ...
File not found! Generating the sparse matrices ...
Loading indexes pickle from ./serial/60000/indexes.pkl ...
Pickles not found! Reading raw data from ./../data/raw/dblp/dblp.v12.json (progress in bytes) ...
JSONDecodeError: There has been error in loading json line `[
`!
Expecting value: line 2 column 1 (char 2)
It took 1.124687671661377 seconds to pickle the data into ./serial/60000
It took 339.9334840774536 seconds to generate and store the sparse matrices of size (60001, 155653) at ./serial/60000/teamsvecs.pkl
Loading sparse matrices from ./serial/61000/teamsvecs.pkl ...
File not found! Generating the sparse matrices ...
Loading indexes pickle from ./serial/61000/indexes.pkl ...
Pickles not found! Reading raw data from ./../data/raw/dblp/dblp.v12.json (progress in bytes) ...
JSONDecodeError: There has been error in loading json line `[
`!
Expecting value: line 2 column 1 (char 2)
It took 1.1266882419586182 seconds to pickle the data into ./serial/61000
It took 341.13565135002136 seconds to generate and store the sparse matrices of size (61001, 157559) at ./serial/61000/teamsvecs.pkl
Loading sparse matrices from ./serial/62000/teamsvecs.pkl ...
File not found! Generating the sparse matrices ...
Loading indexes pickle from ./serial/62000/indexes.pkl ...
Pickles not found! Reading raw data from ./../data/raw/dblp/dblp.v12.json (progress in bytes) ...
JSONDecodeError: There has been error in loading json line `[
`!
Expecting value: line 2 column 1 (char 2)
It took 1.1315336227416992 seconds to pickle the data into ./serial/62000
It took 349.6875834465027 seconds to generate and store the sparse matrices of size (62001, 159446) at ./serial/62000/teamsvecs.pkl
Loading sparse matrices from ./serial/63000/teamsvecs.pkl ...
File not found! Generating the sparse matrices ...
Loading indexes pickle from ./serial/63000/indexes.pkl ...
Pickles not found! Reading raw data from ./../data/raw/dblp/dblp.v12.json (progress in bytes) ...
JSONDecodeError: There has been error in loading json line `[
`!
Expecting value: line 2 column 1 (char 2)
It took 1.1130294799804688 seconds to pickle the data into ./serial/63000
It took 359.7057149410248 seconds to generate and store the sparse matrices of size (63001, 161362) at ./serial/63000/teamsvecs.pkl
Loading sparse matrices from ./serial/64000/teamsvecs.pkl ...
File not found! Generating the sparse matrices ...
Loading indexes pickle from ./serial/64000/indexes.pkl ...
Pickles not found! Reading raw data from ./../data/raw/dblp/dblp.v12.json (progress in bytes) ...
JSONDecodeError: There has been error in loading json line `[
`!
Expecting value: line 2 column 1 (char 2)
It took 1.0910890102386475 seconds to pickle the data into ./serial/64000
It took 380.6647288799286 seconds to generate and store the sparse matrices of size (64001, 163305) at ./serial/64000/teamsvecs.pkl
Loading sparse matrices from ./serial/65000/teamsvecs.pkl ...
File not found! Generating the sparse matrices ...
Loading indexes pickle from ./serial/65000/indexes.pkl ...
Pickles not found! Reading raw data from ./../data/raw/dblp/dblp.v12.json (progress in bytes) ...
JSONDecodeError: There has been error in loading json line `[
`!
Expecting value: line 2 column 1 (char 2)
It took 1.0990674495697021 seconds to pickle the data into ./serial/65000
It took 393.38539457321167 seconds to generate and store the sparse matrices of size (65001, 165160) at ./serial/65000/teamsvecs.pkl
Loading sparse matrices from ./serial/66000/teamsvecs.pkl ...
File not found! Generating the sparse matrices ...
Loading indexes pickle from ./serial/66000/indexes.pkl ...
Pickles not found! Reading raw data from ./../data/raw/dblp/dblp.v12.json (progress in bytes) ...
JSONDecodeError: There has been error in loading json line `[
`!
Expecting value: line 2 column 1 (char 2)
It took 1.1289873123168945 seconds to pickle the data into ./serial/66000
It took 403.03113532066345 seconds to generate and store the sparse matrices of size (66001, 167161) at ./serial/66000/teamsvecs.pkl
Loading sparse matrices from ./serial/67000/teamsvecs.pkl ...
File not found! Generating the sparse matrices ...
Loading indexes pickle from ./serial/67000/indexes.pkl ...
Pickles not found! Reading raw data from ./../data/raw/dblp/dblp.v12.json (progress in bytes) ...
JSONDecodeError: There has been error in loading json line `[
`!
Expecting value: line 2 column 1 (char 2)
It took 1.1449456214904785 seconds to pickle the data into ./serial/67000
It took 417.09115648269653 seconds to generate and store the sparse matrices of size (67001, 169120) at ./serial/67000/teamsvecs.pkl
Loading sparse matrices from ./serial/68000/teamsvecs.pkl ...
File not found! Generating the sparse matrices ...
Loading indexes pickle from ./serial/68000/indexes.pkl ...
Pickles not found! Reading raw data from ./../data/raw/dblp/dblp.v12.json (progress in bytes) ...
JSONDecodeError: There has been error in loading json line `[
`!
Expecting value: line 2 column 1 (char 2)
It took 1.1409566402435303 seconds to pickle the data into ./serial/68000
It took 424.90400767326355 seconds to generate and store the sparse matrices of size (68001, 171017) at ./serial/68000/teamsvecs.pkl
Loading sparse matrices from ./serial/69000/teamsvecs.pkl ...
File not found! Generating the sparse matrices ...
Loading indexes pickle from ./serial/69000/indexes.pkl ...
Pickles not found! Reading raw data from ./../data/raw/dblp/dblp.v12.json (progress in bytes) ...
JSONDecodeError: There has been error in loading json line `[
`!
Expecting value: line 2 column 1 (char 2)
It took 1.2007968425750732 seconds to pickle the data into ./serial/69000
It took 435.9756214618683 seconds to generate and store the sparse matrices of size (69001, 172914) at ./serial/69000/teamsvecs.pkl
Loading sparse matrices from ./serial/70000/teamsvecs.pkl ...
File not found! Generating the sparse matrices ...
Loading indexes pickle from ./serial/70000/indexes.pkl ...
Pickles not found! Reading raw data from ./../data/raw/dblp/dblp.v12.json (progress in bytes) ...
JSONDecodeError: There has been error in loading json line `[
`!
Expecting value: line 2 column 1 (char 2)
It took 1.165888786315918 seconds to pickle the data into ./serial/70000
It took 449.2734351158142 seconds to generate and store the sparse matrices of size (70001, 174720) at ./serial/70000/teamsvecs.pkl
Loading sparse matrices from ./serial/71000/teamsvecs.pkl ...
File not found! Generating the sparse matrices ...
Loading indexes pickle from ./serial/71000/indexes.pkl ...
Pickles not found! Reading raw data from ./../data/raw/dblp/dblp.v12.json (progress in bytes) ...
JSONDecodeError: There has been error in loading json line `[
`!
Expecting value: line 2 column 1 (char 2)
It took 1.180849552154541 seconds to pickle the data into ./serial/71000
It took 458.6789572238922 seconds to generate and store the sparse matrices of size (71001, 176654) at ./serial/71000/teamsvecs.pkl
Loading sparse matrices from ./serial/72000/teamsvecs.pkl ...
File not found! Generating the sparse matrices ...
Loading indexes pickle from ./serial/72000/indexes.pkl ...
Pickles not found! Reading raw data from ./../data/raw/dblp/dblp.v12.json (progress in bytes) ...
JSONDecodeError: There has been error in loading json line `[
`!
Expecting value: line 2 column 1 (char 2)
It took 1.2008013725280762 seconds to pickle the data into ./serial/72000
It took 466.6104757785797 seconds to generate and store the sparse matrices of size (72001, 178441) at ./serial/72000/teamsvecs.pkl
Loading sparse matrices from ./serial/73000/teamsvecs.pkl ...
File not found! Generating the sparse matrices ...
Loading indexes pickle from ./serial/73000/indexes.pkl ...
Pickles not found! Reading raw data from ./../data/raw/dblp/dblp.v12.json (progress in bytes) ...
JSONDecodeError: There has been error in loading json line `[
`!
Expecting value: line 2 column 1 (char 2)
It took 1.237699031829834 seconds to pickle the data into ./serial/73000
It took 490.7437036037445 seconds to generate and store the sparse matrices of size (73001, 180238) at ./serial/73000/teamsvecs.pkl
Loading sparse matrices from ./serial/74000/teamsvecs.pkl ...
File not found! Generating the sparse matrices ...
Loading indexes pickle from ./serial/74000/indexes.pkl ...
Pickles not found! Reading raw data from ./../data/raw/dblp/dblp.v12.json (progress in bytes) ...
JSONDecodeError: There has been error in loading json line `[
`!
Expecting value: line 2 column 1 (char 2)
It took 1.2456669807434082 seconds to pickle the data into ./serial/74000
It took 500.0775978565216 seconds to generate and store the sparse matrices of size (74001, 182059) at ./serial/74000/teamsvecs.pkl
Loading sparse matrices from ./serial/75000/teamsvecs.pkl ...
File not found! Generating the sparse matrices ...
Loading indexes pickle from ./serial/75000/indexes.pkl ...
Pickles not found! Reading raw data from ./../data/raw/dblp/dblp.v12.json (progress in bytes) ...
JSONDecodeError: There has been error in loading json line `[
`!
Expecting value: line 2 column 1 (char 2)
It took 1.2686140537261963 seconds to pickle the data into ./serial/75000
It took 502.05855345726013 seconds to generate and store the sparse matrices of size (75001, 183922) at ./serial/75000/teamsvecs.pkl
Loading sparse matrices from ./serial/76000/teamsvecs.pkl ...
File not found! Generating the sparse matrices ...
Loading indexes pickle from ./serial/76000/indexes.pkl ...
Pickles not found! Reading raw data from ./../data/raw/dblp/dblp.v12.json (progress in bytes) ...
JSONDecodeError: There has been error in loading json line `[
`!
Expecting value: line 2 column 1 (char 2)
It took 1.2686152458190918 seconds to pickle the data into ./serial/76000
It took 517.6170718669891 seconds to generate and store the sparse matrices of size (76001, 185721) at ./serial/76000/teamsvecs.pkl
Loading sparse matrices from ./serial/77000/teamsvecs.pkl ...
File not found! Generating the sparse matrices ...
Loading indexes pickle from ./serial/77000/indexes.pkl ...
Pickles not found! Reading raw data from ./../data/raw/dblp/dblp.v12.json (progress in bytes) ...
JSONDecodeError: There has been error in loading json line `[
`!
Expecting value: line 2 column 1 (char 2)
It took 1.2825777530670166 seconds to pickle the data into ./serial/77000
It took 534.9713587760925 seconds to generate and store the sparse matrices of size (77001, 187546) at ./serial/77000/teamsvecs.pkl
Loading sparse matrices from ./serial/78000/teamsvecs.pkl ...
File not found! Generating the sparse matrices ...
Loading indexes pickle from ./serial/78000/indexes.pkl ...
Pickles not found! Reading raw data from ./../data/raw/dblp/dblp.v12.json (progress in bytes) ...
JSONDecodeError: There has been error in loading json line `[
`!
Expecting value: line 2 column 1 (char 2)
It took 1.294538974761963 seconds to pickle the data into ./serial/78000
It took 561.5583717823029 seconds to generate and store the sparse matrices of size (78001, 189334) at ./serial/78000/teamsvecs.pkl
Loading sparse matrices from ./serial/79000/teamsvecs.pkl ...
File not found! Generating the sparse matrices ...
Loading indexes pickle from ./serial/79000/indexes.pkl ...
Pickles not found! Reading raw data from ./../data/raw/dblp/dblp.v12.json (progress in bytes) ...
JSONDecodeError: There has been error in loading json line `[
`!
Expecting value: line 2 column 1 (char 2)
It took 1.3204762935638428 seconds to pickle the data into ./serial/79000
It took 591.1227159500122 seconds to generate and store the sparse matrices of size (79001, 191180) at ./serial/79000/teamsvecs.pkl
Loading sparse matrices from ./serial/80000/teamsvecs.pkl ...
File not found! Generating the sparse matrices ...
Loading indexes pickle from ./serial/80000/indexes.pkl ...
Pickles not found! Reading raw data from ./../data/raw/dblp/dblp.v12.json (progress in bytes) ...
JSONDecodeError: There has been error in loading json line `[
`!
Expecting value: line 2 column 1 (char 2)
It took 1.4970057010650635 seconds to pickle the data into ./serial/80000
It took 597.6957030296326 seconds to generate and store the sparse matrices of size (80001, 193012) at ./serial/80000/teamsvecs.pkl
Loading sparse matrices from ./serial/81000/teamsvecs.pkl ...
File not found! Generating the sparse matrices ...
Loading indexes pickle from ./serial/81000/indexes.pkl ...
Pickles not found! Reading raw data from ./../data/raw/dblp/dblp.v12.json (progress in bytes) ...
JSONDecodeError: There has been error in loading json line `[
`!
Expecting value: line 2 column 1 (char 2)
It took 2.0754635334014893 seconds to pickle the data into ./serial/81000
It took 601.083066701889 seconds to generate and store the sparse matrices of size (81001, 194794) at ./serial/81000/teamsvecs.pkl
Loading sparse matrices from ./serial/82000/teamsvecs.pkl ...
File not found! Generating the sparse matrices ...
Loading indexes pickle from ./serial/82000/indexes.pkl ...
Pickles not found! Reading raw data from ./../data/raw/dblp/dblp.v12.json (progress in bytes) ...
JSONDecodeError: There has been error in loading json line `[
`!
Expecting value: line 2 column 1 (char 2)
It took 1.38212251663208 seconds to pickle the data into ./serial/82000
It took 590.9631779193878 seconds to generate and store the sparse matrices of size (82001, 196501) at ./serial/82000/teamsvecs.pkl
Loading sparse matrices from ./serial/83000/teamsvecs.pkl ...
File not found! Generating the sparse matrices ...
Loading indexes pickle from ./serial/83000/indexes.pkl ...
Pickles not found! Reading raw data from ./../data/raw/dblp/dblp.v12.json (progress in bytes) ...
JSONDecodeError: There has been error in loading json line `[
`!
Expecting value: line 2 column 1 (char 2)
It took 1.5967397689819336 seconds to pickle the data into ./serial/83000
It took 608.879879951477 seconds to generate and store the sparse matrices of size (83001, 198350) at ./serial/83000/teamsvecs.pkl
Loading sparse matrices from ./serial/84000/teamsvecs.pkl ...
File not found! Generating the sparse matrices ...
Loading indexes pickle from ./serial/84000/indexes.pkl ...
Pickles not found! Reading raw data from ./../data/raw/dblp/dblp.v12.json (progress in bytes) ...
JSONDecodeError: There has been error in loading json line `[
`!
Expecting value: line 2 column 1 (char 2)
It took 1.4483163356781006 seconds to pickle the data into ./serial/84000
It took 612.1216542720795 seconds to generate and store the sparse matrices of size (84001, 200092) at ./serial/84000/teamsvecs.pkl
Loading sparse matrices from ./serial/85000/teamsvecs.pkl ...
File not found! Generating the sparse matrices ...
Loading indexes pickle from ./serial/85000/indexes.pkl ...
Pickles not found! Reading raw data from ./../data/raw/dblp/dblp.v12.json (progress in bytes) ...
JSONDecodeError: There has been error in loading json line `[
`!
Expecting value: line 2 column 1 (char 2)
It took 1.3783226013183594 seconds to pickle the data into ./serial/85000
It took 620.798098564148 seconds to generate and store the sparse matrices of size (85001, 201909) at ./serial/85000/teamsvecs.pkl
Loading sparse matrices from ./serial/86000/teamsvecs.pkl ...
File not found! Generating the sparse matrices ...
Loading indexes pickle from ./serial/86000/indexes.pkl ...
Pickles not found! Reading raw data from ./../data/raw/dblp/dblp.v12.json (progress in bytes) ...
JSONDecodeError: There has been error in loading json line `[
`!
Expecting value: line 2 column 1 (char 2)
It took 1.4222052097320557 seconds to pickle the data into ./serial/86000
It took 647.1521260738373 seconds to generate and store the sparse matrices of size (86001, 203670) at ./serial/86000/teamsvecs.pkl
Loading sparse matrices from ./serial/87000/teamsvecs.pkl ...
File not found! Generating the sparse matrices ...
Loading indexes pickle from ./serial/87000/indexes.pkl ...
Pickles not found! Reading raw data from ./../data/raw/dblp/dblp.v12.json (progress in bytes) ...
JSONDecodeError: There has been error in loading json line `[
`!
Expecting value: line 2 column 1 (char 2)
It took 1.4860379695892334 seconds to pickle the data into ./serial/87000
It took 653.6075406074524 seconds to generate and store the sparse matrices of size (87001, 205351) at ./serial/87000/teamsvecs.pkl
Loading sparse matrices from ./serial/88000/teamsvecs.pkl ...
File not found! Generating the sparse matrices ...
Loading indexes pickle from ./serial/88000/indexes.pkl ...
Pickles not found! Reading raw data from ./../data/raw/dblp/dblp.v12.json (progress in bytes) ...
JSONDecodeError: There has been error in loading json line `[
`!
Expecting value: line 2 column 1 (char 2)
It took 1.4730629920959473 seconds to pickle the data into ./serial/88000
It took 664.6910293102264 seconds to generate and store the sparse matrices of size (88001, 207091) at ./serial/88000/teamsvecs.pkl
Loading sparse matrices from ./serial/89000/teamsvecs.pkl ...
File not found! Generating the sparse matrices ...
Loading indexes pickle from ./serial/89000/indexes.pkl ...
Pickles not found! Reading raw data from ./../data/raw/dblp/dblp.v12.json (progress in bytes) ...
JSONDecodeError: There has been error in loading json line `[
`!
Expecting value: line 2 column 1 (char 2)
It took 1.452125072479248 seconds to pickle the data into ./serial/89000
It took 679.9841642379761 seconds to generate and store the sparse matrices of size (89001, 208777) at ./serial/89000/teamsvecs.pkl
Loading sparse matrices from ./serial/90000/teamsvecs.pkl ...
File not found! Generating the sparse matrices ...
Loading indexes pickle from ./serial/90000/indexes.pkl ...
Pickles not found! Reading raw data from ./../data/raw/dblp/dblp.v12.json (progress in bytes) ...
JSONDecodeError: There has been error in loading json line `[
`!
Expecting value: line 2 column 1 (char 2)
It took 1.5608322620391846 seconds to pickle the data into ./serial/90000
It took 693.9405121803284 seconds to generate and store the sparse matrices of size (90001, 210547) at ./serial/90000/teamsvecs.pkl
Loading sparse matrices from ./serial/91000/teamsvecs.pkl ...
File not found! Generating the sparse matrices ...
Loading indexes pickle from ./serial/91000/indexes.pkl ...
Pickles not found! Reading raw data from ./../data/raw/dblp/dblp.v12.json (progress in bytes) ...
JSONDecodeError: There has been error in loading json line `[
`!
Expecting value: line 2 column 1 (char 2)
It took 1.4860506057739258 seconds to pickle the data into ./serial/91000
It took 707.4409711360931 seconds to generate and store the sparse matrices of size (91001, 212292) at ./serial/91000/teamsvecs.pkl
Loading sparse matrices from ./serial/92000/teamsvecs.pkl ...
File not found! Generating the sparse matrices ...
Loading indexes pickle from ./serial/92000/indexes.pkl ...
Pickles not found! Reading raw data from ./../data/raw/dblp/dblp.v12.json (progress in bytes) ...
JSONDecodeError: There has been error in loading json line `[
`!
Expecting value: line 2 column 1 (char 2)
It took 1.4980037212371826 seconds to pickle the data into ./serial/92000
It took 715.8922002315521 seconds to generate and store the sparse matrices of size (92001, 213990) at ./serial/92000/teamsvecs.pkl
Loading sparse matrices from ./serial/93000/teamsvecs.pkl ...
File not found! Generating the sparse matrices ...
Loading indexes pickle from ./serial/93000/indexes.pkl ...
Pickles not found! Reading raw data from ./../data/raw/dblp/dblp.v12.json (progress in bytes) ...
JSONDecodeError: There has been error in loading json line `[
`!
Expecting value: line 2 column 1 (char 2)
It took 1.4940118789672852 seconds to pickle the data into ./serial/93000
It took 722.308347940445 seconds to generate and store the sparse matrices of size (93001, 215754) at ./serial/93000/teamsvecs.pkl
Loading sparse matrices from ./serial/94000/teamsvecs.pkl ...
File not found! Generating the sparse matrices ...
Loading indexes pickle from ./serial/94000/indexes.pkl ...
Pickles not found! Reading raw data from ./../data/raw/dblp/dblp.v12.json (progress in bytes) ...
JSONDecodeError: There has been error in loading json line `[
`!
Expecting value: line 2 column 1 (char 2)
It took 1.5129671096801758 seconds to pickle the data into ./serial/94000
It took 736.4904565811157 seconds to generate and store the sparse matrices of size (94001, 217434) at ./serial/94000/teamsvecs.pkl
Loading sparse matrices from ./serial/95000/teamsvecs.pkl ...
File not found! Generating the sparse matrices ...
Loading indexes pickle from ./serial/95000/indexes.pkl ...
Pickles not found! Reading raw data from ./../data/raw/dblp/dblp.v12.json (progress in bytes) ...
JSONDecodeError: There has been error in loading json line `[
`!
Expecting value: line 2 column 1 (char 2)
It took 1.5398914813995361 seconds to pickle the data into ./serial/95000
It took 749.2471594810486 seconds to generate and store the sparse matrices of size (95001, 219203) at ./serial/95000/teamsvecs.pkl
Loading sparse matrices from ./serial/96000/teamsvecs.pkl ...
File not found! Generating the sparse matrices ...
Loading indexes pickle from ./serial/96000/indexes.pkl ...
Pickles not found! Reading raw data from ./../data/raw/dblp/dblp.v12.json (progress in bytes) ...
JSONDecodeError: There has been error in loading json line `[
`!
Expecting value: line 2 column 1 (char 2)
It took 1.5239336490631104 seconds to pickle the data into ./serial/96000
It took 767.1421942710876 seconds to generate and store the sparse matrices of size (96001, 220937) at ./serial/96000/teamsvecs.pkl
Loading sparse matrices from ./serial/97000/teamsvecs.pkl ...
File not found! Generating the sparse matrices ...
Loading indexes pickle from ./serial/97000/indexes.pkl ...
Pickles not found! Reading raw data from ./../data/raw/dblp/dblp.v12.json (progress in bytes) ...
JSONDecodeError: There has been error in loading json line `[
`!
Expecting value: line 2 column 1 (char 2)
It took 1.5398914813995361 seconds to pickle the data into ./serial/97000
It took 778.6643636226654 seconds to generate and store the sparse matrices of size (97001, 222615) at ./serial/97000/teamsvecs.pkl
Loading sparse matrices from ./serial/98000/teamsvecs.pkl ...
File not found! Generating the sparse matrices ...
Loading indexes pickle from ./serial/98000/indexes.pkl ...
Pickles not found! Reading raw data from ./../data/raw/dblp/dblp.v12.json (progress in bytes) ...
JSONDecodeError: There has been error in loading json line `[
`!
Expecting value: line 2 column 1 (char 2)
It took 1.5747992992401123 seconds to pickle the data into ./serial/98000
It took 793.9915268421173 seconds to generate and store the sparse matrices of size (98001, 224292) at ./serial/98000/teamsvecs.pkl
Loading sparse matrices from ./serial/99000/teamsvecs.pkl ...
File not found! Generating the sparse matrices ...
Loading indexes pickle from ./serial/99000/indexes.pkl ...
Pickles not found! Reading raw data from ./../data/raw/dblp/dblp.v12.json (progress in bytes) ...
JSONDecodeError: There has been error in loading json line `[
`!
Expecting value: line 2 column 1 (char 2)
It took 1.5897583961486816 seconds to pickle the data into ./serial/99000
It took 803.8603429794312 seconds to generate and store the sparse matrices of size (99001, 225984) at ./serial/99000/teamsvecs.pkl
Loading sparse matrices from ./serial/100000/teamsvecs.pkl ...
File not found! Generating the sparse matrices ...
Loading indexes pickle from ./serial/100000/indexes.pkl ...
Pickles not found! Reading raw data from ./../data/raw/dblp/dblp.v12.json (progress in bytes) ...
JSONDecodeError: There has been error in loading json line `[
`!
Expecting value: line 2 column 1 (char 2)
It took 1.6296520233154297 seconds to pickle the data into ./serial/100000
It took 822.2113702297211 seconds to generate and store the sparse matrices of size (100001, 227648) at ./serial/100000/teamsvecs.pkl
Loading sparse matrices from ./serial/101000/teamsvecs.pkl ...
File not found! Generating the sparse matrices ...
Loading indexes pickle from ./serial/101000/indexes.pkl ...
Pickles not found! Reading raw data from ./../data/raw/dblp/dblp.v12.json (progress in bytes) ...
JSONDecodeError: There has been error in loading json line `[
`!
Expecting value: line 2 column 1 (char 2)
It took 1.6067135334014893 seconds to pickle the data into ./serial/101000
It took 836.8335189819336 seconds to generate and store the sparse matrices of size (101001, 229345) at ./serial/101000/teamsvecs.pkl
Loading sparse matrices from ./serial/102000/teamsvecs.pkl ...
File not found! Generating the sparse matrices ...
Loading indexes pickle from ./serial/102000/indexes.pkl ...
Pickles not found! Reading raw data from ./../data/raw/dblp/dblp.v12.json (progress in bytes) ...
JSONDecodeError: There has been error in loading json line `[
`!
Expecting value: line 2 column 1 (char 2)
It took 1.636634111404419 seconds to pickle the data into ./serial/102000
It took 846.6501123905182 seconds to generate and store the sparse matrices of size (102001, 231020) at ./serial/102000/teamsvecs.pkl
Loading sparse matrices from ./serial/103000/teamsvecs.pkl ...
File not found! Generating the sparse matrices ...
Loading indexes pickle from ./serial/103000/indexes.pkl ...
Pickles not found! Reading raw data from ./../data/raw/dblp/dblp.v12.json (progress in bytes) ...
JSONDecodeError: There has been error in loading json line `[
`!
Expecting value: line 2 column 1 (char 2)
It took 1.6406257152557373 seconds to pickle the data into ./serial/103000
It took 866.0746419429779 seconds to generate and store the sparse matrices of size (103001, 232612) at ./serial/103000/teamsvecs.pkl
Loading sparse matrices from ./serial/104000/teamsvecs.pkl ...
File not found! Generating the sparse matrices ...
Loading indexes pickle from ./serial/104000/indexes.pkl ...
Pickles not found! Reading raw data from ./../data/raw/dblp/dblp.v12.json (progress in bytes) ...
JSONDecodeError: There has been error in loading json line `[
`!
Expecting value: line 2 column 1 (char 2)
It took 1.6436147689819336 seconds to pickle the data into ./serial/104000
It took 882.006655216217 seconds to generate and store the sparse matrices of size (104001, 234313) at ./serial/104000/teamsvecs.pkl
Loading sparse matrices from ./serial/105000/teamsvecs.pkl ...
File not found! Generating the sparse matrices ...
Loading indexes pickle from ./serial/105000/indexes.pkl ...
Pickles not found! Reading raw data from ./../data/raw/dblp/dblp.v12.json (progress in bytes) ...
JSONDecodeError: There has been error in loading json line `[
`!
Expecting value: line 2 column 1 (char 2)
It took 1.8231329917907715 seconds to pickle the data into ./serial/105000
It took 898.1474187374115 seconds to generate and store the sparse matrices of size (105001, 235923) at ./serial/105000/teamsvecs.pkl
Loading sparse matrices from ./serial/106000/teamsvecs.pkl ...
File not found! Generating the sparse matrices ...
Loading indexes pickle from ./serial/106000/indexes.pkl ...
Pickles not found! Reading raw data from ./../data/raw/dblp/dblp.v12.json (progress in bytes) ...
JSONDecodeError: There has been error in loading json line `[
`!
Expecting value: line 2 column 1 (char 2)
It took 1.6964740753173828 seconds to pickle the data into ./serial/106000
It took 904.5929505825043 seconds to generate and store the sparse matrices of size (106001, 237488) at ./serial/106000/teamsvecs.pkl
Loading sparse matrices from ./serial/107000/teamsvecs.pkl ...
File not found! Generating the sparse matrices ...
Loading indexes pickle from ./serial/107000/indexes.pkl ...
Pickles not found! Reading raw data from ./../data/raw/dblp/dblp.v12.json (progress in bytes) ...
JSONDecodeError: There has been error in loading json line `[
`!
Expecting value: line 2 column 1 (char 2)
It took 1.7243995666503906 seconds to pickle the data into ./serial/107000
It took 920.5484104156494 seconds to generate and store the sparse matrices of size (107001, 239169) at ./serial/107000/teamsvecs.pkl
Loading sparse matrices from ./serial/108000/teamsvecs.pkl ...
File not found! Generating the sparse matrices ...
Loading indexes pickle from ./serial/108000/indexes.pkl ...
Pickles not found! Reading raw data from ./../data/raw/dblp/dblp.v12.json (progress in bytes) ...
JSONDecodeError: There has been error in loading json line `[
`!
Expecting value: line 2 column 1 (char 2)
It took 1.6914870738983154 seconds to pickle the data into ./serial/108000
It took 940.2057504653931 seconds to generate and store the sparse matrices of size (108001, 240723) at ./serial/108000/teamsvecs.pkl
Loading sparse matrices from ./serial/109000/teamsvecs.pkl ...
File not found! Generating the sparse matrices ...
Loading indexes pickle from ./serial/109000/indexes.pkl ...
Pickles not found! Reading raw data from ./../data/raw/dblp/dblp.v12.json (progress in bytes) ...
JSONDecodeError: There has been error in loading json line `[
`!
Expecting value: line 2 column 1 (char 2)
It took 1.706446886062622 seconds to pickle the data into ./serial/109000
It took 953.1552350521088 seconds to generate and store the sparse matrices of size (109001, 242346) at ./serial/109000/teamsvecs.pkl
Loading sparse matrices from ./serial/110000/teamsvecs.pkl ...
File not found! Generating the sparse matrices ...
Loading indexes pickle from ./serial/110000/indexes.pkl ...
Pickles not found! Reading raw data from ./../data/raw/dblp/dblp.v12.json (progress in bytes) ...
JSONDecodeError: There has been error in loading json line `[
`!
Expecting value: line 2 column 1 (char 2)
It took 1.74434494972229 seconds to pickle the data into ./serial/110000
It took 962.9653036594391 seconds to generate and store the sparse matrices of size (110001, 243952) at ./serial/110000/teamsvecs.pkl
Loading sparse matrices from ./serial/111000/teamsvecs.pkl ...
File not found! Generating the sparse matrices ...
Loading indexes pickle from ./serial/111000/indexes.pkl ...
Pickles not found! Reading raw data from ./../data/raw/dblp/dblp.v12.json (progress in bytes) ...
JSONDecodeError: There has been error in loading json line `[
`!
Expecting value: line 2 column 1 (char 2)
It took 1.7473394870758057 seconds to pickle the data into ./serial/111000
It took 980.4989562034607 seconds to generate and store the sparse matrices of size (111001, 245592) at ./serial/111000/teamsvecs.pkl
Loading sparse matrices from ./serial/112000/teamsvecs.pkl ...
File not found! Generating the sparse matrices ...
Loading indexes pickle from ./serial/112000/indexes.pkl ...
Pickles not found! Reading raw data from ./../data/raw/dblp/dblp.v12.json (progress in bytes) ...
JSONDecodeError: There has been error in loading json line `[
`!
Expecting value: line 2 column 1 (char 2)
It took 1.7672834396362305 seconds to pickle the data into ./serial/112000
It took 995.9586231708527 seconds to generate and store the sparse matrices of size (112001, 247153) at ./serial/112000/teamsvecs.pkl
Loading sparse matrices from ./serial/113000/teamsvecs.pkl ...
File not found! Generating the sparse matrices ...
Loading indexes pickle from ./serial/113000/indexes.pkl ...
Pickles not found! Reading raw data from ./../data/raw/dblp/dblp.v12.json (progress in bytes) ...
JSONDecodeError: There has been error in loading json line `[
`!
Expecting value: line 2 column 1 (char 2)
It took 1.7563138008117676 seconds to pickle the data into ./serial/113000
It took 1013.4109139442444 seconds to generate and store the sparse matrices of size (113001, 248789) at ./serial/113000/teamsvecs.pkl
Loading sparse matrices from ./serial/114000/teamsvecs.pkl ...
File not found! Generating the sparse matrices ...
Loading indexes pickle from ./serial/114000/indexes.pkl ...
Pickles not found! Reading raw data from ./../data/raw/dblp/dblp.v12.json (progress in bytes) ...
JSONDecodeError: There has been error in loading json line `[
`!
Expecting value: line 2 column 1 (char 2)
It took 1.7832427024841309 seconds to pickle the data into ./serial/114000
It took 1018.3329923152924 seconds to generate and store the sparse matrices of size (114001, 250471) at ./serial/114000/teamsvecs.pkl
Loading sparse matrices from ./serial/115000/teamsvecs.pkl ...
File not found! Generating the sparse matrices ...
Loading indexes pickle from ./serial/115000/indexes.pkl ...
Pickles not found! Reading raw data from ./../data/raw/dblp/dblp.v12.json (progress in bytes) ...
JSONDecodeError: There has been error in loading json line `[
`!
Expecting value: line 2 column 1 (char 2)
It took 1.8301169872283936 seconds to pickle the data into ./serial/115000
It took 1044.608626127243 seconds to generate and store the sparse matrices of size (115001, 252086) at ./serial/115000/teamsvecs.pkl
Loading sparse matrices from ./serial/116000/teamsvecs.pkl ...
File not found! Generating the sparse matrices ...
Loading indexes pickle from ./serial/116000/indexes.pkl ...
Pickles not found! Reading raw data from ./../data/raw/dblp/dblp.v12.json (progress in bytes) ...
JSONDecodeError: There has been error in loading json line `[
`!
Expecting value: line 2 column 1 (char 2)
It took 1.7962114810943604 seconds to pickle the data into ./serial/116000
It took 1082.954346895218 seconds to generate and store the sparse matrices of size (116001, 253705) at ./serial/116000/teamsvecs.pkl
Loading sparse matrices from ./serial/117000/teamsvecs.pkl ...
File not found! Generating the sparse matrices ...
Loading indexes pickle from ./serial/117000/indexes.pkl ...
Pickles not found! Reading raw data from ./../data/raw/dblp/dblp.v12.json (progress in bytes) ...
JSONDecodeError: There has been error in loading json line `[
`!
Expecting value: line 2 column 1 (char 2)
It took 1.830115556716919 seconds to pickle the data into ./serial/117000
It took 1072.5432291030884 seconds to generate and store the sparse matrices of size (117001, 255297) at ./serial/117000/teamsvecs.pkl
Loading sparse matrices from ./serial/118000/teamsvecs.pkl ...
File not found! Generating the sparse matrices ...
Loading indexes pickle from ./serial/118000/indexes.pkl ...
Pickles not found! Reading raw data from ./../data/raw/dblp/dblp.v12.json (progress in bytes) ...
JSONDecodeError: There has been error in loading json line `[
`!
Expecting value: line 2 column 1 (char 2)
It took 1.8400909900665283 seconds to pickle the data into ./serial/118000
It took 1087.4825677871704 seconds to generate and store the sparse matrices of size (118001, 256917) at ./serial/118000/teamsvecs.pkl
Loading sparse matrices from ./serial/119000/teamsvecs.pkl ...
File not found! Generating the sparse matrices ...
Loading indexes pickle from ./serial/119000/indexes.pkl ...
Pickles not found! Reading raw data from ./../data/raw/dblp/dblp.v12.json (progress in bytes) ...
JSONDecodeError: There has been error in loading json line `[
`!
Expecting value: line 2 column 1 (char 2)
It took 1.8680152893066406 seconds to pickle the data into ./serial/119000
It took 1111.7183017730713 seconds to generate and store the sparse matrices of size (119001, 258527) at ./serial/119000/teamsvecs.pkl
Loading sparse matrices from ./serial/120000/teamsvecs.pkl ...
File not found! Generating the sparse matrices ...
Loading indexes pickle from ./serial/120000/indexes.pkl ...
Pickles not found! Reading raw data from ./../data/raw/dblp/dblp.v12.json (progress in bytes) ...
JSONDecodeError: There has been error in loading json line `[
`!
Expecting value: line 2 column 1 (char 2)
It took 1.8730034828186035 seconds to pickle the data into ./serial/120000
It took 1121.4255077838898 seconds to generate and store the sparse matrices of size (120001, 260178) at ./serial/120000/teamsvecs.pkl
Loading sparse matrices from ./serial/121000/teamsvecs.pkl ...
File not found! Generating the sparse matrices ...
Loading indexes pickle from ./serial/121000/indexes.pkl ...
Pickles not found! Reading raw data from ./../data/raw/dblp/dblp.v12.json (progress in bytes) ...
JSONDecodeError: There has been error in loading json line `[
`!
Expecting value: line 2 column 1 (char 2)
It took 1.8919525146484375 seconds to pickle the data into ./serial/121000
It took 1138.7110757827759 seconds to generate and store the sparse matrices of size (121001, 261752) at ./serial/121000/teamsvecs.pkl
Loading sparse matrices from ./serial/122000/teamsvecs.pkl ...
File not found! Generating the sparse matrices ...
Loading indexes pickle from ./serial/122000/indexes.pkl ...
Pickles not found! Reading raw data from ./../data/raw/dblp/dblp.v12.json (progress in bytes) ...
JSONDecodeError: There has been error in loading json line `[
`!
Expecting value: line 2 column 1 (char 2)
It took 1.899930715560913 seconds to pickle the data into ./serial/122000
It took 1154.5155611038208 seconds to generate and store the sparse matrices of size (122001, 263349) at ./serial/122000/teamsvecs.pkl
Loading sparse matrices from ./serial/123000/teamsvecs.pkl ...
File not found! Generating the sparse matrices ...
Loading indexes pickle from ./serial/123000/indexes.pkl ...
Pickles not found! Reading raw data from ./../data/raw/dblp/dblp.v12.json (progress in bytes) ...
JSONDecodeError: There has been error in loading json line `[
`!
Expecting value: line 2 column 1 (char 2)
It took 1.9178829193115234 seconds to pickle the data into ./serial/123000
It took 1177.2130193710327 seconds to generate and store the sparse matrices of size (123001, 264915) at ./serial/123000/teamsvecs.pkl
Loading sparse matrices from ./serial/124000/teamsvecs.pkl ...
File not found! Generating the sparse matrices ...
Loading indexes pickle from ./serial/124000/indexes.pkl ...
Pickles not found! Reading raw data from ./../data/raw/dblp/dblp.v12.json (progress in bytes) ...
JSONDecodeError: There has been error in loading json line `[
`!
Expecting value: line 2 column 1 (char 2)
It took 2.1791868209838867 seconds to pickle the data into ./serial/124000
It took 1188.6619369983673 seconds to generate and store the sparse matrices of size (124001, 266455) at ./serial/124000/teamsvecs.pkl
Loading sparse matrices from ./serial/125000/teamsvecs.pkl ...
File not found! Generating the sparse matrices ...
Loading indexes pickle from ./serial/125000/indexes.pkl ...
Pickles not found! Reading raw data from ./../data/raw/dblp/dblp.v12.json (progress in bytes) ...
JSONDecodeError: There has been error in loading json line `[
`!
Expecting value: line 2 column 1 (char 2)
It took 2.2140941619873047 seconds to pickle the data into ./serial/125000
It took 1201.0968461036682 seconds to generate and store the sparse matrices of size (125001, 268064) at ./serial/125000/teamsvecs.pkl
Loading sparse matrices from ./serial/126000/teamsvecs.pkl ...
File not found! Generating the sparse matrices ...
Loading indexes pickle from ./serial/126000/indexes.pkl ...
Pickles not found! Reading raw data from ./../data/raw/dblp/dblp.v12.json (progress in bytes) ...
JSONDecodeError: There has been error in loading json line `[
`!
Expecting value: line 2 column 1 (char 2)
It took 2.2210745811462402 seconds to pickle the data into ./serial/126000
It took 1221.3147695064545 seconds to generate and store the sparse matrices of size (126001, 269635) at ./serial/126000/teamsvecs.pkl
Loading sparse matrices from ./serial/127000/teamsvecs.pkl ...
File not found! Generating the sparse matrices ...
Loading indexes pickle from ./serial/127000/indexes.pkl ...
Pickles not found! Reading raw data from ./../data/raw/dblp/dblp.v12.json (progress in bytes) ...
JSONDecodeError: There has been error in loading json line `[
`!
Expecting value: line 2 column 1 (char 2)
It took 2.2270584106445312 seconds to pickle the data into ./serial/127000
It took 1230.4292619228363 seconds to generate and store the sparse matrices of size (127001, 271202) at ./serial/127000/teamsvecs.pkl
Loading sparse matrices from ./serial/128000/teamsvecs.pkl ...
File not found! Generating the sparse matrices ...
Loading indexes pickle from ./serial/128000/indexes.pkl ...
Pickles not found! Reading raw data from ./../data/raw/dblp/dblp.v12.json (progress in bytes) ...
JSONDecodeError: There has been error in loading json line `[
`!
Expecting value: line 2 column 1 (char 2)
It took 2.2659738063812256 seconds to pickle the data into ./serial/128000
It took 1272.7409541606903 seconds to generate and store the sparse matrices of size (128001, 272805) at ./serial/128000/teamsvecs.pkl
Loading sparse matrices from ./serial/129000/teamsvecs.pkl ...
File not found! Generating the sparse matrices ...
Loading indexes pickle from ./serial/129000/indexes.pkl ...
Pickles not found! Reading raw data from ./../data/raw/dblp/dblp.v12.json (progress in bytes) ...
JSONDecodeError: There has been error in loading json line `[
`!
Expecting value: line 2 column 1 (char 2)
It took 2.363718271255493 seconds to pickle the data into ./serial/129000
It took 1275.0963187217712 seconds to generate and store the sparse matrices of size (129001, 274379) at ./serial/129000/teamsvecs.pkl
Loading sparse matrices from ./serial/130000/teamsvecs.pkl ...
File not found! Generating the sparse matrices ...
Loading indexes pickle from ./serial/130000/indexes.pkl ...
Pickles not found! Reading raw data from ./../data/raw/dblp/dblp.v12.json (progress in bytes) ...
JSONDecodeError: There has been error in loading json line `[
`!
Expecting value: line 2 column 1 (char 2)
It took 2.268946647644043 seconds to pickle the data into ./serial/130000
It took 1286.7530403137207 seconds to generate and store the sparse matrices of size (130001, 275885) at ./serial/130000/teamsvecs.pkl
Loading sparse matrices from ./serial/131000/teamsvecs.pkl ...
File not found! Generating the sparse matrices ...
Loading indexes pickle from ./serial/131000/indexes.pkl ...
Pickles not found! Reading raw data from ./../data/raw/dblp/dblp.v12.json (progress in bytes) ...
JSONDecodeError: There has been error in loading json line `[
`!
Expecting value: line 2 column 1 (char 2)
It took 2.2729358673095703 seconds to pickle the data into ./serial/131000
It took 1308.7034559249878 seconds to generate and store the sparse matrices of size (131001, 277441) at ./serial/131000/teamsvecs.pkl
Loading sparse matrices from ./serial/132000/teamsvecs.pkl ...
File not found! Generating the sparse matrices ...
Loading indexes pickle from ./serial/132000/indexes.pkl ...
Pickles not found! Reading raw data from ./../data/raw/dblp/dblp.v12.json (progress in bytes) ...
JSONDecodeError: There has been error in loading json line `[
`!
Expecting value: line 2 column 1 (char 2)
It took 2.3158228397369385 seconds to pickle the data into ./serial/132000
It took 1324.965015888214 seconds to generate and store the sparse matrices of size (132001, 279005) at ./serial/132000/teamsvecs.pkl
Loading sparse matrices from ./serial/133000/teamsvecs.pkl ...
File not found! Generating the sparse matrices ...
Loading indexes pickle from ./serial/133000/indexes.pkl ...
Pickles not found! Reading raw data from ./../data/raw/dblp/dblp.v12.json (progress in bytes) ...
JSONDecodeError: There has been error in loading json line `[
`!
Expecting value: line 2 column 1 (char 2)
It took 2.3138270378112793 seconds to pickle the data into ./serial/133000
It took 1343.7354855537415 seconds to generate and store the sparse matrices of size (133001, 280534) at ./serial/133000/teamsvecs.pkl
Loading sparse matrices from ./serial/134000/teamsvecs.pkl ...
File not found! Generating the sparse matrices ...
Loading indexes pickle from ./serial/134000/indexes.pkl ...
Pickles not found! Reading raw data from ./../data/raw/dblp/dblp.v12.json (progress in bytes) ...
JSONDecodeError: There has been error in loading json line `[
`!
Expecting value: line 2 column 1 (char 2)
It took 2.3238000869750977 seconds to pickle the data into ./serial/134000
It took 1441.6266930103302 seconds to generate and store the sparse matrices of size (134001, 282047) at ./serial/134000/teamsvecs.pkl
Loading sparse matrices from ./serial/135000/teamsvecs.pkl ...
File not found! Generating the sparse matrices ...
Loading indexes pickle from ./serial/135000/indexes.pkl ...
Pickles not found! Reading raw data from ./../data/raw/dblp/dblp.v12.json (progress in bytes) ...
JSONDecodeError: There has been error in loading json line `[
`!
Expecting value: line 2 column 1 (char 2)
It took 2.5342206954956055 seconds to pickle the data into ./serial/135000
