$ docker run --rm -v ./data:/app/data:ro -v ./output:/app/output dblp.v12.json
[2025-04-14 21:43:35,506][cmn.pkgmgr][INFO] - Loading teamsvecs matrices from ../output/dblp/dblp.v12.json/teamsvecs.pkl ...
[2025-04-14 21:43:35,506][cmn.pkgmgr][INFO] - Teamsvecs matrices not found! Generating ...
[2025-04-14 21:43:35,506][cmn.pkgmgr][INFO] - Loading indexes pickle from ../output/dblp/dblp.v12.json/indexes.pkl ...
[2025-04-14 21:43:35,506][cmn.publication][INFO] - Pickles not found! Reading raw data from ../data/dblp/dblp.v12.json (progress in bytes) ...
  0%|          | 0/12520828317 [00:00<?, ?it/s][2025-04-14 21:43:35,519][cmn.publication][ERROR] - JSONDecodeError: There has been error in loading json line `[
`!
Expecting value: line 2 column 1 (char 2)
100%|█████████▉| 12506930998/12520828317 [20:33<00:01, 10780189.41it/s][2025-04-14 22:04:08,667][cmn.publication][ERROR] - JSONDecodeError: There has been error in loading json line `]
`!
Expecting value: line 1 column 1 (char 0)
100%|█████████▉| 12507463996/12520828317 [20:33<00:01, 10142714.25it/s]Indexing members ...
Indexing skills ...
Indexing teams ...
Indexing locations ...
[2025-04-14 22:08:33,317][cmn.pkgmgr][INFO] - Teams and indexes are pickled into ../output/dblp/dblp.v12.json

[2025-04-14 23:57:54,599][cmn.pkgmgr][INFO] - Teamsvecs matrices for skills (4877383, 132334), members (4877383, 5022955), and locations (4877383, 48425) saved at ../output/dblp/dblp.v12.json/teamsvecs.pkl
[2025-04-14 23:59:07,803][cmn.pkgmgr][INFO] - Loading member-skill co-occurrence matrix (5022955, 132334) loaded from ../output/dblp/dblp.v12.json/member_skill_vecs.pkl ...
[2025-04-14 23:59:07,804][cmn.pkgmgr][INFO] - Member-skill co-occurrence matrix not found! Generating ...
[2025-04-15 00:00:00,523][cmn.pkgmgr][INFO] - Member-skill co-occurrence matrix (5022955, 132334) saved at ../output/dblp/dblp.v12.json/member_skill_vecs.pkl.
