$ docker run --rm -v ./data:/app/data:ro -v ./output:/app/output ghcr.io/fani-lab/opentf/uspt:main
[2025-04-15 01:55:47,495][cmn.pkgmgr][INFO] - Loading teamsvecs matrices from ../output/uspt/patent.tsv/teamsvecs.pkl ...
[2025-04-15 01:55:47,495][cmn.pkgmgr][INFO] - Teamsvecs matrices not found! Generating ...
[2025-04-15 01:55:47,495][cmn.pkgmgr][INFO] - Loading indexes pickle from ../output/uspt/patent.tsv/indexes.pkl ...
[2025-04-15 01:55:47,495][cmn.pkgmgr][INFO] - Pickles not found! Reading raw data from ../data/uspt/patent.tsv ...
[2025-04-15 01:55:47,495][cmn.pkgmgr][INFO] - pandas not found. Installing pandas>=2.0.0...
[2025-04-15 01:56:07,379][cmn.pkgmgr][INFO] - Collecting pandas>=2.0.0
  Downloading pandas-2.0.3-cp38-cp38-manylinux_2_17_x86_64.manylinux2014_x86_64.whl (12.4 MB)
     ━━━━━━━━━━━━━━━━━━━━━━━━━━━━━━━━━━━━━━━━ 12.4/12.4 MB 33.4 MB/s eta 0:00:00
Requirement already satisfied: python-dateutil>=2.8.2 in /usr/local/lib/python3.8/site-packages (from pandas>=2.0.0) (2.9.0.post0)
Collecting pytz>=2020.1
  Downloading pytz-2025.2-py2.py3-none-any.whl (509 kB)
     ━━━━━━━━━━━━━━━━━━━━━━━━━━━━━━━━━━━━━ 509.2/509.2 kB 106.0 MB/s eta 0:00:00
Requirement already satisfied: numpy>=1.20.3 in /usr/local/lib/python3.8/site-packages (from pandas>=2.0.0) (1.24.4)
Collecting tzdata>=2022.1
  Downloading tzdata-2025.2-py2.py3-none-any.whl (347 kB)
     ━━━━━━━━━━━━━━━━━━━━━━━━━━━━━━━━━━━━━ 347.8/347.8 kB 103.3 MB/s eta 0:00:00
Requirement already satisfied: six>=1.5 in /usr/local/lib/python3.8/site-packages (from python-dateutil>=2.8.2->pandas>=2.0.0) (1.17.0)
Installing collected packages: pytz, tzdata, pandas
Successfully installed pandas-2.0.3 pytz-2025.2 tzdata-2025.2

[2025-04-15 01:56:07,564][cmn.pkgmgr][INFO] - Reading patents ...
[2025-04-15 01:56:44,710][cmn.pkgmgr][INFO] - Reading patents subgroups ...
[2025-04-15 02:00:40,587][cmn.pkgmgr][INFO] - Reading patents inventors ...
[2025-04-15 02:01:06,504][cmn.pkgmgr][INFO] - Reading inventors ...
[2025-04-15 02:01:30,413][cmn.pkgmgr][INFO] - Reading location data ...
[2025-04-15 02:02:24,240][cmn.pkgmgr][INFO] - Reading data to objects ...
100%|█████████▉| 17735569/17735570 [08:00<00:00, 36933.04it/s]Indexing members ...
Indexing skills ...
Indexing teams ...
Indexing locations ...
[2025-04-15 02:12:33,924][cmn.pkgmgr][INFO] - Teams and indexes are pickled into ../output/uspt/patent.tsv

[2025-04-15 03:37:29,939][cmn.pkgmgr][INFO] - Teamsvecs matrices for skills (7068508, 241961), members (7068508, 3508807), and locations (7068508, 262) saved at ../output/uspt/patent.tsv/teamsvecs.pkl
[2025-04-15 03:37:48,256][cmn.pkgmgr][INFO] - Loading member-skill co-occurrence matrix (3508807, 241961) loaded from ../output/uspt/patent.tsv/member_skill_vecs.pkl ...
[2025-04-15 03:37:48,303][cmn.pkgmgr][INFO] - Member-skill co-occurrence matrix not found! Generating ...
[2025-04-15 03:38:19,370][cmn.pkgmgr][INFO] - Member-skill co-occurrence matrix (3508807, 241961) saved at ../output/uspt/patent.tsv/member_skill_vecs.pkl.
